no solution
0 2
no solution
no solution
no solution
0 2
0 1
no solution
0 1
no solution
no solution
1 2
no solution
no solution
no solution
0 1
0 1
0 1
0 1
no solution
0 1
0 1
no solution
1 2
0 1
1 2
0 2
0 1
0 2
no solution
0 2
0 2
0 1
no solution
no solution
0 2
no solution
no solution
no solution
no solution
0 1
0 1
no solution
0 2
0 1
no solution
0 2
0 3
no solution
no solution
0 1
no solution
0 1
0 1
0 2
0 1
0 1
0 2
no solution
0 1
0 2
no solution
0 2
0 2
0 3
no solution
1 2
0 2
no solution
0 2
0 1
0 2
no solution
0 1
0 2
no solution
no solution
no solution
0 1
0 2
0 2
no solution
0 1
0 3
0 1
0 2
0 2
no solution
0 1
no solution
no solution
no solution
0 2
0 2
1 2
0 2
0 2
0 1
0 3
0 1
