3 4 6 9 10 11 12 13 14 15 16 18 19 22 23 24 26 27 28 29 31 33 34 36 37 38 44 48 49 50 52 53 54 56 57 58 59 62 63 65 68 69
3 6 7 11 16 17 22 25 29 30 31 32 34 37 40 43 44 46 51 53 55 57 58 60 61 62 64 65 67 68 69
0 1 2 3 4 5 6 7 8 9 10 11 12 14 15 16 17 18 19 20 21 22 23 24 25 26 27 28 29 30 31 32 33 34 37 38 39 40 41 42 44 45 46 47 48 49 50 51 52 53 54 55 56 57 58 60 61 62 63 64 66 67 68 69
1 2 4 6 8 9 10 14 16 17 18 19 21 22 23 26 28 30 31 33 34 36 37 38 40 43 44 47 53 58 59 60 61 62 63 66 69
0 1 4 6 7 8 9 10 11 14 15 16 19 21 22 24 29 33 36 37 39 40 41 42 43 44 45 46 47 49 50 51 54 57 58 59 61 62 63 69
0 1 2 3 5 8 11 19 23 25 26 38 40 50 52 53 59 60 62 63 66 69
0 1 5 7 16 17 19 20 21 27 30 31 33 35 37 39 41 44 46 48 56 57 62 63 67 68
3 13 14 19 23 26 31 33 45 48 51 55 57 63 68
4 5 7 16 22 36 41 43 44 45 50 54 55 60 65
2 3 4 5 13 15 16 17 18 20 21 23 24 25 27 31 33 34 35 37 38 41 43 44 47 49 50 53 54 55 57 58 60 62 63 66 68 69
0 5 8 10 12 14 15 21 24 27 30 31 34 35 40 41 44 52 55 66 68
0 1 3 6 7 8 9 10 11 12 14 15 16 17 18 19 21 23 24 26 27 28 30 31 33 35 36 39 41 42 43 44 47 50 51 54 56 57 59 63 64 65 66
22 43 44 65 69
0 1 3 5 8 9 12 14 15 18 19 20 21 22 25 26 27 31 36 38 40 41 43 44 46 47 48 50 53 54 59 61 62 66 68
2 5 7 10 13 14 15 17 20 21 26 28 33 36 37 45 48 53 54 56 59 60 61 65 69
0 1 2 3 4 5 6 7 8 9 10 11 12 13 14 15 16 18 19 20 21 22 23 24 25 26 27 28 29 30 31 32 33 34 35 36 37 38 40 41 42 43 44 45 46 47 48 49 50 51 52 53 54 55 56 57 58 59 60 61 62 63 64 65 66 67 68 69
0 1 2 3 4 5 6 8 10 12 13 14 15 17 18 20 21 23 24 25 26 27 28 29 30 31 32 36 37 38 39 40 41 42 43 44 45 46 47 48 49 51 52 54 55 56 57 58 59 60 61 62 66 67 68 69
3 9 10 13 15 18 19 20 24 27 29 30 31 33 34 35 36 38 39 41 42 43 44 46 47 48 49 50 52 53 54 58 60 61 62 63 65 68 69
0 1 2 3 4 6 7 8 9 10 11 12 13 14 15 16 17 18 19 21 22 23 24 25 26 27 28 30 31 32 33 34 35 36 37 38 39 40 41 43 44 45 46 48 49 51 52 54 55 56 57 58 59 60 61 62 63 64 65 66 67 68 69
0 3 4 7 10 13 16 18 19 20 21 22 24 25 26 27 29 31 32 33 34 35 36 37 40 41 42 43 46 48 50 53 54 56 58 61 62 64 65 68
9 16 34 49 58
0 1 2 3 4 6 8 10 11 14 15 16 17 18 19 20 21 22 23 24 26 27 29 30 32 34 36 37 38 39 40 41 42 43 44 46 47 48 49 50 51 52 54 55 56 59 60 61 63 64 66 67 68 69
1 3 4 11 14 15 17 18 19 21 22 29 31 34 35 36 37 38 40 43 47 48 50 53 54 56 58 60 64 66 68
7 21 26 27 46 49 52 56 62 64
2 15 26 30 31 42 51 55 56 58 68
0 2 3 4 5 6 7 8 11 12 16 17 22 24 25 27 29 30 31 33 34 35 38 39 41 42 43 46 48 50 51 54 55 56 57 58 59 60 61 62 63 64 66 67 68 69
0 1 2 3 4 5 6 7 8 9 10 12 14 16 17 18 20 21 23 25 26 29 35 36 39 40 41 42 43 44 45 47 48 49 54 55 56 57 58 60 62 64 65 66 68 69
6 7 8 16 19 21 25 30 32 34 39 42 44 46 47 49 54 55 57 58 69
3 4 6 7 8 9 10 11 12 13 14 18 19 20 22 23 24 25 26 27 29 32 33 35 37 38 39 40 42 43 45 46 48 50 51 52 53 54 55 59 60 61 62 64 67 68
6 8 9 11 14 19 24 25 28 29 31 32 34 35 36 37 38 39 40 41 45 47 52 53 54 56 58 61 64 65 66 67 69
2 9 10 17 20 23 24 27 29 35 36 38 49 55 66
0 1 2 4 5 6 7 8 11 13 14 15 16 18 19 20 21 22 23 24 25 26 28 30 31 32 35 36 37 38 39 40 42 43 44 45 46 47 48 49 50 51 52 53 54 56 57 58 59 60 61 62 63 64 65 66 67 68 69
1 2 6 7 8 9 11 13 14 16 17 18 22 24 25 26 27 29 31 33 35 38 39 42 44 47 48 49 50 51 53 55 56 59 60 61 63 64 67 68
1 5
0 1 4 5 6 9 10 12 13 14 15 20 21 22 23 25 28 30 33 35 37 38 39 42 43 44 46 47 48 49 50 51 53 54 58 61 62 64 65 69
1 3 5 8 10 13 15 18 30 31 37 38 39 44 49 54 55 60 67 68
1 7 11 13 19 20 22 31 33 34 42 45 48 49 51 56 59 61 62 64 65 67
0 1 2 3 4 5 6 7 8 9 10 12 13 14 15 16 17 18 19 20 21 22 23 24 25 26 27 28 29 30 31 32 33 34 36 37 38 39 40 41 42 43 44 45 46 47 48 49 50 51 52 53 54 55 56 57 58 59 60 61 62 63 64 66 67 68 69
2 5 7 8 9 10 11 12 13 14 20 23 24 25 29 31 32 35 37 38 41 42 47 49 51 56 57 65 69
18 34 38 46 47 55 60 67
0 1 2 3 4 5 6 7 8 9 10 11 12 13 14 16 17 18 19 20 21 22 23 24 25 26 27 28 29 30 31 32 33 34 35 36 37 38 39 40 41 42 43 44 45 46 47 48 49 50 51 52 53 54 55 56 57 58 59 60 61 62 63 64 65 66 67 68 69
1 4 5 6 7 8 9 10 11 12 15 16 17 18 20 21 22 23 24 25 26 27 28 30 31 32 33 34 36 37 38 39 40 41 42 43 44 45 46 47 48 49 50 51 52 53 54 55 56 57 58 59 60 61 62 63 64 65 66 67 68 69
3 6 8 10 14 25 29 35 37 51 53 58 60 63 67
2 4 7 12 14 22 24 28 43 46 47 48 51 52 54 55 56 57 62
18 22 31 58 66
1 2 5 6 8 9 10 11 13 14 15 17 18 20 23 24 26 27 29 32 33 35 39 40 41 43 44 45 46 48 49 50 51 54 55 56 57 58 59 61 64 66 67 68 69
1 8 10 11 14 15 17 19 20 22 23 27 32 36 38 39 44 45 48 49 50 55 59 64 66
0 1 2 3 4 6 8 10 11 12 13 14 18 19 23 24 26 29 31 33 34 35 36 40 42 44 45 46 47 49 50 51 55 57 58 59 60 64 65 67 68
0 1 2 3 4 7 9 10 11 12 13 14 16 18 19 20 21 22 24 26 27 28 29 31 32 33 34 35 38 39 40 41 42 43 46 47 49 51 53 54 55 56 57 60 62 64 66 68 69
0 1 3 4 5 7 8 9 10 12 13 14 15 16 17 18 19 21 22 23 24 25 26 28 29 30 32 33 34 35 36 37 38 39 40 41 42 43 45 46 47 48 50 51 52 53 54 55 56 59 60 61 63 64 65 66 67 69
