no solution
no solution
no solution
0 1
0 1
no solution
0 1 2 3 5 6
0 1
0 2 3 4 5
no solution
0 1
0 1
0 1
0 1
no solution
0 2
no solution
no solution
0 1 3
0 2 3
no solution
no solution
0 1 4
0 3
no solution
no solution
0 1 3 5 6
0 2 3
0 1
no solution
1 2 4
0 1
0 1 2 4
no solution
no solution
no solution
0 1 2 3 4 5
0 1 2 4
0 1 2 3 4 5
0 2
0 1 3 4
0 1 4 5 7 8
no solution
0 4
0 1
0 1 3 5
no solution
0 1
0 2
0 1
0 1
no solution
0 1 2 5 7
no solution
no solution
0 1
no solution
0 1 2 4
0 1
0 1
no solution
no solution
0 1
no solution
no solution
no solution
0 2
no solution
0 2
0 1 2 4 5 7 8
0 3
0 1
0 1 2 4 5
0 1 2 5 7 8
0 2
0 1 2 4 6 9
0 1 2 3 4 5
0 2
0 1
no solution
no solution
no solution
0 1
0 1
no solution
0 1
0 2
0 2
0 1 2
no solution
0 2 3 4 5 6 7
0 1
0 1 2 3 5 8 9 10
no solution
no solution
no solution
0 2
0 1 2
0 2 3
0 1
