zS 1
EGU8jg 1
O 1
sTsDoP 1
Mlih0Dz 1
g 1
qWQszv 1
a8iTbWI8 1
HgP 1
s 1
kfKGrqyK 1
Z 1
Pu63 1
dShHl 1
EHQwk 1
ZSHUHG 1
rlY1Z6 1
G 1
F 1
jk 1
RLFQ 1
a7m0dPX 1
oFyXrXi 1
ZBmYW 1
j 1
heKU 1
wUTfQrw 1
ncAWo5Q 1
ZyKf2j 1
c 1
jf 1
rzDG3h 1
wOcp9gg 1
Q8oP 1
Fk3 1
mJAnplT 1
PxH 1
WGZ2XiiK 1
Gr 1
tlL7omu 1
Q 1
G8Gul 1
XRB 1
JV5r 1
VoC 1
E6PsRjTd 1
NB 1
Nc2L 1
zDGWHD 1
DBov 1
D0YUsd7 1
ASDK 1
WZvKhte 1
lXrmpm 1
biR 1
AGQ 1
GGX 1
iAWEsG 1
ooZmWVE9 1
US3 1
Sibs3Jw 1
JAeaz9X 1
t 1
wgH1L 1
eU 1
cKhbyEe2 1
aSJppe 1
l29 1
Prjd 1
mWZ 1
t8kEzB 1
tX 1
KF7gG 1
NjghgK 1
q5 1
FLmy 1
ZYagIk 1
jJW 1
OM 1
bVNL4gLK 1
mzNo 1
iWJKKIXh 1
Uldpuf 1
BOUlD 1
Lze9 1
i 1
vtXuK4o 1
N7W2P 1
bZ2lNej 1
hoEBUr3N 1
hSvsy 1
kk7fVvM 1
IxQw 1
yituiEvi 1
ZQ 1
YS 1
raPeTQ 1
wedn8xZ 1
Gh 1
O3s 1
CvBKLz 1
D 1
T69 1
GcS 1
c 2
ZX 1
vKEuw 1
PxmDPR 1
oLx2J 1
fWUbDud 1
INSK2 1
y5Uc 1
d 1
j 2
eph1o0a4 1
R 1
umms 1
rOw 1
Yf8zyYt 1
n2Md3Gs 1
ISQYlj 1
ReImI8 1
z3bFRJ1 1
JZ 1
z 1
G 2
pO 1
DshdBl 1
DC 1
yAL 1
z 2
d2 1
W 1
I 1
Z 2
c7RON5 1
Rxe1wDK 1
s 2
thIp8G 1
dMb03mOc 1
w5TC 1
g 2
NCaJOzwX 1
E 1
YZfGrCwS 1
V52ghD 1
cBvd9 1
V6bgM 1
hyUITv 1
RbZ 1
o8A5F 1
yShz10 1
MvKBk 1
jGVFPfx 1
AmM 1
DYzZz3cP 1
uIIoAY 1
V 1
O4eBB 1
KEn 1
z 3
VCbq8SA0 1
m 1
B5ijude5 1
yDa5M 1
tHSQ 1
n 1
SE 1
iHBF 1
b 1
Z8Xa5g 1
rd8loY4 1
SD8S 1
Il 1
xbV 1
Ck 1
yjY 1
a 1
V6IPjfP 1
utLJ 1
kIhi0u 1
W 2
jG 1
w 1
ST 1
p 1
f 1
kxFMpT 1
Y 1
Vkbt 1
Wcs 1
G2 1
QjEY 1
pBLKVjD0 1
zwE65 1
N6quY 1
L 1
vquQI6 1
rVau 1
jjFu 1
gN6 1
iXoRBjZ 1
n 2
Bhy3 1
oUvkvVfN 1
PJ8meA 1
D9KLN 1
d242nPLI 1
jp4oH 1
lDZS4rH 1
T4z 1
ZXS6o 1
m8et0p6 1
RbJ8MV16 1
Prh 1
u5sChXG 1
EY6 1
P 1
eWD 1
V 2
EhBWpvb 1
G 3
zif 1
dOowk2D 1
Q 2
gFPNFgJW 1
D3G 1
rn9 1
FA4yBl9D 1
T 1
k 1
T3BUc 1
S 1
I3TRc5 1
so 1
zSS3i 1
ZI 1
auiV 1
xv 1
p 2
g 3
X 1
wZ 1
Nm6nZe 1
n 3
gPMAcN 1
eCO 1
Ao5t2Qw 1
qa 1
MhwxXhhX 1
l 1
Q0 1
UWMtoe8 1
Y7r7qWco 1
Z7OW 1
SVQ89fX 1
q 1
EuMxms2Z 1
MTT4 1
Erj 1
x 1
LyYFx 1
rDDbyo 1
rq 1
uzsEqJlw 1
N 1
aFK2 1
G 4
qrn 1
BIfkuB3k 1
sRbG 1
W8i 1
avnbex8 1
V 3
ne 1
pz 1
lM3Y 1
xTImX4EP 1
EiQ7Vk 1
CkG6 1
A 1
b3H52Y 1
EemYpb 1
Rx2i97 1
lDF 1
F 2
FsovZgW 1
v4U80y 1
GszA2uoP 1
a 2
l 2
h0pAqj 1
JLMj 1
CoZWsX7 1
A 2
Tc70Zy 1
wNiU 1
lGemSfcC 1
Z8w 1
cAr6 1
GiD3l 1
Uh7 1
yp 1
a52Socl 1
TwGV 1
rD 1
WgByyOS1 1
Y 2
oDVeH 1
aY0I 1
oQGXN 1
DfR 1
l 3
uJ80ZP 1
UP1nbOS 1
A 3
uj 1
f 2
U4 1
OKOY 1
w 2
tXf5QVL 1
ky6ql9l 1
gZ 1
E42hoxi 1
HdhA0FPB 1
NSJg6B 1
RvrxqTzF 1
bXQPA 1
Qq6f19I 1
lXF 1
GOjWE2O4 1
KVn 1
fD8KVA 1
eH 1
TsgIWjpA 1
tyaGJ 1
h 1
YG 1
MfwAaf 1
R 2
zDhy 1
hf 1
GwoQ4R 1
WqIi 1
dIWfVB 1
I 2
Q 3
L4DT 1
jeTkzGBi 1
AHX5BYjG 1
Eq9fl8t 1
u 1
wNou2 1
rpm 1
kQFbOg 1
UEQ5 1
V 4
MxZnU 1
W 3
s9FU2O 1
lUslNt6 1
JtwkYq 1
f3CK3 1
VI 1
IVmvi 1
F 3
zMmA5li 1
rBbz8M 1
N 2
STxf 1
pcgipYr 1
zMxA 1
Zx4pkJ 1
hFgu 1
XTOgim 1
CVa 1
jf 2
Pbj 1
ZGVI 1
c5md 1
n3 1
l 4
FILV 1
HND 1
kLWy 1
BG3p 1
X 2
Ms 1
rf1Do0g3 1
Es 1
ub7x 1
h 2
mC 1
lHzmkEx 1
sfFhQ 1
K 1
G 5
P 2
T 2
MIzJN5x 1
vdMR 1
zUsyEM 1
ErOKi9 1
d 2
r4MZVYV8 1
k 2
yCyhYSU 1
O 2
J1gCFXXt 1
JevckHk2 1
Y 3
lTSyX 1
a 3
gAgD 1
S 2
Z 3
IFTkc 1
k 3
G7o8Y 1
Ni2lNv 1
p4PI 1
KXvRtBvW 1
H 1
H 2
g 4
VbVqAwq 1
g0BIqJ2C 1
q 2
E 2
FI 1
MXbomc 1
lR3H1 1
ZRY 1
w 3
qrzWq9c 1
HZkyFwR5 1
zH 1
TEXwuy 1
oV72yf 1
iAorvZp 1
WhD 1
b8fcBq 1
q1 1
D 2
kz5B 1
PxR 1
qt 1
lKNVHe 1
j 3
XM 1
Rmmn 1
mzCM 1
PrK 1
h 3
ICmeqmYj 1
TB6MJT 1
UBQ 1
g 5
aV6e 1
gZ6DOp 1
F5eJpwTx 1
fAfG 1
M 1
ExTCs 1
G 6
DV5 1
c 3
m1FGTUCJ 1
HBXtp 1
u 2
mAl5tOPj 1
J 1
Z77fc2Vh 1
oN0R 1
ATdwa5A 1
N 3
C 1
zyOmfvzQ 1
xGdmg1y 1
Mr6Afzm 1
T2gzTVRd 1
V9wMH 1
V 5
A 4
D 3
WWE 1
W 4
wwwQP 1
o 1
K1 1
QTl 1
cjF 1
auTg 1
ROF 1
W3 1
L6As 1
z 4
BG7cXyfT 1
FM 1
pL 1
zwU 1
F 4
D7WfMd 1
DyXJG 1
J 2
vCQlcPd 1
N7t9 1
U 1
j4 1
oRAB 1
V 6
w 4
XE 1
W 5
euNI 1
JEpFgH 1
HqntcJ8t 1
r 1
L 2
W 6
eb 1
DSkgFaIN 1
Y 4
k 4
a 4
t 2
V 7
O 3
RMs 1
E 3
si 1
MM 1
TQPj 1
Ibt 1
hHjp4nGi 1
I 3
avdT3E 1
e 1
F 5
UW4qn 1
a 5
hD9Dw1f 1
oAkW2my1 1
E 4
AvCIRu 1
u 3
n 4
I33l 1
HI6t9VBc 1
OZ4 1
kAxFi4fh 1
s 3
n24Axtb7 1
N 4
r 2
Vn 1
wjjBw3wq 1
h6AkCtIQ 1
z2xqqJ 1
umZX23 1
Y 5
X 3
lhBfb 1
Pav51 1
v 1
c 4
L 3
Kl 1
XXSsDbD 1
v 2
evc 1
omc2MDr 1
exCy 1
xut 1
WKE1X 1
L 4
U 2
R 3
IAGz 1
Y 6
Ar 1
fAo 1
b7Dknp 1
aG 1
plcv 1
zwJP 1
X0i 1
a71 1
sdUHuno 1
gvAdAB 1
A6UiGX 1
Zp 1
AKEQAF 1
mxVWZ0w 1
ktb 1
VIO25 1
sUcG 1
Cky 1
hn7Eh36 1
X5 1
Nbb8 1
T 3
F 6
W 7
ztmQdZZ 1
e 2
RG 1
FscW 1
Z 4
oduH74 1
hDrU9 1
a50um 1
t 3
n 5
c 5
aS 1
W 8
k 5
z0aDMQ 1
U 3
c 6
QZqHPIsE 1
GW7YT 1
JCjhLX7c 1
S 3
H 3
JG 1
FUipyqa 1
K1 2
d 3
q 3
KJ 1
f 3
P 3
d 4
U 4
f 4
hxn 1
p 3
u 4
p 4
x 2
fPnPdO 1
s 4
pSA 1
B 1
x1lEJraG 1
eLz2UUwt 1
FihX 1
ahvSZ 1
f 5
W 9
C 2
Z 5
NB 2
OMlvJWM 1
R 4
c 7
Q7 1
BAB 1
DEWv3v 1
Xs 1
m 2
o0kRwxcl 1
V 8
n9jhhYD 1
w 5
T 4
C 3
xuJvhFYN 1
J 3
H 4
V 9
L 5
ddZhy2GF 1
Rs8LFxQw 1
g 6
T 5
u 5
VqRo7T 1
ycFELB 1
E4B 1
hV2 1
x 3
tdzB 1
jtYOG 1
U 5
XMd2 1
z 5
m 3
r 3
HD4qg 1
r 4
r 5
q9BFZC 1
RrxovCx5 1
lSxBIz 1
XAbJHiDv 1
ZLdbiUX 1
SXLfcOFX 1
SjK5235 1
S 4
m 4
l 5
g 7
F 7
jKnRoP 1
r 6
fr 1
q 4
mif2u 1
rfFkopZB 1
ienrN7p4 1
e 3
tpQhIdPF 1
x 4
pJXKu 1
F 8
Svs96wdp 1
Wq7ZrV 1
k0 1
zury 1
N 5
R 5
oLF 1
e2yoSQeb 1
s 5
K7XpBp 1
BqYIniBl 1
D 4
f 6
J 4
F45ICkka 1
HtSUrt 1
Hdh6lIt 1
BPIeY1tV 1
c 8
zspe8tkg 1
Bg 1
ER 1
amSg 1
r 7
pvtQhCv2 1
lpuvD 1
qBt2zJT 1
a 6
EKVNy4 1
h 4
I 4
X 4
iVg 1
rXX3mhN4 1
e9DG8k 1
M 2
W 10
O 4
xv 2
V 10
nrGk 1
m 5
QHG 1
ARQzWU5 1
elnbNur 1
JTuWaSM 1
IqBuHypl 1
F 9
T 6
f 7
K 2
TmTcTHMJ 1
E 5
G 7
IeN02T 1
Z2 1
d 5
GK 1
WcM 1
I 5
JpUOtHez 1
fhHcrN3m 1
jt 1
NZVNLXM1 1
m3a6bAt 1
R 6
Z 6
j 4
O 5
LiuQ 1
N7 1
M 3
W 11
X 5
Gm1AO6 1
IkbB 1
edxbf 1
C 4
b 2
D 5
Z 7
c 9
w 6
xw 1
W 12
w 7
ZxS 1
BA 1
sS 1
Cxg9 1
P 4
W 13
ggerbeML 1
Q 4
A 5
WWcvw7 1
b 3
t 4
I 6
K 3
W 14
g 8
b 4
Z 8
Q8bUNlgm 1
K 4
S4vwYefP 1
zOorpGBj 1
c5smNv8s 1
X2US65R 1
m 6
W 15
b 5
V 11
F 10
a 7
m8Td 1
O7 1
f 8
tUForC 1
n 6
Q 5
Rv 1
N0 1
S 5
tQLoSvFw 1
Ar 2
T 7
N 6
I4Ex 1
rMgjtkXE 1
vWkhSH 1
N 7
EopcB8Z 1
B 2
fNh2ao9 1
N 8
J5 1
U 6
XD39jzkc 1
w 8
j4 2
g69 1
F 11
sU2hN6 1
h 5
e 4
Ywn99nUV 1
pUFwpsSn 1
v 3
IP3mMKNl 1
Uyf 1
syLL 1
zqPx5xpa 1
DSsnC5 1
ViM 1
hm8cf 1
s 6
f 9
C 5
K 5
U 7
gEq5L0 1
q 5
qHcaPHt 1
IK 1
H 5
A 6
x 5
S1 1
a 8
e 5
K 6
DzNqympu 1
H 6
C 6
u 6
U 8
b1vcG 1
v 4
Z 9
fr 2
K 7
Fd 1
I2Rb6 1
g 9
G4 1
RTYv 1
L 6
l 6
r 8
X 6
v 5
Z 10
Vb5NW9C 1
lzWh 1
g 10
C 7
I 7
K 8
F 12
pRaKxCBg 1
M 4
a 9
pP2 1
o7HdrVm 1
n5RUsXcP 1
V 12
X 7
v 6
jCj 1
B 3
p 5
X 8
q3ESnSx 1
z 6
O 6
eMv 1
L 7
l 7
s 7
a 10
K 9
h 6
T 8
o 2
N 9
AFLWb 1
E 6
h 7
WlnzFm4q 1
w 9
p 6
A 7
JZ1wiuem 1
O 7
dnt2Gw 1
U 9
I 8
F 13
s 8
r 9
X 9
c 10
b 6
O 8
e 6
v 7
r 10
G 8
f 10
k 6
v 8
iqcw 1
NUtcUUqs 1
lnZBcdU 1
K 10
M6Xr5F9W 1
D 6
G 9
f 11
O 9
zi1 1
n 7
ZQdZklW 1
PPNyI 1
X5 2
s 9
BbnIgzs 1
s 10
i 2
W 16
zF9 1
lxIfQoZt 1
pqs6w 1
Z1b 1
SDHT3dM 1
G 10
F 14
W 17
jw 1
k 7
c 11
XtcN 1
mcWM 1
fzIfOJ 1
W 18
H 7
Z 11
kFGel 1
K 11
h 8
tlinW7NO 1
M 5
i 3
JSGs 1
g 11
Al8k 1
B 4
j 5
hwCE31 1
T 9
A 8
E 7
X 10
y6UVtcqD 1
n 8
vzirYUcn 1
rtVnEAKt 1
E 8
d0yjF 1
n 9
j 6
q 6
S 6
V 13
m 7
S 7
R 7
Q 6
z 7
I 9
p 7
Q 7
N 10
m 8
s 11
c 12
v 9
O 10
e 7
G 11
g 12
J 5
b 7
l 8
u 7
G 12
p 8
b 8
Z1 1
C 8
f 12
W 19
RCO1 1
M 6
jNAsguua 1
n 10
z 8
NPzsa9 1
l 9
o 3
r 11
Q 8
v2o5dPmv 1
i 4
d 6
d 7
I 10
eN2Xai3j 1
L 8
A 9
e 8
j 7
c5CJ94hj 1
l 10
T 10
F 15
R0 1
M 7
l 11
T 11
Z 12
bjEpJyiD 1
d 8
RrcQu9C 1
C 9
Q 9
C 10
c 13
h 9
qeXqu8 1
W 20
W 21
A 10
H 8
x 6
C 11
t 5
R 8
vSnsJjob 1
b 9
x 7
t 6
Y 7
e 9
j 8
j 9
Q 10
g 13
t 7
S 8
F 16
e 10
p 9
I 11
D 7
P 5
M 8
M 9
D 8
N 11
K5 1
G 13
s 12
g 14
W 22
L 9
O 11
h 10
v5HHPR 1
q 7
l 12
Q 11
j 10
C 12
rpze 1
C 13
j 11
c 14
p 10
h 11
S 9
Z 13
D 9
P 6
V 14
B 5
D 10
E 9
L 10
d 9
Z 14
I 12
p 11
M0 1
p 12
k 8
E 10
C 14
X 11
B 6
M 10
c 15
i 5
S 10
O 12
g 15
rLrZc5te 1
HDjc579 1
h 12
M 11
I 13
T 12
o 4
o 5
WCFlvoZu 1
so 2
T9ZXo 1
x 8
W 23
z 9
l 13
l 14
j 12
gn6Ovyfj 1
X 12
E 11
D 11
Dy 1
i 6
r 12
e 11
Z 15
qtisPOEP 1
F 17
z 10
J 6
a 11
f 13
U 10
m 9
n 11
HF 1
R 9
E 12
u 8
V 15
u 9
o1Lp0q 1
z 11
f 14
s 13
w 10
f 15
D 12
h 13
z 12
T 13
U 11
n 12
N 12
m 10
F 18
u 10
L 11
OMoibUgS 1
p 13
B 7
v 10
G 14
S 11
C 15
L 12
m 11
URtITv 1
a 12
H 9
qKWhwsNa 1
o 6
F 19
S 12
b 10
w 11
r 13
U 12
Y 8
k 9
t 8
s 14
o 7
zH 2
jXUw 1
w 12
sS 2
E 13
Uns4tNxk 1
q 8
B 8
j 13
A 11
t 9
K 12
r 14
O 13
d 10
tDkNznOp 1
D 13
tYEzE2 1
v 11
U 13
xUtHLdoh 1
A 12
Xfye5wQZ 1
L 13
Z 16
aS 2
k 10
U 14
W 24
s 15
Y 9
Z 17
P 7
v 12
V 16
c 16
O 14
E 14
X 13
X 14
e 12
D 14
G 15
p 14
g7zt7tfD 1
t 10
z 13
Y 10
O 15
V 17
g 16
g 17
f 16
h 14
b 11
F 20
I 14
Y 11
W 25
QdYiRpLh 1
O 16
T 14
a 13
O 17
FxdX5zll 1
O 18
n 13
e 13
U 15
g 18
D 15
o 8
D 16
p 15
j 14
v 13
rifLZdoQ 1
T 15
R 10
L 14
j 15
Dy 2
O 19
p 16
s 16
P 8
d 11
dz2JFG8 1
z 14
P 9
I 15
B 9
P 10
l 15
S 13
B 10
d2 2
d 12
i 7
Q 12
t 11
r 15
W 26
D 17
j 16
A 13
z 15
T 16
O 20
S 14
F 21
X 15
T 17
f 17
l 16
e 14
n 14
n 15
H 10
V 18
L 15
c 17
D 18
N 13
K 13
r 16
l 17
X 16
p 17
wZ 2
F 22
i 8
SWkmzxjp 1
XM 2
g 19
S 15
X 17
A 14
D 19
h 15
r 17
Z 18
G 16
O 21
n 16
B 11
A 15
k 11
o 9
S 16
k 12
C 16
U 16
s 17
S 17
M 12
Q 13
t 12
P 11
v 14
o 10
r 18
e 15
hwwZwEzO 1
W 27
I 16
XhTatXdx 1
e 16
A 16
q 9
lvyLrtp3 1
Z 19
R 11
o 11
m 12
E 15
E 16
q 10
H 11
O 22
G 17
v 15
N 14
G 18
W 28
B 12
E 17
Dy 3
r 19
x 9
S 18
f 18
J 7
AMrhhGoj 1
a 14
V 19
m 13
a 15
G 19
S 19
O 23
Y 12
b 12
R 12
g 20
s 18
uygzjoOd 1
Z 20
z 16
Z 21
R 13
p 18
KJ 2
t 13
P 12
z 17
C 17
j 17
n 17
h 16
K 14
E 18
d 13
ragB4l8V 1
v 16
w 13
W 29
G 20
r 20
M 13
j 18
d 14
k 13
i 9
b 13
j 19
b 14
J 8
V 20
d 15
f 19
I 17
Q 14
n 18
n 19
vftgwGGk 1
L 16
j4 3
w 14
Y 13
d 16
T 18
g 21
U 17
H 12
T 19
P 13
R 14
u 11
u 12
J 9
O 24
i 10
x 10
sXSGCsom 1
p 19
J 10
w 15
q 11
q 12
m 14
f 20
w 16
i 11
D 20
J 11
k 14
k 15
o 12
M 14
Z 22
n 20
j 20
udrpZMfs 1
R 15
j 21
D 21
u 13
Z 23
B 13
g 22
qepzKjOC 1
c 18
E 19
Z 24
C 18
g 23
E 20
lkfu9goH 1
T 20
q 13
K 15
W 30
Z 25
L 17
h 17
SE 2
V 21
o 13
Q 15
G 21
T 21
w 17
b 15
P 14
a 16
j 22
V 22
uj 2
a 17
V 23
N 15
m 15
u 14
N 16
E 21
Xxqzyqr 1
J 12
j 23
NyqD 1
K 16
j0ocjTlV 1
f 21
A 17
MM 2
H 13
u 15
d 17
d 18
z 18
R 16
B 14
j 24
u 16
i 12
W 31
M 15
t 14
t 15
P 15
N 17
W 32
NwlwaHxe 1
H 14
o 14
V 24
c 19
R 17
u 17
jG 2
A 18
B 15
k 16
A 19
z 19
P 16
A 20
G 22
Y 14
q5 2
h 18
c 20
u 18
o 15
e 17
J 13
s 19
m 16
E 22
S 20
l 18
J 14
m 17
x 11
u6gcUllz 1
I 18
R 18
L 18
w 18
l 19
a 18
g 24
e 18
Y 15
Q 16
f 22
v 17
Q 17
b 16
a 19
v 18
m 18
f 23
K 17
d 19
a 20
q 14
H 15
J 15
R 19
t 16
o 16
m 19
i 13
Q 18
o 17
G 23
r 21
P 17
n3 2
ZI 2
F 23
b 17
b 18
u 19
U 18
o 18
F 24
h 19
LjcXwkrn 1
T 22
A 21
p 20
D 22
G 24
c 21
n 21
V 25
M 16
w 19
s 20
V 26
S1 2
a 21
N 18
V 27
p 21
M 17
r 22
R 20
v 19
p 22
g 25
X 18
e 19
b 19
l 20
xv 3
O 25
D 23
o 19
v 20
w 20
S 21
B 16
e 20
X 19
j 25
a 22
r 23
R 21
A 22
G 25
g 26
M 18
Y 16
c 22
H 16
d 20
o 20
gZ 2
w 21
n 22
J 16
ZpsGruuJ 1
X 20
g 27
x 12
c 23
p 23
q 15
M 19
C 19
T 23
Y 17
R 22
j 26
M 20
s 21
JcqbWvwg 1
g 28
f 24
w 22
Z 26
B 17
c 24
q 16
w 23
qKdtvkqR 1
j 27
D 24
G 26
C 20
s 22
p 24
g 29
f 25
l 21
p 25
z 20
J 17
z 21
G 27
UorReyNy 1
Z 27
v 21
q 17
QSvslr8r 1
D 25
L 19
l 22
Q 19
Q 20
K 18
U 19
V 28
f 26
Z 28
T 24
X 21
p 26
g 30
O 26
x 13
Q 21
d 21
F 25
ndKb7xZp 1
f 27
u 20
f 28
k 17
tpJqlnig 1
b 20
t 17
Kl 2
O 27
C 21
S 22
N 19
v 22
i 14
R 23
D 26
Z1 2
a 23
f 29
A 23
J 18
v 23
T 25
K 19
Q 22
R 24
D 27
A 24
J 19
T 26
pZfEafqe 1
X 22
U 20
L 20
p 27
L 21
L 22
B 18
O 28
k 18
h 20
eU 2
K 20
H 17
n 23
f 30
G 28
W 33
Y 18
C 22
D 28
S 23
h 21
I 19
Y 19
I 20
qXfinzUr 1
G 29
h 22
Y 20
s 23
l 23
c 25
h 23
M 21
c 26
s 24
K 21
I 21
P 18
b 21
P 19
E 23
V 29
J 20
k 19
I 22
tekD5wuz 1
b 22
J 21
j 28
n 24
Y 21
g 31
N 20
t 18
f 31
q 18
m 20
b 23
d 22
B 19
F 26
C 23
p 28
p 29
j 29
L 23
F 27
D 29
h 24
g 32
t 19
w 24
j 30
d 23
G 30
e 21
k 20
jbnndejY 1
u 21
a 24
o 21
n 25
M0 2
U 21
A 25
v 24
X 23
M 22
V 30
e 22
r 24
E 24
r 25
m 21
e 23
m 22
l 24
w 25
q 19
M 23
K 22
H 18
X 24
w 26
n 26
c 27
l 25
p 30
z 22
h 25
Q 23
Y 22
B 20
u 22
Z 29
d 24
H 19
h 26
I 23
Y 23
B 21
v 25
c 28
F 28
tX 2
M 24
o 22
e 24
p 31
ne 2
A 26
Mty7tHxv 1
f 32
F 29
R 25
h 27
u 23
o 23
x 14
t 20
W 34
d 25
V 31
D 30
Bg 2
H 20
s 25
M 25
Vn 2
ER 2
I 24
n 27
Q 24
q 20
i 15
V 32
B 22
c 29
I 25
r 26
o 24
v 26
X 25
A 27
n 28
q 21
C 24
Z 30
Q 25
x 15
YnYyGyAc 1
M 26
M 27
JG 2
p 32
R 26
i 16
O 29
I 26
z 23
f 33
e 25
E 25
h 28
B 23
t 21
L 24
N 21
l 26
N 22
n 29
o 25
u 24
p 33
k 21
F 30
I 27
g 33
s 26
q 22
K 23
z 24
M 28
A 28
K 24
C 25
x 16
e 26
B 24
H 21
r 27
G 31
d 26
l 27
d 27
V 33
X 26
A 29
S 24
L 25
M 29
q 23
Y 24
u 25
N 23
q 24
r 28
W 35
n 30
q 25
S 25
c 30
L 26
T 27
e 27
u 26
N 24
X 27
j 31
p 34
C 26
g 34
a 25
n 31
E 26
w 27
m 23
A 30
I 28
w 28
D 31
u 27
q 26
X 28
t 22
X 29
N 25
K 25
C 27
h 29
l 28
x 17
I 29
u 28
x 18
zftaUpps 1
T 28
i 17
W 36
G 32
q 27
q 28
U 22
h 30
i 18
a 26
f 34
g 35
S 26
G 33
M 30
v 27
X 30
Z 31
e 28
S 27
X 31
d 28
E 27
O 30
u 29
n 32
Y 25
I 30
D 32
u 30
l 29
w 29
o 26
M 31
x 19
z 25
H 22
S 28
D 33
o 27
z 26
N 26
v 28
S 29
S 30
K 26
c 31
Q 26
J 22
h 31
N 27
i 19
P 20
g 36
xw 2
c 32
I 31
q 29
U4 2
v 29
n 33
S 31
W 37
p 35
R 27
sZHgZmhu 1
f 35
W 38
K 27
j 32
c 33
I 32
j 33
J 23
i 20
g 37
r 29
b 24
P 21
G 34
m 24
n 34
u 31
j 34
Z2 2
x 20
m 25
e 29
e 30
J 24
N 28
g 38
u 32
L 27
Y 26
e 31
O 31
F 31
S 32
H 23
S 33
k 22
B 25
L 28
ovmWaprr 1
K 28
e 32
m 26
S 34
a 27
x 21
Q 27
yfkxkepb 1
w 30
X 32
D 34
U 23
b 25
S 35
P 22
j 35
v 30
U 24
B 26
j 36
o 28
c 34
P 23
f 36
G 35
K 29
X 33
X 34
q 30
m 27
S 36
I 33
b 26
A 31
W 39
I 34
v 31
W 40
W 41
N 29
d 29
D 35
J 25
d 30
i 21
G 36
I 35
F 32
v 32
g 39
x 22
E 28
A 32
d 31
j 37
T 29
T 30
G 37
B 27
J 26
X 35
e 33
Z 32
d 32
d 33
w 31
v 33
aG 2
X 36
k 23
I 36
o 29
d 34
v 34
G 38
U 25
I 37
m 28
H 24
s 27
o 30
Z 33
l 30
O 32
s 28
s 29
o 31
L 29
J 27
k 24
aS 3
Y 27
A 33
s 30
O 33
s 31
k 25
c 35
F 33
s 32
G 39
E 29
N 30
D 36
j 38
U 26
O 34
A 34
k 26
M 32
M 33
c 36
Y 28
t 23
t 24
B 28
W 42
n 35
f 37
M 34
B 29
g 40
g 41
g 42
q 31
m 29
K 30
t 25
i 22
A 35
VI 2
a 28
T 31
v 35
V 34
K 31
U 27
H 25
E 30
h 32
U 28
n 36
K 32
j 39
sS 3
d 35
z 27
c 37
j 40
v 36
V 35
E 31
H 26
Q 28
D 37
H 27
I 38
m 30
B 30
T 32
G 40
aG 3
G 41
d 36
i 23
d 37
m 31
l 31
x 23
Y 29
O 35
U 29
V 36
A 36
Y 30
T 33
E 32
w 32
w 33
b 27
B 31
a 29
q 32
M 35
rdwJimnt 1
j 41
b 28
F 34
f 38
w 34
H 28
H 29
G 42
q 33
J 28
c 38
R 28
o 32
J 29
G 43
p 36
p 37
D 38
j 42
d 38
b 29
x 24
d 39
a 30
cFlngKsn 1
J 30
u 33
u 34
N 31
T 34
p 38
M 36
s 33
Dy 4
zS 2
m 32
m 33
a 31
b 30
x 25
k 27
m 34
m 35
a 32
f 39
c 39
V 37
r 30
D 39
b 31
n 37
d 40
S 37
K 33
b 32
o 33
O 36
m 36
D 40
f 40
i 24
D 41
p 39
H 30
N 32
d 41
l 32
Z 34
B 32
z 28
r 31
e 34
o 34
U 30
D 42
D 43
I 39
W 43
RslkKRuz 1
B 33
U 31
q 34
F 35
P 24
w 35
Y 31
x 26
b 33
L 30
A 37
c 40
T 35
A 38
u 35
E 33
F 36
h 33
O 37
z 29
r 32
M 37
s 34
P 25
j 43
B 34
A 39
J 31
O 38
k 28
f 41
n 38
B 35
s 35
l 33
v 37
M 38
I 40
r 33
x 27
M 39
F 37
i 25
h 34
H 31
i 26
Z 35
z 30
r 34
s 36
s 37
w 36
e 35
M 40
A 40
I 41
x 28
hgjyhVGr 1
Z 36
O 39
K 34
l 34
S 38
x 29
K 35
L 31
u 36
g 43
s 38
e 36
Z 37
K 36
V 38
u 37
K 37
l 35
p 40
b 34
j 44
S 39
N 33
L 32
d 42
U 32
g 44
t 26
P 26
u 38
L 33
X 37
b 35
V 39
n 39
Q 29
H 32
b 36
v 38
Q 30
U 33
H 33
h 35
v 39
W 44
W 45
b 37
f 42
H 34
H 35
f 43
B 36
R 29
P 27
C 28
o 35
z 31
U 34
Z 38
V 40
J 32
o 36
J 33
g 45
L 34
q 35
S 40
M 41
B 37
J 34
F 38
b 38
f 44
X 38
q 36
k 29
b 39
c 41
z 32
K 38
d 43
l 36
k 30
u 39
f 45
w 37
s 39
I 42
e 37
N 34
E 34
o 37
M 42
N 35
C 29
O 40
j 45
s 40
vzrSqlDm 1
u 40
t 27
