QZP 1
YZX 1
mwB 1
bbg 1
t9O 1
jQ5 1
clO 1
mzN 1
Lxv 1
aFH 1
UHJ 1
gN2 1
nvo 1
K3a 1
J1t 1
UYs 1
QpA 1
Woo 1
WOQ 1
FQq 1
qFy 1
kXK 1
uXF 1
KNp 1
bsS 1
L8y 1
MJ7 1
Hd6 1
Msf 1
f0P 1
W1R 1
WUa 1
OoN 1
ocy 1
vhQ 1
NeW 1
Y5z 1
cuG 1
ohu 1
fcw 1
NlW 1
USh 1
kNG 1
usK 1
Kw0 1
bzK 1
on6 1
da1 1
ExZ 1
t4P 1
cuH 1
x9t 1
g9K 1
Gpk 1
IvY 1
QsI 1
hmo 1
DnS 1
vcA 1
gF1 1
jgU 1
ZWz 1
IFj 1
gbt 1
Gww 1
DuT 1
YLq 1
dp6 1
BlB 1
nu6 1
sYW 1
oGO 1
VNX 1
d4y 1
h8R 1
HLY 1
LCV 1
NsC 1
n3P 1
Xvi 1
G7O 1
Bcs 1
byC 1
Bd9 1
Esy 1
UI5 1
BWx 1
PE2 1
WDj 1
pIQ 1
H8r 1
Zc6 1
x4T 1
afS 1
F2Q 1
cIf 1
vjE 1
MCs 1
MQM 1
Tpw 1
twa 1
f3C 1
Wyg 1
Ijw 1
wjK 1
RgZ 1
mgF 1
NkS 1
XXd 1
d6q 1
QF8 1
vqq 1
v5Q 1
k0S 1
oGt 1
dqu 1
klv 1
gef 1
khs 1
WX8 1
Yga 1
DmF 1
ka5 1
UCs 1
NLF 1
kW1 1
fnq 1
bIC 1
W0Z 1
V7I 1
vLe 1
gJd 1
hlY 1
R12 1
X1S 1
VUw 1
MSx 1
MNJ 1
lCH 1
PZl 1
E5T 1
hMH 1
uth 1
mRl 1
Bq6 1
Gq2 1
mb7 1
mfN 1
Hst 1
P6Y 1
WLt 1
Dnq 1
OOn 1
GG9 1
ZCw 1
ozv 1
SU4 1
qtb 1
udN 1
GAX 1
iEO 1
AkX 1
IfE 1
yY1 1
LRF 1
snG 1
sR9 1
NX3 1
XVw 1
uoV 1
RbO 1
i4e 1
Ux5 1
yOd 1
hcu 1
BM3 1
ipY 1
a1C 1
drn 1
yol 1
lYk 1
eIF 1
Mmr 1
Cg1 1
H2w 1
BD8 1
EHh 1
XtO 1
vPJ 1
YHO 1
cyq 1
MIM 1
J0n 1
fHo 1
hyX 1
Adb 1
rMI 1
Bwf 1
uJw 1
u3C 1
Aj6 1
BiV 1
In2 1
al3 1
ijL 1
e50 1
bsw 1
Ymu 1
X9s 1
j6D 1
mJC 1
oLw 1
jmY 1
SpS 1
CUx 1
dki 1
RUL 1
OA4 1
rQp 1
P9c 1
A48 1
OAK 1
VP7 1
qWT 1
o2G 1
YlM 1
gjS 1
iJv 1
J3Y 1
fTz 1
H71 1
G4s 1
tlb 1
Xr7 1
f4U 1
Y99 1
wer 1
uxG 1
TF4 1
O89 1
TLA 1
wYq 1
tqE 1
RFU 1
Ixm 1
RaH 1
thf 1
Dsq 1
OD9 1
zuw 1
nsf 1
PEr 1
uxG 2
DB4 1
LpY 1
WOn 1
Oc8 1
nEb 1
JX2 1
QJn 1
qG2 1
EAt 1
URh 1
mKZ 1
WUE 1
VR5 1
Z7G 1
JcL 1
fdT 1
grl 1
VvX 1
uvM 1
zeu 1
LYv 1
CUE 1
IrT 1
riB 1
JI2 1
E5W 1
K0e 1
bZq 1
xSX 1
jut 1
vEK 1
kXx 1
BJs 1
gus 1
jJR 1
M4s 1
yMx 1
BCT 1
d7l 1
ykS 1
oD9 1
wYt 1
YF3 1
ay4 1
WPp 1
MZ7 1
tRm 1
mfp 1
obg 1
Py6 1
ozK 1
fE3 1
Z28 1
bO7 1
cvV 1
I3g 1
rri 1
It0 1
cFt 1
xQd 1
O2d 1
p70 1
n53 1
Up3 1
oix 1
XrZ 1
nGm 1
GAv 1
enM 1
kxm 1
U2n 1
SRw 1
UZP 1
HF7 1
zpq 1
mXu 1
JGh 1
qef 1
T2E 1
yJY 1
k72 1
uZm 1
mv8 1
rgx 1
Yo0 1
S2V 1
S43 1
war 1
lfm 1
H37 1
pDB 1
gur 1
RJ8 1
ynR 1
uP0 1
qXs 1
m1D 1
NYr 1
MZO 1
FCq 1
hsv 1
MM5 1
W7I 1
Iwq 1
r2u 1
yew 1
a68 1
ruc 1
bty 1
L73 1
yBn 1
ypV 1
wrk 1
fwd 1
k80 1
dWs 1
j5D 1
jjr 1
kGw 1
vwr 1
xzs 1
oqw 1
xjz 1
Dk3 1
lUH 1
zqn 1
TBD 1
l2q 1
im8 1
zvv 1
Ypz 1
KTE 1
TG6 1
uem 1
lrp 1
B74 1
Rfh 1
f73 1
g92 1
QF1 1
aUH 1
xHv 1
sA2 1
pB4 1
B17 1
EB1 1
FFo 1
A8D 1
egr 1
veu 1
Gr0 1
lZy 1
qXh 1
npb 1
uzp 1
tqr 1
i53 1
D3u 1
CV9 1
N2M 1
iue 1
BHF 1
V9A 1
yxu 1
vrZ 1
rtr 1
swz 1
uky 1
hyr 1
OEE 1
FN7 1
BJ6 1
N78 1
I2X 1
qky 1
L0H 1
dtf 1
qSj 1
qxp 1
r51 1
KB2 1
tWk 1
XB3 1
ewi 1
MC3 1
Juz 1
U75 1
p53 1
yix 1
GF9 1
ryz 1
A7B 1
rwX 1
BP1 1
jsy 1
nvt 1
D01 1
j38 1
y10 1
tot 1
aB4 1
BL3 1
b62 1
olz 1
GA0 1
M4I 1
T43 1
uhu 1
wyz 1
ygh 1
xxp 1
G66 1
xtQ 1
ify 1
I07 1
ert 1
low 1
KA1 1
O09 1
osm 1
D1I 1
E5B 1
lvx 1
GP2 1
BCC 1
AM2 1
FHG 1
xzs 2
BBC 1
qes 1
uvM 2
H38 1
V66 1
B47 1
A11 1
ehy 1
G0L 1
smv 1
wnd 1
woe 1
vpW 1
twu 1
tvw 1
uxq 1
HD9 1
G1I 1
SB7 1
I0O 1
vlf 1
N0A 1
H72 1
M2A 1
EG2 1
zkx 1
pml 1
F3M 1
HH9 1
nzs 1
wza 1
pnx 1
zzq 1
txu 1
pxt 1
M91 1
zpt 1
G77 1
U91 1
gN2 2
vxm 1
K0A 1
enM 2
F0E 1
Q44 1
G2M 1
U2E 1
vyz 1
r2u 2
P57 1
V05 1
dqu 2
RbO 2
txv 1
mgF 2
vxn 1
DB0 1
Q50 1
zlx 1
x4T 2
lfm 2
qxq 1
wza 2
I81 1
AD0 1
G14 1
D1B 1
T30 1
uxv 1
zps 1
S24 1
I34 1
xyw 1
uzn 1
HH9 2
f73 2
qzy 1
xzs 3
wwu 1
qyy 1
E06 1
F12 1
VUw 2
P6Y 2
G75 1
fE3 2
xzn 1
C59 1
qWT 2
N78 2
C59 2
fcw 2
BJs 2
F65 1
E04 1
F2Q 2
E81 1
r51 2
iJv 2
im8 2
E91 1
N01 1
F57 1
F11 1
E12 1
UYs 2
C51 1
H98 1
H24 1
szt 1
B1A 1
LCV 2
Z7G 2
G67 1
cuG 2
M4s 2
T30 2
fTz 2
uP0 2
B76 1
uzy 1
zwz 1
xzs 4
uzz 1
xvy 1
qSj 2
gbt 2
MNJ 2
dtf 2
U75 2
yyx 1
J46 1
tuy 1
Py6 2
I0O 2
szu 1
klv 2
A65 1
tyz 1
B73 1
wyt 1
Dk3 2
yxw 1
A67 1
WLt 2
xxy 1
F41 1
F32 1
FFo 2
GG9 2
uZm 2
Ixm 2
PE2 2
A04 1
G30 1
EG2 2
F2Q 3
szz 1
N78 3
Xvi 2
cvV 2
zpq 2
mwB 2
D06 1
A24 1
WOQ 2
Bcs 2
qXs 2
oLw 2
byC 2
KA1 2
NlW 2
MSx 2
BCC 2
A01 1
qSj 3
gF1 2
UCs 2
pxt 2
N78 4
SB7 2
P6Y 3
ka5 2
qXh 2
C40 1
yzw 1
U75 3
F3M 2
U2E 2
BJ6 2
MM5 2
B1A 2
o2G 2
nvt 2
Dsq 2
yJY 2
gF1 3
i4e 2
f3C 2
D06 2
BWx 2
lUH 2
E5B 2
GAX 2
fHo 2
wYq 2
fwd 2
egr 2
f0P 2
hsv 2
A07 1
n53 2
im8 3
Py6 3
G30 2
Bd9 2
C00 1
uoV 2
D20 1
hsv 3
Adb 2
jjr 2
g92 2
r51 3
twu 2
V05 2
VP7 2
yol 2
pnx 2
D30 1
ohu 2
p53 2
MM5 3
rwX 2
OAK 2
Lxv 2
cFt 2
dp6 2
rwX 3
u3C 2
Xvi 3
vyz 2
a1C 2
A23 1
V7I 2
hMH 2
wnd 2
GA0 2
nsf 2
N2M 2
a68 2
jQ5 2
yzy 1
V05 3
B13 1
yMx 2
C00 2
yzy 2
A07 2
I81 2
XrZ 2
rgx 2
YLq 2
Bcs 3
h8R 2
tuy 2
URh 2
zkx 2
hmo 2
Bq6 2
Xvi 4
T43 2
FCq 2
nGm 2
D30 2
clO 2
hlY 2
hcu 2
HLY 2
pIQ 2
A10 1
sA2 2
oGt 2
iue 2
cuH 2
X9s 2
S2V 2
xtQ 2
gN2 3
I3g 2
qXh 3
Woo 2
g92 3
T43 3
B47 2
H8r 2
M4I 2
oGO 2
A03 1
A01 2
hyr 2
swz 2
Mmr 2
jgU 2
mfp 2
yxz 1
A67 2
ay4 2
y10 2
NkS 2
Esy 2
G77 2
OAK 3
G0L 2
N78 5
Dnq 2
uzp 2
RJ8 2
Tpw 2
H8r 3
A30 1
T30 3
d6q 2
bIC 2
hyr 3
cFt 3
vjE 2
xQd 2
Bwf 2
iue 3
uP0 3
i53 2
im8 4
cuG 3
yyy 1
yzz 1
C01 1
qWT 3
Ixm 3
S43 2
Aj6 2
V05 4
riB 2
vpW 2
zkx 3
uxq 2
tqr 2
ert 2
U75 4
jJR 2
zyy 1
kxm 2
p53 3
YF3 2
EB1 2
vEK 2
BWx 3
sA2 3
RFU 2
BiV 2
B01 1
h8R 3
qXh 4
wnd 3
J3Y 2
szu 2
B47 3
war 2
h8R 4
H37 2
PEr 2
k80 2
Dsq 3
ay4 3
HF7 2
A10 2
H38 2
nsf 3
U91 2
H24 2
woe 2
VUw 3
V9A 2
BCT 2
MNJ 3
yyz 1
Up3 2
yyz 2
hyr 4
d7l 2
egr 3
A13 1
C01 2
yix 2
XVw 2
yxw 2
fwd 3
snG 2
C01 3
qWT 4
MM5 4
a68 3
g92 4
mgF 3
wer 2
t4P 2
D1B 2
Yga 2
ExZ 2
D1I 2
qyy 2
X1S 2
BiV 3
Lxv 3
h8R 5
vxn 2
SpS 2
ykS 2
wyt 2
V66 2
jJR 3
NX3 2
vxn 3
SB7 3
ZWz 2
m1D 2
YHO 2
W7I 2
vcA 2
VUw 4
RgZ 2
VNX 2
xjz 2
AD0 2
UCs 3
IrT 2
hMH 3
uXF 2
OOn 2
x4T 3
tvw 2
j5D 2
gur 2
t4P 3
jjr 3
KNp 2
f0P 3
M4s 3
I81 3
T43 4
J0n 2
ewi 2
Ixm 4
VvX 2
DnS 2
ehy 2
d4y 2
uvM 3
BiV 4
pml 2
mXu 2
FFo 3
aB4 2
xyw 2
WDj 2
wer 3
wza 3
S2V 3
F0E 2
BD8 2
uzn 2
S2V 4
low 2
gus 2
yew 2
vqq 2
ka5 3
drn 2
bIC 3
thf 2
lZy 2
nu6 2
UZP 2
BCC 3
C59 3
YZX 2
jsy 2
r2u 3
hcu 3
G7O 2
xQd 3
szz 2
A04 2
wza 4
k0S 2
jgU 3
PZl 2
I2X 2
OD9 2
BL3 2
E04 2
yOd 2
E91 2
ert 3
F41 2
BL3 3
szz 3
OEE 2
JX2 2
hsv 4
k80 3
EHh 2
A10 3
Y99 2
vwr 2
Up3 3
WLt 3
qWT 5
BCC 4
UI5 2
yyy 2
H38 3
on6 2
SU4 2
A24 2
G66 2
J46 2
yxu 2
It0 2
Dk3 3
u3C 3
LpY 2
gbt 3
XXd 2
zpt 2
lfm 3
C59 4
cIf 2
qWT 6
szu 3
hmo 3
WLt 4
EB1 3
yix 3
B47 4
twa 2
nGm 3
Z7G 3
G2M 2
gJd 2
gJd 3
A23 2
jut 2
YHO 3
yMx 3
zuw 2
tot 2
L8y 2
N01 2
uem 2
A03 2
Kw0 2
F0E 3
bbg 2
Zc6 2
xvy 2
zeu 2
j6D 2
MJ7 2
tRm 2
HH9 3
f3C 3
AD0 3
VNX 3
RFU 3
zzz 1
ygh 2
x4T 4
BJs 3
qxp 2
rQp 2
BJ6 3
zlx 2
enM 3
b62 2
kNG 2
UI5 3
BD8 3
Esy 3
jsy 3
Dnq 3
LpY 3
H2w 2
qzy 2
wyt 3
uJw 2
G7O 3
G30 3
U2n 2
QZP 2
A24 3
IfE 2
XVw 3
WOn 2
H72 2
UHJ 2
A65 2
X9s 3
Gq2 2
mgF 4
A23 3
ocy 2
U75 5
obg 2
tvw 3
fE3 3
txu 2
AM2 2
vEK 3
I2X 3
MNJ 4
G30 4
UYs 3
tot 3
vlf 2
vxn 4
TLA 2
U91 3
nsf 4
B01 2
xtQ 3
r2u 4
DuT 2
wer 4
qFy 2
vxn 5
G66 3
JX2 3
j6D 3
PE2 3
MM5 5
zzz 2
G75 2
nvt 3
H37 3
uzz 2
MIM 2
wza 5
zzy 1
wrk 2
im8 5
QZP 3
oD9 2
D01 2
SU4 3
war 3
G0L 3
I0O 3
NlW 3
qxp 3
bty 2
NLF 2
MSx 3
NlW 4
dqu 3
gN2 4
A01 3
d7l 3
XB3 2
Bd9 3
Gpk 2
Hd6 2
zzq 2
XXd 3
Yo0 2
enM 4
ryz 2
QF8 2
rMI 2
C00 3
uxv 2
xjz 3
ZCw 2
aUH 2
G14 2
e50 2
OoN 2
WOn 3
CV9 2
M4I 3
V05 5
xyw 3
uky 2
mKZ 2
A30 2
Cg1 2
Rfh 2
B73 2
B74 2
qyy 3
bsS 2
E5B 3
SU4 4
Ypz 2
egr 4
Adb 3
XB3 3
qG2 2
yxz 2
AkX 2
FQq 2
a68 4
T43 5
P6Y 4
mXu 3
Y99 3
NX3 3
vrZ 2
H71 2
uzy 2
HLY 3
H2w 3
Py6 4
qxp 4
WOQ 3
xQd 4
kXx 2
i53 3
KNp 3
GF9 2
GAv 2
L0H 2
ewi 3
YZX 3
vyz 3
N0A 2
on6 3
zzz 3
Q44 2
G30 5
Oc8 2
G1I 2
In2 2
oGO 3
udN 2
C01 4
txu 3
clO 3
f3C 4
swz 3
xQd 5
hlY 3
IrT 3
D1I 3
vqq 3
SpS 3
D3u 2
enM 5
Gr0 2
B13 2
d6q 3
snG 3
kGw 2
vhQ 2
d7l 4
NsC 2
DnS 3
CUE 2
n3P 2
Yga 3
MSx 4
twu 3
j5D 3
vhQ 3
sA2 4
UHJ 3
C00 4
DB0 2
tyz 2
E04 3
oGt 3
F57 2
eIF 2
Lxv 4
rri 2
Dnq 4
j5D 4
C51 2
wYq 3
zps 2
D20 2
cuH 3
wyz 2
VP7 3
D20 3
fE3 4
BJ6 4
qxq 2
lrp 2
g92 5
twa 3
C01 5
Y99 4
L8y 3
JI2 2
oGO 4
G14 3
xvy 3
oD9 3
RFU 4
Q44 3
gbt 4
V9A 3
zqn 2
AkX 3
TF4 2
t4P 4
l2q 2
C59 5
BCC 5
dp6 3
xHv 2
S43 3
nGm 4
uth 2
PZl 3
MZO 2
oGO 5
JI2 3
qzy 3
A65 3
HH9 4
uzy 3
URh 3
Ymu 2
X1S 3
xvy 4
wer 5
k72 2
H2w 4
I07 2
xjz 4
uhu 2
SpS 4
BCC 6
J0n 3
qzy 4
D1I 4
cFt 4
lfm 4
rgx 3
on6 4
F12 2
xvy 5
sR9 2
bZq 2
A65 4
zqn 3
v5Q 2
smv 2
qG2 3
x9t 2
uzp 3
XVw 4
txv 2
jmY 2
Bq6 3
D01 3
aFH 2
Y5z 2
cuG 4
G75 3
D06 3
dtf 3
XXd 4
nsf 5
yyz 3
mv8 2
n53 3
G7O 4
zuw 3
NeW 2
W7I 3
uth 3
W1R 2
Yo0 3
yyy 3
xtQ 4
X9s 4
VvX 3
twa 4
y10 3
hlY 4
hsv 5
yyy 4
ExZ 3
OA4 2
ipY 2
x9t 3
uZm 3
A01 4
ert 4
fE3 5
Ijw 2
WUE 2
Msf 2
D30 3
al3 2
D1B 3
bZq 3
yxw 3
A48 2
VP7 4
zvv 2
NeW 3
A7B 2
N2M 3
xvy 6
uzn 3
Yo0 4
i4e 3
oGt 4
Bq6 4
eIF 3
cIf 3
qXs 3
qzy 5
XrZ 3
xSX 2
M91 2
wYt 2
hcu 4
A07 3
UI5 4
G2M 3
MSx 5
A67 3
ocy 3
Gww 2
ynR 2
A00 1
Hst 2
NsC 3
jsy 4
Bd9 4
G77 3
C01 6
ryz 3
BJs 4
swz 4
xvy 7
RgZ 3
S2V 5
H38 4
rri 3
ygh 3
nvt 4
t4P 5
Mmr 3
J1t 2
G67 2
URh 4
tuy 3
E04 4
zlx 3
iEO 2
p53 4
VR5 2
VP7 5
zzz 4
enM 6
I81 4
A01 5
uvM 4
aB4 3
lvx 2
L73 2
RaH 2
da1 2
EB1 4
e50 3
yix 4
E81 2
Kw0 3
txu 4
ozK 2
xvy 8
Q50 2
TLA 3
e50 4
eIF 4
lYk 2
l2q 3
B1A 3
QF1 2
o2G 3
nsf 6
OD9 3
oqw 2
j5D 5
F32 2
rMI 3
xSX 3
wYt 3
zzq 3
JI2 4
BHF 2
T43 6
YLq 3
yzz 2
A30 3
E04 5
zzq 4
Xvi 5
J0n 4
A67 4
E5B 4
U91 4
G75 4
I3g 3
A24 4
vrZ 3
MZ7 2
MIM 3
byC 3
W7I 4
F65 2
S2V 6
DB0 3
Msf 3
G0L 4
KTE 2
xQd 6
lCH 2
vEK 4
KNp 4
TG6 2
oqw 3
E04 6
G30 6
W0Z 2
zzy 2
hyr 5
mKZ 3
EAt 2
i4e 4
JGh 2
tot 4
OoN 3
NkS 3
v5Q 3
qFy 3
BP1 2
WDj 3
E04 7
H24 3
ijL 2
nvo 2
Dnq 5
I34 2
Dnq 6
KNp 5
ykS 3
mJC 2
wjK 2
ify 2
gef 2
woe 3
k80 4
OD9 4
nsf 7
cvV 3
gJd 4
xjz 5
drn 3
wjK 3
UI5 5
NLF 3
TF4 3
V7I 3
uth 4
xzs 5
KNp 6
H24 4
M2A 2
bO7 2
O09 2
H24 5
uXF 3
QF8 3
jut 3
fnq 2
C01 7
E5T 2
uem 3
wwu 2
Q50 3
tyz 3
OAK 4
C01 8
BlB 2
Juz 2
xxp 2
yzw 2
D06 4
Ymu 3
H2w 5
uhu 3
MZ7 3
zzq 5
Py6 5
BBC 2
mzN 2
r51 4
mRl 2
uJw 3
i4e 5
kxm 3
xzn 2
RFU 5
H72 3
zyz 1
RUL 2
mgF 5
hyr 6
uxv 3
XtO 2
riB 3
yzy 3
wrk 3
PE2 4
xSX 4
GAX 3
uzp 4
hyr 7
bZq 4
k72 3
pnx 3
ka5 4
BL3 4
sYW 2
HH9 5
hcu 5
Kw0 4
Yo0 5
yOd 3
n3P 3
nu6 3
al3 3
YlM 2
Ypz 3
FHG 2
gef 3
xjz 6
DnS 4
uxq 3
RgZ 4
aB4 4
V05 6
eIF 5
Yga 4
nvt 5
T2E 2
f3C 5
B1A 4
yBn 2
H24 6
jsy 5
XB3 4
vpW 3
J1t 3
xyw 4
FQq 3
v5Q 4
MZ7 4
wyt 4
yyx 2
uth 5
MZO 3
VvX 4
C59 6
GG9 3
k80 5
nvo 3
Py6 6
WOQ 4
aB4 5
udN 3
Esy 4
ygh 4
zvv 3
xSX 5
MZ7 5
twa 5
yyz 4
f3C 6
vwr 3
ipY 3
RUL 3
HF7 3
uZm 4
KB2 2
LCV 3
ert 5
drn 4
OA4 3
yxz 3
A30 4
uvM 5
QpA 2
WLt 5
MNJ 5
VR5 3
BP1 3
U75 6
yxw 4
In2 3
Up3 4
G1I 3
yBn 3
hMH 4
A7B 3
ijL 3
Ijw 3
RgZ 5
H37 4
thf 3
HD9 2
VNX 4
MCs 2
MJ7 3
FN7 2
hsv 6
QF1 3
nzs 2
twu 4
uvM 6
Dk3 4
GP2 2
j5D 6
BP1 4
j5D 7
oGt 5
Ixm 5
B01 3
szz 4
C00 5
iJv 3
lrp 3
vcA 3
TLA 4
bIC 4
qxp 5
Woo 3
H38 5
B74 3
xzs 6
r2u 5
F2Q 4
LRF 2
xxy 2
mv8 3
AM2 3
im8 6
txu 5
vpW 4
F32 3
WOn 4
riB 4
qky 2
WUE 3
f3C 7
LCV 4
yzz 3
a1C 3
Mmr 4
gur 3
kxm 4
zzz 5
hyX 2
smv 3
dki 2
qky 3
zpt 3
Aj6 3
m1D 3
B47 5
fcw 3
yyy 5
TLA 5
JGh 3
zzy 3
jjr 4
V66 3
oqw 4
I0O 4
ert 6
n53 4
AM2 4
wrk 4
OD9 5
Gww 3
uxG 3
QF1 4
dki 3
yxu 3
zeu 3
im8 7
P57 2
eIF 6
Ixm 6
eIF 7
uXF 4
ZCw 3
H98 2
uP0 4
PEr 3
Y99 5
Q44 4
xxy 3
tRm 3
im8 8
BP1 5
zwz 2
bsS 3
xzn 3
aFH 3
L8y 4
oD9 4
i4e 6
MSx 6
clO 4
gF1 4
H38 6
yyy 6
F3M 3
Hd6 3
g92 6
WUa 2
vEK 5
qXh 5
B76 2
N2M 4
LYv 2
hsv 7
NeW 4
PEr 4
I81 5
LYv 3
G14 4
zzq 6
FQq 4
vrZ 4
gjS 2
W1R 3
zvv 4
X9s 5
BBC 3
oLw 3
nu6 4
woe 4
ruc 2
ZCw 4
I3g 4
hmo 4
Mmr 5
t9O 2
D01 4
f3C 8
B1A 5
Msf 4
vwr 4
nvt 6
tyz 4
Gww 4
BlB 3
E12 2
xjz 7
uxG 4
oGt 6
y10 4
khs 2
VvX 5
veu 2
yJY 3
pxt 3
TG6 3
uZm 5
C59 7
T2E 3
B00 1
uxv 4
hcu 6
nzs 3
N78 6
xvy 9
xQd 7
k72 4
LRF 3
RaH 3
v5Q 5
A23 4
g9K 2
kXK 2
vEK 6
VNX 5
ynR 3
C01 9
mwB 3
uem 4
NLF 4
x9t 4
low 3
E91 3
G30 7
LRF 4
M2A 3
vLe 2
Tpw 3
WOn 5
EHh 3
EB1 5
WOQ 5
F41 3
k80 6
f0P 4
gF1 5
BCC 7
G0L 5
Rfh 3
qWT 7
C40 2
FQq 5
Y5z 3
cuH 4
B47 6
veu 3
hlY 5
mKZ 4
Wyg 2
F65 3
xxy 4
mfN 2
ynR 4
J1t 4
Q50 4
ZCw 5
im8 9
G30 8
gF1 6
Yo0 6
JX2 4
BM3 2
sR9 3
vhQ 4
p70 2
oGt 7
eIF 8
Yga 5
i4e 7
yY1 2
low 4
F57 3
da1 3
y10 5
rri 4
gF1 7
ZCw 6
Q44 5
W7I 5
H38 7
usK 2
A23 5
JI2 5
EHh 4
mRl 3
twa 6
gN2 5
udN 4
gF1 8
jut 4
uzy 4
UZP 3
oGO 6
kW1 2
LCV 5
NX3 4
ehy 3
G2M 4
HH9 6
o2G 4
d7l 5
V7I 4
C00 6
tRm 4
A01 6
G1I 4
FHG 3
zlx 4
Gww 5
wYq 4
kXK 3
zqn 4
Gr0 3
qxp 6
tuy 4
kxm 5
Tpw 4
dWs 2
jQ5 3
A67 5
Bwf 3
C40 3
Rfh 4
uxq 4
ert 7
cIf 4
BlB 4
I07 3
f4U 2
GF9 3
QpA 3
mfN 3
VP7 6
x4T 5
Kw0 5
vhQ 5
VP7 7
ruc 3
nEb 2
jQ5 4
j5D 8
qxq 3
NeW 5
IrT 4
G2M 5
BiV 5
wyt 5
IvY 2
f0P 5
V66 4
GP2 3
yzy 4
T2E 4
H8r 4
WUa 3
UHJ 4
zpt 4
H37 5
j38 2
QsI 2
CUE 3
SB7 4
B01 4
TF4 4
yJY 4
BCC 8
UI5 6
L8y 5
yxu 4
MQM 2
tqr 3
ynR 5
zpt 5
yY1 3
AkX 4
qef 2
PE2 5
vlf 3
txu 6
Hst 3
RJ8 3
Msf 5
Bwf 4
BiV 6
uem 5
E81 3
d4y 3
FHG 4
k0S 3
WDj 4
v5Q 6
BWx 4
PE2 6
iue 4
AkX 5
sYW 3
jut 5
JI2 6
B13 3
UYs 4
uem 6
Cg1 3
uxv 5
d4y 4
QF8 4
kGw 3
ynR 6
bbg 3
on6 5
yyx 3
B74 4
hsv 8
C51 3
N0A 3
EAt 3
iue 5
rQp 3
lrp 4
mJC 3
qef 3
LCV 6
kW1 3
DuT 3
B00 2
enM 7
XXd 5
yix 5
HF7 4
LCV 7
V05 7
vpW 5
ExZ 4
NsC 4
egr 5
usK 3
EB1 6
zyz 2
mb7 2
k72 5
b62 3
jut 6
j6D 4
uzy 5
hlY 6
Dsq 4
ygh 5
yBn 4
kXK 4
BiV 7
jmY 3
uP0 5
fcw 4
cIf 5
BJs 5
V66 5
szt 2
N2M 5
uZm 6
W0Z 3
h8R 6
B00 3
FFo 4
UZP 4
enM 8
Yga 6
BP1 6
qFy 4
kXK 5
KA1 3
zyy 2
M4I 4
jsy 6
OAK 5
VR5 4
m1D 4
vcA 4
Ypz 4
K0A 2
yol 3
G1I 5
mzN 3
OAK 6
da1 4
P57 3
M4I 5
H72 4
DB4 2
Kw0 6
KA1 4
aUH 3
UYs 5
WDj 5
ynR 7
Ux5 2
ZCw 7
fTz 3
M91 3
IfE 3
ijL 4
zvv 5
A00 2
HH9 7
OAK 7
U75 7
XB3 5
qzy 6
Lxv 5
BD8 4
zuw 4
FN7 3
kNG 3
G14 5
RaH 4
yzw 3
Oc8 3
dp6 4
jjr 5
A10 4
K0e 2
mRl 4
G4s 2
DmF 2
A03 3
C51 4
wwu 3
Yo0 7
O89 2
p53 5
Y5z 4
k0S 4
wyz 3
P6Y 5
NsC 5
YZX 4
U2E 3
A48 3
I3g 5
y10 6
D1B 4
KTE 3
QF8 5
fTz 4
WOn 6
W7I 6
BJs 6
zeu 4
EHh 5
A01 7
gN2 6
b62 4
udN 5
R12 2
NkS 4
dqu 4
ZWz 3
bZq 5
mfN 4
yix 6
ZCw 8
twu 5
A24 5
dtf 4
O09 3
gbt 5
WDj 6
k80 7
Woo 4
zeu 5
ewi 4
vqq 4
DuT 4
on6 6
wYt 4
N0A 4
yyy 7
RbO 3
A13 2
tuy 5
MM5 6
X1S 4
oLw 4
A30 5
ryz 4
wyt 6
tqr 4
qyy 4
rtr 2
Q50 5
B73 3
ryz 5
RbO 4
Y5z 5
oLw 5
kNG 4
NsC 6
KB2 3
rMI 4
BJ6 5
J1t 5
A13 3
qXs 4
EHh 6
DB0 4
lCH 3
F0E 4
MZ7 6
W0Z 4
SpS 5
kNG 5
EAt 4
Y99 6
XrZ 4
GG9 4
yxw 5
S43 4
on6 7
cyq 2
clO 5
mwB 4
CUE 4
zvv 6
EG2 3
P9c 2
szz 5
tqE 2
B74 5
t9O 3
gN2 7
yJY 5
NsC 7
im8 10
B74 6
tuy 6
yyz 5
tot 5
yew 3
vcA 5
Dnq 7
QpA 4
ehy 4
hyX 3
obg 3
vrZ 5
Y5z 6
X1S 5
hyr 8
N78 7
Bwf 5
gbt 6
pnx 4
m1D 5
eIF 9
jJR 4
GAv 3
rri 5
I2X 4
szt 3
URh 5
sYW 4
rgx 4
im8 11
yMx 4
MIM 4
pxt 4
wnd 4
ynR 8
MZ7 7
tqr 5
H8r 5
O09 4
D06 5
WUE 4
uzp 5
B00 4
bbg 4
pB4 2
W7I 7
lfm 5
egr 6
LCV 8
lCH 4
DB4 3
K3a 2
WX8 2
clO 6
F41 4
aUH 4
DB0 5
bbg 5
XB3 6
fnq 3
rgx 5
fnq 4
D01 5
YHO 4
JI2 7
S2V 7
sYW 5
j38 3
Z7G 4
uXF 5
cyq 3
Oc8 4
yJY 6
Q44 6
yxw 6
Bd9 5
Wyg 3
yxz 4
yJY 7
F12 3
SB7 5
QpA 5
a1C 4
gF1 9
H72 5
qtb 2
zzy 4
G14 6
dWs 3
vqq 5
L0H 3
WUa 4
fTz 5
OD9 6
HD9 3
SRw 2
BBC 4
zzz 6
uxv 6
mfp 3
QZP 4
yxz 5
cyq 4
H98 3
C59 8
H2w 6
n53 5
bZq 6
FHG 5
A00 3
A13 4
TF4 5
on6 8
f73 3
wnd 5
oGt 8
yBn 5
xSX 6
P57 4
yol 4
drn 5
bsw 2
H2w 7
DnS 5
Ypz 5
eIF 10
A65 5
zuw 5
O89 3
O09 5
kNG 6
zpq 3
N0A 5
vrZ 6
U2n 3
rMI 5
yBn 6
Zc6 3
xxp 3
M91 4
xzs 7
Py6 7
zpt 6
OOn 3
Q44 7
bO7 3
WUa 5
V7I 5
HLY 4
d6q 4
khs 3
vhQ 6
vLe 3
F41 5
MJ7 4
XtO 3
G77 4
GF9 4
J3Y 3
wrk 5
yxz 6
A7B 4
B74 7
Lxv 6
C51 5
Woo 5
dtf 5
pIQ 3
A10 5
zpt 7
yxz 7
xzn 4
zzq 7
lrp 5
i4e 8
afS 2
GF9 5
byC 4
Mmr 6
Dk3 5
G2M 6
PEr 5
BCT 3
dp6 5
WDj 7
Lxv 7
Bcs 4
fTz 6
JI2 8
F57 4
Z7G 5
XB3 7
Y5z 7
uJw 4
afS 3
lYk 3
SB7 6
H8r 6
HLY 5
LpY 4
zps 3
k80 8
L73 3
Xvi 6
BJ6 6
i53 4
BCC 9
j38 4
nzs 4
zvv 7
tyz 5
A00 4
K0A 3
kXx 3
mgF 6
xjz 8
wYq 5
DuT 5
D1I 5
NeW 6
gJd 5
EHh 7
szt 4
B01 5
G30 9
t9O 4
GG9 5
y10 7
t9O 5
BL3 5
f73 4
uzy 6
smv 4
B01 6
G0L 6
Adb 4
WOQ 6
p53 6
TBD 2
rri 6
W1R 4
SB7 7
jQ5 5
LRF 5
rgx 6
DmF 3
bO7 4
H24 7
QJn 2
DB4 4
bZq 7
iEO 3
U91 5
nu6 5
B01 7
V7I 6
XtO 4
Aj6 4
Cg1 4
yyz 6
u3C 4
RUL 4
pIQ 4
yBn 7
NlW 5
HLY 6
G14 7
kGw 4
tqr 6
G7O 5
qxq 4
B1A 6
jJR 5
qFy 5
OD9 7
i53 5
Msf 6
pxt 5
sYW 6
rMI 6
qzy 7
uxv 7
I2X 5
oLw 6
nvo 4
N0A 6
xtQ 5
uxG 5
cFt 5
tqE 3
A23 6
V05 8
NeW 7
UI5 7
yew 4
zps 4
v5Q 7
LCV 9
B17 2
cuG 5
YLq 4
A24 6
VNX 6
xvy 10
ify 3
OA4 4
Ypz 6
H37 6
XXd 6
rgx 7
yzw 4
LCV 10
WUa 6
jJR 6
uP0 6
wyt 7
qes 2
C00 7
Bwf 6
D1I 6
B13 4
A01 8
Xr7 2
CUx 2
O09 6
xxp 4
zyy 3
GAv 4
lYk 4
C59 9
S2V 8
F3M 4
zzq 8
sYW 7
G4s 3
G7O 6
snG 4
jmY 4
A30 6
Hd6 4
A10 6
fTz 7
Yga 7
HD9 4
E5W 2
In2 4
gJd 6
UYs 6
RbO 5
L8y 6
P57 5
k72 6
QsI 3
obg 4
PZl 4
F0E 5
uem 7
vyz 4
NLF 5
mKZ 5
vlf 4
PE2 7
zwz 3
qyy 5
FQq 6
MIM 5
xQd 8
A8D 2
r2u 6
szz 6
ykS 4
oqw 5
A03 4
Bq6 5
t4P 6
Y5z 8
LpY 5
qxp 7
ocy 4
uzp 6
gN2 8
qes 3
A67 6
oD9 5
It0 3
i4e 9
RUL 5
g9K 3
zuw 6
B76 3
yyz 7
UZP 5
xxp 5
hcu 7
i53 6
FQq 7
E81 4
wza 6
uxq 5
E04 8
LRF 6
OD9 8
I81 6
Xvi 7
ozK 3
Kw0 7
O2d 2
wyz 4
n3P 4
JcL 2
da1 5
uZm 7
EAt 5
aFH 4
BJs 7
rMI 7
enM 9
yol 5
Bcs 5
ipY 4
uvM 7
kXK 6
WOn 7
CUE 5
a68 5
LYv 4
OEE 3
EB1 7
B17 3
qky 4
aB4 6
nzs 5
zwz 4
qXs 5
FQq 8
A30 7
DmF 4
PE2 8
rwX 4
K0A 4
QJn 3
NlW 6
qG2 4
NkS 5
MJ7 5
V7I 7
UHJ 5
A23 7
B01 8
JGh 4
nvt 7
Aj6 5
AD0 4
S43 5
obg 5
k0S 5
A24 7
NlW 7
oqw 6
war 4
wyt 8
D3u 3
dtf 6
BCT 4
HF7 5
nEb 3
H38 8
enM 10
drn 6
uvM 8
xyw 5
MM5 7
zuw 7
WLt 6
pml 3
Bwf 7
IvY 3
xzn 5
C00 8
qWT 8
BL3 6
DmF 5
V9A 4
uP0 7
vxm 2
mfp 4
H2w 8
DB0 6
KA1 5
wwu 4
CUE 6
A11 2
Xr7 3
yOd 4
ynR 9
zps 5
bsS 4
F3M 5
klv 3
zeu 6
ZWz 4
pB4 3
sA2 5
xvy 11
gus 3
xvy 12
d6q 5
uoV 3
tvw 4
I2X 6
wer 6
H37 7
UCs 4
mgF 7
mfN 5
BP1 7
Yo0 8
MJ7 6
B13 5
afS 4
TF4 6
tuy 7
J46 3
HH9 8
yMx 5
Z28 2
da1 6
zwz 5
pDB 2
uJw 5
xSX 7
zkx 4
a1C 5
da1 7
MM5 8
Dnq 8
T30 4
FHG 6
C00 9
V05 9
EAt 6
Z28 3
BL3 7
mzN 4
FQq 9
uoV 4
sA2 6
hcu 8
xxy 5
x4T 6
A67 7
PZl 5
vrZ 7
ykS 5
ohu 3
lCH 5
SRw 3
kW1 4
J0n 5
zzz 7
G66 4
on6 9
Ux5 3
kxm 6
f3C 9
RJ8 4
ocy 5
P57 6
W7I 8
pxt 6
nEb 4
A30 8
A24 8
xzn 6
G0L 7
pml 4
D30 4
Y99 7
Iwq 2
F2Q 5
xxy 6
p53 7
tRm 5
LCV 11
zuw 8
Bcs 6
P9c 3
yol 6
qxq 5
ert 8
t9O 6
kW1 5
LpY 6
uJw 6
rQp 4
yix 7
uky 3
C01 10
TF4 7
ipY 5
BP1 8
PEr 6
aB4 7
TF4 8
uem 8
M4s 4
xHv 3
zlx 5
J1t 6
lUH 3
xzn 7
g9K 4
l2q 4
RgZ 6
LCV 12
nEb 5
bsw 3
tyz 6
ert 9
VvX 6
iJv 4
ZWz 5
wyz 5
yBn 8
lfm 6
ygh 6
ynR 10
M91 5
D3u 4
n3P 5
BD8 5
E91 4
d6q 6
GA0 3
V66 6
H8r 7
TG6 4
GG9 6
szt 5
UHJ 6
UZP 6
szz 7
vjE 3
TF4 9
JI2 9
RgZ 7
wyt 9
NLF 6
zqn 5
I0O 5
gJd 7
o2G 5
BiV 8
oGO 7
mJC 4
L8y 7
G77 5
zkx 5
lUH 4
szu 4
V66 7
D1I 7
N2M 6
lCH 6
zyz 3
UZP 7
S43 6
bbg 6
xtQ 6
U2E 4
lvx 3
nsf 8
E5W 3
pml 5
o2G 6
Gww 6
L73 4
Esy 5
uzz 3
Q44 8
A07 4
usK 4
zpt 8
oD9 6
GAv 5
cuH 5
sR9 4
uzp 7
R12 3
vjE 4
klv 4
hlY 7
D1B 5
O2d 3
cyq 5
jut 7
VR5 5
txu 7
xxp 6
qXh 6
Hst 4
G75 5
N78 8
mb7 3
bO7 5
PEr 7
BHF 3
low 5
C59 10
nEb 6
u3C 5
T2E 5
pDB 3
yxz 8
fE3 6
Oc8 5
ZWz 6
Bwf 8
BHF 4
tuy 8
tyz 7
MM5 9
usK 5
E06 2
i53 7
TF4 10
SU4 5
W0Z 5
B1A 7
WX8 3
zeu 7
snG 5
uZm 8
JI2 10
XB3 8
H98 4
qky 5
CUE 7
XtO 5
Lxv 8
B76 4
oLw 7
Woo 6
vxn 6
ryz 6
Esy 6
mJC 5
PEr 8
F65 4
k80 9
KNp 7
QsI 4
yyz 8
khs 4
OD9 9
B01 9
U91 6
gus 4
QF8 6
olz 2
P9c 4
QpA 6
sA2 7
OEE 4
uJw 7
aUH 5
W7I 9
VP7 8
T2E 6
WOn 8
rri 7
A67 8
a68 6
zkx 6
C40 4
Up3 5
MC3 2
B1A 8
jgU 4
C01 11
low 6
wYq 6
OA4 5
MM5 10
A00 5
t4P 7
n53 6
pnx 5
f0P 6
E91 5
L8y 8
wza 7
IfE 4
XrZ 5
uXF 6
C00 10
FHG 7
ynR 11
B00 5
A03 5
pnx 6
U2n 4
MZ7 8
KNp 8
E5B 5
gus 5
WPp 2
FN7 4
Yo0 9
E5B 6
G0L 8
H71 3
zpt 9
v5Q 8
ehy 5
gus 6
It0 4
vrZ 8
OAK 8
ryz 7
A30 9
lCH 7
SB7 8
U2n 5
OA4 6
lYk 5
veu 4
k72 7
RaH 5
b62 5
MM5 11
ipY 6
uXF 7
j6D 5
WPp 3
QF8 7
F12 4
uhu 4
D01 6
ka5 5
ozK 4
EHh 8
A10 7
GA0 4
A8D 3
vjE 5
A30 10
RJ8 5
p53 8
wyz 6
vlf 5
BCC 10
Gpk 3
a1C 6
zeu 8
H8r 8
hMH 5
l2q 5
yMx 6
Py6 8
DmF 6
MZ7 9
Y99 8
o2G 7
O2d 4
pIQ 5
EB1 8
H24 8
Bcs 7
IrT 5
X9s 6
jQ5 6
WUa 7
O89 4
nsf 9
CUx 3
TBD 3
uem 9
EG2 4
fdT 2
wjK 4
A04 3
KNp 9
WUE 5
CUE 8
DuT 6
qef 4
BL3 8
MJ7 7
Ijw 4
hcu 9
Z7G 6
OoN 4
Y5z 9
G77 6
It0 5
