ZJWb3hBI25 1
h6D6 1
xqJ 1
IePzfWD3Fh 1
xsZiB 1
PdhV 1
nf0gpz 1
MRPvfUWScd 1
oQ9e 1
N 1
o0y9sEEDm1 1
pk 1
JqCm 1
fqQDXZ3 1
ntxN2rm7 1
m9yappLvhg 1
fSdYy 1
IoNwYFIwAW 1
f 1
dN 1
Kw88w 1
u7x 1
M2 1
ezSnP2 1
mXRxr8AfK 1
FrP09O3l 1
dnrvq5a5rB 1
RgtFL1u 1
y 1
VsgWs 1
S33 1
eDkQ2g4 1
bDLqtYa 1
QgCbIY 1
oklAdd3QtC 1
o1lkzVr 1
HoU 1
rk5IkqZAuo 1
W 1
da 1
JnobqYRGz 1
gk55zN 1
H 1
o 1
F 1
cwZBLj 1
vQ5mi5h 1
RbIkv0Zk 1
micK 1
PwvfD 1
VoebnqTZ 1
gwochYI 1
SSarfGa75 1
Fqn 1
q 1
hGvl 1
d 1
z 1
AN 1
aCqs3rUzT 1
I1M 1
mRQ1IKrS 1
y8mDeXXc2 1
S 1
BiTY 1
FAsMccU 1
h 1
d 2
h7 1
HYeT1cuq 1
FZZiX 1
HQRyIx 1
Ng7ZlqjBIK 1
iw9Avjy 1
MAPt 1
Nl 1
HfP 1
vDuAXn 1
w8Ymp6H 1
S 2
S 3
x7 1
Nzr6 1
UC6O68irJ 1
u 1
pFNB0VZa 1
hN 1
pwLgP 1
NGrKoPPw 1
Smxb8U6G 1
oz4 1
jOcTgLaG 1
ow 1
glQAQ 1
cBa9 1
oeMEnu 1
H7AthBO 1
xAR 1
y 2
KW 1
tv 1
IpqdkG840 1
Z 1
yFBOQk5pP 1
bWPiFQ 1
yIy45lmz 1
WB 1
eDkeg 1
kuIBNz 1
Gq 1
SB5wsG 1
ZF8m0 1
CkU8x 1
QGL 1
gY3ae 1
HwnQd 1
uKxFjMMqu 1
o1zYyylU9h 1
P 1
BBFJ 1
g 1
rAnOM 1
QrML87 1
gTfwVZa 1
yooePnsN 1
q9R4Oes3Y 1
hwLwjEVE 1
aVB 1
pK 1
T5ZZw2 1
m9W0pw4H 1
Lh4C0 1
GJH 1
aXOK9N94 1
Z 2
R 1
lgaJo 1
r87VKUUFyG 1
kfO 1
ov8WnQY 1
CSrnXiy4F 1
hjw 1
Dtah 1
JiizPojdxY 1
j4FE1JPKN 1
t 1
pIcYQMVqb 1
kQwls 1
ABMk 1
yxI0 1
wZmyW 1
Ry 1
b2MgWBj 1
G 1
IytPx 1
McoJTl 1
HvckB 1
juefLELx 1
ayKvUqml 1
YHH4C5 1
TZhRpjAW 1
t0zXRPTmH7 1
JpmZKa72 1
mR9w 1
BhXE 1
rhLw6Ku2t 1
EBGoNp0F 1
x 1
MGi 1
G1qg6oJ3p 1
A 1
UJPa3nqY6 1
xhXXY0RZI 1
w9sgSOvW 1
UzzjN 1
VSlgyJ3a6 1
q 2
waFbtagI 1
oB 1
q 3
RmtdG0aY 1
o 2
cAcFp2wH 1
Epk1B 1
v8MiHG 1
FEhkykr 1
a6y 1
LB 1
D0Dxon33 1
X8P321k3 1
zkbJB20mv 1
ZBq 1
zLpe7 1
Ora 1
kr 1
LrmZ 1
GF 1
td8Ws 1
xtz7Hp6Ge 1
HapuDAm 1
m 1
yfcWp1 1
hLOxTMGG 1
ZQJVu 1
JwufIm 1
piK3 1
ZOpi5ccu 1
x 2
A 2
f 2
Ge 1
s2nmshLW 1
fxLROwI 1
L3m 1
hZ6pzIpB 1
p 1
PE3MfR7RF 1
xjSdrfzJpK 1
XEmi 1
sW13XPPKF 1
Yu5I0tNC 1
aCKG 1
Mc3 1
RlyB 1
ynw7PpS9zt 1
YsPHURO 1
U6lLhvSV 1
bN 1
i1CHwdL37J 1
p8dxh 1
HR82 1
o 3
ceKd7UV 1
Zng 1
h2s6 1
M 1
E8TaczA 1
MuiM9 1
C2x 1
BHjp 1
FsJVw8ECr 1
A1Z 1
H 2
zZ 1
Z 3
INNE 1
gW 1
DRwFB96IX 1
J 1
yVPq 1
rN8TE2n3ny 1
L 1
bxiiAU4 1
zJ 1
VlOqt 1
WEvBr 1
Q7XM 1
V 1
v 1
RESTD 1
bzit75Di 1
HmdxN3W 1
Iw58rO 1
G 2
K9JarqhL 1
A30brePV 1
B9m3QRL 1
fx7zDtuY 1
KdAynI 1
I 1
oqzwnSM 1
egxmAMg23 1
K 1
iFT 1
eb5aLgnsOs 1
dm05Phn 1
fYLoe0h 1
Hw6KOJDW 1
dgTJjkW 1
JJ3J68 1
LtUPq 1
k 1
S0eedZ 1
BxzL5s44N 1
L 2
bKWucWoCG 1
ZQZgm6Oo 1
X 1
rcOTQQrUpF 1
Q 1
gUwS97tip8 1
rPXM4RY 1
At9GT8 1
qI9 1
CLK 1
o4sa8J 1
g 2
itnyPiJ 1
dTg5 1
Mv3O 1
QT 1
c 1
T3 1
jv 1
nMfkS7xS 1
yhx6 1
YYyW6Y21A 1
KWdY 1
n6 1
ApwRqnxX0K 1
a 1
N4IbM9nYk 1
F7Cq9R 1
r 1
JQ 1
D 1
q20yls 1
cair 1
Ht 1
z3 1
GwlOsG9nbo 1
PGG9qs3W 1
UTLjj 1
nxwZ59JRXB 1
F 2
NcJ 1
A 3
YlXa 1
izW1q 1
D 2
uwQ 1
xR 1
fZ 1
g 3
CK1 1
fB 1
ExpPEMX 1
BhW 1
R9D652ToA3 1
dVB 1
lbvijm 1
OBXrU4X 1
N 2
BUqp 1
j8lN 1
P 2
rtH4tIA42h 1
NboJDl1n 1
CY 1
Znt 1
nn1PoBfyro 1
b6 1
j8tzA 1
qjJz5h09D 1
lkR 1
wp 1
OtIC2lm5 1
Kc 1
lymsg7I 1
U 1
YYk1c0rh8b 1
zCv6cuuBH 1
hRq8ZDi 1
n6 2
oB 2
q2WaWP63rq 1
UmbS 1
qrIGj51 1
oLos8UB 1
wtQs 1
D24 1
KVz5 1
csCeeM 1
mKN 1
KL 1
y 3
RlPiZLPauO 1
Bd 1
Go8XI3 1
j7 1
ldX5dkWdx 1
VaEle 1
d5ypiu 1
q 4
L6a45Kr5wo 1
a 2
c 2
vGJ 1
dorf8HQUja 1
PGea 1
JuL0w 1
J 2
wfh6 1
O 1
K 2
pOy 1
z 2
r 2
iwVREUY 1
H 3
v 2
UyvEzkaw 1
zIKz 1
PJv0JByW5v 1
V0 1
nEyfNwe 1
XUK 1
DI1PSd 1
uZ9 1
n0QU23j 1
KxFhR9Uxzj 1
Ppt 1
T0q 1
e 1
waboCO 1
prU 1
d52N0oYM 1
Hpjh9 1
i 1
g 4
apV184bjE 1
zT4AG99nzD 1
NAZDm6PKW 1
dIRduOZp5 1
tgXn 1
JSCH 1
I4IW1 1
QUx7lW 1
wH9iII4ozp 1
h 2
Ty 1
txcbQNXx 1
s 1
Vx 1
c 3
n 1
g 5
ek 1
wg 1
k 2
CJSQBHQ 1
nDy9H 1
rjhIh 1
Dno8FUeC0 1
g 6
phb 1
VmMGcYFw 1
URo 1
RqPOAoD4Xo 1
xRi8rxsNz 1
vk 1
rOoVgk2pr 1
k681LAZdS 1
er8 1
J 3
v0TQXDRr 1
rMvg 1
bm 1
mPgt 1
MHUECrrI 1
a9x 1
F 3
SQK 1
QR3XO5h 1
q9HNutLvi 1
yqc 1
V 2
Y59pq 1
Mg 1
m 2
FRNAo 1
VcwgsxeZJ 1
dzEfBDdEB 1
wydDm 1
I 2
DR 1
Qewku 1
wTKCWj2J4z 1
zy4g 1
enksyA 1
HaSF3ERO 1
q 5
WI0V 1
OrH4HDhg 1
j5BT 1
je5vs1 1
P 3
UR9xR7 1
blpB 1
AXkzRNP 1
yOeIP3F 1
MBlEfH3 1
SxJY7auYB 1
M6XwZpspf 1
Hu 1
F 4
K 3
qkWVhOqt 1
W 2
PZQBdFC 1
rWTu 1
Q 2
MMy 1
S4JfZZFLzR 1
MeGwMjSRav 1
jhmnlu 1
W 3
P 4
uMmEF9q6XK 1
thfRYnR9 1
tDAuf 1
HckPMwu9Wl 1
G 3
IlBQLlklrE 1
xZlsqt4yTg 1
XswE 1
TpaW9S 1
v 3
NO 1
tYqkz 1
nizZl 1
aBJd 1
UE 1
IHUMlg 1
yQDAgASw 1
Q 3
yc 1
u 2
DTRPzXsAVs 1
wNf 1
xsS 1
C 1
oEFeXnBAm0 1
Mlvrp 1
klka 1
dAUXqKIgu 1
zmlhYoHomo 1
Stku6 1
C 2
KHE 1
O 2
N 3
X 2
BB 1
TwtANfE7j 1
H 4
bM7p7 1
amBXO 1
RyhS1eio 1
Fhl4sUYCJ 1
kTbAiLlxJm 1
iGWqJSjwcj 1
YOeCbzR 1
l 1
oyDk 1
JWpojm0DI 1
L 3
E1BfRtCN 1
QfVqh1CQNv 1
aSCeb 1
cF 1
xTb 1
kjVYnG 1
e6shhhO4Z 1
rG8 1
kfKX 1
tN 1
xI5 1
S 4
KqnBNuMa4 1
y 4
paLzMY 1
kg 1
YDuBWr 1
G9lzMq1ww 1
nZjJmU 1
g 7
cR 1
C 3
uGSY79 1
pgMwIo 1
Z 4
BJUfc 1
WgJ8rrp 1
f 3
ZDtum 1
UJ7pF 1
IZKWmw5B 1
e 2
ydnblAav 1
TtPXQ9F 1
niusQi4 1
q 6
lVio 1
n8gnIs 1
daerL 1
y 5
Mzody3mOu 1
qrTRZ 1
YwhFA 1
ap 1
SEPDz 1
Z6cO 1
wZQ0RT 1
VFfz 1
tWF 1
a 3
E 1
DZqWxq 1
g9z 1
y 6
Oc7b 1
Mzh6 1
GhavxSuPG 1
tLnc67FvOt 1
Smbx9Uza 1
P 5
y 7
kdrc 1
sHhKHyoZ 1
hbeR8cVg 1
N 4
hw 1
uuD6shFBU 1
dm34a 1
xwx 1
W3M3O 1
ct 1
GblibtI0yb 1
b 1
d 3
sx 1
n0822MqI 1
chIBrl21ir 1
kV 1
H 5
MgOSOAH 1
u 3
OvbqE8EJSb 1
c 4
ZrefsjI 1
n 2
F1Zr5Vxgu 1
uYSHm4r 1
vNSI4x7nSN 1
m 3
oSCuU 1
p 2
VfUSD2Z 1
g 8
z 3
UrHArZ8 1
s 2
A 4
i 2
zz 1
M2GH 1
ckVcHcW 1
j 1
dsOu 1
Ltk5 1
s79XT2B96 1
b 2
u34y 1
auZJ 1
GUvKr7V6 1
DIXDc5w 1
U 2
DSVW2 1
JNVGtH 1
s 3
k9J9 1
OB7 1
bCJR 1
dUI 1
i 3
r07HgWP 1
Hk 1
v 4
iy 1
Njj8 1
q 7
qMXOS 1
voUlVZ3wHE 1
V2gzTRgFpz 1
xo1n 1
rs 1
KAX1wSrn 1
AQBhG8ph0f 1
ioSlDWKG 1
L 4
fCbidoLT 1
U 3
u 4
NwVL5WyJ 1
SWu 1
DZ8bzdR 1
c8eD 1
yP 1
jJfKF 1
h 3
m 4
B 1
T 1
VEc3 1
i 4
I9iU 1
K 4
w 1
e10yqmS 1
u 5
rOphqLNaeO 1
jEr 1
hmTa 1
x 3
f 4
u 6
Q 4
hssWBrXog1 1
jxvjMlC 1
W3aTzMBi 1
Hvni98ytDg 1
UE 2
Mlb 1
GPqZr5O 1
t7hBhcZcD 1
mTEWgC1LS 1
e7IL5 1
u 7
RSjOR 1
hPda 1
H 6
z 4
xtVbRspbk0 1
ImQub 1
F 5
Nu 1
pBl 1
GLGu4 1
M4L7d 1
Y 1
nFBiN 1
v7C8EbopZy 1
LOJPp 1
Y 2
wwbx 1
T4hbapTZVI 1
t 2
VogTDsQSmw 1
GYA0VFL5ua 1
n 3
ETLjQ 1
H 7
A 5
WI 1
I 3
IrTTPq 1
PhtbHUySHP 1
cFXlbICBA1 1
C 4
ntwxIc 1
JMLCd8JX 1
z 5
BXG9IBTwM1 1
xneZbWNyKJ 1
K 5
k 3
e 3
e 4
A5ksHKdVCf 1
kkafustF 1
haEWP6wzbg 1
LW 1
a5JfnO 1
K7Yslrgt 1
C2XfKrNDb 1
Zg8oVfkG 1
nHzAJImAQS 1
XY7JY 1
E 2
uB 1
o 4
SEjq3byrlq 1
L 5
p 3
d 4
B 2
c 5
p 4
h 4
R6 1
p 5
q 8
geipwJzN2 1
bs 1
O 3
gWJDS8Zl 1
tja2 1
IbnU 1
ETb7 1
xdXNjq63hK 1
bPMjay3aH 1
h 5
A22nZ 1
ojQ7 1
nNmXTz5FQ 1
SRe9TIxqO5 1
Af 1
QiRMNh 1
IV2HSKJM 1
wyJN6gtEih 1
R5btm 1
u6ob2EW8 1
NnI 1
m 5
j6xLP 1
X 3
R 2
ivPxkS2q3y 1
Fy9v5Xy98g 1
qfQ6HK7 1
m 6
vs0 1
YhaR8g1 1
gPpea8TXjX 1
nRDtQy 1
I1uK9jicOI 1
uhHJNids 1
Cv9kmap2Ni 1
K1wT2AxOz2 1
scPoHB 1
l 2
Y 3
X0B4n 1
VFi4 1
PAinztWe 1
E 3
A 6
mVZDVKOdr 1
wu9lo 1
z 6
IK 1
d4H0nKM 1
s 4
vktEwM78a9 1
BvIMVRrzNS 1
AO 1
h 6
qqIgWB82Z 1
l 3
g 9
ZA9Bzg 1
j 2
SSq 1
c3iPbMX 1
H 8
Eju3Ek8MxK 1
HuM0Fe 1
YfbnEz0KdY 1
eQgep 1
f 5
x 4
W 4
baqXp1ZVR 1
W 5
Qx5See 1
X2epd2CgxG 1
t9v 1
u 8
nvLsDWJBj 1
X 4
dAMZ 1
N 5
nb289qBk6P 1
ncQHbukUSy 1
H 9
t 3
v 5
jgzlLbygk5 1
fE 1
S 5
m 7
CaE 1
t 4
E86W 1
KyBxPfR 1
V 3
qDtNFbc0 1
i 5
WHba 1
rAwbjB34fd 1
NKfI 1
fRnWS3OmN 1
W 6
InGNXrbiT 1
SMxYHRdwfi 1
RZ4s4pS 1
FsBsvsiBDa 1
sTUZtpEUkb 1
v 6
h 7
T9ZxScj 1
L 6
WYVmQjlgR 1
O1p 1
q 9
p 6
f 6
Q 5
U 4
lZi8pdlWQK 1
w0SQKl 1
L70D 1
f 7
V 4
kPFOAOGnO9 1
i 6
c 6
w 2
RKrfHUe0 1
A4Z3z63YJ 1
WhI3IH 1
khCyA8ht6P 1
is2UggScri 1
ewu0ieHun 1
AO 2
w 3
AwnIo5B5 1
A 7
UOqVhquTks 1
I4q 1
o 5
Yn6yvP9T 1
c 7
aRnh 1
s 5
p 7
H 10
qcZbv6vtzV 1
Y 4
T 2
kCVowjkQx 1
OO 1
d971J 1
uvvea 1
TYkVrHSTD 1
kBERfn1sOq 1
UnaF7Eq 1
W 7
X 5
e 5
w 4
m 8
c1YF8ZNHK 1
F 6
kvIeZ 1
oiT 1
X 6
Dmk 1
e 6
ufXhsXKhq4 1
U 5
Y 5
Z 5
LdAq8x3TfI 1
f8bbDGigS 1
JmuFCeS 1
L 7
H 11
E 4
PiG 1
R5sNL 1
J 4
T 3
WHppotkq 1
g 10
G 4
JpkFEVVB 1
g 11
G 5
t 5
s 6
q 10
v 7
PC 1
LqwxYkf1o 1
KBa7tn 1
G7arztWPsm 1
GwRn0IjA 1
FtXdqhZaeN 1
X 7
w 5
Z 6
PAVMmjFnqm 1
a 4
G9Qex 1
Sli5YPdq 1
B 3
I 4
k 4
R1 1
nlGQLXm1B 1
MNQuWhF1 1
di4pyl5D 1
Z7PTYHlY 1
r 3
M 2
r 4
f 8
D 3
t 6
NG2DhPlTh 1
Wo 1
R 3
XTRX 1
r 5
bQrxs 1
X 8
s 7
k 5
s 8
S 6
e8mPZYibqW 1
YnpvniJK4R 1
D 4
s 9
VqF2R7YDMX 1
e7cKAP 1
ThJzMpIKg 1
x 5
geH7GNyV 1
mWhRMre7qb 1
o 6
O 4
G 6
sTev 1
MZXIeYr 1
R 4
u 9
BAS 1
E 5
D7 1
jVjxy8LqT 1
d 5
km20m 1
GJ 1
K 6
L 8
llMUvch 1
k 6
LZ3q 1
KtraKT 1
B 4
R 5
F 7
e 7
KG 1
X 9
y 8
J 5
vAKa 1
l 4
mlvLvGYm 1
shr1VxZG 1
T 4
fjiBkg 1
M 3
IsXgMt2DMy 1
F6 1
K 7
I 5
e 8
U 6
xz 1
wgTPbz36st 1
d1 1
uULgJ 1
Enry 1
xoxt 1
u 10
ucUuw8H 1
y 9
T 5
L 9
w 6
cr2VUbny 1
O8YoSS7q7b 1
V 5
v 8
Y 6
NzzXaom92C 1
fPA9 1
U 7
RBzR9rR 1
zN804l 1
pr42U 1
r 6
gSxOV 1
YyDpTcXftm 1
b 3
lN6AsG 1
zIBQkBpyyD 1
t 7
z 7
i7tzBL 1
NxxCh5YjWG 1
mst9fOkWm 1
f0WChwCHN 1
xhsdXfeB2n 1
M 4
B 5
x 6
R 6
n5LuQ 1
gRKUOT 1
T5 1
k 7
FaRyIz 1
uDtsz2 1
x 7
M 5
d 6
A 8
oL9M7DA 1
GziFFr1g 1
keorN9A 1
a 5
A 9
avXvZI 1
Q 6
E 6
oZpCH 1
k 8
rs 2
x 8
YpwtNZ2x 1
x 9
G 7
R 7
e 9
g 12
j 3
d 7
y 10
G 8
H 12
tAyI7mXWMV 1
KL 2
npZZM 1
v 9
KqkYaJ1r 1
C 5
uNkn9 1
y 11
s 10
H 13
oIsrLzyNkL 1
y 12
i 7
o 7
S 7
L 10
w 7
ibLXK 1
L 11
z 8
t4RjRNHYP 1
x 10
M8 1
Ox1lu 1
b 4
Y 7
LJyxSKncf 1
mAkcCZkXWK 1
D 5
p 8
X0w 1
y 13
qBVoht41aH 1
B 6
J 6
I 6
m 9
Y 8
b 5
d 8
cBpgNK 1
BB 2
N 6
GP5z 1
F 8
H 14
T 6
n 4
B8DF1upG 1
g 13
O 5
W 8
z 9
S 8
a 6
X 10
S 9
v 10
l 5
s 11
f 9
u 11
g 14
eWudelFe4T 1
zvt5wYeVQP 1
D 6
i 8
JQ 2
z 10
A 10
A 11
K 8
z 11
T 7
NO 2
SAu 1
F 9
G 9
i 9
Y 9
mss 1
aBE 1
e 10
v 11
cpOqyR0aS 1
d 9
n 5
D 7
w 8
z 12
s 12
U 8
b12B3oycL 1
wNNxoq0hFC 1
e 11
Q 7
L1 1
nnxsTpSVho 1
D 8
R 8
h 8
K 9
IFzw4KhkKx 1
ESf3sDroxp 1
l 6
d 10
y 14
Z 7
Y 10
R 9
M 6
j 4
l 7
t 8
H 15
R 10
kcgWtaXcz 1
D 9
E 7
kwsZRxxhtQ 1
gj1g 1
K 10
T 8
C 6
u 12
Y 11
x77hiaC8 1
f 10
ZvFferN 1
P 6
XdJfb1FKx 1
F 10
ayrc5 1
tN 2
W 9
X 11
s 13
M 7
f 11
s 14
o 8
E 8
H 16
V 6
D 10
O 6
M 8
Z 8
kr 2
v 12
uFbZtbGy4z 1
Z 9
c 8
I 7
M 9
g 15
W 10
JrPszL 1
K7 1
B 7
M 10
y 15
K6 1
KH1fNMbS 1
iZ1zTBqsth 1
H 17
g 16
f 12
R 11
n 6
F 11
hTDTkMosmx 1
a 7
m 10
t 9
G 10
H 18
R 12
B 8
l 8
Ya0FDbP 1
b 6
r 7
f 13
vAaXVvgntm 1
v 13
r 8
T 9
b 7
R6 2
Z 10
C 7
j 5
M 11
Rm7bWgeskH 1
d 11
Gq 2
d 12
e 12
q 11
z 13
A 12
XaBiqkmLzt 1
QhWLNVqo 1
B 9
X 12
x 11
N 7
G 11
k 9
iesx0xTfl 1
t 10
M 12
LQ5yXpKluc 1
T 10
F 12
q 12
Ge 2
sFA 1
ORwhpCPdxy 1
a 8
Q 8
l 9
B 10
j 6
K 11
G 12
N 8
U 9
fNxicpOzoh 1
B 11
h 9
M 13
Z 11
c 9
x 12
q 13
M 14
t 11
w 9
R 13
r 9
q 14
LRw 1
y 16
U 10
d 13
v 14
h 10
c 10
l 10
L 12
k 10
Y 12
q 15
S 10
k 11
f 14
t 12
A 13
a 9
e 13
r 10
a 10
k 12
G 13
J 7
Xpnp5piojs 1
G 14
x 13
A 14
ThihpjLygi 1
bpeWsl3Evq 1
E 9
g 17
C 8
S 11
E 10
E 11
T 11
gwenFNC7VY 1
v 15
C 9
D 11
I 8
tnZjuJv8X 1
B 12
V 7
g 18
I 9
a 11
n 7
E 12
p 9
O 7
Wow4dwtxCZ 1
V6 1
R 14
q 16
i 10
k 13
s 15
y 17
k 14
wp 2
O 8
L1 2
da 2
w 10
F 13
R 15
R 16
e 14
K 12
A 15
J 8
c 11
U 11
COA 1
I 10
F 14
Y 13
R 17
M 15
w 11
A 16
u 13
j 7
P 7
f 15
Z 12
j 8
t 13
S 12
r 11
D 12
j 9
t 14
r 12
k 15
p 10
o 9
t 15
G 15
a 12
g 19
d 14
S 13
vEAI6aCG 1
R 18
n 8
nnGTm5 1
uU1jJXcY 1
h 11
P 8
jv 2
r 13
R 19
R 20
WI 2
Y 14
N 9
w 12
I 11
r 14
T 12
N 10
y 18
q 17
d 15
F 15
W 11
Q 9
N 11
q 18
N 12
E 13
R 21
w 13
N 13
yeVVvboZ6 1
d 16
S 14
R6 3
o 10
y 19
a 13
O 9
RjuGusujPJ 1
r 15
j 10
Z 13
l 11
y 20
T 13
m 11
g 20
b 8
c 12
o 11
C 10
B 13
p 11
W 12
Y 15
n 9
Z 14
u 14
g 21
t 16
w 14
B 14
e 15
iFfzg8a6 1
T 14
h 12
l 12
t 17
P 9
Y 16
V 8
j 11
Y 17
BtWuGmenou 1
q 19
c 13
g 22
R 22
Q 10
z 14
W 13
f 16
I 12
u 15
L 13
i 11
w 15
Ieeuupwtz1 1
g 23
x 14
U 12
rWsZmfirH4 1
OZXZncKlDN 1
X 13
X 14
C 11
N 14
e 16
R 23
U 13
Q 11
I 13
j 12
aqssulnvU 1
h 13
I 14
G 16
X 15
i 12
o 12
i 13
X 16
PC 2
rs 3
s 16
y 21
I 15
E 14
uqdhPplzwU 1
HB 1
x 15
nLiOOmoNzx 1
b 9
z 15
b 10
X 17
N 15
V 9
U 14
E 15
A 17
k 16
gBsjiUevmg 1
I 16
o 13
u 16
I 17
wp 3
bKrRrL1w5K 1
j 13
U 15
v 16
q 20
P 10
A 18
T7 1
p 12
f 17
p 13
O 10
J 9
z 16
J 10
L 14
q 21
E 16
i 14
y 22
n 10
R 24
N 16
z 17
flNfcYxhgY 1
F 16
z 18
g 24
Q 12
B 15
t 18
n 11
b 11
R 25
U 16
I 18
M 16
s 17
X 18
r 16
e 17
U 17
o 14
O 11
i 15
m 12
k 17
C 12
V 10
b 12
B 16
r 17
wnxggGZVOn 1
x 16
P 11
I5 1
S 15
X 19
JxiWz6mawr 1
p 14
B 17
N 17
C 13
D 13
z 19
L 15
b 13
T 15
j 14
m 13
X 20
O 12
R 26
j 15
U 18
aZdjM9szw 1
e 18
r 18
O 13
M 17
L 16
g 25
e 19
g 26
K 13
h 14
y 23
t 19
P 12
U 19
Z 15
F 17
a 14
i 16
C 14
R 27
G 17
C 15
m 14
Z 16
CKmwrELxxe 1
M 18
Q 13
j 16
z 20
M 19
c 14
r 19
W 14
Q 14
O 14
u 17
p 15
r 20
D 14
b 14
QT 2
K 14
D 15
C 16
t 20
A 19
A 20
t 21
M 20
u 18
E 17
I 19
w 16
joWuNsv6p 1
M3 1
nLEinbwmMb 1
t 22
H 19
p 16
I 20
n 12
M 21
S 16
H 20
e 20
N 18
UahGoZnhu7 1
l 13
c 15
b 15
Z 17
y 24
h 15
h 16
O 15
V 11
U 20
m 15
V 12
p 17
L 17
y 25
t 23
c 16
d 17
p 18
y 26
M 22
m 16
x 17
W 15
L 18
q 22
E 18
J 11
h 17
e 21
l 14
K 15
G 18
V 13
V 14
S 17
G 19
X 21
H 21
ek 2
P 13
r 21
E 19
k 18
z 21
W 16
G 20
d 18
z 22
K 16
V 15
n 13
x 18
K 17
h 18
z 23
y 27
PC 3
i 17
Z 18
d 19
V 16
g 27
K 18
o 15
w 17
h 19
l 15
O 16
V0 2
G 21
l 16
X 22
C 17
i 18
B 18
F 18
X 23
a 15
p 19
j 17
c 17
K 19
M 23
X 24
R 28
l 17
l 18
q 23
Q 15
H 22
O 17
i 19
S 18
I5 2
I 21
C 18
F 19
B 19
g 28
e 22
H 23
Z 19
q 24
v 17
m 17
i 20
q 25
r 22
o 16
s 18
x 19
n 14
u 19
J 12
M 24
sScUZnpwke 1
B 20
h 20
e 23
j 18
B 21
D 16
R 29
l 19
B 22
u 20
m 18
l 20
C 19
G 22
G 23
P 14
F 20
c 18
D 17
J 13
W 17
E 20
A 21
o 17
E 21
T 16
M 25
O 18
X 25
E 22
U 21
L 19
A 22
m 19
U 22
S 19
X 26
Q 16
B 23
f 18
C 20
J 14
X 27
D 18
VjxUguFMzm 1
k 19
m 20
U 23
Q 17
j 19
H 24
P 15
C 21
g 29
lbpoUMZLkW 1
d 20
R 30
d 21
kg 2
c 19
y 28
b 16
v 18
h 21
h 22
Y 18
h 23
P 16
t 24
v 19
I 22
n 15
S 20
n 16
f 19
D 19
G 24
m 21
R 31
l 21
i 21
B 24
y 29
i 22
R 32
Y 19
C 22
r 23
J 15
s 19
Y 20
B 25
d 22
l 22
r 24
w 18
M 26
A 23
Nl 2
r 25
Q 18
O 19
C 23
K 20
y 30
y 31
U 24
D 20
p 20
h 24
m 22
G 25
f 20
M 27
D 21
u 21
O 20
o 18
e 24
v 20
q 26
x 20
V 17
G 26
s 20
a 16
Y 21
T 17
s 21
o 19
E 23
f 21
T 18
S 21
Q 19
j 20
u 22
Z 20
B 26
b 17
m 23
G 27
v 21
w 19
Y 22
p 21
q 27
t 25
I 23
g 30
A 24
s 22
o 20
U 25
o 21
c 20
X 28
I 24
K 21
q 28
m 24
Z 21
R 33
d 23
F 21
k 20
d 24
E 24
H 25
n 17
R 34
Q 20
C 24
Q 21
swSzXgepUs 1
a 17
Y 23
k 21
M 28
l 23
c 21
x 21
s 23
R 35
a 18
A 25
I 25
w 20
W 18
b 18
O 21
j 21
z 24
p 22
f 22
j 22
D 22
G 28
s 24
x 22
n 18
N 19
H 26
Imr7vMpelw 1
E 25
R 36
T 19
W 19
G 29
V 18
Q 22
G 30
W 20
O 22
E 26
j 23
b 19
I 26
g 31
J 16
F 22
c 22
J 17
n 19
RehMdxYipd 1
G 31
N 20
t 26
g 32
W 21
R 37
w 21
J 18
r 26
P 17
F 23
Y 24
X 29
f 23
m 25
U 26
Ry 2
W 22
S 22
d 25
n 20
H 27
Q 23
e 25
A 26
a 19
N 21
M 29
h 25
q 29
U 27
i 23
t 27
h 26
u 23
Jr2l0vzhnD 1
p 23
c 23
H 28
i 24
q 30
D 23
P 18
rfbnjzesWk 1
v 22
S 23
q 31
G 32
x 23
x 24
f 24
v 23
p 24
d 26
y 32
W 23
I 27
s 25
rs 4
f 25
X 30
t 28
vrgBbswkXy 1
k 22
p 25
D 24
r 27
Q 24
x 25
v 24
T 20
m 26
k 23
S 24
B 27
Y 25
c 24
R 38
d 27
N 22
c 25
H 29
x 26
M 30
a 20
F 24
d 28
J 19
Q 25
g 33
Y 26
a 21
s 26
h 27
DR 2
z 25
w 22
e 26
w 23
g 34
DR 3
b 20
B 28
g 35
O 23
E 27
L 20
j 24
a 22
hquFufjUwG 1
U 28
b 21
w 24
r 28
n 21
p 26
m 27
e 27
H 30
v 25
u 24
a 23
c 26
K 22
h 28
l 24
Q 26
P 19
C 25
p 27
kr 3
A 27
r 29
C 26
y 33
T 21
kjWqYwMLwk 1
T 22
i 25
c 27
G 33
k 24
l 25
K 23
A 28
m 28
P 20
Nu 2
Y 27
L 21
h 29
G 34
o 22
Q 27
E 28
F 25
J 20
i 26
LW 2
f 26
z 26
B 29
J 21
e 28
p 28
y 34
L 22
p 29
s 27
j 25
I 28
R 39
j 26
E 29
I 29
k 25
s 28
O 24
kV 2
f 27
y 35
E 30
E 31
y 36
c 28
J 22
N 23
P 21
v 26
Y 28
H 31
u 25
Q 28
s 29
z 27
u 26
y 37
C 27
t 29
ZAExriTzcw 1
q 32
A 29
b 22
H 32
f 28
u 27
E 32
P 22
q 33
V6 2
Z 22
B 30
Z 23
B 31
U 29
h 30
q 34
y 38
r 30
B 32
m 29
E 33
O 25
K 24
j 27
o 23
K 25
W 24
P 23
H 33
z 28
u 28
o 24
o 25
H 34
B 33
p 30
dbfYvsupcS 1
K 26
p 31
f 29
W 25
Q 29
F 26
L 23
h 31
W 26
XvXOyQtxs9 1
J 23
i 27
o 26
q 35
f 30
hcmpErOzhA 1
W 27
E 34
D 25
b 23
V 19
w 25
v 27
l 26
f 31
L 24
x 27
N 24
G 35
r 31
q 36
J 24
Y 29
M 31
F 27
E 35
o 27
g 36
r 32
d 29
d 30
O 26
P 24
l 27
k 26
F 28
u 29
f 32
Z 24
X 31
s 30
P 25
y 39
K 27
U 30
M 32
D 26
Y 30
S 25
S 26
p 32
a 24
F 29
H 35
p 33
L 25
C 28
K 28
W 28
s 31
N 25
U 31
c 29
f 33
n 22
m 30
V 20
h 32
I 30
o 28
f 34
Q 30
j 28
v 28
m 31
L 26
f 35
x 28
O 27
Kc 2
y 40
oB 3
P 26
Y 31
x 29
Z 25
B 34
m 32
e 29
X 32
X 33
ajysmxVlwJ 1
d 31
k 27
w 26
v 29
F 30
Z 26
G 36
d 32
g 37
n 23
S 27
n 24
l 28
I 31
H 36
D 27
rZKspKxmVj 1
W 29
y 41
I 32
r 33
u 30
s 32
S 28
I 33
D 28
s 33
U 32
w 27
v 30
t 30
T 23
p 34
Y 32
i 28
N 26
r 34
cF 2
p 35
l 29
z 29
W 30
Z 27
F 31
q 37
l 30
A 30
r 35
h 33
W 31
E 36
n 25
V 21
K 29
q 38
j 29
O 28
D 29
ukhlbPqfbb 1
WB 2
L 27
S 29
r 36
C 29
u 31
G 37
v 31
S 30
t 31
x 30
T 24
R 40
M 33
A 31
a 25
i 29
z 30
F 32
x 31
C 30
P 27
G 38
y 42
Y 33
Y 34
r 37
hw 2
f 36
h 34
D 30
m 33
H 37
q 39
HuMubbzzjz 1
g 38
C 31
D 31
O 29
R 41
t 32
M 34
g 39
R 42
G 39
f 37
w 28
f 38
y 43
N 27
J 25
q 40
nNwy7Nyqmq 1
H 38
D 32
Y 35
J 26
p 36
E 37
Z 28
A 32
X 34
V 22
u 32
o 29
q 41
k 28
a 26
D 33
J 27
H 39
l 31
Y 36
Z 29
UxmvEyim0z 1
c 30
n 26
U 33
fE 2
B 35
n 27
h 35
A 33
O 30
yP 2
u 33
J 28
H 40
x 32
p 37
q 42
d 33
N 28
l 32
Z 30
f 39
V 23
P 28
X 35
q 43
D 34
T 25
b 24
b 25
V 24
g 40
V 25
L 28
Z 31
f 40
L 29
m 34
K 30
u 34
T 26
G 40
T 27
M 35
a 27
f 41
W 32
T 28
U 34
M 36
I 34
A 34
x 33
y 44
X 36
w 29
p 38
O 31
S 31
A 35
q 44
p 39
o 30
L 30
u 35
F 33
s 34
B 36
W 33
u 36
iy 2
E 38
T 29
lCvzrDzHrv 1
G 41
w 30
K 31
A 36
d 34
a 28
U 35
d 35
F 34
bN 2
J 29
s 35
X 37
A 37
R 43
Vdgt4JybZP 1
M 37
ctsl2nltju 1
G 42
t 33
c 31
n 28
B 37
o 31
k 29
E 39
j 30
h 36
J 30
r 38
O 32
W 34
h 37
o 32
g 41
a 29
v 32
S 32
E 40
U 36
Q 31
F 35
F 36
T 30
g 42
A 38
x 34
g 43
j 31
H 41
z 31
F 37
l 33
d 36
u 37
g 44
c 32
u 38
X 38
P 29
K 32
A 39
I 35
l 34
z 32
n 29
i 30
v 33
u 39
fjlUwnQ2gt 1
s 36
I 36
w 31
B 38
m 35
z 33
W 35
A 40
d 37
y 45
e 30
u 40
c 33
p 40
a 30
p 41
E 41
g 45
W 36
w 32
D 35
L 31
v 34
d 38
b 26
O 33
F 38
M 38
o 33
o 34
z 34
Q 32
s 37
Z 32
d 39
K 33
s 38
Y 37
u 41
Q 33
b 27
U 37
M 39
t 34
r 39
B 39
V 26
m 36
J 31
z 35
m 37
O 34
L 32
L 33
z 36
K 34
q 45
q 46
Y 38
f 42
l 35
X 39
AxrruqdiJz 1
s 39
r 40
w 33
o 35
A 41
T 31
K 35
h 38
W 37
l 36
A 42
W 38
x 35
P 30
S 33
j 32
F 39
V0 3
E 42
G 43
N 29
c 34
b 28
h 39
G 44
a 31
Z 33
x 36
N 30
m 38
r 41
v 35
E 43
f 43
R 44
S 34
H 42
L 34
k 30
V 27
n 30
w 34
S 35
Q 34
i 31
Q 35
G 45
G 46
J 32
D 36
l 37
v 36
b 29
r 42
x 37
V 28
I 37
C 32
T 32
L 35
v 37
b 30
L 36
O 35
L 37
i 32
Q 36
P 31
J 33
c 35
g 46
E 44
h 40
O 36
O 37
h 41
v 38
R 45
lwnVsb2vzz 1
P 32
N 31
x 38
C 33
C 34
i 33
P 33
k 31
T 33
M 40
Z 34
m 39
a 32
L 38
S 36
w 35
n 31
x 39
A 43
bm 2
O 38
J 34
l 38
f 44
I 38
h 42
P 34
Q 37
P 35
R 46
H 43
R 47
s 40
w 36
B 40
d 40
l 39
u 42
x 40
r 43
V 29
C 35
d 41
q 47
Q 38
n 32
W 39
Y 39
m 40
w 37
D 37
D 38
p 42
i 34
E 45
v 39
z 37
F 40
y 46
W 40
S 37
l 40
Z 35
b 31
w 38
N 32
F 41
c 36
V 30
f 45
o 36
d1 2
x 41
r 44
B 41
dN 2
U 38
A 44
O 39
P 36
R 48
l 41
G 47
b 32
c 37
K 36
L 39
f 46
b 33
m 41
F 42
Z 36
a 33
j 33
OUw8hgmulp 1
U 39
X 40
N 33
c 38
q 48
Z 37
v 40
v 41
V 31
g 47
A 45
N 34
I 39
G 48
D 39
K 37
R 49
H 44
q 49
u 43
O 40
X 41
QT 3
nfqmebhSXl 1
H 45
s 41
B 42
C 36
q 50
d 42
i 35
v 42
X 42
E 46
V 32
t 35
Z 38
u 44
s 42
r 45
wp 4
f 47
t 36
t 37
K 38
h 43
z 38
i 36
T 34
f 48
n 33
W 41
Y 40
F 43
y 47
a 34
d 43
n 34
f 49
r 46
W 42
V 33
P 37
R 50
QT 4
zJ 2
b 34
U 40
o 37
G 49
W 43
I 40
a 35
t 38
x 42
u 45
X 43
y 48
d 44
M 41
U 41
P 38
I 41
i 37
B 43
E 47
P 39
F 44
U 42
l 42
j 34
f 50
t 39
e 31
A 46
s 43
A 47
e 32
T 35
t 40
h 44
d 45
Y 41
Y 42
K 39
k 32
d 46
k 33
F 45
K6 2
W 44
h 45
g 48
f 51
o 38
w 39
O 41
j 35
O 42
p 43
w 40
V 34
k 34
u 46
R 51
D 40
k 35
p 44
x 43
P 40
l 43
n 35
S 38
G 50
o 39
L 40
s 44
J 35
i 38
e 33
A 48
u 47
j 36
a 36
f 52
J 36
i 39
z 39
h 46
Hk 2
v 43
c 39
d 47
O 43
I 42
d 48
d 49
w 41
B 44
t 41
h 47
L 41
v 44
d 50
n 36
v 45
c 40
b 35
o 40
R 52
E 48
r 47
Y 43
yc 2
w 42
i 40
L 42
k 36
v 46
n 37
z 40
Y 44
R 53
F 46
p 45
P 41
D 41
g 49
P 42
R 54
H 46
T 36
v 47
o 41
X 44
i 41
o 42
M 42
l 44
x 44
T 37
f 53
F 47
fB 2
I 43
G 51
a 37
O 44
L 43
F 48
o 43
N 35
p 46
M 43
o 44
N 36
S 39
B 45
T 38
I 44
R 55
t 42
O 45
l 45
r 48
u 48
t 43
y 49
j 37
k 37
o 45
x 45
q 51
d 51
P 43
Z 39
B 46
s 45
o 46
PC 4
G 52
L 44
B 47
d 52
J 37
l 46
y 50
S 40
c 41
L 45
l 47
v 48
A 49
N 37
x 46
m 42
f 54
n 38
C 37
z 41
u 49
T 39
K 40
A 50
w 43
D 42
F 49
F 50
f 55
n 39
h 48
R 56
R 57
H 47
s 46
c 42
x 47
n 40
Y 45
T 40
d 53
e 34
J 38
Q 39
R 58
Y 46
O 46
zMdVwomwRo 1
W 45
i 42
z 42
yP 3
I 45
I 46
S 41
l 48
K7 2
a 38
Q 40
g 50
D 43
V 35
F 51
w 44
a 39
I 47
t 44
e 35
C 38
N 38
y 51
c 43
c 44
c 45
u 50
o 47
s 47
h 49
Z 40
z 43
W 46
f 56
zJ 3
o 48
T 41
z 44
M 44
z 45
a 40
oB 4
a 41
A 51
f 57
k 38
i 43
x 48
c 46
X 45
q 52
w 45
r 49
l 49
s 48
O 47
J 39
x 49
U 43
p 47
p 48
I 48
tN 3
z 46
T 42
w 46
D 44
G 53
n 41
g 51
x 50
p 49
z 47
k 39
X 46
h 50
e 36
j 38
y 52
f 58
Z 41
O 48
u 51
c 47
L 46
Q 41
H 48
l 50
P 44
f 59
K 41
LB 2
O 49
S 42
n 42
P 45
o 49
Q 42
f 60
q 53
k 40
y 53
E 49
f 61
N 39
h 51
U 44
V 36
n 43
L 47
V 37
E 50
f 62
Y 47
C 39
k 41
K 42
q 54
M 45
h 52
M 46
t 45
P 46
d 54
T 43
r 50
x 51
yqDatltdpe 1
r 51
j 39
K 43
b 36
R6 4
t 46
Z 42
J 40
l 51
r 52
X 47
t 47
y 54
K 44
y 55
A 52
M 47
c 48
y 56
c 49
h 53
m 43
J 41
g 52
I 49
q 55
K 45
B 48
e 37
U 45
H 49
AN 2
V 38
h 54
a 42
T 44
R 59
T 45
Q 43
k 42
z 48
c 50
c 51
f 63
l 52
G 54
X 48
Y 48
T 46
d 55
W 47
J 42
ercwfRhdHi 1
E 51
s 49
J 43
C 40
D 45
R 60
W 48
G 55
G 56
t 48
l 53
X 49
f 64
D 46
j 40
o 50
q 56
a 43
X 50
yP 4
u 52
C 41
P 47
N 40
sx 2
P 48
D 47
i 44
d 56
E 52
g 53
i 45
B 49
k 43
r 53
k 44
S 43
p 50
G 57
U 46
w 47
S 44
o 51
J 44
j 41
m 44
N 41
E 53
n 44
L 48
T 47
Q 44
K 46
X 51
Z 43
V 39
T 48
zz 2
x 52
J 45
P 49
w 48
K 47
x 53
I 50
s 50
d 57
b 37
A 53
m 45
K 48
N 42
B 50
Q 45
Y 49
D7 2
I 51
o 52
J 46
C 42
p 51
K 49
e 38
T 49
U 47
o 53
am8dqUqBmx 1
Q 46
C 43
n 45
H 50
G 58
M 48
b 38
h 55
f 65
N 43
U 48
w 49
w 50
Y 50
S 45
h 56
F 52
t 49
Y 51
U 49
A 54
D 48
d 58
A 55
W 49
d1 3
p 52
o 54
R 61
D 49
A 56
u 53
a 44
F 53
n 46
a 45
r 54
m 46
Y 52
n 47
K6 3
Z 44
v 49
Y 53
L 49
e 39
Q 47
W 50
m 47
u 54
o 55
h 57
F 54
H 51
g 54
j 42
V 40
H 52
V 41
p 53
F 55
B 51
v 50
Z 45
Y 54
K 50
s 51
P 50
r 55
B 52
D 50
k 45
v 51
D 51
w 51
fZ 2
j 43
Y 55
M 49
y 57
w 52
m 48
C 44
i 46
m 49
U 50
q 57
p 54
h 58
g 55
Y 56
f 66
M 50
m 50
x 54
X 52
apznd2cdud 1
r 56
Q 48
M 51
r 57
E 54
g 56
c 52
j 44
j 45
D 52
l 54
b 39
p 55
V 42
U 51
Z 46
U 52
v 52
N 44
v 53
a 46
O 50
E 55
a 47
i 47
f 67
v 54
n 48
l 55
Z 47
z 49
x 55
w 53
R 62
o 56
g 57
D 53
m 51
D 54
d 59
z 50
b 40
R 63
o 57
b 41
I 52
Z 48
E 56
K 51
b 42
q 58
l 56
q 59
M 52
B 53
L 50
r 58
n 49
h 59
wybxpQjebI 1
k 46
i 48
H 53
r 59
p 56
Y 57
O 51
k 47
l 57
e 40
V 43
W 51
y 58
e 41
i 49
Y 58
M 53
K 52
z 51
B 54
r 60
Ty 2
r 61
b 43
N 45
a 48
u 55
H 54
k 48
q 60
f 68
R 64
r 62
q 61
O 52
D 55
S 46
m 52
e 42
a 49
O 53
v 55
s 52
L 51
D 56
m 53
i 50
j 46
D 57
S 47
r 63
k 49
g 58
w 54
Z 49
c 53
K 53
y 59
e 43
M 54
f 69
W 52
R 65
w 55
fB 3
k 50
E 57
Y 59
c 54
v 56
O 54
G 59
a 50
h 60
h 61
R 66
e 44
f 70
w 56
C 45
H 55
G 60
H 56
Y 60
v 57
f 71
L 52
d 60
M 55
k 51
d 61
X 53
l 58
y 60
w 57
O 55
U 53
Z 50
l 59
N 46
b 44
u 56
p 57
p 58
r 64
X 54
U 54
z 52
E 58
W 53
y 61
w 58
k 52
F 56
H 57
G 61
G 62
Z 51
B 55
B 56
c 55
N 47
X 55
h 62
w 59
K 54
N 48
h 63
e 45
V 44
G 63
w 60
j 47
l 60
U 55
R 67
y 62
k 53
b 45
E 59
q 62
R 68
q 63
k 54
G 64
C 46
T 50
r 65
c 56
T 51
x 56
E 60
N 49
C 47
g 59
h 64
l 61
Y 61
H 58
e 46
q 64
W 54
v 58
Z 52
H 59
D 58
M 56
w 61
c 57
e 47
G 65
J 47
F 57
i 51
w 62
y 63
i 52
w 63
C 48
h 65
C 49
y 64
g 60
q 65
G 66
z 53
Y 62
c 58
f 72
d 62
A 57
f 73
K 55
k 55
z 54
w 64
l 62
p 59
Y 63
S 48
E 61
K 56
O 56
e 48
n 50
i 53
z 55
e 49
R 69
c 59
J 48
lkR 2
j 48
p 60
g 61
K 57
QT 5
j 49
H 60
J 49
S 49
u 57
r 66
M 57
zeWo4udkya 1
B 57
S 50
R 70
z 56
S 51
Nl 3
F 58
Q 49
i 54
Y 64
J 50
m 54
C 50
m 55
p 61
q 66
L 53
w 65
Z 53
o 58
q 67
a 51
D 59
S 52
t 50
Z 54
G 67
D 60
U 56
N 50
u 58
W 55
l 63
h 66
e 50
c 60
O 57
c 61
Y 65
j 50
P 51
z 57
h 67
E 62
t 51
N 51
J 51
J 52
f 74
N 52
r 67
n 51
o 59
mzQwannJFh 1
i 55
F 59
P 52
Z 55
J 53
n 52
B 58
c 62
c 63
l 64
v 59
b 46
h 68
r 68
d 63
j 51
Q 50
N 53
x 57
k 56
U 57
u 59
W 56
h 69
V 45
U 58
N 54
l 65
C 51
W 57
B 59
y 65
R 71
X 56
i 56
J 54
K 58
P 53
i 57
g 62
t 52
b 47
a 52
D 61
M 58
w 66
R 72
Z 56
y 66
n 53
v 60
PC 5
f 75
V 46
D 62
h 70
V 47
E 63
Y 66
Y 67
e 51
y 67
A 58
w 67
v 61
p 62
a 53
b 48
T 52
k 57
w 68
X 57
v 62
v 63
w 69
y 68
B 60
U 59
I 53
q 68
D 63
o 60
F 60
b 49
s 53
Z 57
c 64
u 60
k 58
j 52
x 58
i 58
d 64
dN 3
Hk 3
s 54
X 58
Y 68
d1 4
I 54
V 48
P 54
b 50
R1 2
p 63
m 56
A 59
T 53
g 63
E 64
h 71
q 69
P 55
r 69
n 54
T 54
O 58
D 64
C 52
T 55
V 49
Q 51
x 59
m 57
g 64
R 73
T 56
H 61
W 58
S 53
I 55
S 54
k 59
p 64
u 61
P 56
N 55
gvwuYcill5 1
f 76
W 59
m 58
M 59
o 61
Q 52
E 65
S 55
h 72
O 59
a 54
j 53
f 77
j 54
Z 58
u 62
Z 59
j 55
S 56
D 65
G 68
n 55
u 63
S 57
v 64
R 74
o 62
m 59
s 55
w 70
r 70
o 63
G 69
L 54
K 59
W 60
y 69
S 58
Z 60
I 56
i 59
F 61
P 57
R 75
m 60
U 60
D 66
T 57
H 62
J 55
m 61
t 53
V 50
R 76
AN 3
Q 53
Y 69
X 59
J 56
X 60
Q 54
P 58
cF 3
k 60
I 57
p 65
q 70
M 60
o 64
S 59
I 58
O 60
O 61
W 61
v 65
A 60
q 71
w 71
d 65
K 60
h 73
P 59
q 72
D 67
k 61
T 58
y 70
x 60
i 60
J 57
B 61
E 66
S 60
y 71
e 52
G 70
M 61
p 66
l 66
b 51
h 74
Z 61
N 56
A 61
q 73
K 61
c 65
u 64
s 56
j 56
z 58
H 63
a 55
X 61
G 71
T 59
q 74
q 75
f 78
W 62
E 67
D 68
p 67
I 59
e 53
m 62
y 72
B 62
o 65
i 61
V 51
I 60
p 68
y 73
wg 2
h 75
e 54
u 65
Q 55
j 57
h 76
i 62
o 66
f 79
k 62
m 63
a 56
T 60
f 80
Z 62
v 66
R 77
O 62
m 64
p 69
b 52
I 61
i 63
B 63
R 78
h 77
g 65
R 79
O 63
R6 5
O 64
S 61
C 53
x 61
l 67
x 62
F 62
n 56
A 62
M 62
s 57
d 66
I 62
l 68
L 55
i 64
t 54
C 54
C 55
y 74
O 65
H 64
y 75
q 76
g 66
A 63
W 63
P 60
u 66
n 57
o 67
d 67
t 55
O 66
k 63
iy 3
K 62
R 80
n 58
u 67
n 59
I 63
k 64
X 62
d 68
kg 3
N 57
K 63
W 64
E 68
b 53
N 58
W 65
S 62
C 56
z 59
q 77
c 66
S 63
A 64
B 64
N 59
X 63
U 61
h 78
Y 70
i 65
f 81
P 61
X 64
m 65
K 64
j 58
l 69
u 68
o 68
v 67
E 69
O 67
s 58
P 62
s 59
M 63
V 52
d 69
X 65
Y 71
y 76
X 66
K 65
P 63
p 70
g 67
Z 63
U 62
GF 2
x 63
H 65
R 81
Z 64
I 64
N 60
z 60
q 78
N 61
Q 56
T 61
R 82
U 63
T 62
Y 72
G 72
A 65
t 56
c 67
e 55
v 68
w 72
U 64
s 60
a 57
p 71
J 58
w 73
w 74
g 68
d 70
M 64
c 68
a 58
D 69
S 64
z 61
p 72
E 70
E 71
h 79
i 66
q 79
f 82
d 71
e 56
Q 57
C 57
g 69
y 77
u 69
S 65
G 73
k 65
f 83
w 75
v 69
L 56
swJrjaNUyu 1
a 59
g 70
F 63
Y 73
x 64
G 74
r 71
q 80
E 72
v 70
f 84
p 73
k 66
R 83
K 66
q 81
d 72
N 62
skh0pciNYp 1
l 70
a 60
v 71
o 69
c 69
m 66
F 64
x 65
p 74
i 67
oB 5
N 63
X 67
Z 65
k 67
S 66
V 53
M 65
KW 2
h 80
g 71
M2 2
B 65
O 68
B 66
H 66
r 72
B 67
G 75
B 68
p 75
l 71
F 65
e 57
G 76
r 73
d 73
R 84
Y 74
e 58
V 54
c 70
u 70
e 59
t 57
P 64
i 68
u 71
s 61
u 72
a 61
m 67
N 64
U 65
o 70
bm 3
U 66
c 71
c 72
H 67
T 63
P 65
S 67
v 72
W 66
L 57
e 60
F 66
IK 2
r 74
X 68
y 78
O 69
S 68
G 77
o 71
K 67
N 65
v 73
i 69
z 62
s 62
t 58
H 68
O 70
I 65
U 67
m 68
f 85
Y 75
E 73
h 81
B 69
h 82
P 66
C 58
Y 76
q 82
D 70
b 54
E 74
f 86
c 73
e 61
d 74
Q 58
X 69
r 75
S 69
p 76
N 66
DR 4
G 78
i 70
y 79
Y 77
s 63
H 69
i 71
P 67
F 67
x 66
U 68
A 66
q 83
Y 78
W 67
A 67
K 68
D 71
L 58
K 69
d 75
n6 3
Q 59
A 68
c 74
H 70
z 63
d 76
u 73
r 76
U 69
C 59
B 70
N 67
V 55
s 64
o 72
g 72
G 79
c 75
q 84
I 66
I 67
t 59
sx 3
s 65
h 83
J 59
r 77
P 68
x 67
D 72
D 73
M 66
X 70
m 69
A 69
Kc 3
q 85
jwjy6dyFwa 1
q 86
i 72
M 67
B 71
g 73
L 59
h 84
c 76
g 74
v 74
l 72
C 60
u 74
h 85
h 86
DR 5
Z 66
m 70
c 77
G 80
O 71
H 71
v 75
h 87
t 60
M 68
b 55
s 66
s 67
H 72
G 81
V 56
C 61
l 73
T 64
V 57
B 72
g 75
V 58
B 73
v 76
H 73
R 85
c 78
C 62
Z 67
V 59
F 68
p 77
Q 60
g 76
l 74
n 60
V 60
F 69
A 70
N 68
y 80
m 71
h 88
s 68
b 56
z 64
j 59
i 73
J 60
R 86
o 73
a 62
hw 3
z 65
Z 68
g 77
a 63
R 87
S 70
x 68
K 70
X 71
a 64
q 87
w 76
Y 79
r 78
f 87
d 77
K 71
o 74
L 60
n 61
n 62
h 89
x 69
M 69
V 61
H 74
O 72
R 88
A 71
T 65
q 88
j 60
d 78
F 70
j 61
B 74
z 66
AO 3
s 69
P 69
b 57
D7 3
t 61
J 61
Z 69
m 72
h 90
O 73
H 75
O 74
a 65
W 68
M 70
n 63
O 75
c 79
M 71
j 62
B 75
A 72
P 70
B 76
u 75
W 69
U 70
N 69
I 68
U 71
J 62
Z 70
w 77
x 70
Y 80
D 74
V 62
T 66
I 69
r 79
A 73
E 75
s 70
h 91
U 72
b 58
y 81
K 72
D 75
I 70
B 77
w 78
n 64
P 71
i 74
p 78
Z 71
z 67
c 80
D 76
v 77
J 63
r 80
Y 81
f 88
w 79
n 65
j 63
V 63
E 76
i 75
Y 82
j 64
u 76
A 74
l 75
yc 3
k 68
g 78
R 89
y 82
Z 72
x7 2
J 64
W 70
L 61
B 78
m 73
Hu 2
n 66
z 68
L 62
E 77
L 63
F 71
e 62
u 77
H 76
Q 61
O 76
u 78
Z 73
T 67
P 72
l 76
F 72
o 75
L 64
R 90
x 71
G 82
x 72
c 81
m 74
N 70
i 76
p 79
d 79
a 66
P 73
g 79
h 92
e 63
D 77
w 80
E 78
C 63
x 73
v 78
B 79
N 71
U 73
z 69
p 80
m 75
s 71
Q 62
l 77
t 62
r 81
W 71
g 80
J 65
e 64
V 64
b 59
r 82
P 74
d 80
c 82
q 89
Z 74
d 81
p 81
l 78
y 83
d 82
F 73
p 82
u 79
h 93
gW 2
g 81
S 71
n 67
o 76
f 89
v 79
T 68
k 69
O 77
I 71
p 83
S 72
h 94
W 72
N 72
t 63
v 80
w 81
H 77
t 64
g 82
H 78
U 74
o 77
i 77
H 79
q 90
p 84
G 83
k 70
q 91
u 80
H 80
V0 4
v 81
Y 83
N 73
u 81
D 78
U 75
I 72
V 65
f 90
A 75
n 68
r 83
x 74
u 82
L 65
a 67
i 78
J 66
n 69
o 78
K 73
c 83
m 76
y 84
S 73
M 72
k 71
n 70
H 81
P 75
i 79
l 79
x 75
y 85
n 71
s 72
o 79
B 80
b 60
y 86
I 73
q 92
q 93
l 80
W 73
u 83
Z 75
F 74
C 64
r 84
I 74
l 81
G 84
S 74
u 84
D 79
x 76
q 94
C 65
E 79
L 66
a 68
l 82
t 65
a 69
T5 2
a 70
w 82
b 61
a 71
h 95
E 80
u 85
c 84
v 82
h 96
d 83
Y 84
b 62
q 95
A 76
q 96
P 76
I 75
W 74
c 85
W 75
M 73
fE 3
F 75
h 97
a 72
o 80
j 65
r 85
Q 63
H 82
j 66
o 81
a 73
Q 64
C 66
WB 3
e 65
i 80
I 76
H 83
j 67
C 67
s 73
W 76
i 81
r 86
H 84
d 84
d 85
Q 65
X 72
L 67
p 85
r 87
D 80
R 91
Y 85
K 74
B 81
F 76
J 67
P 77
t 66
I 77
k 72
Y 86
b 63
G 85
C 68
d 86
G 86
x 77
E 81
k 73
Z 76
m 77
E 82
y 87
cF 4
I5 3
d 87
g 83
b 64
t 67
x 78
s 74
i 82
B 82
KL 3
T5 3
p 86
F 77
T 69
OO 2
q 97
m 78
s 75
g 84
L 68
W 77
p 87
A 77
r 88
v 83
a 74
z 70
f 91
l 83
L 69
F 78
Q 66
H 85
w 83
X 73
T 70
O 78
U 76
r 89
y 88
k 74
f 92
S 75
N 74
d 88
x 79
Hu 3
s 76
I 78
a 75
u 86
hN 2
p 88
H 86
da 3
f 93
u 87
wp 5
v 84
O 79
jlXjxyjMqI 1
Q 67
E 83
L 70
e 66
tN 4
T 71
k 75
P 78
p 89
O 80
j 68
n 72
p 90
k 76
V 66
m 79
y 89
p 91
Q 68
c 86
G 87
m 80
U 77
Y 87
p 92
J 68
t 68
C 69
t 69
i 83
B 83
h 98
D 81
U 78
V 67
E 84
D 82
m 81
A 78
y 90
O 81
M 74
h 99
B 84
b 65
s 77
m 82
v 85
y 91
M 75
hN 3
Y 88
o 82
W 78
o 83
u 88
L 71
b 66
l 84
T5 4
Q 69
e 67
C 70
U 79
kRtSyoUcvt 1
p 93
x 80
IK 3
n 73
b 67
l 85
s 78
T 72
X 74
F 79
oB 6
d 89
x 81
x 82
X 75
J 69
J 70
f 94
l 86
O 82
f 95
J 71
b 68
q 98
m 83
I 79
O 83
X 76
Y 89
M 76
I 80
p 94
U 80
Z 77
h 100
i 84
w 84
wwWmtiVjvL 1
U 81
S 76
P 79
p 95
E 85
l 87
l 88
r 90
N 75
m 84
J 72
d 90
r 91
b 69
M 77
P 80
c 87
W 79
O 84
M 78
H 87
f 96
L 72
F 80
a 76
P 81
u 89
s 79
B 85
A 79
p 96
a 77
g 85
g 86
i 85
K 75
D 83
h 101
J 73
g 87
i 86
t 70
P 82
B 86
N 76
o 84
j 69
A 80
w 85
F 81
a 78
s 80
P 83
z 71
L 73
R 92
M 79
n 74
A 81
y 92
S 77
t 71
c 88
I 81
B 87
o 85
J 74
u 90
W 80
C 71
m 85
K 76
b 70
U 82
B 88
W 81
t 72
l 89
j 70
J 75
d 91
J 76
i 87
x 83
X 77
i 88
v 86
c 89
G 88
O 85
w 86
G 89
U 83
B 89
V 68
D 84
O 86
y 93
W 82
y 94
a 79
c 90
S 78
F 82
h 102
V 69
K 77
n 75
S 79
U 84
j 71
w 87
v 87
M 80
p 97
V 70
G 90
A 82
l 90
j 72
S 80
r 92
T 73
B 90
c 91
w 88
U 85
G 91
g 88
s 81
t 73
E 86
x 84
X 78
Y 90
l 91
I 82
m 86
l 92
O 87
Q 70
v 88
m 87
R 93
Q 71
p 98
w 89
Q 72
l 93
w 90
L 74
Znt 2
a 80
T 74
D 85
g 89
F 83
C 72
b 71
z 72
l 94
s 82
r 93
b 72
j 73
g 90
i 89
W 83
o 86
R 94
D 86
d 92
r 94
c 92
l 95
m 88
q 99
l 96
l 97
e 68
J 77
j 74
R 95
h 103
N 77
E 87
t 74
h 104
m 89
R 96
V 71
R 97
h 105
y 95
d 93
T 75
p 99
c 93
H 88
w 91
R 98
y 96
C 73
v 89
h 106
i 90
F 84
T 76
m 90
O 88
u 91
l 98
c 94
p 100
n 76
V 72
A 83
k 77
p 101
z 73
Y 91
I 83
K 78
x 85
e 69
G 92
Q 73
L 75
j 75
z 74
g 91
e 70
f 97
a 81
d 94
t 75
E 88
r 95
I 84
f 98
M 81
G 93
P 84
N 78
Y 92
F 85
P 85
C 74
q 100
D 87
C 75
J 78
V 73
x 86
z 75
F 86
N 79
s 83
V 74
r 96
e 71
v 90
D 88
V 75
o 87
A 84
M 82
kV 3
W 84
s 84
n 77
J 79
p 102
iFT 2
E 89
J 80
o 88
z 76
x 87
c 95
N 80
DR 6
z 77
M 83
a 82
O 89
m 91
K 79
L 76
B 91
D7 4
N 81
W 85
O 90
L 77
F 87
C 76
H 89
N 82
d 95
o 89
T 77
a 83
F 88
J 81
T 78
u 92
R 99
K 80
u 93
d 96
J 82
h 107
c 96
w 92
bs 2
c 97
W 86
Y 93
Z 78
M 84
G 94
C 77
t 76
n 78
n 79
k 78
rfrXxZJyWv 1
W 87
K 81
T 79
H 90
i 91
X 79
x 88
K 82
r 97
Z 79
v 91
H 91
V 76
b 73
L 78
A 85
l 99
a 84
M2 3
L 79
j 76
P 86
d 97
s 85
x 89
I 85
g 92
g 93
z 78
a 85
N 83
f 99
b 74
y 97
y 98
F 89
W 88
j 77
o 90
i 92
U 86
N 84
Y 94
b 75
q 101
P 87
q 102
Y 95
r 98
a 86
H 92
h 108
E 90
J 83
Q 74
i 93
J 84
p 103
x 90
a 87
A 86
w 93
U 87
m 92
W 89
b 76
x 91
M 85
T 80
Z 80
V 77
E 91
W 90
W 91
d 98
r 99
o 91
b 77
M 86
y 99
O 91
M 87
q 103
I 86
l 100
u 94
W 92
T 81
b 78
c 98
D 89
W 93
b 79
R 100
e 72
J 85
i 94
k 79
s 86
c 99
H 93
m 93
D 90
t 77
T 82
eeeliycycT 1
E 92
i 95
o 92
X 80
J 86
h 109
o 93
m 94
a 88
l 101
r 100
b 80
U 88
Z 81
U 89
f 100
X 81
d 99
C 78
V 78
Y 96
l 102
d 100
F 90
l 103
O 92
n 80
U 90
w 94
d 101
h 110
F 91
n 81
c 100
v 92
J 87
L 80
Y 97
E 93
n 82
z 79
a 89
B 92
q 104
w 95
f 101
J 88
z 80
Z 82
z 81
t 78
y 100
r 101
W 94
Q 75
u 95
R 101
g 94
V 79
X 82
u 96
H 94
b 81
T 83
F 92
K 83
Z 83
H 95
F 93
f 102
C 79
D 91
p 104
D 92
r 102
E 94
B 93
C 80
a 90
s 87
x 92
g 95
I 87
p 105
v 93
i 96
y 101
B 94
B 95
C 81
G 95
k 80
h 111
R 102
K 84
l 104
L 81
q 105
F 94
k 81
B 96
B 97
b 82
r 103
z 82
b 83
F 95
V 80
G 96
A 87
E 95
m 95
T 84
i 97
u 97
U 91
l 105
s 88
p 106
t 79
b 84
Y 98
s 89
bN 3
m 96
j 78
s 90
Y 99
a 91
v 94
i 98
f 103
R 103
Q 76
c 101
Z 84
G 97
u 98
Q 77
a 92
a 93
A 88
h 112
Q 78
g 96
t 80
L 82
y 102
i 99
Y 100
k 82
n 83
j 79
o 94
H 96
e 73
n 84
Y 101
s 91
y 103
A 89
o 95
OwaXvhzxhi 1
F 96
G 98
I 88
W 95
j 80
t 81
KW 3
C 82
D 93
r 104
g 97
I 89
f 104
r 105
i 100
x 93
x 94
Y 102
F 97
y 104
Y 103
a 94
n 85
o 96
M 88
q 106
S 81
I 90
Y 104
S 82
o 97
G 99
T 85
w 96
C 83
t 82
h 113
X 83
F 98
j 81
A 90
V 81
m 97
M 89
d 102
v 95
P 88
V 82
R 104
V 83
M 90
n 86
x 95
I 91
V 84
z 83
q 107
c 102
V 85
J 89
P 89
U 92
F 99
T 86
m 98
e 74
v 96
C 84
V 86
e 75
l 106
G 100
q 108
C 85
J 90
I 92
M 91
D 94
T 87
C 86
w 97
X 84
j 82
I 93
T 88
Y 105
E 96
x 96
x 97
L 83
o 98
j 83
n 87
C 87
M 92
B 98
R 105
R 106
e 76
f 105
C 88
k 83
p 107
e 77
Q 79
b 85
C 89
Z 85
P 90
i 101
h 114
d 103
I 94
g 98
z 84
a 95
e 78
Z 86
u 99
A 91
a 96
w 98
K 85
r 106
C 90
z 85
O 93
K 86
R 107
I 95
e 79
h 115
p 108
a 97
g 99
a 98
j 84
o 99
V 87
F 100
O 94
m 99
W 96
d 104
q 109
R 108
K 87
c 103
Hu 4
F 101
r 107
p 109
B 99
v 97
X 85
D 95
x 98
q 110
m 100
d 105
A 92
g 100
X 86
Q 80
J 91
r 108
M 93
r 109
J 92
Z 87
A 93
a 99
F 102
P 91
V 88
t 83
e 80
W 97
E 97
o 100
S 83
I 96
T5 5
C 91
M 94
C 92
i 102
P 92
f 106
o 101
G 101
l 107
c 104
o 102
L 84
K 88
R 109
R6 6
n 88
d 106
q 111
I 97
b 86
o 103
y 105
v 98
Q 81
r 110
M 95
Q 82
R 110
j 85
u 100
o 104
g 101
m 101
S 84
y 106
S 85
o 105
F 103
o 106
W 98
D 96
U 93
V 89
T 89
o 107
H 97
X 87
t 84
b 87
t 85
q 112
c 105
i 103
V 90
O 95
e 81
s 92
o 108
i 104
v 99
S 86
B 100
z 86
p 110
g 102
g 103
s 93
k 84
w 99
d 107
q 113
m 102
K 89
c 106
k 85
K 90
B 101
q 114
j 86
i 105
f 107
D 97
f 108
N 85
a 100
r 111
n 89
k 86
r 112
q 115
u 101
h 116
g 104
E 98
p 111
o 109
f 109
F 104
L 85
j 87
I 98
f 110
I 99
K 91
t 86
W 99
q 116
x 99
Z 88
Q 83
L 86
L 87
S 87
r 113
d 108
n 90
O 96
A 94
U 94
c 107
r 114
m 103
v 100
n 91
Y 106
P 93
j 88
B 102
j 89
j 90
c 108
Q 84
E 99
B 103
z 87
q 117
H 98
i 106
D 98
M 96
S 88
W 100
x 100
r 115
O 97
j 91
r 116
s 94
R 111
T 90
Y 107
h 117
N 86
c 109
n 92
O 98
J 93
S 89
G 102
X 88
V 91
M 97
N 87
x 101
G 103
X 89
m 104
z 88
d 109
X 90
V 92
w 100
T 91
m 105
T 92
v 101
o 110
q 118
Y 108
R1 3
b 88
Y 109
Z 89
s 95
J 94
N 88
j 92
K 92
G 104
e 82
d 110
e 83
Z 90
D 99
x 102
Y 110
m 106
W 101
Z 91
X 91
j 93
J 95
I 100
Z 92
l 108
w 101
E 100
a 101
C 93
s 96
q 119
F 105
v 102
y 107
E 101
H 99
q 120
h 118
A 95
o 111
j 94
i 107
C 94
K 93
R 112
F 106
y 108
n 93
O 99
c 110
K 94
Y 111
d 111
d 112
D 100
q 121
R 113
f 111
l 109
Y 112
d 113
Z 93
j 95
m 107
e 84
f 112
B 104
nkaSqrJjyu 1
Q 85
p 112
E 102
D 101
R 114
b 89
x 103
s 97
x 104
c 111
o 112
x 105
w 102
a 102
O 100
K 95
Y 113
E 103
P 94
P 95
S 90
n 94
R 115
s 98
e 85
S 91
J 96
M 98
S 92
C 95
N 89
G 105
i 108
H 100
U 95
J 97
X 92
P 96
L 88
n 95
p 113
f 113
o 113
j 96
e 86
O 101
d 114
T 93
Q 86
a 103
z 89
t 87
I 101
o 114
y 109
a 104
K 96
V 93
C 96
E 104
P 97
X 93
M 99
O 102
U 96
V 94
J 98
q 122
g 105
v 103
x 106
u 102
D 102
l 110
F 107
E 105
a 105
Z 94
Z 95
k 87
F 108
c 112
D7 5
p 114
B 105
r 117
x 107
H 101
f 114
P 98
L 89
t 88
E 106
t 89
b 90
W 102
H 102
M 100
L 90
F 109
u 103
M 101
Z 96
P 99
j 97
n 96
w 103
d 115
g 106
f 115
tv 2
C 97
x 108
k 88
B 106
F 110
B 107
d 116
R 116
O 103
j 98
v 104
g 107
A 96
a 106
Z 97
R 117
w 104
u 104
C 98
U 97
t 90
H 103
K 97
J 99
L 91
U 98
i 109
D 103
U 99
U 100
m 108
y 110
Q 87
u 105
i 110
t 91
p 115
Q 88
A 97
A 98
K 98
k 89
j 99
D 104
K 99
r 118
h 119
q 123
K 100
L 92
Z 98
F 111
J 100
b 91
g 108
z 90
A 99
Q 89
N 90
F 112
e 87
W 103
r 119
w 105
C 99
b 92
E 107
P 100
Z 99
Y 114
d 117
Y 115
j 100
f 116
y 111
R 118
A 100
F 113
p 116
x 109
M 102
i 111
Y 116
I 102
N 91
r 120
F 114
t 92
f 117
l 111
U 101
o 115
K 101
i 112
G 106
K 102
y 112
U 102
r 121
Y 117
M 103
e 88
C 100
S 93
M 104
b 93
B 108
K 103
o 116
G 107
J 101
y 113
T 94
T 95
U 103
m 109
z 91
Q 90
Z 100
x 110
z 92
z 93
t 93
uB 2
J 102
Y 118
O 104
E 108
o 117
G 108
p 117
t 94
T 96
V 95
V 96
d 118
O 105
i 113
T 97
Q 91
e 89
X 94
o 118
T3 2
P 101
v 105
R 119
r 122
a 107
c 113
gW 3
T 98
c 114
H 104
S 94
M 105
z 94
q 124
l 112
r 123
P 102
j 101
N 92
t 95
m 110
Y 119
U 104
O 106
x 111
Y 120
s 99
G 109
E 109
Y 121
u 106
u 107
q 125
z 95
r 124
z 96
V 97
w 106
w 107
o 119
Y 122
KL 4
l 113
E 110
m 111
u 108
P 103
J 103
x 112
o 120
v 106
hN 4
G 110
t 96
K 104
Z 101
q 126
W 104
C 101
t 97
u 109
G 111
v 107
p 118
l 114
E 111
l 115
M 106
x 113
G 112
i 114
X 95
F 115
m 112
D 105
T 99
y 114
e 90
L 93
A 101
n 97
M 107
l 116
E 112
o 121
cR 2
e 91
D 106
O 107
K 105
g 109
n 98
n 99
n 100
O 108
J 104
t 98
T 100
x 114
S 95
R 120
u 110
r 125
r 126
F 116
N 93
n 101
J 105
p 119
h 120
q 127
J 106
U 105
y 115
b 94
k 90
J 107
f 118
O 109
M 108
A 102
X 96
m 113
U 106
o 122
C 102
q 128
y 116
U 107
p 120
a 108
u 111
n 102
a 109
Wo 2
K 106
q 129
x 115
I 103
j 102
X 97
E 113
q 130
j 103
g 110
j 104
F 117
a 110
w 108
W 105
D 107
g 111
V 98
R 121
Y 123
k 91
A 103
u 112
E 114
N 94
l 117
Q 92
B 109
P 104
B 110
e 92
V 99
j 105
G 113
o 123
g 112
i 115
H 105
U 108
X 98
Z 102
G 114
R 122
p 121
z 97
v 108
v 109
h 121
V 100
e 93
o 124
g 113
W 106
n 103
z 98
h 122
y 117
o 125
I 104
F 118
E 115
A 104
E 116
c 115
N 95
j 106
j 107
H 106
xz 2
u 113
D 108
u 114
N 96
O 110
d 119
m 114
s 100
R 123
b 95
e 94
T 101
D 109
b 96
p 122
y 118
S 96
p 123
u 115
k 92
I 105
O 111
r 127
f 119
Q 93
O 112
X 99
t 99
Q 94
B 111
b 97
U 109
v 110
n 104
t 100
N 97
k 93
R 124
m 115
F 119
R 125
J 108
m 116
U 110
f 120
x 116
U 111
y 119
P 105
D 110
n 105
Q 95
y 120
e 95
F 120
o 126
X 100
s 101
V 101
u 116
q 131
F 121
u 117
j 108
Y 124
K 107
E 117
w 109
H 107
h 123
i 116
Y 125
y 121
a 111
T 102
V 102
C 103
G 115
L 94
N 98
Q 96
Q 97
y 122
E 118
l 118
AO 4
i 117
M 109
Bzrxijocht 1
y 123
r 128
w 110
r 129
W 107
N 99
o 127
j 109
y 124
t 101
w 111
q 132
G 116
b 98
X 101
S 97
r 130
Z 103
k 94
X 102
p 124
r 131
a 112
d 120
w 112
C 104
H 108
J 109
v 111
V 103
h 124
A 105
E 119
o 128
g 114
Q 98
d 121
e 96
a 113
b 99
C 105
j 110
X 103
F 122
B 112
v 112
Q 99
j 111
N 100
l 119
q 133
R 126
i 118
M 110
D 111
G 117
W 108
u 118
J 110
w 113
z 99
x 117
P 106
F 123
R 127
f 121
w 114
z 100
G 118
U 112
C 106
H 109
x 118
u 119
Q 100
y 125
H 110
T 103
n 106
b 100
k 95
X 104
F 124
P 107
m 117
d 122
K 108
g 115
u 120
N 101
d 123
E 120
V 104
v 113
k 96
y 126
f 122
q 134
B 113
F 125
I 106
u 121
l 120
q 135
i 119
H 111
s 102
K 109
M 111
wp 6
x 119
y 127
L 95
m 118
A 106
m 119
P 108
I 107
I 108
w 115
O 113
L 96
h 125
Z 104
W 109
T 104
N 102
N 103
d 124
x 120
k 97
Y 126
S 98
v 114
i 120
w 116
i 121
z 101
m 120
l 121
p 125
d 125
u 122
a 114
z 102
E 121
I 109
r 132
P 109
j 112
D 112
O 114
h 126
x 121
M 112
Z 105
T 105
e 97
q 136
H 112
k 98
l 122
g 116
S 99
t 102
W 110
G 119
c 116
p 126
e 98
S 100
Bd 2
V 105
O 115
I 110
S 101
Z 106
x 122
t 103
v 115
m 121
x 123
D 113
l 123
b 101
s 103
u 123
J 111
B 114
V 106
q 137
O 116
e 99
b 102
q 138
j 113
c 117
e 100
L 97
t 104
Z 107
Y 127
F 126
s 104
y 128
u 124
M 113
r 133
q 139
l 124
a 115
b 103
l 125
G 120
g 117
f 123
r 134
I 111
K 110
L 98
x 124
t 105
c 118
U 113
r 135
e 101
O 117
E 122
Y 128
G 121
v 116
t 106
W 111
v 117
k 99
U 114
C 107
C 108
g 118
O 118
G 122
r 136
m 122
I 112
S 102
Z 108
O 119
c 119
X 105
E 123
F 127
I 113
W 112
B 115
A 107
Q 101
Z 109
t 107
W 113
z 103
F 128
A 108
G 123
j 114
P 110
i 122
c 120
x 125
m 123
n 107
I 114
M 114
R 128
o 129
v 118
L 99
r 137
N 104
k 100
L 100
F 129
w 117
p 127
e 102
k 101
d 126
A 109
m 124
Q 102
m 125
D 114
b 104
I 115
v 119
p 128
M 115
r 138
e 103
J 112
u 125
E 124
x 126
z 104
Y 129
V 107
z 105
D 115
B 116
B 117
z 106
T 106
S 103
P 111
F 130
G 124
e 104
W 114
s 105
p 129
q 140
r 139
f 124
a 116
u 126
h 127
Q 103
u 127
D 116
i 123
q 141
C 109
A 110
o 130
O 120
V 108
n 108
d 127
N 105
F 131
o 131
u 128
H 113
v 120
G 125
U 115
o 132
J 113
F 132
M2 4
I 116
n 109
S 104
x 127
U 116
Z 110
r 140
Y 130
Y 131
J 114
B 118
e 105
k 102
S 105
PC 6
F6 2
F 133
u 129
m 126
L 101
p 130
C 110
yc 4
x 128
s 106
i 124
H 114
Z 111
t 108
c 121
D 117
I 117
L 102
KL 5
Z 112
l 126
P 112
F 134
H 115
I 118
C 111
y 129
HB 2
g 119
v 121
b 105
O 121
d 128
X 106
I 119
Z 113
g 120
O 122
n 110
A 111
u 130
r 141
w 118
t 109
n 111
I 120
Z 114
X 107
k 103
Z 115
F 135
c 122
j 115
q 142
O 123
Z 116
c 123
O 124
n 112
o 133
Y 132
r 142
P 113
I 121
a 117
R 129
W 115
K 111
t 110
j 116
L 103
x 129
Z 117
C 112
v 122
d 129
g 121
k 104
x 130
R 130
r 143
o 134
h 128
b 106
E 125
A 112
N 106
yP 5
e 106
D 118
X 108
B 119
m 127
z 107
O 125
u 131
l 127
c 124
i 125
w 119
k 105
g 122
T 107
E 126
P 114
B 120
yuSkusiTzV 1
N 107
L 104
Y 133
L 105
v 123
E 127
f 125
H 116
H 117
l 128
e 107
F 136
V 109
h 129
g 123
O 126
l 129
W 116
m 128
c 125
Y 134
N 108
a 118
H 118
i 126
F 137
m 129
bN 4
P 115
bm 4
k 106
T 108
E 128
C 113
O 127
x 131
A 113
B 121
R 131
e 108
Q 104
V 110
U 117
Y 135
S 106
C 114
d 130
R 132
E 129
H 119
Q 105
o 135
s 107
L 106
I 122
H 120
s 108
Q 106
j 117
R 133
xz 3
T 109
X 109
K 112
K 113
p 131
C 115
h 130
H 121
j 118
l 130
t 111
q 143
E 130
s 109
V 111
C 116
Z 118
r 144
c 126
M 116
C 117
A 114
u 132
u 133
o 136
k 107
k 108
f 126
N 109
a 119
M 117
f 127
k 109
r 145
G 126
V 112
s 110
S 107
c 127
J 115
Q 107
j 119
j 120
s 111
n 113
r 146
p 132
m 130
r 147
m 131
H 122
P 116
C 118
X 110
f 128
z 108
W 117
S 108
Z 119
N 110
t 112
E 131
u 134
C 119
C 120
C 121
Q 108
N 111
d 131
P 117
W 118
p 133
Hk 4
r 148
z 109
W 119
G 127
N 112
LB 3
d 132
l 131
b 107
a 120
q 144
z 110
a 121
t 113
i 127
Gq 3
c 128
o 137
y 130
i 128
d 133
i 129
S 109
s 112
g 124
U 118
f 129
E 132
l 132
x 132
u 135
J 116
o 138
J 117
V 113
x 133
x 134
D 119
E 133
D 120
M 118
g 125
Y 136
W 120
N 113
t 114
k 110
h 131
U 119
h 132
N 114
j 121
m 132
C 122
u 136
K 114
x 135
F 138
J 118
J 119
W 121
l 133
g 126
i 130
C 123
N 115
y 131
t 115
c 129
l 134
k 111
U 120
J 120
w 120
W 122
k 112
P 118
Q 109
y 132
E 134
Z 120
m 133
T 110
xz 4
V 114
Z 121
C 124
F 139
o 139
T 111
i 131
F 140
M 119
X 111
f 130
i 132
s 113
A 115
l 135
P 119
Z 122
K 115
u 137
V 115
I 123
I 124
q 145
q 146
R 134
V 116
J 121
Q 110
D 121
g 127
o 140
N 116
A 116
h 133
T 112
L 107
a 122
i 133
s 114
b 108
b 109
t 116
u 138
M 120
x 136
I 125
I 126
c 130
L 108
GF 3
H 123
o 141
M 121
r 149
l 136
V 117
Z 123
z 111
p 134
g 128
m 134
G 128
E 135
T 113
x 137
q 147
A 117
L 109
P 120
q 148
r 150
f 131
q 149
Z 124
d 134
C 125
S 110
y 133
k 113
F 141
R 135
t 117
L1 3
S 111
N 117
b 110
F 142
U 121
A 118
m 135
s 115
j 122
W 123
F 143
G 129
p 135
E 136
H 124
K 116
p 136
S 112
k 114
a 123
k 115
I 127
IK 4
p 137
H 125
W 124
c 131
O 128
g 129
d1 5
W 125
V 118
c 132
U 122
H 126
z 112
t 118
e 109
C 126
W 126
F 144
n 114
F 145
B 122
D 122
J 122
l 137
j 123
o 142
Z 125
f 132
L 110
m 136
w 121
v 124
v 125
Q 111
W 127
q 150
y 134
S 113
y 135
E 137
t 119
c 133
Z 126
t 120
T 114
c 134
h 134
R 136
D 123
B 123
n 115
V 119
Y 137
A 119
E 138
I 128
D 124
k 116
l 138
U 123
G 130
f 133
A 120
m 137
K 117
u 139
G 131
r 151
k 117
T 115
E 139
I 129
u 140
T 116
M 122
L 111
h 135
n 116
Y 138
R 137
o 143
Z 127
P 121
v 126
N 118
O 129
z 113
m 138
v 127
z 114
v 128
l 139
z 115
a 124
F 146
D 125
H 127
O 130
t 121
S 114
K 118
l 140
x 138
d 135
F 147
m 139
D 126
I 130
o 144
d 136
o 145
D 127
j 124
U 124
cR 3
H 128
N 119
h 136
p 138
D 128
t 122
U 125
e 110
E 140
P 122
G 132
K 119
S 115
a 125
c 135
B 124
G 133
y 136
A 121
i 134
T 117
I 131
U 126
q 151
g 130
k 118
n 117
b 111
D 129
T 118
o 146
t 123
f 134
J 123
U 127
L 112
X 112
F 148
u 141
AO 5
t 124
x 139
o 147
N 120
N 121
f 135
R 138
P 123
O 131
N 122
p 139
q 152
y 137
t 125
Y 139
B 125
l 141
F 149
P 124
v 129
r 152
d 137
d 138
WI 3
e 111
D 130
t 126
t 127
H 129
R 139
L 113
o 148
p 140
n 118
x 140
t 128
D 131
D 132
o 149
C 127
I 132
l 142
L 114
d 139
x 141
R1 4
T 119
j 125
O 132
Y 140
a 126
D 133
x 142
B 126
O 133
s 116
O 134
W 128
l 143
s 117
K 120
B 127
R 140
r 153
W 129
Y 141
Q 112
g 131
P 125
W 130
x 143
n 119
H 130
m 140
Z 128
Q 113
S 116
zJ 4
o 150
G 134
f 136
H 131
S 117
e 112
S 118
wp 7
R 141
i 135
B 128
s 118
U 128
x 144
Hu 5
C 128
u 142
A 122
j 126
a 127
pK 2
v 130
K 121
W 131
k 119
h 137
W 132
W 133
h 138
T 120
k 120
x 145
J 124
j 127
M 123
q 153
K 122
h 139
b 112
o 151
p 141
K 123
L 115
d 140
t 129
t 130
b 113
w 122
b 114
z 116
F 150
e 113
l 144
U 129
i 136
c 136
e 114
T 121
j 128
l 145
Q 114
n 120
f 137
Y 142
S 119
m 141
Q 115
D 134
D 135
o 152
A 123
F 151
G 135
d 141
o 153
zJ 5
R 142
Y 143
d 142
M 124
e 115
V 120
h 140
w 123
m 142
Y 144
IK 5
P 126
u 143
g 132
t 131
I 133
G 136
F 152
i 137
t 132
O 135
o 154
x 146
S 120
P 127
x 147
U 130
G 137
c 137
S 121
K 124
R 143
y 138
N 123
z 117
P 128
h 141
c 138
m 143
f 138
T 122
R 144
W 134
i 138
r 154
j 129
