jN5VLkKj 1
s6K 1
w97 1
xMU 1
JtF1CbG 1
fiVx 1
nfRb 1
P5q 1
th 1
en 1
rGtMPm 1
nkatbZ5DD 1
W 1
s8q 1
a 1
FdY 1
sEUsvcIbE 1
gC 1
kXBiwq 1
hMDHxaTctQ 1
PW7R 1
vT7FSG2a 1
k9 1
rq5JeBI2Zo 1
HeKcN2i9F 1
CZGd 1
mh9f 1
iC9y35 1
cin 1
DEi 1
nvdo 1
zLB 1
vQG5 1
h1ZM3Ub7T 1
V 1
lAdWGRrrj 1
xiWz 1
y3Jjzy1hp 1
ySgFqjPy 1
CnxuHA5 1
Nrr 1
dGeEgiNsGh 1
kIMQP 1
dCt 1
kr 1
z0riot 1
tkH5U 1
X 1
bWfVWCL 1
WI1jJ4rGO 1
wI76gAabT 1
WHo903pZOU 1
ShlEuyfy5 1
XKyn8 1
Dzg 1
aAl0t0G3X 1
Pcdv6a 1
Yqs9eLJeS 1
o8yLXUqQLp 1
YNpQaXq 1
Q 1
Fje 1
nLk5d 1
c 1
de0FiuX9a 1
QQxzg 1
u 1
wH 1
L59 1
rqKbhe3w 1
WQOdIeo3 1
K5ag09T 1
AtO 1
fQhX 1
IKO 1
mk5N0 1
nWoM8g1X 1
wOlmkl7 1
u 2
oc 1
UCDYojm8D 1
Drxb 1
t 1
wzp 1
k4rgOl6D8l 1
t 2
V0ITr 1
KHj3aGdj 1
nLjL8w0 1
i 1
dl 1
gdU9gdOQ 1
w 1
Op0 1
F 1
uZh 1
vF 1
twTExw 1
RwzndoPR 1
yveCHoq 1
tNfHSFefJ 1
B9A1NA 1
o 1
lu2 1
esC0 1
mqgv 1
pVFoM7B 1
Myx2kDelzr 1
nl6Zqo6JMC 1
hsRuxfv4i 1
ScZ8YqaFAg 1
kf8 1
M 1
qup 1
oMLPeMLP2P 1
g 1
mVoD 1
OpqE 1
A2fNo 1
t 3
y 1
R 1
AQtAj3h 1
Idyw5 1
NBZYDO7U 1
EvOnTSUmkf 1
Cbq3Pa45c 1
aAH4oR 1
HU2G 1
YtVA3c6 1
kjB1R 1
s 1
kiSWRO 1
EgrmWjbE 1
OY 1
T 1
pJW5 1
Fa 1
c 2
EfWEcB 1
mx 1
ErW3cv 1
lw6Lflh 1
TA 1
nmB 1
vml 1
tN58CpwPdm 1
vVke 1
hGYRkS 1
VP5IZUyi8n 1
uY 1
vVrxo 1
cz2 1
qYIM 1
TtF2tJPN 1
Wk3MigQx 1
Dy 1
FPA 1
DwLPn 1
ev0f 1
RihP25gk 1
VK 1
PgWDz8z 1
w 2
uwBAApuXx 1
wMXOOczd5L 1
BGtjjPnn 1
Yhe 1
wY31YJvMw4 1
KIv2 1
F4r 1
BFqMuuef 1
UQnpO 1
aQtLX 1
MBQ 1
y3HD 1
CODY9xI 1
XjJAPWrlH 1
hYI 1
p4hUBsHn5g 1
hvxv 1
yE 1
c2ryATEcS 1
AR 1
yBZ5AX5aDO 1
ecpHD 1
FsOhQqWm 1
z5uWs0igAe 1
USag2Q 1
UjJgVrKZk 1
eyKKSNV 1
CW3 1
g0Go0FC 1
rJfsDrUK 1
OAOq7P 1
AB0A0o2h 1
qvXK6BczL 1
srhX7kjjj2 1
oiG 1
YZ 1
K7 1
Cm 1
k8zSp 1
v 1
OoE53 1
bEGKKz 1
KvKo9uZwD 1
pyd 1
EmDhqqf38w 1
a 2
RLlB 1
IqQe 1
x 1
Sm 1
clEIx 1
Rb8Prab 1
HzPG 1
tm 1
WN3pve 1
D7oyxRj 1
x74yMH 1
J4pn7 1
v5dEEcLMM 1
zqybC 1
ktVHu3W3u 1
ehQ 1
Ba4di 1
metMy 1
XmhBKsTmBT 1
k40 1
XG5YLKGC 1
NUtcI7KU 1
zM 1
b9LH 1
RhSd6fZ 1
SB2PHynnn 1
AWuzYz7 1
BfmyuB18Zn 1
aV 1
UbT 1
dQ6U 1
GhP 1
Jjq6 1
mJ8vLS 1
N87f6Hnj 1
fe 1
vs6Hw176 1
Os 1
S6RRXZFWyK 1
b 1
LvhWqDksbd 1
N6 1
ZJJ9MHAF 1
d9qL 1
lA 1
R8j3 1
s 2
y 2
vsuPy 1
mhQPXr2L 1
H8 1
h 1
tYEcJNVPKk 1
V 2
ktc 1
pzPsT3VU 1
TQyo53DpTE 1
yyr4 1
xtoRyY 1
O 1
xyCnAgq 1
L 1
SW0a 1
Ig71DHuiXI 1
WflG8KB 1
sB1Hz 1
UE8BWd 1
ctXW1XTP 1
P 1
p423KpmVQb 1
wIbL 1
GsPTEWo 1
pkwiW9qMu 1
dRmGBFbilR 1
CVmPmM 1
E 1
Nfc4uVyz 1
o 2
luKBR0 1
G8XjR1T1 1
SRjhwgy3NX 1
D5m3 1
aai 1
Y 1
jKhWi 1
pdBhs3V8Bw 1
W97xg 1
uMmNlGUT 1
gCoBcY 1
U 1
YqLTmVc 1
lASJXYtoC 1
eafVMpf 1
LfT 1
EUY 1
J3odQ 1
SIOZeg 1
EtY3PzBtw 1
oxSxkwy 1
AkAHT 1
wUhMT6 1
T0y5eUA3Zz 1
fWgF 1
C 1
b7 1
ZGud 1
ISUdg 1
Hbn 1
Tsid 1
QC8Khu 1
WI1a5GsRX 1
IF4kMuZ 1
kw 1
tRGq2dUmTS 1
IjsoyfU 1
I1CyL46acd 1
m 1
N 1
iyKA2mHxTW 1
doprzTSzEj 1
Sclfwq5Vt 1
rIXIO 1
K 1
xy9bRa 1
ZmyQ 1
UxtuM 1
u6x8m1 1
owJO 1
TiTJBsy 1
ZwKNQlFtac 1
ra0bi 1
j45cZeUEkm 1
lcaMMvNtWq 1
XlXGmRP5j 1
T3gs6Y1qH9 1
FsE 1
QvXG1 1
JdaWWjwZbf 1
Bl 1
a 3
sDj 1
e9 1
nb7aG9cRc 1
ws 1
pFvF 1
cKWDCHxL 1
VAzj 1
vXr1LnAN 1
P 2
o4X 1
SjMtscD4zZ 1
h 2
LMtMT 1
qxHiao0Oz 1
p 1
o 3
Pw4v7j 1
aK 1
wb9 1
K 2
D 1
LF5j 1
kUd 1
f 1
O7b67 1
e 1
xYxLQL 1
ZNPB4Uux 1
qNQifPAAN 1
h 3
R1hUzp 1
G 1
F2P 1
j 1
BD 1
Pm5bQ5k 1
HyeNUlk8DX 1
qlesJyXNQh 1
nJONfVA 1
yoWX7TZF 1
Hnw 1
p 2
tM 1
gs 1
YtjsdVXNJ5 1
Tcu 1
K 3
aNYGZsEfX 1
uJo 1
gdMMh866w 1
JIK6 1
qk2V 1
NtGm8N3SWY 1
cJXcwa 1
aSTecZM 1
UyEK1 1
uc8 1
TVC3nj 1
IZEY 1
uAXC0 1
Ruo 1
F 2
EchFz 1
xRryab 1
MgBZ7 1
SrGvWd 1
lAcyw03w 1
IM 1
Cgn76me 1
misV 1
R 2
G0dvWX 1
eDUbPyE 1
u15tCijj 1
x1 1
HOEGoVyos 1
RbqbWq30Q0 1
e3z8ZcZ 1
C 2
fwguwe 1
zZUc 1
yaDMvIW 1
K00n1ZAbW 1
bBzUK9 1
Mm7y8IPgIc 1
O 2
qD9 1
K 4
aA957 1
F5skAbVd 1
VuXlL 1
HQSlhb8c 1
lXFf8wPC 1
dT0puvz8 1
ff4 1
pFrVJ 1
mrl84LAaHh 1
slQReBJPb 1
C68lozUu 1
TSD 1
I 1
T 2
N 2
RVQWJy5 1
nSlV 1
cPSXSwAl 1
HBK8DFc 1
t 4
F 3
powZ 1
SaIYGe7 1
Xl 1
Jg 1
Dn6zM 1
Vm 1
JH 1
j 2
eJ4hSaHMJ 1
FOHwwU 1
tlrIUqSdv 1
v 2
cJyj8z 1
S 1
APSHTG 1
H8 2
bAo2u4f 1
Gq 1
Ip2Pt3lCtG 1
oC 1
Ax 1
YXV 1
lJGxfgFPin 1
Rzr 1
Z41R1egNk 1
TJnVSgNiwG 1
A 1
nsWJW3nNdw 1
r 1
P 3
uq 1
H 1
L 2
V 3
tJhPC 1
DcnsnE76RJ 1
nMFbuAKD 1
HixrJy1 1
d 1
a4JvfWX 1
Xp9XS 1
Y 2
tj 1
yfRapX 1
Czv 1
O 3
gwBSuwaMc 1
C 3
KkF87dzeW 1
sBgI 1
T8Hcqmut 1
zeP86auSgZ 1
jKb 1
xvhEEcJJ 1
T3Gf5scj9U 1
c 3
WKMc 1
vmowe 1
j 3
S 2
BM 1
k4f6sIGzm2 1
f 2
blIgslxG5l 1
oRcwEAd 1
Urn 1
l 1
VEKAboX 1
NwRz7OOdR 1
KO 1
QcnmvY 1
rL3r7sbt6 1
t 5
u3ikgViy0 1
c0O6Ys 1
Vk3K8l 1
U 2
e 2
w 3
s6Xi1M 1
Lxv8oN 1
CXSu 1
u2gO 1
hD3heflDFz 1
tszW 1
AZxkVW8 1
b 2
Br 1
qCbKH 1
l 2
fLHW7Z 1
O 4
d 2
f04zVp 1
szjRcYuA 1
Nq8zP 1
o0 1
JM26Btl2J 1
t 6
K 5
Nlk5osR2 1
x 2
lseN 1
K58E1O 1
F7gd9HxmRV 1
J8X0tISs 1
Ts3IqdUX 1
eQK 1
e7tczXnYj3 1
x1kBh4I 1
yao7FjiqzO 1
uZVQqWAnQn 1
uoF 1
g8prRS 1
OyE 1
D78DyrJ 1
x 3
M 2
ZTgu 1
E7EBP 1
pieRo 1
gb8p90 1
psk 1
jZCiqz5nu 1
KsahJ9pXxt 1
WiVZTe0 1
H 2
AkKaRTZ 1
gKk4 1
oSvLUvG 1
vv9KE 1
c 4
YHMbIT 1
azCci1 1
p 3
Fld4 1
AyYMTJum 1
J 1
jQ 1
s 3
E 2
sMTSyTPz6f 1
CG 1
cukkDkT 1
BT5FjcKL 1
A 2
bi6ll5 1
AxPXL8DMO5 1
lvv 1
Q7 1
M 3
l 3
iIWsLucUun 1
s8xj 1
r 2
Xq 1
W0 1
jz 1
p 4
K 6
ZObIhFOyV 1
KDOhPDb 1
TrQHqH3 1
Dh41BNLx 1
OzW4zjR 1
v 3
JS 1
kVb 1
i 2
ySWWQMcM 1
iHNSFBmRW 1
cTuiGBF 1
hMOIXcw1IN 1
l 4
fdNm6f30R 1
db 1
lAgmq 1
fU2cRCo2 1
NOIWVkyYpp 1
i 3
tqX 1
L1WPCebTs9 1
nbIORTqg 1
Bl 2
RLc19YpO 1
Bb2gRx 1
Mbxql4W5B9 1
bYATuZdk 1
P7Xj 1
Nv3lVe 1
hfDJ 1
OjkBwwkCo 1
Q2 1
M3eGEB 1
MCA 1
KduZ 1
jTyUeetsPh 1
FAxbpmz 1
OfC 1
flg 1
xRHQa93vd 1
mPKygOYpT 1
P 4
F9 1
YKH4uapMAM 1
N0wZTy5Y 1
piTmUx6uK 1
M 4
cgda9KQ8g 1
pTpsQl3wYX 1
X 2
IsI 1
aWWr1aauM 1
GxuBbn 1
W 2
o7ftC7M 1
hazSItvQjJ 1
ZqEO 1
eeZF4W 1
vHUUSK19u 1
v 4
R 3
r 3
XTuz 1
p 5
n2wx7gN 1
T 3
R 4
t 7
M 5
vEeUPzcxS 1
vTu 1
VfTvZK 1
R 5
H 3
eEMbj 1
bo4BfT 1
uO1 1
ZNkITVH5I 1
KxnCapMVcA 1
QBj 1
pPkwZJzm 1
k 1
JOwmLc3HQr 1
gNQdJnNPB6 1
hJ1WYe7yL 1
DJGXU 1
f1naZ 1
PnDp5l 1
i 4
hkzDKsYm 1
y 3
qF1 1
a 4
zxp9xuxWIy 1
I 2
Jn9Aqcp 1
INHAlKOzR 1
blPnJ 1
w 4
n 1
CRJxtag 1
zYsux0wsT 1
a 5
O 5
B 1
T0MXqABU 1
qZ7MXaNWyS 1
S 3
jezt 1
o 4
RJ0y 1
Nh 1
i 5
FsU 1
nsioWP46vJ 1
A 3
BKue 1
vPbEI 1
Rs2 1
Z 1
KKXz 1
X 3
KmlPDqiwz 1
uVPT6 1
aNtIK4avQL 1
zdTcmuMNSA 1
quGv 1
ihbBN5H6FL 1
n 2
WTDVVHUHDf 1
l 5
TU5UIEqn 1
h 4
gT5X6L5V 1
v 5
zJ4IOHAei 1
X 4
kZ 1
Jrky 1
KXae 1
N 3
g67 1
l 6
ebX1mkkx0s 1
DLirzYP0M 1
U 3
c 5
vrzoVY 1
bKu 1
f 3
CskwFuUaKG 1
q2W 1
z 1
VCZa 1
aDajVycB 1
XndWzQKJ 1
X5TasM 1
zATi56ARzc 1
p 6
u 3
T 4
GCKinDH4 1
D 2
F 4
Uq9jQvkxqW 1
XKmnGvB 1
FOzyfHD74G 1
M 6
d 3
Feyb 1
FwrXbhXd6U 1
F 5
ShrW 1
glZwi 1
Wmdt7n6x 1
O 6
oi 1
S 4
kf1rvxizFU 1
S8 1
rsO 1
c 6
ux8Ku 1
j 4
M 7
IFpbY6Ed 1
yerF6Efxq 1
V 4
q 1
htfkb 1
UFXPRa 1
Q 2
W 3
Ru6Pgtbx1B 1
cbM8o22oSQ 1
B 2
s 4
QUDs1jRX 1
Q 3
N 4
emkwHbSrx1 1
M 8
H 4
D 3
PYTv53r 1
v7EtqMfw 1
OXF 1
C 4
K 7
xoy83yRc 1
e6 1
hZnhe 1
Sm 2
F312g7ojN 1
oKLLX 1
KNGN8v 1
hMEtGif5 1
EKBO73L1c8 1
Y 3
D5LL 1
I7Y 1
sgeAoos 1
nXyBW 1
hw 1
i 6
nS97byvbW 1
e 3
R 6
v3vC 1
ipvkbpVNox 1
CE41FGZI 1
E 3
V 5
QR 1
m 2
doWkjXaYUw 1
m 3
P 5
de0 1
i 7
gQ2qNF 1
T 5
G 2
z 2
E 4
F 6
F 7
lHLjEe 1
suwr0LpC11 1
Q 4
Yvqn4F 1
m 4
b 3
Y 4
B 3
dmIlN 1
w9OE3B2i 1
P 6
Z 2
SFnLluUS 1
Xe5EQE 1
Z 3
OHJlI4L 1
X 5
mN2mNmv 1
RtO8m 1
db8BH8GJ 1
wxxoDdye1z 1
CqdCd 1
ZmDQ9IVOU 1
sHA 1
Wyk4tkaigS 1
X 6
v 6
E 5
Q 5
y 4
v 7
z2D 1
Z 4
purhXgO7 1
h 5
sh 1
YTmkY 1
bF2SF 1
T5 1
j 5
qiKlYI 1
v 8
U 4
d 4
mSxgrzWpcZ 1
d 5
k 2
qRlYaizZZ 1
d 6
y446MKIF 1
TbLnCz9DN 1
O 7
AM 1
w 5
Z07s8 1
bpZULrjpf 1
VP 1
D 4
PZw8T8XO 1
fp 1
X 7
cqQKe3 1
mKl3 1
T8ro 1
JNEK 1
p 7
mjU2 1
I 3
trCxlAtX4e 1
n 3
v 9
cXfN 1
Z5PplSICt 1
Mb 1
X 8
L 3
cLT8UQV0l 1
o9ueb0M3 1
t3J 1
KYLi6BbDs 1
y 5
O 8
c 7
L 4
d 7
Mwljl0w6 1
B 4
tf94sPgG1 1
c1 1
sYkWFb 1
Uurk 1
y 6
j7DwGwoI 1
aPkvjjWjgi 1
o6kT1bc3d 1
Yf8o 1
m 5
K 8
A 4
jeQ 1
c 8
fhjuDnO 1
vdQgaxqle 1
n1Kxg 1
t 8
t 9
VQApA 1
f 4
c 9
x6im9NUuS1 1
Fbduj 1
U 5
YD50q9C3 1
lPBalexT 1
E 6
U 6
n4YTJQN 1
rLqI 1
AvtMkhS26 1
r 4
D 5
S 5
Hm 1
ufs8wKNl 1
nK41bn 1
K 9
SGuFdKKIkG 1
l 7
m 6
E 7
TAk4Tb 1
jdz8 1
vcLVjlnyux 1
RCcINjm 1
Cnk0hQelb4 1
G 3
WnQx 1
Z 5
j 6
Y 5
B 5
Z 6
Tdnhmu 1
o 5
L 5
oyucJp 1
NbpVid9um 1
b 4
j 7
dhXJL4c7F 1
MX 1
V 6
O 9
pCg65 1
q5XmOzRWdy 1
s7fHs 1
e 4
U 7
V 7
Q 6
T1 1
c 10
RTZOk7S 1
D 6
GAK9 1
K 10
CfZ4jkc 1
Jtg35T 1
TL 1
s 5
spKzqRkWyt 1
u 4
g 2
rZ 1
D 7
r 5
il 1
i 8
I 4
l 8
LA 1
jprvleB6zA 1
e 5
mFLwpIwDlR 1
OCGLCqtvl 1
dRdUrj0R 1
zPlNIEnGQz 1
o 6
E 8
yyJ9n9 1
DTmt 1
j 8
t 10
R4blil4T8o 1
G 4
Q 7
y 7
UNjwmUA 1
mn610TNz 1
Z 7
a 6
TUzyK 1
D 8
z 3
xwE34HNGu 1
f 5
g 3
N 5
z2qStP 1
R 7
u 5
OY 2
d 8
H 5
B 6
k 3
C7P 1
J2 1
h 6
drjjoFBZhV 1
r 6
d3 1
M 9
S 6
l 9
f 6
eK0Sz 1
P 7
HH 1
IG34NvB4 1
L 6
XyBRqvPON 1
M 10
yIZj1XQ 1
S 7
u 6
e 6
Q 8
RF 1
u 7
O 10
u 8
B 7
AHYG 1
o 7
i 9
M 11
HYK6DFXY 1
Jum7d3moBx 1
u 9
o 8
tjjvcJI3i 1
U 8
q 2
F 8
e 7
Y 6
Xsak1Xd 1
N 6
Ja 1
s 6
B9UyFm 1
v6O2GN3esJ 1
K 11
gWzx2qSyjm 1
I 5
S 8
G 5
T 6
z 4
EUmQkw 1
ASoM 1
j8i3YSk3 1
b 5
c 11
AVTPAKFQF 1
Q 9
vkYZV36vnz 1
d0ByRJkqK 1
q 3
rnRrE 1
K 12
F 9
B 8
mm3qS 1
v 10
d 9
L47kB1aw 1
YI 1
v 11
U 9
e 8
U 10
e 9
J 2
BMrGwQAhzo 1
w 6
s 7
QxhnJv6HX 1
d 10
Z2 1
D 9
K 13
Z 8
K 14
q4jhlaFAws 1
c 12
J 3
w 7
qiYhtTxNEk 1
b 6
m 7
K 15
vvvWl5iWW3 1
btn 1
u 10
z 5
BAwomQrLdy 1
h 7
hPUq6 1
T 7
R4Qjtd 1
z 6
K 16
A 5
r 7
Q2 2
cZkfFzYBf2 1
o 9
O 11
v 12
z 7
J4 1
e 10
u 11
T 8
M 12
H 6
J 4
kiQy 1
I 6
aruWqIXjGZ 1
pb0GQdkut 1
Q 10
XNzl1THs98 1
e 11
z 8
E 9
Z 9
m 8
K 17
Lg6 1
y 8
t 11
c 13
SI 1
B 9
tqujf6l0hr 1
C 5
lkcywpFJa 1
A 6
X 9
R 8
l 10
f 7
E 10
X 10
U 11
U 12
y 9
P 8
s 8
f 8
Z 10
P 9
A 7
OfM 1
q 4
u 12
D 10
b 7
p 8
S 9
A 8
dWJNimbO8t 1
l 11
H 7
J 5
h 8
I 7
m399mAbM8 1
r 8
v 13
z 9
B 10
f 9
N 7
G 6
R 9
i 10
a 7
J 6
j 9
L 7
S 10
t 12
v 14
A 9
e 12
H 8
H 9
F 10
K 18
Ro4lRFkYnb 1
j 10
G 7
LE 1
n 4
h 9
u 13
L 8
th 2
h 10
s 9
U 13
w 8
w 9
k 4
S 11
Z 11
D 11
C 6
L 9
O 12
a 8
j 11
egzlZvz9On 1
frXnmV5hy 1
RwpNCMDa 1
A 10
q 5
b 8
W 4
c 14
P 10
g 4
PelC1Y0t8 1
m 9
RbEsgtQguP 1
I 8
o 10
u 14
o3znnZ6U 1
Y 7
s 10
r 9
J 7
OYEy6ljkXi 1
t 13
tl6sZ4QtU 1
kydXiq0GZT 1
pmDwA 1
H 10
A 11
c 15
x 4
k 5
g 5
D 12
J 8
Q 11
Yh7bXSn19i 1
lp8xl5BzxW 1
T 9
u 15
CuOxVwMYpk 1
C 7
G 8
t 14
x 5
LsVEQd2qvt 1
V 8
Y 8
th 3
b 9
R 10
i 11
u 16
H 11
P 11
NjJ8WZLhuP 1
T 10
u 17
R 11
s 11
h 11
d 11
f 10
h 12
n 5
p 9
h 13
n 6
W 5
d 12
y 10
scYTuZP2 1
vF 2
r 10
W 6
Y 9
y 11
j 12
p 10
oC 2
O 13
n 7
J 9
QoNXgmolaY 1
A 12
w 10
k 6
P 12
p 11
x 6
Q 12
u 18
n 8
D 13
YI 2
c 16
i 12
a 9
LGFEmDRz 1
R 12
Z 12
d 13
h 14
C 8
DWzY9n 1
T 11
r 11
G 9
w 11
C 9
J 10
D 14
fUzucBgynT 1
P 13
yqzrcTiXK 1
N 8
t 15
k 7
B 11
e 13
lArwP 1
N 9
V 9
m 10
J 11
d 14
b 10
l 12
c 17
O 14
N 10
Y 10
c 18
d 15
H 12
QR 2
z 10
M 13
l 13
a 10
kw 2
V 10
w 12
y 12
N 11
Q 13
U 14
V 11
g 6
T 12
U 15
G 10
d 16
h 15
Q 14
b 11
a 11
A 13
vRF727jOP 1
S 12
J 12
e 14
E 11
j 13
f 11
t 16
H 13
N 12
P 14
LPn4vPyTGw 1
F 11
N6 2
j 14
E 12
P 15
J 13
c 19
n 9
u 19
x 7
I 9
a 12
y 13
q 6
Q 15
m 11
g 7
q 7
B 12
m 12
tm 2
X 11
B 13
e 15
Br 2
Br 3
M 14
J 14
o 11
H 14
xB9ktOczzK 1
bFbhFmGDat 1
c 20
f 12
P 16
d 17
i 13
k 8
P 17
S 13
m 13
E 13
N 13
Q 16
o 12
y 14
qZUlu8Ofra 1
x 8
l 14
S 14
icBQfghgeq 1
d 18
X 12
l 15
G 11
Cm 2
K 19
x 9
x 10
V 12
S 15
H 15
P 18
Y 11
S 16
j 15
W 7
F 12
L 10
C 10
K 20
E 14
l 16
snpiNsN76g 1
z 11
H 16
h 16
d 19
r 12
w 13
M 15
A 14
r 13
f 13
w 14
k 9
F 13
T 13
C 11
N 14
a 13
u 20
L 11
o 13
q 8
x 11
I 10
A 15
ngXnbQejcj 1
f 14
b 12
C 12
FxKQaRu 1
K 21
I 11
t 17
VcqseX8jDt 1
I 12
O 15
Y 12
W 8
i 14
X 13
j 16
A 16
K 22
vF 3
i 15
Vm 2
X 14
n 10
D 15
w 15
Y 13
v 15
d 20
W 9
k 10
n 11
d 21
p 12
Fa 2
t 18
x 12
Q 17
R 13
x 13
A 17
Z 13
l 17
t 19
x 14
X 15
V 13
V 14
r 14
d 22
L 12
d 23
y 15
jLUwlZHubw 1
H 17
B 14
i 16
F 14
a 14
w 16
s 12
kw 3
P 19
Q 18
e 16
l 18
H 18
z 12
a 15
k 11
F 15
a 16
BtOMmBjxNz 1
a 17
z 13
H 19
Z 14
i 17
f 15
z 14
P 20
G 12
v 16
TqunXGWkzu 1
H 20
c 21
S 17
Z 15
D 16
L 13
z 15
gbojmaRjtb 1
m 14
i 18
W 10
T 14
U 16
j 17
C 13
V 15
wH 2
O 16
g 8
kPKvVjTua 1
I 13
G 13
u 21
a 18
q 9
zNulmpsbSM 1
c 22
t 20
a 19
Q 19
m 15
a 20
Q 20
f 16
H 21
M 16
a 21
V 16
N 15
Y 14
y 16
g 9
T 15
c 23
y 17
g 10
S 18
y 18
l 19
i 19
M 17
d 24
w 17
G 14
d 25
h 17
A 18
q 10
ZqJXToNslj 1
T 16
L 14
j 18
Z 16
m 16
m 17
g 11
q 11
C 14
t 21
w 18
d 26
L 15
G 15
yoEWzmi6h 1
f 17
S 19
q0vqwtlhwc 1
P 21
W 11
w 19
K 23
b 13
V 17
d 27
f 18
E 15
R 14
R 15
v 17
B 15
K 24
x 15
y 19
R 16
q 12
n 12
t 22
A 19
N 16
H 22
H 23
I 14
q 13
O 17
E 16
zIu4Nnwsvg 1
w 20
F 16
j 19
Q 21
g 12
n 13
J2 2
z 16
a 22
j 20
fGpudbOkqB 1
V 18
t 23
T 17
B 16
A 20
L 16
z 17
HKiR7Y4M 1
d 28
crubmmVcyf 1
I4 1
o 14
f 19
d 29
Q 22
e 17
G 16
m 18
i 20
d 30
i 21
U 17
b 14
U 18
S 20
p 13
v 18
f 20
f 21
p 14
u 22
t 24
N 17
M 18
R 17
MX 2
L 17
i 22
g 13
x 16
M 19
Y 15
F 17
k 12
O 18
UntxhBVenf 1
N 18
O 19
F 18
e 18
h 18
h 19
J 15
Z 17
t 25
i 23
d 31
G 17
W 12
F 19
o 15
E 17
r 15
q 14
V 19
q 15
u 23
RqnEqSxkdd 1
p 15
z 18
R 18
l 20
f 22
a 23
B 17
b 15
M 20
q 16
b 16
a 24
S8 2
a 25
khPzbLlcIe 1
T 18
t 26
K 25
Q 23
k 13
I 15
j 21
L 18
A 21
j 22
p 16
o 16
s 13
y 20
i 24
Q 24
g 14
r 16
S 21
J 16
C 15
N 19
o 17
YI 3
R 19
t 27
F 20
v 19
oAlMsWBbyy 1
A 22
M 21
t 28
Y 16
XzlXxJUaSo 1
H 24
L 19
v 20
b 17
Y 17
k 14
l 21
j 23
U 19
N 20
N 21
I 16
o 18
n 14
I 17
A 23
G 18
Q 25
A 24
G 19
Z 18
k 15
y 21
S 22
Q 26
o 19
p 17
x 17
f 23
a 26
W 13
E 18
y 22
f 24
r 17
u 24
W 14
i 25
MX 3
n 15
i 26
K 26
Q7 2
B 18
A 25
Q 27
i 27
Y 18
c 24
L5 1
B 19
Q 28
y 23
MX 4
z 19
tmmpwINJ 1
v 21
a 27
g 15
B 20
S 23
t 29
F 21
L 20
W 15
Y 19
I 18
j 24
C 16
r 18
BeAvmpnTjn 1
B 21
j 25
h 20
Z 19
j 26
Y 20
m 19
K 27
t 30
y 24
W 16
s 14
J 17
L 21
c 25
z 20
a 28
fe 2
U 20
M 22
d 32
f 25
n 16
e 19
M 23
G 20
L 22
b 18
v 22
C 17
P 22
c 26
I 19
y 25
h 21
i 28
A 26
h 22
C 18
t 31
z 21
T 19
O 20
K 28
G 21
y 26
u 25
n 17
w 21
W 17
S 24
n 18
W 18
r 19
V 20
o 20
o 21
j 27
yHzupwx9rK 1
v 23
J 18
z 22
W 19
h 23
Z 20
e 20
z 23
j 28
j 29
C 19
sKFbiqzSxo 1
F 22
oc 2
G 22
g 16
V 21
b 19
D 17
N 22
z 24
I 20
o 22
a 29
c 27
e 21
u 26
a 30
u 27
N 23
N 24
C 20
J 19
m 20
R 20
L 23
j 30
N 25
y 27
Os 2
i 29
l 22
r 20
W 20
L 24
j 31
Z 21
s 15
I 21
p 18
D 18
r 21
I 22
k 16
i 30
E 19
h 24
y 28
z 25
s 16
Q 29
R 21
c 28
r 22
j 32
A 27
i 31
S 25
T 20
JS 2
O 21
g 17
p 19
J 20
u 28
q 17
o 23
w 22
F 23
x 18
M 24
Y 21
ryA0pzowDs 1
w 23
O 22
u 29
r 23
F 24
Q 30
l 23
O 23
n 19
y 29
Z 22
F 25
u 30
s 17
g 18
P 23
C 21
F 26
M 25
h 25
D 19
V 22
M 26
l 24
t 32
N 26
g 19
Q 31
wPTNO9fvvs 1
u 31
c 29
u 32
I 23
t 33
F 27
k 17
J 21
U 21
u 33
B 22
b 20
w 24
y 30
j 33
U 22
p 20
L 25
v 24
k 18
k 19
q 18
xiqQEeXsuY 1
Q 32
T 21
w 25
i 32
L 26
k 20
A 28
M 27
Z 23
Q 33
V 23
Z 24
y 31
i 33
y 32
Z 25
B 23
k 21
C 22
W 21
X 16
l 25
p 21
C 23
l 26
k 22
X 17
U 23
l 27
W 22
O 24
F 28
O 25
m 21
s 18
t 34
c 30
K 29
D 20
u 34
i 34
h 26
o 24
sdsCpFrRpk 1
t 35
R 22
y 33
I 24
l 28
s 19
R 23
g 20
V 24
I 25
C 24
r 24
Y 22
y 34
A 29
O 26
C 25
B 24
H 25
xQMpfajend 1
S 26
P 24
t 36
E 20
U 24
N 27
E 21
K 30
v 25
M 28
k 23
w 26
X 18
Q 34
oXraEtCMzn 1
A 30
N 28
k 24
E 22
C 26
c 31
Q 35
x 19
F 29
z 26
n 20
Q 36
Q 37
u 35
D 21
h 27
r 25
K 31
l 29
n 21
V 25
W 23
N 29
F 30
g 21
H 26
D 22
t 37
M 29
w 27
e 22
T 22
W 24
F 31
K 32
S 27
g 22
R 24
c 32
C 27
i 35
g 23
R 25
O 27
B 25
F 32
E 23
p 22
Q 38
W 25
t 38
X 19
z 27
k 25
c 33
R 26
J 22
i 36
j 34
a 31
Y 23
T 23
p 23
d 33
K 33
Q 39
Q 40
s 20
l 30
H 27
Q 41
w 28
s 21
Z 26
tBbCyyqrrB 1
c 34
X 20
m 22
m 23
B 26
p 24
i 37
Y 24
k 26
e 23
Y 25
I 26
LltEjwoUyz 1
U 25
u 36
Y 26
y 35
TL 2
F 33
V 26
y 36
a 32
m 24
e 24
Y 27
c 35
R 27
I 27
w 29
h 28
c 36
J 23
x 20
w 30
e 25
Z 27
j 35
x 21
d 34
vTFsjzwMlV 1
JS 3
L 27
l 31
v 26
h 29
i 38
j 36
j 37
A 31
F 34
z 28
j 38
B 27
j 39
Z 28
t 39
M 30
k 27
X 21
x 22
S 28
B 28
q 19
B 29
I 28
R 28
P 25
L 28
S 29
WoMpuehPpn 1
s 22
y 37
v 27
B 30
R 29
i 39
h 30
B 31
B 32
k 28
Y 28
T 24
b 21
T5 2
n 22
Q 42
g 24
T 25
N 30
w 31
m 25
F 35
W 26
D 23
K 34
K 35
Q 43
d 35
HzcBzftvEE 1
z 29
j 40
F 36
q 20
l 32
b 22
N 31
P 26
H 28
W 27
B 33
n 23
c 37
V 27
i 40
y 38
a 33
y 39
y 40
y 41
W 28
C 28
u 37
e 26
R 30
A 32
F 37
d 36
J 24
D 24
o 25
E 24
D 25
M 31
v 28
Y 29
f 26
f 27
P 27
rGxIgOzfva 1
G 23
T 26
D7 1
O 28
w 32
w 33
U 26
U 27
C 29
Q 44
y 42
x 23
W 29
I4 2
S 30
s 23
d 37
F 38
T 27
a 34
y 43
Z 29
j 41
B 34
q 21
n 24
B 35
B 36
W 30
U 28
h 31
u 38
j 42
l 33
w 34
W0 2
s 24
Z 30
W 31
f 28
a 35
P 28
g 25
j 43
p 25
E 25
y 44
K 36
w 35
A 33
C 30
R 31
e 27
J 25
v 29
g 26
x 24
r 26
p 26
Z 31
i 41
E 26
A 34
S 31
p 27
R 32
f 29
L 29
O 29
M 32
L 30
g 27
w 36
H 29
k 29
V 28
W 32
r 27
x1 2
O 30
E 27
J 26
Z 32
H 30
R 33
F 39
Q 45
V 29
Y 30
z 30
W 33
h 32
W 34
G 24
f 30
C 31
m 26
k 30
H 31
lA 2
D 26
T 28
u 39
ezkIxtkayR 1
s 25
P 29
e 28
Z 33
H 32
N 32
A 35
N 33
i 42
P 30
Z 34
j 44
P 31
z 31
qgvFDGwQiZ 1
u 40
T 29
E 28
L 31
r 28
h 33
j 45
q 22
p 28
O 31
u 41
H 33
zM 2
X 22
J 27
L 32
D 27
x 25
c 38
k 31
R 34
g 28
h 34
Nh 2
c 39
l 34
C 32
C 33
C 34
L 33
b 23
S 32
P 32
J 28
v 30
G 25
z 32
m 27
F 40
a 36
s 26
e 29
r 29
U 29
i 43
Q 46
K 37
h 35
o 26
z 33
q 23
E 29
s 27
L 34
U 30
g 29
N 34
n 25
u 42
h 36
H 34
f 31
Q 47
m 28
g 30
r 30
f 32
Y 31
K 38
f 33
U 31
b 24
C 35
e 30
m 29
N 35
l 35
X 23
S 33
X 24
D 28
n 26
T 30
C 36
v 31
X 25
p 29
N 36
b 25
J 29
D 29
h 37
A 36
a 37
s 28
N 37
R 35
Y 32
A 37
T 31
X 26
c 40
w 37
S 34
a 38
C 37
t 40
a 39
q 24
F 41
S 35
f 34
D 30
p 30
x 26
Y 33
a 40
V 30
Y 34
S 36
f 35
V 31
d 38
o 27
G 26
t 41
b 26
O 32
X 27
a 41
V 32
j 46
R 36
H 35
T 32
f 36
d 39
j 47
u 43
c 41
R 37
x 27
Q 48
j 48
G 27
U 32
k 32
l 36
J 30
T 33
B 37
y 45
r 31
u 44
h 38
RF 2
X 28
T 34
F 42
X 29
E 30
o 28
T 35
o 29
X 30
S 37
w 38
X 31
N 38
Z 35
i 44
n 27
Z 36
u 45
x 28
t 42
t 43
j 49
d 40
N 39
P 33
Y 35
Y 36
E 31
E 32
u 46
o 30
N 40
N 41
y 46
M 33
M 34
l 37
e 31
l 38
a 42
V 33
U 33
m 30
K 39
X 32
j 50
j 51
u 47
i 45
e 32
g 31
R 38
Q 49
y 47
x 29
m 31
Y 37
l 39
G 28
Y 38
W 35
X 33
b 27
q 25
q 26
Y 39
r 32
w 39
r 33
T 36
W 36
Q 50
W 37
Z 37
r 34
A 38
y 48
A 39
X 34
H 36
l 40
o 31
D 31
f 37
a 43
D 32
k 33
r 35
f 38
R 39
v 32
H 37
o0 2
T 37
Q 51
G 29
U 34
i 46
M 35
O 33
T 38
p 31
E 33
I 29
J2 3
D 33
v 33
q 27
r 36
P 34
q 28
l 41
b 28
X 35
A 40
j 52
nIWdwknthj 1
jCwkhkHtpo 1
G 30
l 42
zikLrJilsw 1
Q 52
S 38
W 38
J 31
N 42
x 30
L 35
b 29
S 39
L 36
n 28
f 39
u 48
m 32
H 38
b 30
h 39
tM 2
a 44
X 36
S 40
r 37
P 35
O 34
q 29
s 29
W 39
Z 38
s 30
M 36
B 38
D 34
o 32
Q 53
f 40
g 32
R 40
i 47
e 33
w 40
b 31
z 34
B 39
R 41
h 40
I 30
O 35
M 37
g 33
O 36
C 38
z 35
k 34
B 40
m 33
W 40
I 31
I 32
n 29
h 41
erZuzTikGa 1
Q 54
g 34
I 33
o 33
U 35
N 43
b 32
D 35
T 39
Q 55
V 34
L 37
M 38
d 41
A 41
J 32
z 36
q 30
I 34
b 33
V 35
l 43
n 30
J 33
H 39
O 37
g 35
U 36
i 48
D 36
n 31
T 40
S 41
l 44
E 34
f 41
E 35
t 44
a 45
K 40
u 49
L 38
O 38
N 44
d 42
m 34
S 42
U 37
H 40
z 37
oC 3
L 39
e 34
t 45
v 34
k 35
z 38
G 31
Q 56
u 50
M 39
Q 57
F 43
Z 39
N 45
y 49
R 42
Z 40
U 38
A 42
R 43
C 39
g 36
i 49
U 39
r 38
U 40
F 44
P 36
L 40
aV 2
a 46
B 41
V 36
K 41
j 53
f 42
C 40
b 34
Z 41
oqrvgAIGcq 1
t 46
xynZtaAqYm 1
J4 2
f 43
w 41
z 39
S 43
f 44
G 32
y 50
g 37
r 39
W 41
N 46
O 39
X 37
g 38
C 41
d 43
R 44
A 43
i 50
Q 58
W 42
E 36
Z 42
x 31
C 42
X 38
N 47
X 39
q 31
o 34
k 36
S 44
l 45
g 39
x 32
o 35
I 35
h 42
S 45
r 40
p 32
W 43
h 43
t 47
Os 3
E 37
h 44
p 33
S 46
x 33
I 36
Z 43
J 34
P 37
P 38
F 45
e 35
j 54
L 41
N 48
h 45
Y 40
m 35
A 44
I 37
a 47
G 33
i 51
f 45
N 49
i 52
V 37
w 42
n 32
S 47
d 44
M 40
r 41
D 37
X 40
P 39
r 42
r 43
c 42
A 45
v 35
B 42
T 41
t 48
k 37
I 38
A 46
y 51
O 40
f 46
h 46
Ja 2
d 45
L 42
n 33
a 48
b 35
E 38
h 47
H 41
O 41
x 34
Y 41
g 40
a 49
u 51
v 36
a 50
E 39
O 42
i 53
F 46
Fa 3
e 36
U 41
U 42
r 44
x 35
c 43
G 34
k 38
R 45
G 35
E 40
s 31
W 44
Z2 2
R 46
l 46
G 36
D 38
v 37
o 36
wH 3
o 37
R 47
x 36
H 42
z 40
H 43
E 41
u 52
r 45
N 50
L 43
y 52
r 46
v 38
Y 42
V 38
P 40
k 39
I 39
B 43
y 53
o 38
w 43
I 40
y 54
d 46
A 47
x 37
L 44
P 41
S 48
C 43
K 42
j 55
n 34
K 43
l 47
Z 44
c 44
c 45
y 55
t 49
a 51
O 43
M 41
w 44
Z 45
Z 46
R 48
E 42
U 43
Z 47
O 44
J 35
t 50
O 45
a 52
m 36
m 37
N 51
m 38
A 48
K 44
l 48
g 41
J 36
t 51
o 39
w 45
i 54
w 46
d 47
X 41
Y 43
W 45
E 43
i 55
V 39
N 52
Z 48
T 42
R 49
F 47
t 52
Q 59
L 45
z 41
Q 60
v 39
I 41
H 44
T 43
k 40
M 42
s 32
x 38
u 53
r 47
s 33
E 44
W 46
B 44
g 42
f 47
AR 2
U 44
Y 44
P 42
s 34
E 45
M 43
N 53
j 56
R 50
G 37
N 54
S 49
W 47
l 49
A 49
s 35
U 45
x 39
t 53
W 48
N 55
X 42
y 56
k 41
i 56
C 44
e 37
j 57
B 45
w 47
w 48
n 35
mtZZffzxKr 1
j 58
N 56
X 43
E 46
o 40
s 36
M 44
q 32
LIzqoblnEq 1
d 48
s 37
P 43
J 37
Sm 3
D 39
M 45
N 57
F 48
E 47
j 59
U 46
Y 45
z 42
z 43
R 51
C 45
y 57
t 54
e 38
v 40
A 50
M 46
i 57
C 46
a 53
g 43
Y 46
z 44
Y 47
n 36
anpjyptJmb 1
C 47
z 45
yAjUnnuqoR 1
O 46
u 54
k 42
X 44
C 48
Y 48
s 38
D 40
v 41
v 42
c 46
n 37
M 47
J 38
r 48
E 48
R 52
l 50
p 34
z 46
l 51
w 49
X 45
j 60
w 50
H 45
e 39
e 40
D 41
G 38
e 41
x 40
r 49
D 42
o 41
v 43
o 42
u 55
r 50
t 55
w 51
U 47
k 43
Q 61
x 41
y 58
h 48
a 54
S 50
M 48
k 44
K 45
Y 49
Z 49
A 51
Y 50
E 49
D 43
F 49
R 53
X 46
g 44
N 58
i 58
A 52
U 48
d 49
s 39
i 59
R 54
m 39
j 61
g 45
k 45
k 46
Q 62
m 40
S 51
A 53
R 55
O 47
i 60
x 42
a 55
F 50
g 46
j 62
O 48
H 46
V 40
I 42
Q 63
x 43
j 63
S 52
W 49
O 49
x 44
r 51
p 35
P 44
SI 2
y 59
V 41
x 45
O 50
f 48
P 45
N 59
m 41
JH 2
i 61
W 50
B 46
Z 50
W 51
t 56
b 36
M 49
i 62
O 51
W 52
uoF 2
d 50
A 54
L 46
o 43
D 44
a 56
t 57
q 33
T 44
Z 51
g 47
q 34
R 56
u 56
V 42
Z 52
Y 51
B 47
i 63
C 49
q 35
K 46
q 36
M 50
d 51
R 57
X 47
T 45
t 58
W 53
E 50
F 51
o 44
w 52
k 47
S 53
A 55
s 40
R 58
R 59
Z 53
K 47
e 42
q 37
T 46
P 46
u 57
Z 54
BD 2
c 47
s 41
f 49
J 39
H 47
y 60
I 43
L 47
v 44
T 47
m 42
V 43
a 57
N 60
Y 52
P 47
Y 53
R 60
V 44
a 58
e 43
f 50
H 48
j 64
D 45
m 43
m 44
P 48
tm 3
s 42
f 51
b 37
y 61
P 49
e 44
j 65
K 48
k 48
z 47
p 36
G 39
n 38
Y 54
d 52
u 58
r 52
C 50
j 66
I 44
g 48
M 51
u 59
b 38
B 48
r 53
X 48
A 56
H 49
L 48
f 52
q 38
W 54
E 51
u 60
w 53
X 49
e 45
i 64
U 49
Z 55
d 53
Y 55
fvqiUxfyPG 1
v 45
S 54
G 40
X 50
C 51
t 59
B 49
U 50
O 52
w 54
a 59
th 4
H 50
z 48
I 45
z 49
f 53
F 52
C 52
l 52
x 46
N 61
O 53
B 50
D 46
A 57
n 39
f 54
G 41
Y 56
b 39
B 51
X 51
Y 57
p 37
r 54
J 40
y 62
M 52
nwkimfePTo 1
h 49
X 52
g 49
a 60
d 54
a 61
L 49
U 51
h 50
Q 64
n 40
q 39
f 55
Y 58
S 55
a 62
X 53
x 47
z 50
r 55
P 50
k 49
m 45
C 53
K 49
p 38
N 62
M 53
y 63
G 42
n 41
M 54
F 53
x 48
h 51
T 48
D 47
JS 4
k 50
j 67
w 55
n 42
k 51
j 68
z 51
u 61
l 53
u 62
i 65
p 39
f 56
M 55
T 49
V 45
r 56
g 50
F 54
B 52
i 66
h 52
N 63
E 52
O 54
R 61
J 41
J 42
y 64
m 46
n 43
W 55
E 53
P 51
d 55
o 45
W 56
YRsSyjbWdz 1
X 54
G 43
N 64
V 46
q 40
L 50
H 51
L 51
H 52
q 41
N 65
H 53
G 44
d 56
A 58
G 45
y 65
O 55
O 56
v 46
W 57
tRqwyllgrP 1
d 57
jQ 2
o 46
P 52
u 63
V 47
b 40
c 48
v 47
V 48
r 57
N 66
o 47
c 49
s 43
E 54
Z 56
x 49
b 41
g 51
h 53
e6 2
X 55
p 40
o 48
D 48
V 49
p 41
oC 4
I 46
T 50
g 52
U 52
m 47
S 56
q 42
k 52
M 56
G 46
q 43
R 62
i 67
n 44
P 53
R 63
R 64
r 58
J 43
d 58
F 55
V 50
V 51
s 44
S 57
I 47
c 50
d 59
y 66
H 54
T 51
Q 65
P 54
Y 59
I 48
c 51
s 45
B 53
Z 57
k 53
t 60
x 50
T 52
C 54
x 51
B 54
f 57
Y 60
C 55
x 52
vF 4
A 59
e 46
h 54
U 53
e 47
G 47
E 55
H 55
N 67
i 68
y 67
S 58
i 69
n 45
d 60
a 63
J 44
S 59
g 53
u 64
Z 58
W0 3
t 61
a 64
B 55
s 46
S 60
G 48
f 58
h 55
Q 66
kw 4
V 52
k 54
C 56
U 54
Y 61
h 56
f 59
d 61
k 55
v 48
c 52
t 62
V 53
v 49
c 53
o 49
D 49
u 65
K 50
P 55
t 63
U 55
V 54
B 56
d 62
W 58
v 50
H 56
f 60
t 64
t 65
e 48
x 53
j 69
M 57
M 58
D 50
F 56
R 65
Q 67
n 46
o 50
q 44
U 56
u 66
S 61
q 45
H 57
Q 68
a 65
T 53
Dy 2
v 51
y 68
y 69
l 54
f 61
l 55
O 57
O 58
w 56
g 54
f 62
n 47
z 52
N 68
x 54
g 55
P 56
O 59
b 42
G 49
YI 4
g 56
I 49
q 46
t 66
O 60
x 55
s 47
Y 62
Z 59
k 56
s 48
t 67
t 68
c 54
S 62
c 55
I 50
sNRDkqpnYu 1
g 57
R 66
w 57
F 57
R 67
B 57
n 48
H 58
a 66
a 67
M 59
S 63
x 56
r 59
E 56
s 49
k 57
D 51
U 57
f 63
K 51
W 59
n 49
AM 2
g 58
e 49
O 61
E 57
K 52
p 42
D 52
r 60
c 56
K 53
L 52
j 70
A 60
q 47
L 53
j 71
b 43
e 50
q 48
a 68
j 72
E 58
B 58
j 73
W 60
T 54
d 63
H 59
V 55
U 58
J 45
M 60
b 44
A 61
y 70
o 51
e 51
F 58
O 62
M 61
O 63
R 68
Z 60
A 62
O 64
I 51
n 50
Q 69
l 56
S 64
e 52
b 45
m 48
L 54
i 70
A 63
r 61
a 69
J 46
B 59
J 47
F 59
m 49
z 53
s 50
Y 63
J 48
m 50
D 53
K 54
s 51
i 71
W 61
en 2
X 56
e 53
n 51
R 69
L 55
s 52
c 57
B 60
I 52
Q 70
D 54
y 71
a 70
S 65
m 51
x 57
p 43
k 58
g 59
e9 2
q 49
c 58
t 69
v 52
z 54
O 65
z 55
Y 64
m 52
L 56
v 53
O 66
u 67
j 74
h 57
w 58
x 58
s 53
F 60
F 61
c 59
j 75
N 69
m 53
C 57
c 60
B 61
g 60
c 61
b 46
k 59
p 44
pro9Wrykcw 1
u 68
h 58
q 50
e 54
p 45
X 57
J 49
y 72
z 56
w 59
I 53
h 59
T 55
B 62
R 70
e 55
E 59
B 63
S 66
R 71
H 60
e 56
W 62
Z 61
kw 5
E 60
x 59
b 47
i 72
r 62
r 63
J 50
D 55
W 63
D 56
E 61
A 64
j 76
d 64
G 50
O 67
g 61
E 62
S 67
i 73
P 57
S 68
N 70
V 56
i 74
Q 71
H 61
F 62
L 57
u 69
X 58
S 69
k 60
i 75
V 57
T 56
O 68
M 62
Z 62
A 65
M 63
r 64
z 57
y 73
z 58
o 52
y 74
Y 65
L 58
t 70
j 77
u 70
z 59
i 76
b 48
i 77
z 60
I 54
U 59
X 59
w 60
m 54
B 64
c 62
R 72
K 55
b 49
B 65
S 70
m 55
l 57
F 63
m 56
S 71
q 51
g 62
D 57
Q 72
p 46
U 60
K 56
L 59
J 51
n 52
d 65
b 50
l 58
N 71
y 75
k 61
H 62
s 54
n 53
h 60
Q 73
Y 66
WlsGNmwuRv 1
j 78
a 71
x 60
h 61
l 59
m 57
j 79
P 58
Q 74
q 52
J 52
C 58
j 80
A 66
y 76
H 63
j 81
u 71
v 54
I 55
h 62
fe 3
K 57
A 67
X 60
J 53
m 58
u 72
R 73
e 57
A 68
q 53
D 58
R 74
r 65
h 63
k 62
Y 67
u 73
n 54
X 61
B 66
r 66
R 75
u 74
B 67
uq 2
i 78
j 82
u 75
G 51
O 69
D 59
e 58
K 58
c 63
P 59
V 58
o 53
t 71
e 59
h 64
v 55
z 61
Q 75
j 83
I 56
h 65
Y 68
c 64
M 64
g 63
D 60
I 57
W 64
r 67
h 66
R 76
o 54
h 67
A 69
q 54
X 62
m 59
c 65
u 76
Y 69
L 60
b 51
o 55
M 65
i 79
K 59
K 60
f 64
S 72
i 80
g 64
B 68
H 64
m 60
F 64
o 56
q 55
X 63
P 60
x 61
A 70
n 55
N 72
H 65
I 58
j 84
L 61
N 73
qqbehxKvRM 1
v 56
d 66
a 72
w 61
G 52
Q 76
A 71
P 61
M 66
d 67
K 61
E 63
z 62
O 70
N 74
C 59
en 3
e 60
u 77
U 61
a 73
W 65
q 56
E 64
X 64
V 59
m 61
q 57
i 81
q 58
d 68
a 74
J 54
N 75
b 52
L 62
l 60
v 57
E 65
j 85
G 53
W 66
K 62
p 47
q 59
A 72
B 69
l 61
l 62
c 66
H 66
W 67
L 63
u 78
y 77
I 59
x 62
U 62
E 66
s 55
M 67
B 70
o 57
J 55
O 71
A 73
W0 4
m 62
G 54
x 63
L 64
L 65
m 63
p 48
l 63
O 72
a 75
a 76
U 63
U 64
Mb 2
O 73
R 77
v 58
h 68
v 59
r 68
g 65
q 60
f 65
f 66
A 74
g 66
W 68
a 77
I 60
J 56
l 64
d 69
C 60
y 78
Sm 4
n 56
Q 77
p 49
O 74
S 73
i 82
r 69
S 74
A 75
e 61
f 67
m 64
x 64
K 63
c 67
shsZvvpdeW 1
n 57
Y 70
p 50
j 86
z 63
c 68
f 68
Z 63
R 78
J 57
u 79
F 65
d 70
H 67
x 65
W 69
T 57
i 83
G 55
V 60
j 87
c 69
M 68
R 79
C 61
h 69
M 69
k 63
K 64
m 65
F 66
F 67
v 60
f 69
i 84
f 70
D 61
t 72
V 61
F 68
o 58
W 70
V 62
V 63
A 76
L 66
n 58
I 61
D 62
L 67
z 64
n 59
q 61
Q 78
b 53
X 65
m 66
T 58
Q 79
c 70
V 64
Os 4
P 62
b 54
x 66
D 63
z 65
S 75
Z 64
d 71
P 63
z 66
n 60
R 80
x 67
a 78
w 62
u 80
q 62
s 56
d 72
f 71
m 67
W 71
K 65
f 72
g 67
X 66
G 56
z 67
l 65
s 57
J 58
n 61
J 59
i 85
i 86
X 67
P 64
u 81
Y 71
D 64
x 68
J 60
s 58
j 88
B 71
D 65
m 68
P 65
V 65
R 81
r 70
L 68
K 66
l 66
A 77
K 67
w 63
X 68
p 51
F 69
O 75
i 87
u 82
F 70
P 66
L 69
Y 72
o 59
Q2 3
b 55
S 76
Q 80
s 59
e 62
N 76
L 70
D 66
I 62
R 82
R 83
Q 81
l 67
Q 82
H 68
O 76
y 79
w 64
h 70
X 69
u 83
E 67
Z 65
o 60
A 78
o 61
S 77
x 69
a 79
z 68
h 71
J 61
y 80
s 60
G 57
e 63
d 73
B 72
l 68
B 73
Z 66
T 59
k 64
f 73
k 65
Q 83
K 68
O 77
Y 73
Q 84
P 67
H 69
c 71
s 61
r 71
K 69
F 71
c 72
l 69
G 58
j 89
h 72
z 69
S 78
th 5
N 77
o 62
v 61
I 63
d 74
IM 2
n 62
I 64
N 78
z 70
s 62
G 59
o 63
a 80
x 70
f 74
U 65
h 73
d 75
K 70
P 68
j 90
R 84
T 60
L5 2
d3 2
I 65
W 72
B 74
u 84
m 69
E 68
h 74
fe 4
B 75
S 79
E 69
f 75
i 88
l 70
A 79
z 71
Ax 2
v 62
w 65
T 61
l 71
Z 67
P 69
g 68
d 76
q 63
G 60
s 63
h 75
X 70
R 85
p 52
C 62
Z 68
G 61
R 86
W 73
M 70
i 89
k 66
e 64
t 73
F 72
oc 3
K 71
f 76
o 64
xkrcHBqyzz 1
n 63
Q 85
a 81
G 62
M 71
f 77
G 63
u 85
S 80
u 86
n 64
G 64
f 78
e 65
e 66
s 64
h 76
b 56
y 81
M 72
u 87
H 70
i 90
u 88
n 65
H 71
O 78
b 57
M 73
f 79
db 2
x 71
M 74
W 74
X 71
J 62
r 72
a 82
Y 74
X 72
y 82
y 83
T 62
t 74
f 80
J 63
Dy 3
g 69
AM 3
r 73
c 73
y 84
w 66
W 75
l 72
f 81
G 65
JH 3
e9 3
z 72
h 77
w 67
n 66
A 80
B 76
Z 69
f 82
q 64
I 66
t 75
B 77
l 73
b 58
t 76
E 70
C 63
H 72
X 73
g 70
E 71
d 77
f 83
Q 86
f 84
k 67
x 72
i 91
R 87
i 92
h 78
C 64
v 63
x 73
H 73
K 72
Y 75
Z 70
c 74
z 73
g 71
f 85
I 67
d 78
f 86
e 67
M 75
r 74
Y 76
w 68
X 74
U 66
o 65
l 74
r 75
s 65
W 76
H 74
B 78
y 85
i 93
v 64
i 94
C 65
J 64
U 67
X 75
N 79
u 89
I 68
v 65
C 66
P 70
H 75
u 90
m 70
y 86
Z 71
Y 77
J 65
r 76
z 74
i 95
b 59
L 71
w 69
w 70
o 66
E 72
D 67
E 73
r 77
k 68
c 75
e 68
S 81
d 79
o 67
W 77
k 69
i 96
q 65
A 81
G 66
D 68
c 76
b 60
U 68
A 82
y 87
u 91
a 83
n 67
j 91
B 79
F 73
VP 2
Y 78
Z 72
l 75
K 73
s 66
p 53
H 76
vmqIzjc6zz 1
e 69
A 83
g 72
I 69
r 78
M 76
V 66
h 79
s 67
kr 2
m 71
B 80
P 71
F 74
b 61
i 97
o 68
A 84
x 74
b 62
D 69
t 77
s 68
I 70
J 66
B 81
V 67
V 68
M 77
v 66
k 70
w 71
L 72
m 72
o 69
j 92
U 69
J 67
r 79
d 80
R 88
K 74
u 92
e 70
j 93
G 67
X 76
k 71
n 68
v 67
F 75
L 73
r 80
U 70
c 77
P 72
a 84
N 80
V 69
H 77
e 71
V 70
Z 73
S 82
d 81
Z 74
J 68
r 81
s 69
c 78
U 71
E 74
l 76
i 98
m 73
A 85
V 71
r 82
Z 75
k 72
Y 79
u 93
A 86
D 70
c 79
n 69
o 70
n 70
J 69
k 73
O 79
a 85
e 72
F 76
F 77
x 75
b 63
A 87
A 88
e 73
s 70
D 71
I 71
b 64
j 94
B 82
f 87
L 74
W 78
W 79
m 74
r 83
r 84
w 72
l 77
y 88
k 74
u 94
D 72
K 75
v 68
k 75
H 78
F 78
q 66
q 67
T 63
n 71
j 95
H 79
y 89
L 75
t 78
d 82
J 70
w 73
d 83
w 74
i 99
R 89
D 73
zpUkprBxUh 1
j 96
M 78
m 75
q 68
j 97
b 65
c 80
P 73
k 76
y 90
f 88
D 74
J 71
z 75
Y 80
Z 76
Cm 3
V 72
t 79
q 69
s 71
O 80
u 95
h 80
Y 81
g 73
T 64
y 91
t 80
m 76
a 86
p 54
g 74
o 71
T 65
L 76
R 90
I 72
C 67
R 91
a 87
m 77
x 76
q 70
W 80
f 89
D 75
E 75
Y 82
h 81
v 69
e 74
N 81
d 84
Q 87
Q 88
w 75
p 55
f 90
u 96
F 79
Q 89
F 80
s 72
c 81
V 73
y 92
Q 90
U 72
Z 77
J 72
w 76
p 56
c 82
y 93
X 77
J 73
d 85
t 81
W 81
K 76
F 81
z 76
w 77
H 80
G 68
k 77
j 98
W 82
T 66
o 72
t 82
x 77
V 74
H 81
g 75
M 79
R 92
i 100
J 74
Y 83
d 86
j 99
e 75
R 93
A 89
s 73
d 87
y 94
y 95
K 77
E 76
j 100
P 74
f 91
b 66
o 73
W 83
s 74
m 78
c 83
B 83
m 79
j 101
W 84
d 88
M 80
O 81
s 75
n 72
D 76
o 74
o 75
f 92
s 76
U 73
C 68
q 71
l 78
a 88
a 89
n 73
il 2
o 76
c 84
V 75
V 76
y 96
v 70
N 82
v 71
dl 2
L 77
E 77
G 69
f 93
U 74
J 75
G 70
f 94
L 78
R 94
S 83
l 79
U 75
m 80
L 79
C 69
L 80
a 90
t 83
e 76
m 81
r 85
O 82
tm 4
r 86
T 67
C 70
m 82
q 72
U 76
O 83
J 76
X 78
O 84
V 77
Q 91
Z 78
Q 92
E 78
R 95
w 78
m 83
S 84
R 96
O 85
t 84
V 78
T5 3
B 84
t 85
h 82
W 85
w 79
Z 79
D 77
y 97
n 74
J 77
I 73
KO 2
N 83
X 79
B 85
c 85
R 97
S 85
Q 93
J 78
R 98
J 79
Z 80
U 77
P 75
R 99
c 86
N 84
s 77
Q 94
Q 95
S 86
E 79
Y 84
d 89
g 76
U 78
x 78
n 75
y 98
X 80
K 78
uq 3
j 102
W 86
o 77
O 86
h 83
u 97
o 78
K 79
JS 5
E 80
P 76
D 78
N 85
v 72
V 79
a 91
e 77
J 80
D 79
C 71
O 87
R 100
O 88
G 71
Z 81
W0 5
J 81
Z 82
Q 96
s 78
G 72
u 98
U 79
d 90
Z 83
r 87
y 99
P 77
J 82
O 89
f 95
s 79
z 77
R 101
W 87
M 81
x 79
z 78
b 67
Y 85
I 74
z 79
m 84
aV 3
C 72
V 80
Os 5
G 73
z 80
U 80
Z 84
p 57
S 87
T 68
h 84
N 86
o 79
H 82
j 103
d 91
W 88
g 77
M 82
T 69
l 80
H 83
G 74
z 81
j 104
exAupypoFj 1
X 81
d 92
c 87
K 80
r 88
d 93
b 68
x 80
Q 97
F 82
x 81
d 94
s 80
G 75
Z 85
v 73
p 58
x 82
K 81
T 70
h 85
h 86
L 81
g 78
A 90
v 74
Q 98
l 81
p 59
G 76
F 83
T 71
h 87
B 86
r 89
W 89
p 60
s 81
T 72
i 101
V 81
V 82
h 88
b 69
N 87
C 73
K 82
J 83
L 82
b 70
a 92
x 83
t 86
b 71
D 80
E 81
O 90
A 91
x 84
b 72
U 81
U 82
L 83
F 84
p 61
L 84
H 84
i 102
n 76
D 81
g 79
H 85
R 102
d 95
E 82
D 82
B 87
k 78
b 73
a 93
q 73
Q 99
Q 100
L 85
A 92
m 85
w 80
H 86
C 74
I 75
r 90
l 82
B 88
K 83
B 89
b 74
s 82
W 90
T 73
j 105
G 77
i 103
C 75
o 80
C 76
a 94
J 84
gs 2
M 83
M 84
Q 101
D 83
pdozhVwtCz 1
t 87
z 82
R 103
C 77
e 78
w 81
q 74
c 88
y 100
L 86
B 90
w 82
V 83
T 74
B 91
M 85
h 89
x 85
w 83
m 86
X 82
P 78
t 88
z 83
b 75
L 87
b 76
I 76
n 77
L 88
y 101
t 89
M 86
f 96
Z 86
L 89
H 87
Y 86
w 84
B 92
V 84
j 106
J 85
g 80
X 83
D 84
y 102
l 83
Q 102
q 75
d 96
Q 103
Ax 3
s 83
J 86
i 104
R 104
u 99
J 87
c 89
e 79
W 91
E 83
BumNzqpRwk 1
g 81
m 87
t 90
x 86
P 79
Y 87
u 100
d 97
I 77
N 88
s 84
Y 88
X 84
d 98
M 87
k 79
R 105
I 78
c 90
K 84
P 80
L 90
E 84
Z 87
i 105
Q 104
W 92
e 80
p 62
Y 89
a 95
J 88
X 85
J 89
L 91
e9 4
A 93
O 91
D 85
W 93
y 103
b 77
C 78
z 84
U 83
T 75
Z 88
w 85
b 78
J 90
M 88
d 99
y 104
Y 90
Q 105
f 97
F 85
I 79
fp 2
I 80
y 105
Z 89
r 91
u 101
c 91
M 89
LE 2
y 106
a 96
c 92
A 94
u 102
r 92
f 98
u 103
N 89
P 81
R 106
j 107
Y 91
B 93
f 99
U 84
A 95
s 85
k 80
f 100
e 81
db 3
i 106
C 79
x 87
X 86
p 63
u 104
S 88
L 92
Y 92
m 88
t 91
J 91
A 96
x 88
B 94
D 86
y 107
L 93
H 88
b 79
x 89
I 81
z 85
F 86
Z 90
j 108
c 93
M 90
S 89
i 107
E 85
X 87
z 86
g 82
o 81
r 93
Q 106
D 87
s 86
W 94
A 97
m 89
K 85
h 90
w 86
X 88
j 109
x 90
G 78
o 82
Z 91
O 92
a 97
Q 107
F 87
Y 93
e 82
N 90
P 82
i 108
O 93
Q 108
A 98
I 82
v 75
U 85
y 108
G 79
v 76
r 94
k 81
k 82
i 109
I 83
F 88
j 110
n 78
b 80
D 88
a 98
T 76
A 99
w 87
k 83
E 86
HH 2
d 100
K 86
q 76
w 88
A 100
B 95
N 91
r 95
y 109
n 79
A 101
Y 94
N 92
P 83
I 84
B 96
k 84
I 85
T 77
V 85
j 111
O 94
o 83
q 77
W 95
w 89
r 96
K 87
C 80
f 101
M 91
o 84
g 83
l 84
K 88
Z 92
hw 2
f 102
W 96
Z 93
m 90
a 99
d 101
o 85
R 107
p 64
W 97
m 91
d 102
n 80
i 110
V 86
C 81
L 94
R 108
X 89
E 87
d 103
X 90
W 98
R 109
M 92
t 92
C 82
Q 109
D 89
B 97
M 93
Q 110
w 90
B 98
F 89
e 83
D 90
th 6
a 100
n 81
O 95
d 104
P 84
Z 94
V 87
z 87
o 86
j 112
c 94
f 103
Q 111
o 87
m 92
u 105
z 88
R 110
b 81
I 86
q 78
P 85
V 88
w 91
D 91
S 90
o 88
Z 95
r 97
K 89
R 111
Hm 2
s 87
A 102
e 84
o 89
P 86
f 104
g 84
f 105
I 87
B 99
I 88
i 111
n 82
A 103
g 85
z 89
T 78
q 79
L 95
r 98
a 101
T 79
N 93
e 85
C 83
P 87
a 102
A 104
g 86
q 80
K 90
S 91
A 105
d 105
r 99
i 112
o 90
g 87
M 94
N 94
h 91
W 99
D 92
W 100
P 88
C 84
a 103
s 88
G 80
y 110
s 89
B 100
m 93
e 86
RF 3
Z 96
l 85
r 100
S 92
A 106
x 91
U 86
L 96
R 112
R 113
F 90
A 107
R 114
v 77
k9 2
I 89
l 86
W 101
C 85
o 91
C 86
W 102
O 96
M 95
r 101
U 87
n 83
K 91
b 82
L 97
X 91
e 87
n 84
h 92
n 85
z 90
k 85
I 90
q 81
h 93
D 93
A 108
M 96
D 94
e 88
W 103
o 92
P 89
I 91
M 97
c 95
T 80
R 115
j 113
B 101
E 88
t 93
e 89
x 92
e 90
q 82
C 87
Y 95
V 89
u 106
K 92
sh 2
TL 3
f 106
w 92
B 102
h 94
V 90
b 83
O 97
F 91
i 113
H 89
d 106
k 86
q 83
D 95
g 88
b 84
q 84
p 65
k 87
A 109
v 78
b 85
U 88
f 107
r 102
c 96
w 93
o 93
D 96
z 91
n 86
k 88
e 91
V 91
z 92
qD9 2
h 95
L 98
x 93
W 104
j 114
P 90
s 90
Y 96
t 94
z 93
Y 97
k 89
H 90
K 93
f 108
D 97
N 95
i 114
u 107
n 87
i 115
H 91
U 89
v 79
q 85
b 86
t 95
N 96
i 116
e 92
e 93
y 111
N 97
W 105
P 91
R 116
E 89
g 89
S 93
m 94
O 98
B 103
J 92
o 94
U 90
D 98
H 92
p 66
k 90
U 91
n 88
J 93
m 95
i 117
Z 97
v 80
Vm 3
k 91
s 91
m 96
y 112
M 98
w 94
a 104
w 95
o 95
D 99
J 94
D 100
T 81
i 118
L 99
w 96
D 101
h 96
l 87
d 107
e 94
x 94
D 102
v 81
N 98
S 94
I 92
Y 98
x 95
l 88
T 82
f 109
o 96
b 87
x 96
n 89
i 119
I 93
k 92
a 105
O 99
f 110
d 108
a 106
b 88
Z 98
E 90
i 120
l 89
g 90
i 121
d 109
S 95
w 97
f 111
M 99
d 110
s 92
j 115
o 97
D 103
b 89
x 97
j 116
V 92
K 94
L 100
u 108
i 122
l 90
c 97
V 93
g 91
n 90
Z 99
B 104
u 109
X 92
G 81
Z 100
D 104
l 91
W 106
E 91
Z 101
g 92
l 92
R 117
S 96
Y 99
H 93
Y 100
M 100
u 110
h 97
p 67
o 98
Q 112
M 101
g 93
z 94
V 94
b 90
P 92
B 105
o 99
LE 3
y 113
g 94
Z 102
OY 3
W 107
T 83
a 107
e 95
E 92
x 98
H 94
B 106
c 98
t 96
Q 113
q 86
t 97
C 88
D 105
Sm 5
K 95
Z 103
d 111
M 102
s 93
S 97
n 91
H 95
w 98
g 95
i 123
B 107
F 92
D 106
v 82
Z 104
u 111
t 98
h 98
D 107
y 114
q 87
f 112
g 96
R 118
W 108
m 97
i 124
s 94
n 92
r 103
p 68
c 99
k 93
u 112
I 94
z 95
w 99
g 97
k 94
Q 114
W 109
G 82
D 108
m 98
f 113
f 114
tM 3
Q 115
Z 105
h 99
T 84
n 93
i 125
f 115
c 100
I 95
X 93
o 100
R 119
n 94
x 99
L 101
C 89
e 96
e 97
U 92
r 104
h 100
X 94
z 96
g 98
z 97
M 103
u 113
O 100
z 98
Y 101
J 95
j 117
A 110
B 108
L 102
L 103
w 100
b 91
M 104
E 93
s 95
v 83
S 98
W 110
c 101
t 99
t 100
G 83
H 96
o 101
U 93
T 85
v 84
A 111
q 88
x 100
e 98
X 95
R 120
N 99
gs 3
L 104
H 97
i 126
P 93
u 114
J 96
I 96
k 95
h 101
C 90
X 96
P 94
q 89
Z 106
H 98
p 69
J 97
E 94
t 101
c 102
N 100
i 127
h 102
X 97
m 99
s 96
w 101
s 97
c 103
v 85
e 99
T 86
b 92
M 105
kZ 2
j 118
Y 102
A 112
a 108
J 98
E 95
W 111
E 96
Q 116
W 112
T 87
t 102
Q2 4
t 103
X 98
t 104
c 104
X 99
MX 5
M 106
C 91
L 105
V 95
Q 117
g 99
H 99
N 101
s 98
W 113
A 113
q 90
W 114
u 115
S 99
g 100
f 116
P 95
M 107
I 97
S 100
r 105
b 93
H 100
l 93
R 121
n 95
v 86
D 109
F 93
Q 118
r 106
o 102
w 102
t 105
g 101
x 101
l 94
R 122
z 99
X 100
e 100
y 115
LE 4
xhoilnOTxQ 1
u 116
M 108
C 92
M 109
v 87
F 94
d 112
I 98
R 123
m 100
A 114
W 115
u 117
j 119
e 101
K 96
Q 119
x 102
g 102
D 110
U 94
y 116
Z 107
g 103
G 84
X 101
H 101
T 88
U 95
B 109
R 124
G 85
U 96
d 113
q 91
i 128
X 102
W 116
a 109
q 92
g 104
T 89
o 103
g 105
t 106
z 100
l 95
j 120
e 102
Y 103
r 107
i 129
k 96
e 103
p 70
h 103
d 114
e 104
e 105
k 97
m 101
b 94
q 93
I 99
A 115
O 101
z 101
a 110
k 98
J 99
P 96
k 99
D 111
P 97
BD 3
e 106
Z 108
j 121
v 88
f 117
R 125
e 107
q 94
J 100
V 96
H 102
V 97
l 96
h 104
j 122
x 103
O 102
l 97
R 126
K 97
q 95
u 118
I 100
h 105
i 130
v 89
z 102
g 106
q 96
K 98
D 112
z 103
Y 104
N 102
G 86
y 117
a 111
T 90
A 116
C 93
R 127
I 101
b 95
V 98
j 123
y 118
o 104
aK 2
c 105
m 102
R 128
F 95
O 103
C 94
Z 109
Jg 2
Q 120
m 103
I 102
I 103
m 104
n 96
db 4
a 112
H 103
L 106
v 90
j 124
B 110
i 131
W 117
b7 2
g 107
N 103
r 108
P 98
M 110
M 111
S 101
m 105
E 97
g 108
j 125
K 99
J 101
b 96
I 104
y 119
e 108
A 117
V 99
n 97
y 120
J 102
K 100
P 99
J 103
E 98
Z 110
m 106
t 107
h 106
w 103
W 118
u 119
F 96
z 104
V 100
n 98
O 104
K 101
X 103
E 99
H 104
S 102
c 106
y 121
p 71
k 100
f 118
z 105
P 100
g 109
B 111
L 107
V 101
g 110
G 87
d 115
H 105
Z 111
c 107
n 99
B 112
w 104
R 129
w 105
C 95
M 112
s 99
I 105
N 104
o 105
L 108
l 98
o 106
Y 105
M 113
Z 112
M 114
u 120
j 126
V 102
c 108
t 108
w 106
A 118
O 105
W 119
T 91
V 103
i 132
N 105
K 102
B 113
t 109
i 133
E 100
A 119
w 107
V 104
h 107
E 101
e 109
O 106
B 114
u 121
N 106
m 107
W 120
c 109
F 97
M 115
N 107
en 4
y 122
q 97
s 100
X 104
B 115
p 72
o 107
o 108
D 113
i 134
Q7 3
I 106
w 108
K 103
E 102
d 116
y 123
o 109
w 109
z 106
z 107
r 109
c 110
gC 2
u 122
R 130
A 120
m 108
M 116
y 124
g 111
w 110
p 73
z 108
H 106
J 104
M 117
X 105
f 119
e 110
G 88
d 117
CG 2
t 110
r 110
T 92
o 110
C 96
z 109
N 108
s 101
k 101
I 107
e 111
Q7 4
i 135
z 110
c 111
t 111
Y 106
N 109
j 127
N 110
W 121
R 131
Q 121
m 109
d 118
r 111
r 112
N 111
G 89
KO 3
C 97
Q 122
Z 113
W 122
l 99
Q 123
L 109
v 91
U 97
U 98
i 136
I 108
O 107
A 121
L 110
F 98
N 112
H 107
e 112
X 106
J 105
m 110
h 108
c 112
i 137
y 125
AR 3
T 93
q 98
d 119
c 113
S 103
H 108
P 101
k 102
b 97
g 112
o 111
u 123
r 113
R 132
k 103
T 94
y 126
O 108
s 102
r 114
X 107
I 109
F 99
H 109
V 105
l 100
G 90
X 108
g 113
c 114
f 120
k 104
V 106
n 100
M 118
m 111
S 104
X 109
C 98
H 110
o 112
R 133
e 113
J 106
j 128
O 109
c 115
l 101
U 99
R 134
v 92
Z 114
u 124
Q 124
x 104
r 115
j 129
Q 125
q 99
U 100
G 91
f 121
q 100
Z 115
g 114
g 115
k 105
C 99
b 98
z 111
a 113
w 111
K 104
I 110
Z 116
f 122
d 120
t 112
f 123
w 112
g 116
Hm 3
n 101
q 101
B 116
b 99
p 74
Jg 3
y 127
C 100
m 112
U 101
K 105
X 110
k 106
K 106
w 113
H 111
K 107
K 108
f 124
W 123
F 100
r 116
B 117
Y 107
X 111
O 110
U 102
v 93
W 124
B 118
j 130
a 114
T 95
G 92
l 102
O 111
U 103
tm 5
l 103
h 109
X 112
J 107
t 113
L 111
t 114
a 115
H 112
a 116
j 131
a 117
y 128
Z 117
h 110
G 93
p 75
a 118
f 125
O 112
B 119
y 129
F 101
t 115
N 113
D 114
v 94
r 117
V 107
j 132
l 104
C 101
Q 126
Z 118
W 125
i 138
Xq 2
p 76
s 103
o 113
V 108
V 109
K 109
x 105
a 119
W 126
q 102
B 120
l 105
H 113
v 95
p 77
Y 108
k 107
H 114
P 102
i 139
G 94
X 113
t 116
S 105
f 126
k 108
f 127
v 96
G 95
p 78
A 122
b 100
q 103
O 113
p 79
X 114
U 104
m 113
o 114
p 80
W 127
r 118
x 106
M 119
X 115
C 102
X 116
u 125
M 120
d 121
p 81
a 120
c 116
J 108
A 123
z 112
r 119
n 102
N 114
j 133
W 128
L 112
T 96
k 109
b 101
H8 3
d 122
H 115
L 113
F 102
j 134
E 103
b 102
y 130
l 106
k 110
T 97
i 140
b 103
z 113
M 121
o 115
m 114
p 82
g 117
e 114
R 135
l 107
S 106
g 118
L 114
I 111
g 119
i 141
m 115
z 114
N 115
U 105
A 124
V 110
G 96
O 114
K 110
z 115
O 115
C 103
l 108
d 123
N 116
r 120
g 120
l 109
e 115
A 125
U 106
n 103
f 128
x 107
x 108
J 109
V 111
z 116
z 117
s 104
i 142
b 104
G 97
N 117
AM 4
z 118
u 126
L 115
s 105
f 129
K 111
F 103
a 121
q 104
o 116
g 121
g 122
w 114
S 107
N 118
R 136
O 116
Z 119
P 103
U 107
o 117
K 112
Y 109
G 98
e 116
r 121
u 127
R 137
L 116
J 110
c 117
c 118
e 117
J 111
M 122
B 121
g 123
B 122
c 119
e9 5
H 116
Y 110
tj 2
J 112
M 123
c 120
Y 111
t 117
q 105
A 126
O 117
Z 120
C 104
g 124
l 110
B 123
Z 121
V 112
S 108
R 138
D 115
E 104
V 113
Z 122
m 116
r 122
h 111
t 118
P 104
h 112
z 119
E 105
w 115
h 113
e 118
f 130
t 119
D 116
S 109
S 110
P 105
N 119
L 117
j 135
f 131
w 116
S 111
n 104
p 83
Z 123
r 123
t 120
x 109
m 117
G 99
d 124
N 120
Y 112
U 108
k 111
p 84
M 124
E 106
Q 127
P 106
u 128
R 139
b 105
N 121
A 127
O 118
Q 128
S 112
M 125
S 113
Z 124
v 97
q 106
C 105
a 122
I 112
W 129
w 117
O 119
j 136
w 118
W 130
b7 3
X 117
t 121
t 122
r 124
i 143
w 119
H 117
a 123
Y 113
H 118
G 100
K 113
M 126
q 107
e 119
y 131
q 108
k 112
P 107
l 111
a 124
w 120
j 137
k 113
Y 114
T 98
k 114
p 85
YI 5
D 117
J 113
b 106
T 99
c 121
Q 129
C 106
q 109
O 120
a 125
f 132
B 124
p 86
y 132
s 106
D 118
i 144
j 138
A 128
r 125
B 125
u 129
V 114
hw 3
H 119
o 118
B 126
T 100
C 107
i 145
i 146
D 119
C 108
G 101
H 120
V 115
