YMBDZAA 1
ZhaaLS3Wx8 1
Iau 1
HdTo6ITJBe 1
lyo 1
rBsGk 1
ydDQsPb 1
rnvyw 1
CxAL08ddy 1
aVNHC7j 1
vgG 1
Q9YzcQq 1
iyqzE 1
qdipV 1
g 1
lJELg 1
jcXRt 1
UhulamV7i 1
FV 1
bflv 1
aefn0Qq6LH 1
rfZsHu 1
lsZv30i 1
Ux2TiB0EFR 1
kBYjsj1Y 1
KL92m5VO 1
XaifU2fAK 1
qdIS 1
B9eghFN 1
KmiJ 1
hUvyR 1
HARJP3iH 1
G 1
wzIFr9 1
Yp77fkgTt 1
VxwvrBRXq 1
bRavz8Dv 1
yN8Hz2H 1
rAHW 1
QVIU 1
stv7o977D 1
M1DLJUBs 1
X990JbRWv 1
H724La 1
nuz5PsP 1
arPGGpPth 1
ct1Qe4U 1
GuUsCh8BgF 1
EVtIIkXh4l 1
Hx2 1
mzvsWoww 1
rvY16un 1
Gx 1
oZn9GdmXWG 1
bJcNJuc1X 1
a 1
gR5gjZjPY5 1
QOrwTwA 1
qfsX 1
NS8LdDs 1
A 1
G2vgWQu 1
P 1
IHEdEaB 1
nzX 1
Y52hTbxj 1
W0UoXy1 1
hDeDJb 1
yPqKb7sICs 1
plNiO3f 1
uv 1
eMivDMek 1
RC4lQ 1
JbyI6aPMHI 1
a7RWY 1
rc 1
YX42 1
OnI 1
UVq2M 1
u0GKuw 1
EG34ODZm 1
caja8 1
iohzR7 1
IDJx5ET 1
L 1
YW9KdQqw6 1
RdD 1
TrsOSzHUAQ 1
o 1
W 1
pNGAz 1
g9 1
hZcMREQ 1
RvmyqxQq 1
z 1
O1ODvY59t 1
pFmx 1
XkzWDtf8 1
K8gMYfAJgJ 1
VqYvEF3dKL 1
D 1
igdoXiN 1
mUBFQn 1
o 2
NqJOW 1
Aj 1
Gm 1
udkERnT3 1
ghn5 1
ME8DM1hNQ 1
X3Lxe 1
oy 1
nAQ 1
WS2zYnUqOn 1
JqjCxXdGkI 1
FCXssl 1
QlUEs5VdoB 1
OFM7 1
vap95lF 1
K 1
cLjQaJ 1
j 1
qwya 1
mKCLf 1
LI6FCQrS 1
l3Ejkl 1
WUywD 1
m 1
HYY 1
Dgs3 1
es 1
G8ax 1
YU 1
jSvf4qUf 1
kZbQ 1
vCUDo1 1
cR19cnQ 1
Iob1f 1
wuqFu 1
WnYOqlg 1
Ld 1
nn7OQUIQ 1
k6uc9FfIHO 1
vH3o5KN 1
z 2
YI5 1
Lh1 1
isp 1
AQuFtGZAcM 1
WMPQT 1
CQbctd 1
ndIa 1
Y5s 1
yUr 1
BvhN4aF2 1
LzNb8 1
JZXyP 1
XCb 1
EjSlHmd 1
V2B6xK 1
xxBOXj 1
AU8 1
by 1
axwy8MSV 1
WribUS68ZD 1
rzgliTiO 1
o0ujgFSXv 1
kkQCXgU 1
BErbqEUAu 1
v 1
fVrNii 1
z2Pbz 1
ISE 1
X46rIdbVhh 1
tjfwA7gIO 1
eQve1 1
itWlgqbnv 1
J0Mi 1
GK 1
S2xkI 1
YBAxUQJa 1
ai 1
i0Yw3UJ 1
b3tqdAucKj 1
iRpcOJz9pE 1
ea 1
TDUTpXy 1
aAgHc 1
O2I 1
XRYsjP 1
NViz 1
gcuX 1
McQqn 1
gtAi 1
eQm 1
xdqb 1
let9 1
otZGwi4NJ1 1
EcyGKfoMXs 1
p7SHdtth6 1
C 1
rC4p9 1
cSSi 1
QXf0CNa 1
Y3t 1
x 1
ZSgkIoP 1
bPDl 1
IaSj 1
Eq0l 1
zoE9 1
UekKAI 1
rR 1
vYQgJZnvMK 1
RY 1
Z65sL 1
hlwQN 1
kNy7QvzdNe 1
HM 1
CDmX 1
T 1
vW 1
X 1
Fo8YtpmE 1
uZMAZpMri 1
dF26 1
fjeb 1
Hgx 1
ehWZBQOj 1
Yf 1
YBE9Od 1
syg 1
jvylbA 1
u 1
RsBS703W 1
L 2
d2EKaWB 1
YqwZG 1
D0eWo7pi 1
U 1
IlMQ80T 1
F 1
EB8lgbOW 1
RLgBSssKC 1
T85kr0 1
fEOhz1H58W 1
qvopd4 1
Jt6mgdMmR 1
e8 1
Q 1
i5huLe 1
JDP 1
D5z 1
tM 1
Kkii9B 1
BJ0Ei 1
z 3
hgucW81 1
SPO 1
tfD 1
jkI 1
U 2
L7o1xN 1
dnQe7 1
kdDzxzO 1
ii7VNBlpkW 1
tLE2q 1
nGHc5d6eFG 1
G 2
RS1 1
c 1
D9wvlNOK 1
p7eLA3fhif 1
okuKbY 1
T6 1
ayr1 1
z 4
u3F9 1
VyXc0MlEt 1
jwZGwoichx 1
yR 1
mFieG 1
HaiW7yL 1
xXnmYUh 1
le12W 1
xG7PuZuXi 1
YJwSj 1
S1Hp 1
FVAwX0 1
KNNoQj1S 1
ZvQ 1
LoozRs74J 1
P9OQYtYjYY 1
NLf8K5P 1
uWeWiWQ 1
gkcJWZPjdT 1
FFEH7Kb 1
qmYOdtr6Y 1
QUJ8n 1
UpKAo 1
FwnpmXZ 1
OqJ9vn55 1
pKQbvbQE 1
da0p4 1
sOTnAXFGJ 1
RFKbPH 1
ufA6 1
g2fl3v 1
XoYMUD7G6 1
mU3 1
mBqXRfLBwD 1
dB84 1
tbS 1
eGj8hhh 1
vW 2
hDKJi 1
ZQvT 1
Ms 1
qgReUS 1
T82 1
hvJYedGO 1
Nm 1
Jc 1
z6uE 1
uO 1
MXPlQrFlb 1
GB2q 1
LZhPjx 1
prob7 1
lKZ 1
iakq5qhCho 1
Rdd 1
mMgFiBZ 1
yGcdzg8 1
LA1 1
q3K 1
VMhHQaN 1
kmt2gsX 1
qg 1
a 2
QoeHG 1
S3sm 1
Q9 1
vEluUE 1
Y 1
KXaV4 1
vXCPZuj4 1
lEj8y 1
OuXMy2uxvb 1
kfxC 1
uG 1
gTWC 1
p 1
mel 1
LBdkja 1
eQoD 1
tCNodbVW8X 1
wqv 1
D1U6QPDdB7 1
qwEB 1
dKjfZK1a 1
k 1
TxaV4Wr 1
zUR 1
Tu8O0a3gg 1
rt080qDcuE 1
R3yUDZFv 1
WROJ 1
UpDmvNmxm 1
Uy4h 1
P14KzjlSO 1
qtfifQDF 1
Wr 1
XBJYe2 1
GUKdzK5A3 1
y698KX4 1
fJ 1
iLnYij9X5P 1
wJ 1
g4w 1
zhjU 1
o1md 1
ZVKFuwxiRj 1
PJ2qUNKq 1
COLu0iW6 1
DMvtLrG 1
c 2
IBLVfNKXyE 1
evCD 1
EEyLOTCumX 1
F9m 1
uB 1
qP2BK 1
iuJ 1
c 3
wje0QZ6G 1
O 1
kZLNl 1
BM8jErZx 1
LW 1
RdxG 1
g2 1
A1hGVFZ3 1
m 2
v3e4K 1
v 2
NP4i0MCpj 1
xNzSe 1
E 1
CPjBvo 1
IDtB 1
ebjAXUSWg 1
pX 1
b8hBe65 1
OpMT5Yb 1
QoFAFyj 1
nVdh0 1
WpMF6fz 1
OJY5ijdjt 1
lWEx1DzS 1
m 3
kY8 1
Hl0Zz99En 1
r3 1
zMpugIQnc0 1
vQaSc 1
a 3
R 1
CsmP6QS011 1
rleRsIZ 1
FQ 1
R7n4dG6xO 1
UFbVnBZ 1
lEzmfUqkBd 1
FjH 1
r7fD8l 1
HV8Xwqa0 1
RuPvQzM 1
o 3
qHkWi 1
x8 1
d 1
EpNo9Kn7 1
e0jEwup 1
MGFzGIpt 1
Xn1z6AQcVG 1
rAgSsQFgO 1
PzS3ZO1 1
QB 1
kKPXOj0p 1
NRb 1
j3nV 1
H2 1
COTfpOqtq 1
VhNE9 1
nU 1
M3qLe 1
n2scjX 1
z4LGR1I 1
v8 1
YVv 1
CNOuC4 1
mVgz 1
xhdVsjA3Hw 1
D6cy1jp 1
ZUQY9x2xV2 1
J 1
WBSI 1
ymt3fiGbtf 1
TLEL 1
Rq2ee91 1
h9BXYdn 1
uXH 1
uUCDmST3v 1
ePo7mwzpH 1
ZhQ 1
uNHbfI 1
v5oms 1
jN 1
vno5r0 1
MrtIwAGzAh 1
xrcbey 1
ZU1 1
EaF2QAg 1
OemW6I1 1
Yut30 1
uR 1
kr1DP 1
KXgUJyLt 1
M 1
u 2
wkmFJ7cpBn 1
VQQ 1
kqhT7 1
tfrgFF 1
G4d 1
Nm19WfyGX7 1
kt 1
xCox8kAVw 1
zvyG 1
Qc 1
XG 1
A9kq 1
a8yo 1
KEUMP 1
PLdOd0see 1
L 3
zHgPiFVR 1
j6vceedd 1
uXWkf4arA 1
rrC7MCkU 1
MbnbBAdkmw 1
Pr0DS 1
AieM6nI 1
vd6yt6 1
D 2
NGh0 1
bWyPtCQil 1
VCO 1
f 1
SHt1yp7 1
m9QaSRD7b5 1
NVz 1
yyaC 1
dO8 1
WtnD 1
XlRfR 1
m9U9fCe 1
PeMJ4yV 1
vKsPNqoYu 1
doU 1
ISx 1
QSlDYljEM 1
JUVi 1
CH 1
vAW7nfXCe 1
if9 1
E 2
bZkC0Wv 1
u8W 1
xHv 1
Zmfg0p5cG 1
byz 1
qkF 1
FriQ 1
pu1 1
CxBhu 1
MSe70bW91 1
WQ1 1
BI 1
QBn3VEIX 1
k4MDJIWE9 1
j 2
yx 1
hcLH5kkw 1
vTj0U0r8 1
IT7TaFCSK 1
h 1
a6vY 1
waCo1O 1
SpYyb 1
LOAzz 1
hrzIyxcqyU 1
WKORo 1
VP6 1
NAJk 1
A 2
Epd0x1t 1
OIJ 1
MSYDvImkG 1
tMpuyAe1 1
cBuJ1 1
Ekd 1
BQXf1Y2O 1
f5kopL9K5d 1
tNjPkD 1
sFu8ye5 1
atq4JzWTI 1
Y5ExC 1
cO7Ss7N1qp 1
h1YapLwNg5 1
FxVLTVwA 1
ZRQtadc 1
IAEbvac0a7 1
lW8LpR 1
aP 1
gt5vUtH 1
yq8SWcRgf 1
wAs 1
mhS 1
pcA6hGJX 1
PZCluvH 1
PJnKU 1
zgMS 1
RLy4AyEBG 1
V 1
D5iZwa2 1
sz 1
w 1
ue80ik 1
HsOV9SZL 1
oIbjdj 1
I0g 1
ltYSYoCSj 1
z 5
nzYMoSzQyg 1
b1LMezd 1
TrUBkN5Xw 1
xkMe6FxP 1
id 1
G 3
IbbJ8Yi7SK 1
xiBhKX 1
ysqU8tD4L 1
AQOX 1
wo8YPvkIU 1
IiB6Jq5X 1
ay 1
VPr 1
x 2
q 1
zJzvjU 1
N8kWxdTc 1
Z2of 1
NbdF3R8p 1
m17uG 1
b 1
jQx 1
ZwnooP3N 1
uZ 1
Baaerb 1
vSt2ykNxN 1
p3XcMhlU 1
qjmn 1
arvw5H4EV 1
e1VDXBQv 1
lKHBZkLw 1
YDXvP 1
BF 1
eJY5d 1
iC8 1
BcIc2L4 1
RqxHX 1
KsccASq 1
IEdWe8Mh9F 1
oUmpveg 1
xR 1
tPYl44fIH 1
urDU 1
NB700 1
LMenIGIEb 1
v 3
Pw6NUrsC 1
drwLQpyEv 1
e 1
rZ30 1
J0Gi6m 1
c 4
erc5rquw 1
Dt 1
W3 1
UeMkmV9mB 1
WaJ94 1
GV 1
az8otV 1
pDnOkGWY0 1
gLDf21eRz 1
oBQY9h 1
g4r 1
HBHrHDt 1
h 2
dXxnJ8iEBm 1
W7 1
d 2
h2L5pi2 1
pvqf 1
DNijb1zf 1
KhAkfe7 1
J 2
MmRJc0 1
nJ 1
EiiQFSyvbA 1
D 3
B0Ve64z 1
AWv7q 1
wVvA2 1
CmD 1
VtVdWylQ 1
wzRQqUJK7E 1
nlPD9uy 1
LG 1
RIQ2u 1
Rn1n5wAw 1
NyEqk2h 1
n 1
VRNtz 1
jia7nSAw 1
ffGehS 1
sTUz0R 1
xD9 1
gB 1
LrQrTwI9fu 1
BQkhDVL61z 1
YdWye9kEc 1
u0K3qDFANe 1
LkezusxV 1
KCIp3t 1
sQvy8egnyS 1
aeuhlT 1
s8wDHCPm 1
m3gAyUpG 1
z83jC 1
PMZqOwU 1
P 2
RBTb 1
Li8DV 1
dZ8VwsC 1
pkCGlvBT 1
E 3
Zxe0Vrh 1
TT 1
mfH0DKO 1
r2ufgX 1
Er 1
Fv 1
W 2
A 3
geRdViIZ0 1
crRCE2fC8o 1
yeiVpjwq 1
oIcxFL 1
B2vXmKa 1
DDvJjo 1
Qd 1
p 2
avIBCt 1
QE5GOb 1
Vum08Co5IJ 1
odCLo 1
dQfJvbm767 1
Kk2F 1
b49f 1
Bqec2LMIRd 1
Q0aeC5cG 1
y5JliOPIS 1
qM6rkoa1b 1
vGrD4eN2 1
OzGa5HyH 1
Vn7GDiV 1
lkQULLVTq2 1
G8iBu 1
ckF90P1 1
SLzYIFnFR2 1
Pe 1
w 2
de 1
jQs5p3kiw 1
nPw2A 1
zEkZpKsJqR 1
MFHcl8gC 1
QLy30J6 1
jZWq 1
q 2
QFmiVBCh 1
yE 1
Y1aQg 1
U 3
rwq3YRn 1
ubcrzj 1
XbAnY5n 1
cFHb 1
Tq4zRi 1
p9 1
e6pH 1
X 2
eMrZ0o 1
q8w 1
EIgn3Tpwi 1
btRhF 1
fFl 1
JbUr 1
aGCrLmCZa 1
aJCo 1
I6B2 1
jKLGEwa6BO 1
IY 1
u 3
A 4
PlteOx 1
S1NWn 1
uqrR 1
Fd5jBf 1
hYU4mq 1
len1Ffhnrx 1
zAQN 1
rSo33 1
w0vqX4NJ6S 1
LB 1
P1jwP 1
uDnRM 1
QMqIzi5o 1
AroqaM8oo8 1
zqvNt2b 1
MVhnUVwG 1
a 4
cxzjqv 1
zgIxb 1
Z1lO4lCW 1
cOw 1
tMAgLkW7WP 1
hwbhOLp96 1
pg15OLpgZ 1
Y392 1
ywg7 1
ko 1
PO1 1
DgcH3DN 1
y7ydAzj4m 1
v8GQdaLzr 1
nxN2qT 1
bRQq2R 1
dNW3HP 1
vYLYpS 1
S 1
b0TN 1
CT6V 1
sWgItUsTj 1
sbwX 1
T1vZ 1
Pol9d6T2E 1
r3tW74p30h 1
YMt 1
Rw7xmPuQEO 1
ZYfAvHqTzI 1
Hm3Mv 1
g99wStWLNs 1
E2BiF2DlFD 1
cliK7 1
pBgBk 1
si0 1
v3 1
m2vTJPmZ 1
PUiTf 1
v5DIG 1
yU 1
rdY5 1
o 4
XSXHLtsFR 1
HI1JMi 1
z03o 1
Erj 1
tUZpOm 1
ENvwmYW 1
IdSz8abY 1
xFPZI 1
ih3RmvI7 1
HYC47LB 1
ixvlvjr 1
aT8SK8BWV 1
J96Nxv 1
ri0494Oq 1
GnhR9mq1 1
z03 1
O0 1
oL7ItFkOD 1
PfUJQXZD6j 1
ATzWUkXn 1
CVdxsR 1
Jz 1
KdcsLLlM7j 1
VT9Hi4i9yc 1
ciTbb 1
ybo 1
tDVOr 1
P 3
ihH3WzrbBQ 1
ghxJOz3y 1
EpW 1
Ivcm7FwfhG 1
Gu 1
uvxxaCQTn 1
dt2C9OMK 1
C2texwdCkB 1
Y4ylqJI3Av 1
Uh5S4Y2F 1
RPquvP 1
b3WgYas6Ie 1
Qoep5sU 1
Y 2
PTM9xL 1
fYeKVD 1
eq4YsGhci 1
mKhTFGM 1
TmZx5C 1
IGVYDjQm 1
NtlmDQYq3f 1
gl0JWUaUl 1
eGeFs5LC 1
T2JSfTGfJ 1
okZH4r6 1
bl 1
m 4
Gx 2
R3l7UX7 1
nup2 1
MEFHqkDTsV 1
X5Aj 1
oxr 1
tAyrBENIE 1
nN9CAL 1
dm 1
dnI5 1
CahHbi 1
QWI 1
hO7GaKT 1
Cyd4 1
cvL 1
VU8QTaerFL 1
rYOyGgOnX 1
f 2
BRjEYwe 1
ZgP 1
N9njVrhZ 1
By 1
Gyl2rw 1
Kyrp5bqG 1
Q49Z69IHsQ 1
hKd 1
lAE 1
Hj 1
wJqw 1
wWorxsJ 1
SeHLv5zCLB 1
i 1
tnPm6s6H3 1
CDSvOq 1
adykli 1
k 2
U74QiiSKtp 1
PeOEx 1
Pnu9 1
Phuc2WVzB 1
gxVkPj9 1
mzFJz 1
yDJ8Kj6 1
NUpYcwaOj 1
k 3
Gp 1
WYgOKOoov 1
WL3z1Gxq 1
REw5jGX 1
vdRJdV 1
DNmrRffU 1
V 2
XLRWKUfSsh 1
GcJrMhxg 1
ggk 1
j2l 1
g 2
aFmV9 1
Trh 1
t 1
Je 1
Z 1
mtsLn 1
XWYnsQB 1
R 2
Mej 1
Yn 1
WWvvbcaoOf 1
K 2
cWi4 1
N 1
qGfF 1
gF2aeRk2 1
PMyahwfDj 1
V1TdQN 1
Q0CV3h 1
rVhqQPFw 1
aw 1
NDZOBdlGOg 1
SW 1
Rzx1 1
LMd 1
f63vG 1
CgS9Zj8 1
yVjVP 1
V8gevJ 1
qX00MRw 1
rFRjZWyOo 1
TB4X 1
vT9HJbXr9p 1
z 6
LNClR 1
WDUn15eo9 1
va 1
t 2
Fo8 1
fqzmw 1
He4BDUfdWA 1
ea 2
cLY3m5TmAs 1
J2IHOw 1
u1 1
rEET407 1
M 2
w5KtHcibn 1
XMk1mrp1 1
AVDGONY3X 1
M 3
Df6R41kW 1
oTlZ 1
b6nYv 1
Qo6j 1
kQubk8cewv 1
eia 1
gyRHYoiWE 1
qX 1
ri 1
yw 1
ejRdNkwNdT 1
Eu 1
pNrsbH 1
B1l 1
bBP9iE 1
qXRhY 1
D4lvFn 1
SRgSvQ8 1
GPfjmxWKyO 1
pqt9TFc 1
dD 1
axGDJnhLsG 1
dV79 1
F6o5 1
zEA 1
KylenVL49 1
iEcEp 1
uVok8e 1
xtKgwF9DR 1
tvBVKp 1
PsNf2qS7 1
s 1
gHNKqrA 1
Rsa 1
k8Uu 1
A 5
PE 1
EP 1
ZnR 1
u4xozSTd2U 1
yZBSDvZ6 1
Y8eS 1
isnT14y 1
YB0w3WOJW7 1
r2P1rS 1
q 3
v 4
aVTw43QwQ 1
mdi 1
PqJ3wQCH 1
Jy5PUINag 1
AR8IHKBedU 1
DLhXvwLiHy 1
BbsM 1
P5 1
V2xl2m 1
Wc 1
Xm 1
DUbpNvcTqM 1
qcL7wJYU 1
p4 1
Kv 1
Kj4C5 1
Yf1 1
Jy 1
JJM1jQW16 1
nMe 1
QAe9ts0GL 1
zMhJiBN 1
jUbtVdaJ 1
JbP6TtQy 1
nSzQj 1
NEs2ybqRXz 1
o 5
xNxclKMbs 1
ItmOi1YH 1
QjswdfDlL9 1
u0UcxAxRpK 1
BA76BoEiR 1
tTJDb 1
jmB 1
duY7yAV9EY 1
valEA7Z 1
v27XxSep 1
PnLSXXwqaf 1
czT5X 1
KuGBm4Q 1
Y0gDsCUlBV 1
lW 1
My 1
cJaCf 1
uz 1
nSKPtXb 1
ROVidlVVG 1
E9 1
GTB 1
EvBzKCzn 1
sNfNe7ay0W 1
xUHdyHvB 1
H3h1QqZ 1
z3 1
OLnorSwE 1
b4eUvNZ 1
zlc 1
VCiyBi 1
zQw 1
S9wpPN3 1
tLkLt 1
m 5
T 2
t3 1
V1wCs0I 1
MjXuAp1Y 1
EHfI4wvIgx 1
O1wAzBRg 1
l 1
hOS 1
VPrF6 1
a2zZ 1
vuEz7o 1
s2 1
gh 1
su1Ye 1
G 4
PmfvGs2Sc 1
h9BXYa5H 1
b7kQOj8niI 1
H 1
t1idh 1
wU 1
Gvf8slXq 1
gcxs 1
VC6dB1 1
i8BswH4O 1
QOkC 1
DCK8Lrmbpt 1
VDgwiyO7yh 1
OHx37Mx1U 1
FQlTUqpcHr 1
Q 2
QsPY 1
LiFq3 1
Bs 1
FeTC78xaAE 1
YWy56d 1
I08jHONUG 1
YBU4Vk 1
TXh3 1
SU9Ao8 1
cI4JOrVnDT 1
h86jTdZJ 1
MXz 1
VKEw3Y 1
dFY 1
T 3
gRv1nYJwq 1
wN 1
kEcGsFjU5R 1
du 1
AuRIWc 1
UEOdo 1
TxbKW 1
LfQ 1
zhyCe1K 1
lG4N7kcqE 1
ZScK 1
e3 1
GDEl 1
l3Hin4DTz 1
qPO8r8Z8 1
v7Yy4 1
yScMOJpmO 1
oPYnxcddN 1
gDLhkPCmd 1
K 3
YkBte 1
kehPuC 1
w 3
PN3Gqcnx4 1
Q 3
oYAJxu2AnQ 1
FRBOzcn 1
M 4
Zcm3Ndyp 1
Spfj1 1
FZ2 1
LqX 1
v 5
KpUaSLjy 1
SNPOYF30A 1
vSfwOX5UOO 1
up0 1
Qw 1
Qw1qRY 1
O 2
yjEe5D9 1
pdJcQEw 1
ZCSS 1
rNLBN9c 1
e7O3m7F 1
kwNZq9tG4 1
bl 2
g3Y0CoB1t 1
QPXKHXx 1
zmPdr2CyW 1
pMdRknB 1
ZF 1
hX 1
a8hhf8 1
uPRdIS3S 1
H98ds 1
JqKdG7X8 1
XM7m 1
pWLujTdr 1
FjlkHC9Js 1
sxAK2KxM 1
BC 1
VsK0l 1
tFD 1
ysBj 1
i 2
LUoT8Rd 1
MPZWsoJuS 1
PkoKd9Fv7 1
Yv6u5jPcE 1
mm6HeA8 1
BP4oE 1
eG5rvbPh 1
OkonRbXq3 1
JO6oQP 1
h 3
MNx2gVM 1
z 7
Bge 1
QuVgaPVFP 1
bib 1
J3wRzhU 1
iWBJKK 1
weHv 1
AMHxKPw 1
r 1
bFa45mwAC2 1
gb8z 1
wRE2wfqIa 1
dk0zNI6 1
Qn 1
IBZt7 1
U32qFI73 1
tQ4bxmF 1
JC 1
bxkhzVH 1
Q1 1
R 3
C2MB 1
Yhcaz8 1
OI1cS 1
J0E0 1
gUvI 1
Jy6L2g 1
n9j 1
VDGF1mwb 1
vYrHkWcm 1
B 1
s8 1
s5c 1
p1chte 1
Cb6AuQt1z 1
YLh86elgA 1
zoaPgvok 1
GmR5dg 1
CGDB3bxlx 1
xiCJ1f 1
yEMAU3D 1
V2Rf4oz 1
yFJekvv 1
TUTBSnh 1
hZmUj 1
boUB9ViSBo 1
q1ES 1
B 2
P2U9Sj 1
S7HA8 1
uW8qFlp6 1
B 3
w 4
ZAa 1
anopV8z8 1
Lz8 1
JzQ4EaENj2 1
tuR 1
M5 1
xQZfBQUo0j 1
dWNda5b 1
cDJXgpKoNE 1
yorEvt26 1
LTwm 1
sXCG8BKtW0 1
Ipd1OxhJWN 1
a 5
px 1
wTD8ENUYhh 1
QbnIIBB6 1
USOY9zpuG 1
EU2MryGzK 1
t 3
uiSGmiNX 1
v32 1
Y0g 1
sy 1
jnjRN 1
j7yXNfBD 1
dac2t 1
Q5fugz 1
O 3
hHVp 1
laM8EaEKX 1
ZZ60AEO 1
zKDDV7VM 1
m192qg 1
a4DlISc 1
D 4
hZxbyYJHHs 1
LybEZWd 1
ogzJtvOV 1
JL8AZBa 1
yVQAN352 1
km0FpWb 1
NFIJkgRRQL 1
P0pica1M6y 1
fnHTTY8 1
woTsao 1
GiY4ae 1
mKdB29dYU 1
Xb 1
Em5 1
q0 1
AZzsAhRFtq 1
E3 1
u 4
NrxDucR 1
N 2
v 6
rg35QvKFR 1
WrQFZBRa3C 1
CbqqS 1
irvV70 1
pXaU4qbcE 1
qZq7F 1
S67vY 1
uJbUQ 1
NA 1
L 4
v 7
ohl 1
RNQv467gM 1
cuJfGLF 1
Q 4
RSkzyvOqtQ 1
lyL7pzyYxP 1
EIdnVn 1
GczuTLUngN 1
rQTQBiL 1
TGl 1
UYHR 1
rgzTk 1
iAQE 1
x 3
fuFFT 1
FxgpuPq 1
WI 1
SvzeenIPXA 1
PE 2
edYofM10z5 1
Qfye0pLBJS 1
VN 1
jNGTZpkqP 1
HEg 1
ma6uDX 1
YAFW1j8I 1
zb4 1
m 6
kIn2eHDfqF 1
v 8
g6bL 1
qoV 1
kP9d3I 1
UKVvvIg 1
VAtc4RKN 1
Ff7BC 1
yU9O 1
yyHVpBNw 1
hqS 1
bSMwdatzd 1
LLxCB3 1
DwGq1b 1
vSvbxUb 1
Z19oIxuu 1
Xb 2
r 2
MkczKu 1
hPS6ihGUH0 1
lH6Gzp7ja 1
W 3
S3YjXBYrr 1
qbVR3VQM 1
LYNZ 1
dWdhmRpJ 1
t 4
CETgqIL8E 1
M 5
j3cUZ8H 1
fzg4XoC3y 1
BjnQNae 1
x 4
nfTnnqel1C 1
VXWc6 1
iVrTPppoh 1
Kv 2
sNjT50r8y0 1
RGNCHC 1
SCdwCh1mk3 1
z945yzfvfe 1
d6b7L 1
G5fICQ45V 1
LtTiv 1
tHAxsqleuP 1
O 4
S78kx 1
Au6J5 1
BQt8C7 1
ii 1
tPG 1
o 6
ryFM 1
qJqt8do6ss 1
PjxfK5r 1
oCiOPucyUD 1
icSHT4bu6M 1
x 5
qO7GgpCqF 1
IYe 1
SVbFi 1
HRYd4 1
dPbh 1
J 3
xhHwLr8W 1
y 1
G6 1
NZGrVJtp 1
hwyx4JL23 1
gwu6DImR 1
z 8
nCMm 1
eELnn 1
iCiec 1
uAYGU 1
l5 1
PPoGAz 1
I71 1
W0Bx6djQ 1
Jg4q 1
dZHw0ZBQoh 1
IneU4FSfY7 1
A8y7L4SN 1
Qbf5bC 1
c1FieBvq 1
epY2WV 1
z5Xs 1
ksN 1
UzTHhT0 1
D1wbq 1
te2 1
QcC 1
Bjw 1
Q 5
BE 1
E1x 1
ibJkOUPug 1
v 9
y 2
Eo 1
LO0WVSIP 1
H4x8O 1
sqUheGcbuA 1
P3O 1
Rt 1
l2ELrRp 1
ro7IP5A 1
xmQI2CZXl 1
kx3F 1
sg3XmMp7OO 1
Bo 1
dfa3V1 1
XrZ 1
bNyimlN15 1
KGf925Pl 1
nAN 1
P 4
SURq1 1
RD20 1
QkMCzmJM 1
kpY4geAu 1
gQrReXn51k 1
cX 1
dx8R 1
V 3
ghKvy6Ha 1
HR 1
XXzoA3hNc 1
piC 1
v 10
rfy0 1
sEAd2u 1
k5cG9 1
OPwIxX 1
Og3K 1
csBP 1
NvuFvI 1
Kcq37nrq 1
tlJ6NSp1 1
wtF1 1
VEhrU 1
js 1
T0Z 1
sbHQkq8028 1
CIu 1
dmOCewnbEY 1
NIJ 1
PPn1 1
moGnb 1
TMuqbSOhkM 1
JlySbF6LS7 1
cemW3lImYG 1
s6FP 1
exYW 1
uozPuNIFk 1
g 3
t0 1
OrO82Y 1
CR9cetsZ3b 1
Q3tW 1
M7zXpius 1
YsIH 1
cO1 1
fsgdEFGqH 1
kfNerp 1
yk5k7LFW 1
v 11
USuPjBB96f 1
PAdh 1
LCLH22y 1
miczp 1
rruH 1
NB0SSIcB5 1
W4szCvn 1
wxGkYNfM 1
Eq9QCSZKWA 1
zENqY 1
e 2
DdE 1
W 4
l 2
VK 1
r22OSqMIq 1
g2FTZB 1
Rp 1
jDKdhm 1
YTpnI1zpYy 1
ucScd4u 1
P 5
W8 1
t 5
V 4
a2HMUKrS 1
VqP9W 1
AG1FACrv 1
azIU55J 1
u 5
rt6vPpB7 1
F 2
qHKGwj 1
Bg0Io0Q 1
M3eY1WY465 1
d1tvvCmP 1
tNyPlL0 1
eC70GUU2h 1
NQvN1 1
ir3DT 1
Fb 1
Woo 1
q0h 1
vsvMVcW 1
TqZlj4B 1
jRy3ThSf 1
gknuWx 1
NyyG 1
MLMj 1
lzbU 1
mVnlF 1
ka8 1
GDE 1
u79 1
b97oN 1
D 5
u 6
zYhaEz 1
IW9 1
z 9
v 12
A 6
Ou4Bnu6 1
i4m 1
SOvvp 1
DzVIb 1
rHP 1
XhujuVD 1
XPF 1
uLfzS60fP 1
ps 1
Cum 1
FZF 1
XqUQ 1
jDLHi 1
u4nSVVN 1
EYYfm4y4 1
diQJF 1
BD27pPKni 1
Q 6
R5e6iiKU 1
vb6K4eoXqO 1
KqKf8 1
BP21 1
EJfDUX 1
wknc 1
TufUAL 1
Eb 1
ZKd 1
sKI 1
e4KVKh5RB 1
kZcO8SHVZd 1
VLUV5 1
L 5
BeNqS 1
zKQhY9yyG 1
c4vA 1
J7 1
HbH7IXxng 1
dk0WKcZ 1
wN 2
Kh7MRnQlyB 1
hIHiQv 1
hF 1
j93 1
n9G7N3 1
NSJRuD 1
cENdy 1
MQ 1
p9afMGkr 1
up 1
Egm 1
D0fcBz 1
hnZCYq 1
eSVeqAJa6 1
Y3jw 1
n1OHNwEiZj 1
Y8q 1
xDnoqov 1
GBcBPI7T 1
ZUUSgbF9 1
sxc 1
DIaW 1
o17BK6HaQ 1
yxlLY 1
P 6
gPb7zW3yw 1
Ww05FhQ 1
LEt9 1
DwTZMX5G 1
KadZU2P46r 1
PHcBYDG 1
IJa 1
n6WYK9U 1
ln 1
j 3
j 4
ZxI69Y 1
HAtGmdFLp 1
CoF4zl5DBR 1
VXSyR6RoQf 1
XAcaY2 1
vYRtR06Z 1
pdsjZAVpez 1
Ggt9 1
hvoG 1
U8zq 1
VMsl 1
jKsv8TW2xn 1
xf 1
CFB2XQjZfD 1
h 4
OPbJ28pBf 1
B9 1
X2fSDYg 1
TOfHPrQHR 1
gFGI 1
HdK5o2 1
wW5I1c1DGm 1
nZ0nu 1
V 5
a8c 1
kPgiy1ud7k 1
cNzs1X4T 1
s3jm5 1
Q 7
i 3
imtlUYr5h8 1
ifs5hmHGoR 1
dobIx 1
kRfBDH 1
Db 1
QsTlN 1
dD2T 1
j4avJLArK 1
Zc 1
wz 1
aR4XsDlSEl 1
jpA4poXP 1
YdHr 1
EXUZOmxv 1
qtsAx7vYgl 1
ndvWwaVBoz 1
fgyGWuNxO 1
WU6AuVR8 1
gPluU 1
j 5
wbfue 1
e 3
c7oKiYG 1
ktVfJB 1
aBFG 1
l 3
xI2GcuE 1
V9uzUwXyZ 1
jjwP6Uy 1
kc2dte1 1
Jy 2
vi0V0a75Oh 1
bDQvyO 1
JBgLshH5NZ 1
VMW 1
eVcW2 1
RVdHvUSyK 1
tWL 1
PpSkIsOwM 1
qe 1
AY2tOvvn 1
x 6
sb 1
v 13
q5xega2Wp 1
oFIvM4k 1
sexk 1
J 4
W 5
TRXZo25O6 1
dJLkK99 1
qCGx 1
X4KCu 1
M 6
gpTHwg 1
L 6
B 4
IJ1GiGHGBJ 1
U 4
D 6
wIJ40 1
iGmwO 1
vKPvqoeV14 1
KvtMTaNu5 1
sFQELE 1
PQco 1
hj5T 1
PU 1
shw4 1
iZGcu8QB 1
UvaOCqq 1
BP 1
XThoJMyNIC 1
mbO4h 1
X7KeAIEt5K 1
TviE 1
k 4
X4nm717 1
WDSz6 1
DojSoriK 1
qujPq8oG1 1
edL4J 1
daPyFl1 1
ZahV 1
RuBpnTlJTH 1
uFSN1brPL 1
zm2Rk 1
DAV3j5 1
cj 1
W 6
RBFq 1
Y 3
eJ 1
KK 1
iWaJELTPs 1
KPS 1
aG18aQlTT 1
CuR2SY 1
GL2 1
CZC 1
nFK 1
R1w6gDzf0Z 1
y 3
cfaN9iPT 1
JdIE 1
Z0tGM83S 1
lgXOB6udC 1
i 4
tEo7 1
R 4
uNefKPgV 1
C1OKUJ 1
x 7
so 1
SR70ccLuwC 1
Uh7NF1qf9 1
lvFHVx 1
eS4myVVmiH 1
gnuMG1fvO 1
B23 1
i2 1
AZYz0V 1
gtjad 1
fCsPwZira 1
dsVthu3FMI 1
vHET 1
xrTN1o122 1
a 6
w 5
uIZOPK 1
YW7H 1
Y2Bh9UkjLd 1
c3KTOT 1
fZvTdCuPM 1
QH4DZWU4DP 1
knIA 1
WeWv 1
LdsBQ3qdi 1
DAt 1
t 6
Oi4t3C0bU 1
c 5
JmWWsALmUH 1
smlL 1
FL 1
PHE8z8fA 1
Wzm1vTfbmZ 1
MCRidDW9IJ 1
LLjhwyJ 1
Q 8
vBbud8ldJz 1
CoMm 1
O5avVX1 1
ZR1E 1
mg8idasC 1
tvxWlE2i 1
S0scnGG0 1
IFvTCsGy 1
dbDJbpSj 1
VN7boIeN 1
UAs 1
IymNkl0Ep 1
hBwb 1
l 4
z 10
F 3
j 6
AQrp 1
Z 2
RyZv4GA 1
YiXC9aQs9L 1
h 5
H 2
EootCth 1
H6YdyK9y 1
kQdjPL 1
c27 1
h 6
i 5
Be3d 1
sm9kKtwxn5 1
EazBtaKI 1
sAhyIPe4 1
Ko74qozk 1
DUsVP3Yc 1
IG 1
v 14
LF4wo 1
gzfTegNesV 1
F9 1
WbTPzxBiYE 1
i 6
aBg3w8s 1
KuX4vH 1
C2 1
W8ZY0RP 1
NetT1 1
URYnyc0wtP 1
hnLc 1
HGH 1
CY 1
VP 1
ApID0XG 1
WbULwM 1
Axzj 1
tEV6LgrPW 1
IqhFJZ 1
JS 1
wPmnw 1
mLSXhiO7Gr 1
cSz 1
p1niF 1
v1FPXIE 1
AtDPJ 1
rhu4o 1
W0J 1
K5 1
L 7
x 8
l 5
JgzbrZb 1
C 2
EZ 1
BQxbjCrL 1
VrzzUi 1
vIDfs3Tgz8 1
FIH8 1
Rr8ok6DIbx 1
gxAybWIC57 1
oT423fCOfh 1
XM1zPI6 1
juK 1
P2HSk 1
mg 1
T3xo 1
ch 1
Bh 1
UUs0 1
ijZoym5pI 1
mSEhT67d7V 1
x 9
DEM4J 1
Wvubku 1
k 5
gBlyMA 1
gc4r93 1
o3Rt 1
z7pfix 1
L 8
Z 3
jkNkg 1
v 15
aTUAx 1
S0HR 1
ivi 1
sCGTb 1
Yedks 1
nu 1
A 7
mAatsJMI 1
aW7WG 1
stQ 1
MuxzPXcvhs 1
CK 1
ehC9sp 1
c 6
cOsE8C4QAd 1
VZz 1
SXS 1
kuPhAh 1
y 4
y 5
Y 4
mD4lM76bV 1
YmqIlHU 1
R 5
rQOs82H0MK 1
yJTCe2yOvZ 1
X11K 1
P35vvFb9VI 1
wF4F 1
WLksiyQ2 1
S 2
h 7
sS0KEE 1
Z 4
alh84ld 1
Irw 1
t 7
TE 1
uEGh 1
wIP 1
Pzo9rw 1
vss 1
L 9
jIqWVmWi1Y 1
ou1186qJ 1
cJ7Ba92gvr 1
OTRevrLD 1
ggwTlAzq5s 1
Tja 1
LqO 1
B 5
R2w 1
G 5
fzf 1
g3 1
FK 1
i0 1
hxw 1
aCj 1
fu46 1
f5QlsZs6eE 1
L 10
iLqHvT 1
tVQKaYVj 1
sF 1
YxKaSW 1
iCclElYuy 1
Q 9
KRQx9 1
NKN 1
JFVplErh 1
b 2
Do 1
kfLl1kMNd 1
w 6
taQ 1
Nym 1
RfrAScK5 1
MwVi4S0 1
WboCbQ 1
I 1
q 4
zgVSwn 1
maJmaSrCOU 1
R 6
e10O8 1
LHN 1
qjn3vqpZWn 1
V8Wu4G0l 1
sKW3yN 1
p1l 1
ydY 1
C 3
svdycIexVw 1
SC 1
D 7
E2hI6m 1
wW4VSd 1
V 6
Gb4xIYB 1
ZpkEYdZ09 1
UvOvU7 1
ou 1
b0xU9 1
jFYEzkpC 1
zY 1
QHNAb 1
QN5yEJrZ 1
CcYsEA 1
hP6b2YREf 1
cTTUhkjGEh 1
C 4
HIiVhJbonn 1
lEfi 1
mRL90oOvBn 1
zm 1
ptNJ 1
IUQc4foM 1
ycrtheXI7c 1
WtDy08OMjm 1
SS06vcNOJ 1
tl2nP 1
i 7
TgPQq1jHu 1
dqtNv8Y 1
HKA 1
oQ7aD 1
ag 1
XayhHOwETV 1
kF1WIAS 1
GU 1
s 2
OGhFN9JgyV 1
L7 1
jEw7y 1
oLcrtX0QBR 1
C 5
CrOs 1
umJhm 1
ZqAk 1
SdxFG 1
g 4
QXWYKPKR5d 1
BkNMV 1
W 7
S5 1
H2iEy9G 1
t2umh 1
wQMgs9r 1
WDuI 1
r 3
q 5
hnoa2C 1
B73 1
xxZt6Z1 1
H2nKGovVu 1
rl4yyAA 1
R3 1
rPD 1
LRUiTpM8R 1
yvOXiRr 1
uMi 1
e 4
meibYXz 1
zuzJj 1
L9VId 1
PYNnYQZ 1
GIlLw1aRh 1
SOv 1
ZtEwNZu 1
mU1Te 1
ReK 1
t 8
QAm 1
e 5
X1xHJdXJ4n 1
vUjZAHtMlt 1
v 16
wGkP 1
P 7
SeSNwcamoa 1
S 3
Ms 2
R 7
n1 1
APFpj4 1
utUmvvnU 1
G 6
AFM6akBQ 1
yjy9 1
Pe8D 1
uDT2 1
V 7
zgF625 1
T 4
Efd 1
nS3uYYm3 1
N4 1
sil4EmKV 1
D 8
hV7GXwQM 1
oharba 1
m48AiaWg3 1
E 4
C0 1
M 7
PJ 1
kGE 1
NFCMttdf7 1
SSM4LCbsBZ 1
kFJEC 1
DUxc 1
hVwVhb5enc 1
MI 1
oqkr0 1
yuq 1
H5h078y 1
Kum8aP 1
sQY 1
Z2WgRgrMk1 1
x3X7Hw 1
YAVC3tqktw 1
IEWZupNABg 1
g8wfnxYC 1
ReXcsne 1
kg6btmrJed 1
PtOtIR 1
s 3
kVJEhDhzY 1
bQouDG5o 1
rlvLcmM 1
g7P62TB 1
RZneIQZDc2 1
bPCFDgbP 1
Vu 1
Jv 1
E 5
m 7
X 3
So 1
R7G 1
MUcH9ffJK 1
Edsb8iu04 1
p 3
X 4
M1Ng 1
Aa7w3IO 1
a4cic 1
ij 1
gORLryh0CZ 1
IEx 1
ko 2
GhaDXPmwXu 1
wVge 1
r 4
ojOs2N3N97 1
MS4y8NdX8 1
Ns644 1
t 9
jqyKjhx3Qa 1
f8Db0Ci 1
eOOmAgxJ 1
wZVjAa9JF 1
GAFJt3oZxh 1
kZoJihXV 1
cJpqt0dra 1
nUBE 1
o 7
p8cZOUq2 1
NiXas9UVWP 1
kRg 1
Y 5
V65Ggc 1
OJQ 1
AXlCrgIrZT 1
bCmhVLSPEZ 1
d2kQAqyk 1
T 5
S 4
ZxW4Z 1
wQC3MSHJZ3 1
k2w 1
GX0EAA 1
MXf6Jtv87a 1
fIEY8YTC31 1
w 7
YgfeBQ 1
DOvJS7Zbi 1
vrv4ZgcoI 1
z 11
gVpoxVWVBn 1
ctcYO7cC 1
ZP 1
o 8
PDLCic 1
P 8
y 6
wnBYTZAsi0 1
R 8
ubO 1
aNho6 1
C 6
z2 1
IXlC 1
Hmx 1
cXD 1
q 6
s07jWok 1
sac7 1
GK 2
n5gUH 1
L 11
h 8
wi1l1r4 1
t1q 1
sS2TAZLzMa 1
U 5
C0VPoA 1
lw0kNfIDoX 1
amoDbhLMKk 1
M 8
sv 1
a 7
LTbO 1
a 8
owOQTU 1
i 8
jKpG 1
lRbd 1
y 7
Z55k9b 1
XG 2
Wr4IUqh 1
Z 5
sx 1
iD 1
z 12
k 6
UdWsGg3 1
Fh6ipTxaA0 1
mqSs 1
zFpJdzVdI7 1
emA 1
vGcvlx 1
J5dRmx 1
WHt 1
ocp 1
Pal 1
W 8
s 4
EahDC4BN 1
xLQ6beB 1
FMYN 1
lYzl8kgn5z 1
DUHO3eRESI 1
q 7
t 10
x 10
ZErURM 1
Ri5Ne 1
QPtERlK 1
W1kzcKufqz 1
KScvSELqQU 1
N 3
Nd 1
chNZyoYJyz 1
bz 1
EN 1
zi41 1
WiAQe8iU8 1
FQa2q7S 1
emwG 1
Ml 1
x 11
fpPUztoQkI 1
xIay4cg 1
K 4
T 6
SXq 1
H 3
AcQ0WvRX7n 1
IN 1
RWi841zTB 1
Q1NWWrUFVy 1
mn0zHTin 1
Me2OX 1
rXA4gRf8TU 1
E1f3A6 1
C 7
rAouyx 1
ARV 1
ZGo 1
R3 2
rvx 1
Wh5cxj 1
ri536 1
YqK1esiLtp 1
yfS 1
g2XJmgYhfX 1
C 8
bvZLmqURW 1
uVZ0aj 1
G 7
Ej2rxE 1
JkX 1
X0nc2F4S 1
G 8
ykS 1
Uw423AY 1
z 13
nfrRj 1
u 7
RhqZiu3PW 1
HPxzvZ7qI3 1
i 9
f 3
UYXElxWGh 1
DmJqmBCLRy 1
jg 1
ZJH7t9RYBk 1
pjzlExRR9t 1
j 7
a3 1
gy3eNux 1
BQt0 1
F 4
exHD 1
I2 1
EjzM 1
th82i3o 1
Vv 1
ubVcxm 1
zqycfJ5 1
ZMT 1
o 9
C15Sz 1
uERC 1
U8uC8 1
u9iE5Eulfi 1
gVlFRuIw 1
ddAbpOWHkc 1
MaEgvuEWl6 1
UpJ3vhoTtK 1
o 10
timhRtILbQ 1
WlXw93p5 1
q9vYkKeePX 1
fJv6 1
gSgjLnJhlI 1
AhPvpw 1
dPl6jfZ8 1
GAVUdPFqEx 1
G 9
GXwXvyknq 1
K 5
IauPDUCupz 1
L 12
P 9
Z7 1
Hz 1
qmM 1
o 11
PyKQ 1
M0hyhjG 1
ZEZiz4 1
R4 1
c 7
zPCo 1
z7cazOBroe 1
N 4
YI6plWxzpg 1
Dn 1
S 5
Sripm3X 1
GbCWUW 1
naqiQDqahW 1
y 8
Z 6
KhqiXIdj 1
X8iRs 1
V 8
UW 1
qRxWT 1
NBNUj 1
nX8ft 1
UFehtmdyPT 1
KV3 1
G 10
btfDalsAr 1
zrrKICbg8 1
EqLidqtIzv 1
t 11
o 12
GkINHAoB 1
G 11
ERvq2 1
T 7
sJ 1
Xd7Th7 1
le7tO7u 1
q 8
Z 7
knb 1
GbCr 1
M 9
afIU0cikiK 1
jB8 1
gTEqX 1
jtv78T28 1
f 4
QJXUbU 1
MrnleyRzma 1
i0 2
bWO 1
YPEZoRx 1
S 6
AUmIyyAf 1
Z 8
htU 1
z 14
DeR 1
x2sjeqDQHv 1
jsrF 1
J67J 1
H 4
BQYEcs 1
UNJV1 1
sYHh8f 1
Z3Kn 1
x 12
A 8
q 9
qQAAPl 1
z 15
f 5
doU7lx7 1
Q 10
oXWBOBC4X 1
j 8
i 10
OwW4 1
t 12
F 5
bQ 1
cRt 1
n 2
Yft 1
tAzos9bIr 1
R 9
X 5
e3Hjs 1
Mo1LpMV 1
MfTtdd1XPA 1
q 10
THi5Guwf 1
cFnAtZKEyj 1
K 6
YVaawEVgoe 1
i 11
v 17
eqwTZnW 1
H 5
HZ 1
r 5
ESCquW9 1
ji 1
lDHmkQgn1q 1
QZCe7 1
v1kjD6C 1
J 5
bFfpK3 1
tvgxbGob5 1
jaD 1
H 6
v 18
NXPJxsaO 1
B 6
y 9
r 6
W 9
rK 1
dCrJ3lcvoj 1
R 10
boQ4gqKFeR 1
V 9
T 8
bjf3 1
Ab 1
OklsldgzM8 1
wB 1
TrQC 1
K7O3oduF1h 1
vbiaaQB 1
xwU 1
Z 9
z 16
w 8
K 7
PYYE 1
k9SDeM 1
qDtxqxq 1
W4jvv 1
Tomb7RwVZf 1
G 12
j 9
vWs7BKZU 1
tuIwbK2xvD 1
rxPgzjISYM 1
t 13
S 7
x 13
P 10
VLCeKrjBM 1
XIgQ 1
ZwE 1
co6bN 1
KQX3bVC1V 1
pdXt 1
OU6Qhqba 1
G 13
ftAg0senZc 1
IR 1
nECFqgZfZ 1
G3 1
gr4LfD3 1
xlSg3F 1
SZfcB4dF0c 1
B5 1
W 10
CrH7GK5 1
YI 1
FfJsgwTg0Y 1
kUNbddRPye 1
kLwxTof 1
l 6
xywurjmEX 1
vgtPq5cFT 1
An 1
N 5
T 9
JYuqTuqVd 1
c8BITpXx4R 1
DAOsjf 1
T 10
ip2VsLh 1
wP6J 1
Jc 2
L 13
r 7
C3f 1
rU 1
gUArwAHASR 1
k 7
EH 1
Q 11
Y9Rk 1
f 6
iuXgBiEv6W 1
A 9
E 6
lCxW09 1
x68dmLfM1G 1
V 10
k 8
CciqjihEvx 1
OxwJ1Mnu2h 1
I 2
N 6
u 8
KnwuPsbaa 1
XsBMsXqqwo 1
MAsTzIpcKr 1
z 17
IDeUud8 1
FK 2
CKfucvK0 1
y 10
ag 2
VE3hMSo 1
gmzjZjKE9q 1
W 11
O 5
y 11
s 5
r 8
kcwdiZnhw 1
TSotgRHU8 1
YDemBvLp5P 1
G 14
GRN46PO 1
IH 1
L 14
tuR 2
kZLxl 1
zWjNVzdCGj 1
q 11
DIKEmfKhSf 1
V 11
BJYetfXlXU 1
aB 1
Ab 2
Xceq 1
x 14
okyVCeX 1
Y 6
bRYC2CDiw 1
OqKvWRrO 1
wUBTZc6XDD 1
i 12
YRGIDi 1
B5 2
o 13
w 9
a74QOY 1
OWhmEtbYzN 1
WdjdUi5 1
OWZk5 1
en32vJT6Gl 1
q4PrXhZuo 1
Zyqy 1
l9pxneKhaz 1
WdWtOgTMHQ 1
IwXvInd5 1
Dr 1
F5OZiTg 1
XZn4Y9Rydy 1
fEPySD3ZW 1
TA2cURsJ7H 1
u 9
vymwyt69Q 1
F 6
g 5
DQp 1
Erj 2
HC 1
Z7yl5CXvqC 1
LryS1uREZ 1
rK 2
pX 2
O2CNFHAg3Q 1
w 10
r 9
svhJtdnyEr 1
BZqEW 1
H6YJ8jIw8 1
N 7
E 7
b 3
G 15
O6rIpU 1
duPWL1n 1
U2e 1
a 9
c 8
R 11
rOM02 1
P 11
fvV 1
o 14
yFw5Rw 1
laiyHrvyw 1
oa7FgPFFN 1
DH 1
clleAsriMo 1
oc3U 1
S 8
mGvr 1
LS9IyZH 1
a 10
s 6
L 15
jk 1
t2I5Px 1
MJcoiHbjto 1
n 3
QIaZQom2 1
ql98tvGnVC 1
D8JYwBp 1
d 3
b 4
gNvLUXytGV 1
V8luVo 1
S 9
v 19
E 8
eYkq7Sxhz 1
n 4
ilVxUUexl 1
ZsyFbl 1
s 7
e45k 1
OkNV0ZdWus 1
W 12
q 12
v 20
CKDEwzm3H4 1
ZrP5qMhFK8 1
IfRZOVm0 1
A 10
FA 1
h 9
h3 1
j 10
FNVoJrilU 1
d 4
E 9
gs9dYoH1F 1
T2vwEWy 1
quJFifBd 1
e 6
r 10
j 11
b 5
P5d 1
DTk 1
Bjow2wy 1
G 16
g 6
B 7
R 12
ddvbawBzL0 1
b 6
Q 12
M6 1
ziU 1
ZnJyJSE6 1
sJqgVj2muU 1
SCvFy0XPL 1
FluFUSpb 1
k 9
I 3
u 10
VqT 1
dR 1
o 15
FKTxKHf 1
W 13
R 13
J 6
f 7
fxZRWMblW6 1
FHpHNdNI 1
qv8Gppd 1
u 11
IPxmbFzbM9 1
VJzYLxx8 1
m 8
rJsilcaY 1
f 8
ZIjqL56y4I 1
pK8 1
g 7
GA 1
wayvaUJ5O 1
qzrvbWUkw 1
z 18
s 8
eLzz2BgXLr 1
Vu 2
s 9
w 11
xKr3P 1
muTUqnCmc 1
X 6
v4i3bS 1
b 7
J 7
A 11
h 10
p 4
zPUiWPtvYf 1
g 8
YiMFikmfZV 1
P 12
wDJpSyvhRF 1
CAtC 1
h 11
o 16
mbylpJCq 1
m 9
y 12
U 6
EFk 1
hKlCr2eupi 1
Y 7
RqT3f7 1
zl 1
s 10
U 7
SC 2
T 11
a 11
O 6
PDUih8Jl7F 1
AmbecsnyCt 1
mLYtj 1
KVvq 1
x 15
X71kQQo 1
AX7jX36 1
j 12
g 9
w 12
aE7MGP 1
H9 1
cIuswTrtEd 1
jQlvphbHt 1
IY 2
a 12
x 16
gGceZywkUc 1
AHkP 1
KiqAbk8g2 1
sdA4UBGe 1
b2BHZ3iB 1
kn1PLPYkRZ 1
d 5
V 12
ljUwm2vqWa 1
cvE0wO2Tj 1
K 8
E9 2
H 7
U1 1
d5dpXw 1
oTbhr 1
kt 2
p 5
P 13
d 6
gmWerFs5rg 1
d 7
LzV9Bvh 1
qrZqPzpxq 1
C4z07 1
m 10
cXRd 1
l3f 1
Gai6at8Erx 1
Bl1Tie 1
s 11
reaGgYYRvw 1
r3T 1
w 13
bkZzWzXiee 1
FqYdUy2jAu 1
ThywHv 1
N 8
ej 1
D 9
QPHnyLiuU0 1
R 14
q0 2
b 8
XWYxVPD 1
lVyBMJxAQk 1
U8 1
QtjPh 1
X 7
M 10
K 9
IzgawQ2cm 1
M2qS5a 1
Y 8
hmUElLmSdS 1
v 21
xMurP 1
pJbT 1
Val8PQDqw 1
DChaej 1
q 13
v 22
P 14
JbNIbk01JO 1
iCzXOvRFiA 1
HznoUgkTZs 1
i 13
jfFnoxo3 1
YRDBLJ 1
K 10
wlaclGc2Qq 1
gWyie8qam 1
g 10
uGoSC 1
jROzGSf 1
Ld 2
V3 1
BoqC 1
pWYP 1
qoe4Nz 1
u 12
ElLftjtXBS 1
lyjsXZBtuU 1
I 4
q5xLV3eyG0 1
MDxKUZzuu 1
E 10
y7limnz0 1
y 13
S16fco 1
L 16
fsANJBrYy0 1
xx8qbFghsP 1
hsXxZbsyh9 1
CxQfkbF 1
mVdTDmLW7y 1
T 12
iNdjQvdrtl 1
zwAkmxW 1
ZvmMTm 1
I 5
QdA 1
h8jb4 1
RoN6nIZRls 1
w 14
Z 10
D 10
M 11
IUp 1
O 7
SC 3
H 8
NdwBupX7tr 1
xhPa 1
t33g 1
m 11
R 15
jT8 1
h 12
PCG0p 1
N2kxGjwfYL 1
Xrw2BR 1
R 16
AJsBPEs 1
LW 2
m 12
Fv 2
q 14
u 13
f 9
QtN2l3ernq 1
BI 2
QnnY9QMUwb 1
e66P7 1
yQdLojfkuz 1
zhbmC 1
w 15
LyeXs3wa 1
H 9
b 9
zgL4qym 1
H0 1
e 7
yrop 1
J 8
S 10
t 14
M7nmIbVZMP 1
j 13
XHUo7N0HI 1
z 19
E 11
t 15
x 17
MovKO9umxv 1
Rh8eR 1
x 18
Y4l 1
n 5
w 16
B 8
AF 1
aDhOu 1
NF 1
a 13
V 13
uhKo1xP 1
hevaeo8yB3 1
E 12
VrniIzrrFN 1
kNutAh 1
J 9
F 7
Q 13
gMyaZyPesb 1
l 7
fP 1
GSDEIEb 1
e 8
dhjIm6taLh 1
M 12
e 9
hP2 1
D0 1
A5 1
W 14
mmiR3UvL2v 1
z 20
Y 9
Y 10
vuOlYy8paD 1
A 12
r 11
R 17
g 11
F1 1
A 13
q 15
j 14
f5x8Ado 1
P 15
g 12
l 8
vqUkpUEV0r 1
DxIh13 1
u 14
dRo0G9 1
S 11
C 9
r 12
t 16
kPdk8rkalm 1
PtpruXmbJK 1
MQ 2
rUqtvSWawr 1
ARqWRhuIfX 1
JprZxpjYWu 1
uU3oX0 1
d 8
LfnmmCRJtx 1
aqMNdp5 1
I4zYf3y88 1
m 13
sz 2
sb 2
iw2WDbeNe 1
b 10
WBXL 1
L6pvJ7FE 1
FHOsiEeuwd 1
M 13
B 9
V 14
g 13
JxoFVE0h 1
UrgjxIJod 1
IC 1
c 9
S 12
nE 1
P 16
B 10
V 15
crJkCZBsbi 1
X 8
ZZ7AHU4hio 1
ESI 1
qfn5CV 1
a 14
b 11
LJx4fXqa 1
M 14
q 16
m9omUxvc 1
tpb 1
X 9
p 6
lvhOWKpNDE 1
C 10
V 16
xYpdxVazPz 1
U 8
p 7
H1lHjU6n 1
o 17
z 21
fP 2
qCFKHRcaJ 1
w 17
cdUnK 1
LFhC 1
W 15
VP 2
XHowInXCsd 1
u 15
ySkx4c21a 1
grwwrrwBLO 1
oujDaUs8WP 1
x 19
P 17
q 17
u 16
N 9
R 18
SyClxzIewV 1
tvXGODoxtE 1
R 19
N 10
GyjxuofFJG 1
CXGyoGcd5u 1
Z 11
T 13
a 15
O 8
tgySmx43ce 1
xfyLtxm5x 1
P 18
uGvkktKjfc 1
Nm 2
h 13
a 16
nYjMCEQhOU 1
a 17
o 18
j 15
k 10
v 23
OoKtdjdFxy 1
LBpPBuxxoy 1
pPTNOjGjym 1
U 9
J 10
a 18
TwLAomIrvw 1
DS 1
Q 14
F 8
YU 2
D 11
xgZKbtmyDY 1
Qc 2
L5 1
MbQcUaI 1
q 18
MTr7j8rO7s 1
rIehMOlrb0 1
q 19
d 9
Dr 2
Gw2PmP 1
z 22
f 10
e 10
I 6
c 10
G 17
g 14
By 2
a 19
j 16
iv5bA 1
h 14
n 6
lVtWFkCBYc 1
iqme2SNmw 1
Z 12
izb5ia8cJ 1
UaWNjthHJp 1
W 16
p 8
w 18
sZN 1
QyM5peZXjh 1
V 17
v 24
y 14
i 14
mQjo2f5nq9 1
d 10
EFFMMTu 1
f8 1
S 13
hpBahxx5vg 1
d 11
mP8t3E 1
p 9
JSmY 1
w 19
ZXkYZhgpmh 1
lyTtlm7m0s 1
G 18
I 7
qek 1
R 20
b 12
A 14
A7S2vf 1
gh 2
u 17
I 8
FJ 1
HZ 2
j 17
SC 4
R3 3
brAckZoQtG 1
uGEb 1
l 9
x3qeWWqsbG 1
c 11
b 13
O 9
Y 11
s 12
L 17
AZO 1
bFXXizZ7ne 1
C 11
i 15
D1 1
rc 2
yx 2
z 23
E 13
P 19
s 13
o 19
HqxmjNnPs1 1
x 20
B 11
x 21
kxFqyP7WpN 1
l 10
Jkf 1
x 22
K 11
p 10
k 11
R 21
l 11
d 12
M 15
r 13
b 14
QM 1
k 12
z 24
X 10
M 16
o 20
b 15
t 17
k 13
P 20
S 14
I 9
X 11
v 25
RnLT 1
KqVtS3Ms 1
vfHgRaft 1
SkrbeOfVo2 1
D 12
c 12
s 14
aaB3yufCqu 1
S9 1
j 18
p 11
KhpfWJMFoh 1
W 17
D 13
v 26
ewQbbWBqkW 1
j 19
F 9
J 11
E 14
Y 12
XYhc3 1
L 18
T 14
w 20
vzz9sjjdHk 1
p5lP2fzyUT 1
sng1CW 1
Q 15
G 19
K 12
L 19
f 11
yv3mZBxbwM 1
y 15
q 20
R 22
L 20
i 16
sy 2
u 18
LL 1
sv 2
t 18
q 21
D0 2
z 25
PMzcVHyrk1 1
I 10
mhemWATrwc 1
b 16
qBmqTzSVch 1
Q 16
q 22
l 12
lglIlLdI 1
F 10
R 23
J 12
X 12
Q 17
n 7
V 18
hG2gAc 1
illtzcibuE 1
hUstNoudg 1
U 10
gol5gqf 1
q 23
ynKMc8nphh 1
i 17
MQ 3
a 20
X 13
z 26
x 23
E 15
Dus8nhstsY 1
V 19
M 17
O 10
RoabhyiIf 1
A 15
f 12
x 24
R 24
uUgJnGBdwg 1
g 15
s 15
AryBQiW3ne 1
KSKUb1R9Y 1
bYKjagvfVt 1
p 12
a 21
e 11
T 15
e 12
b 17
P 21
O 11
IR 2
L 21
myiF1u8q7z 1
SnHTGd46RT 1
f 13
g 16
H 10
X 14
W 18
t 19
G 20
i 18
G 21
j 20
V 20
u 19
hX 2
i 19
Y 13
c 13
d 13
N 11
l 13
p 13
U1 2
h 15
p 14
x 25
K1 1
Y 14
q 24
s 16
E 16
giPEKLz 1
R 25
lNAfWjkLss 1
j 21
U 11
i 20
V3 2
G4 1
I 11
F3 1
t 20
i 21
ji 2
f 14
R 26
kLnr62Zywi 1
e 13
U 12
Y 15
b 18
z 27
R 27
O 12
P 22
va 2
R 28
V 21
js 2
J 13
k 14
K3 1
F 11
nciUZkdtXX 1
b 19
Z 13
X 15
C 12
x 26
k86h 1
d 14
p 15
O 13
k 15
z 28
w 21
M 18
L 22
u 20
y 16
LzesbTjrzP 1
z 29
F 12
V 22
Y 16
L 23
jrndwzPCPQ 1
EA 1
C 13
f 15
Q 18
A 16
e 14
S 15
K 13
Zpz0prxhr7 1
g 17
J 14
a 22
V 23
q 25
T 16
q 26
i 22
V 24
O 14
S 16
a 23
U 13
b 20
q 27
CA 1
s 17
G 22
x 27
C 14
o 21
J 15
h 16
pyjjSuWpO 1
m 14
l 14
CQ 1
t 21
p 16
S 17
tGs8CKgZ 1
lW 2
R 29
N 12
O 15
e 15
V 25
tM 2
o 22
y 17
E 17
x 28
Y 17
Z 14
N 13
c 14
I 12
BOmqoqfMjN 1
T 17
L 24
B 12
U 14
f 16
P 23
O 16
rXXuUlFNPw 1
g3 2
LD 1
F 13
N 14
rswtFHHaxg 1
R 30
q 28
S 18
l 15
d 15
E 18
v 27
lm5uqkrv6C 1
N 15
f 17
BG 1
M 19
d 16
r 14
s 18
R 31
r 15
T 18
V 26
C 15
t 22
x 29
g 18
eZQgDDw 1
I 13
S 19
uG 2
n 8
ceXTyYTqw 1
w 22
f 18
E9 3
e 16
H 11
o 23
X 16
y 18
J 16
hjlRYmynhy 1
o 24
K 14
fjoWOMUex9 1
CebtpZUrH 1
LC 1
K 15
f2 1
Z 15
i 23
L 25
So 2
o 25
F 14
L 26
r 16
x 30
JwuJEkvtVn 1
Y 18
H0 2
i 24
H 12
WqoZs2undo 1
W 19
I 14
Q 19
f 19
T 19
X 17
L 27
q 29
BE 2
F 15
iE8 1
V 27
d 17
Xsyyfqb1Um 1
m 15
H 13
K5 2
r 17
G 23
m 16
V 28
o 26
z 30
R 32
b 21
E 19
x 31
E 20
a 24
E9 4
f 20
mqUfWZaV2p 1
i 25
Dt 2
R 33
S 20
A 17
W 20
D 14
H 14
P 24
R 34
S 21
Z 16
Q 20
C 16
zDltjOcsOl 1
E7 1
S 22
I 15
p 17
s 19
t 23
S 23
m4JvrLWzhj 1
HA 1
u 21
XhtRVQyCnu 1
l 16
Z 17
K 16
l 17
z 31
E 21
j 22
u 22
x8 2
q 30
q 31
J 17
F6 1
O 17
U 15
y 19
U 16
C 17
D 15
i 26
R 35
N 16
k 16
o 27
I 16
U 17
f2 2
W 21
v 28
H 15
I 17
N 17
k 17
p 18
L 28
D 16
c 15
A 18
D 17
EH 2
Y 19
A 19
k 18
L 29
g 19
G 24
j 23
g 20
H 16
m 17
p 19
o 28
OfwYCwTpev 1
d 18
b 22
d 19
G 25
Q 21
fzJztNDhnr 1
y 20
C6 1
y 21
C 18
P 25
F 16
P 26
F8 1
v8 2
p 20
I 18
Q 22
e 17
j 24
ZlSdhmqNld 1
B 13
L 30
K 17
T 20
s 20
H7 1
W 22
z 32
du 2
w 23
w 24
w 25
bxrbr3Zjnn 1
W 23
e 18
W 24
Hj 2
M 20
f 21
A 20
t 24
s 21
k 19
l 18
b 23
Z 18
FL 2
c 16
z 33
q 32
v 29
N 18
W 25
n 9
Q 23
K 18
n 10
LD 2
i 27
qPOcTiXNvx 1
A 21
l 19
o 29
IN 2
x 32
yjhXpciORr 1
U 18
S9 2
d 20
x 33
L 31
M 21
l 20
r 18
P 27
X 18
k 20
L 32
n 11
Z 19
h 17
b 24
J 18
w 26
u 23
N 19
x 34
t 25
Y 20
E 22
S 24
x 35
c 17
zA0JvxzKvy 1
J 19
L 33
CQ 2
w 27
p 21
t 26
V 29
M 22
e 19
a8yo 2
c 18
c 19
A 22
b 25
n 12
J 20
N 20
R 36
R1 1
BptdNyNGms 1
m 18
p 22
d 21
V 30
J 21
a 25
H 17
R 37
F 17
Y 21
crXvtlbOzB 1
U 19
u 24
E 23
xpyLISpVI0 1
C 19
r 19
I 19
rKeBS1zkes 1
y 22
g 21
S 25
b 26
P 28
p 23
G 26
dopgbIaWft 1
y 23
V 31
ysuviGMmgh 1
h 18
w 28
Gu 2
MtoKLypJ8i 1
Y 22
W 26
c3zpekmnir 1
i 28
ch 2
E 24
D 18
w 29
t 27
HgzzkwCYep 1
z 34
K 19
J6 1
k 21
M 23
r 20
yR 2
fStbszesgD 1
h 19
WfQUhUliKr 1
E 25
Q 24
J 22
ivge4tnrfa 1
stmVstqss 1
Y 23
M 24
Jz 2
a 26
M 25
c 20
i 29
u 25
j 25
H 18
D 19
r 21
K 20
v 30
S 26
Q 25
C 20
G 27
m 19
B 14
Z 20
taKpyiQDvw 1
I 20
I 21
Q 26
F 18
k 22
s 22
V 32
i 30
PJ 2
Y 24
f 22
Qd 2
n 13
U 20
O 18
A 23
H 19
g 22
w 30
E 26
u 26
d 22
f 23
l 21
W 27
k 23
o 30
C 21
G 28
R 38
W 28
Y 25
S 27
B 15
F 19
noZQvrruqt 1
R 39
n 14
W 29
Y 26
YrsuzpIZf 1
u 27
w 31
x 36
v 31
W 30
u 28
h 20
O5 1
R 40
Z 21
ea 3
w 32
g 23
V 33
q 33
X 19
u 29
R 41
j 26
I 22
Z 22
I 23
T 21
I4 1
yNgvfzDVmz 1
j 27
r 22
u 30
q 34
KqmxLqY3iq 1
h 21
E 27
X 20
OEJyykzEYS 1
E8 1
l 22
n 15
u 31
m 20
g 24
O 19
U 21
w 33
p 24
s 23
T 22
o 31
W 31
o 32
P 29
j 28
LZzTrlP0uV 1
F 20
C 22
H 20
Je 2
e 20
A 24
b 27
o 33
X 21
o 34
h 22
I 24
d 23
R4 2
s 24
Z 23
a 27
n 16
Z 24
s 25
h 23
T 23
xfYjuzv0i 1
Q 27
IY 3
e 21
D 20
p 25
c 21
P 30
u 32
E 28
B 16
B 17
x 37
w 34
hIMexRSsfx 1
f 24
P 31
l 23
lrpGVasUNx 1
u 33
I 25
C 23
j 29
G 29
t 28
l 24
k 24
Lz6yxZfxEZ 1
X 22
K 21
a 28
U 22
J 23
q 35
yR 3
o 35
J 24
T 24
C 24
zm 2
Q 28
Q 29
P 32
o 36
nu 2
W 32
H 21
W 33
N 21
T 25
u 34
P 33
P5wniKtw7e 1
Z 25
t 29
W 34
G 30
l 25
B1 1
IY 4
T 26
O 20
x 38
m 21
w 35
LL 2
E 29
Z 26
P 34
e 22
D 21
P 35
CY 2
i 31
b 28
k 25
s 26
P 36
TE 2
s 27
y 24
g 25
t 30
M 26
f 25
t 31
yw 2
O 21
v 32
x 39
Z 27
M 27
p 26
r 23
W 35
L 34
Z 28
s 28
v 33
K 22
K 23
R 42
U 23
sF 2
i 32
u1 2
w 36
C 25
L 35
Q 30
p 27
g 26
B 18
pmdQHi4dyr 1
A 25
x 40
t 32
nJrrTwyXxo 1
Y 27
d 24
g 27
fQizxZoYeV 1
M 28
u 35
M 29
K 24
p 28
S 28
J 25
j 30
Z 29
R 43
Q 31
j 31
T 27
I 26
i 33
o 37
G 31
g 28
R 44
A 26
a 29
F 21
u 36
u 37
D 22
E 30
FL 3
s 29
l 26
eqNmDvKrqj 1
u 38
SC 5
f 26
Je 3
r 24
y 25
v 34
U 24
hJdkzcBhsR 1
I 27
D 23
e 23
L 36
Q 32
P 37
U 25
t 33
L 37
T 28
o 38
i 34
l 27
r 25
C 26
B 19
V 34
v 35
V 35
m 22
b 29
k 26
J 26
V 36
V 37
B 20
f 27
D 24
b 30
lxqrFPbm0J 1
N 22
D 25
b 31
k 27
VN 2
o 39
hF 2
M5 2
w 37
u 39
c 22
p 29
I7 1
v 36
R 45
y 26
k 28
L7 2
b 32
o 40
NmjahENyrQ 1
l 28
U 26
V 38
a 30
psOxCvQeQw 1
P 38
y 27
B9 2
T 29
L 38
j 32
b 33
O 22
z3 2
j 33
C 27
z 35
I 28
x 41
suvLJfnKas 1
C0 2
H 22
C 28
o 41
ErzwMUJvzW 1
G 32
j 34
r 26
K 25
t 34
G 33
p 30
B 21
E9 5
rdJmZztlYw 1
K 26
j 35
t 35
C 29
n 17
A 27
t 36
L 39
b 34
D 26
F 22
k 29
S 29
s 30
M5 3
z 36
x 42
i 35
j 36
h 24
J 27
O 23
s 31
Q 33
E 31
T 30
G 34
j 37
P 39
N 23
j 38
Q 34
T0 1
zl 2
Q 35
f 28
G 35
K 27
U 27
F 23
f 29
E 32
U 28
Yf 2
Z 30
l 29
v 37
S8Lcyswilx 1
b 35
PJ 3
E 33
cX 2
E 34
r 27
T 31
M 30
I 29
t 37
U 29
R 46
Ab 3
O 24
Q 36
F 24
T 32
M 31
N 24
Y 28
g 29
N 25
J 28
C 30
w 38
I 30
b 36
j 39
f 30
o 42
R 47
W 36
n 18
B 22
fJ 2
j 40
s 32
x 43
v 38
Y 29
E 35
R 48
q 36
e 24
A 28
j 41
n 19
r 28
y 28
L 40
u 40
l 30
v 39
B 23
W 37
T 33
a 31
s 33
Y 30
x 44
X 23
FL 4
C6 2
b 37
N 26
v 40
X 24
C 31
k 30
G 36
y 29
J 29
y 30
B 24
R 49
d 25
J 30
pkc7nqUyBl 1
l 31
q 37
b 38
b 39
j 42
pAqasSQWps 1
c 23
H 23
A 29
a 32
g 30
j 43
i 36
A 30
x 45
W 38
M 32
E 36
WKzZtpnyj7 1
Y 31
LesPoylOlu 1
a3 2
D 27
g 31
C 32
t 38
z 37
G 37
X 25
R 50
g 32
H 24
z 38
h 25
A 31
c 24
edcvkLWbqH 1
k 31
j 44
E7 2
m 23
O 25
h 26
p 31
Z 31
q 38
B 25
S 30
C 33
I 31
s 34
K 28
vW 3
g 33
p 32
H 25
b 40
j 45
lXxUoZaGqY 1
B 26
wrPWsVmsvV 1
C 34
T 34
B 27
Q 37
A 32
I 32
xZfXxprt5m 1
v 41
A 33
z 39
z 40
ZF 2
l 32
h 27
T 35
p 33
F 25
by 2
u 41
e 25
o 43
s 35
c 25
j 46
n 20
X 26
j 47
d 26
F 26
a 33
J 31
p 34
a 34
c 26
O 26
J 32
i 37
l 33
V 39
N 27
g 34
V 40
X 27
A 34
D 28
R 51
g 35
b 41
d 27
E 37
E 38
n 21
F 27
Z 32
Z 33
z 41
H 26
Y 32
V 41
Q 38
H 27
y 31
BzzwpvpErF 1
b 42
K 29
M 33
V 42
V 43
e 26
LC 2
x 46
X 28
G 38
F 28
N 28
t 39
q 39
x 47
q 40
uvUVZnKtqb 1
r 29
P 40
w 39
C 35
F 29
i 38
I 33
L 41
L 42
T 36
T 37
E 39
y 32
BkvyfkwRfZ 1
L 43
N 29
d 28
N 30
D 29
K 30
s 36
M 34
k 32
jgww7okrxA 1
HC 2
T 38
o 44
V 44
D 30
uO 2
FQ 2
q 41
r 30
S 31
V 45
V 46
B 28
Wb7UrdqkvU 1
l 34
Dr 3
C 36
a 35
g 36
M 35
z 42
z 43
d 29
f 31
V 47
T 39
F 30
YI 2
z 44
B 29
U 30
rK 3
hqkyqlWjsc 1
q 42
x 48
L 44
U 31
P 41
m 24
U 32
e 27
G 39
Eo 2
A 35
o 45
d 30
G 40
U 33
g 37
x 49
z 45
I 34
LC 3
W 39
G4 2
e 28
Fv 3
z 46
GV 2
o 46
L 45
p 35
N 31
U 34
T 40
Z 34
a 36
G 41
S 32
E9 6
H 28
V 48
G 42
U 35
q 43
t 40
Z 35
l 35
V 49
W 40
J 33
z 47
m 25
W 41
qKLy2kwtpS 1
q 44
r 31
M 36
T 41
b 43
g 38
h 28
d 31
E 40
c 27
o 47
I 35
l 36
F 31
j 48
w 40
D 31
s 37
Vv 2
H 29
p 36
u 42
r 32
Y 33
T 42
A 36
L 46
n 22
Y 34
H 30
U 36
uZ 2
T 43
o 48
e 29
g 39
O 27
m 26
g 40
g 41
T 44
J 34
C 37
g 42
H 31
o 49
s 38
nU 2
id 2
W 42
d 32
O 28
i 39
f 32
v 42
T 45
jfLxRPmkse 1
l 37
H 32
k 33
hKuLvQTzzx 1
D 32
m 27
l 38
V 50
f 33
O 29
J 35
mDywXHtEis 1
e 30
i 40
l 39
v 43
a 37
nf4Mgdpoyq 1
g 43
B 30
O 30
M 37
s8 2
a 38
H 33
C 38
J 36
nwcVUnTvbl 1
z 48
IN 3
P5 2
C2 2
Eb 2
J 37
j 49
Z 36
I 36
a 39
I 37
p 37
K 31
L 47
W 43
U 37
F3 2
m 28
m 29
h 29
T 46
t 41
G 43
H2 2
d 33
V 51
a 40
e 31
b 44
P 42
T 47
z 49
m 30
FMLvGjz6ts 1
Y 35
q 45
p 38
P 43
i 41
JS 2
m 31
B 31
T 48
A 37
H 34
s 39
T 49
x 50
p 39
v 44
T 50
G4 3
q 46
n 23
x 51
b 45
f 34
I 38
g 44
g 45
z 50
P 44
m 32
T 51
r 33
W 44
D 33
F 32
U 38
x 52
K 32
RaqjOgrWQv 1
X 29
XxzRlvBZo4 1
V 52
w 41
W 45
e 32
H 35
C 39
Y 36
BC 2
y 33
H 36
E 41
O 31
z 51
a 41
a 42
R 52
c 28
I 39
U 39
I 40
H 37
A5 2
z2 2
V 53
P 45
i 42
y 34
k 34
O0 2
Q 39
X 30
Hz 2
EthPvVsngH 1
HR 2
Y 37
v 45
a 43
a 44
H 38
p 40
s 40
L 48
K 33
j 50
j 51
m 33
B 32
rc 3
G 44
p 41
u 43
N 32
t 42
f 35
Z7 2
e 33
I 41
W 46
a 45
S 33
X 31
d 34
F 33
c 29
E 42
L 49
K 34
K 35
m 34
R 53
V 54
q 47
A 38
J6 2
j 52
s 41
Eu 2
u 44
g 46
e 34
X 32
B 33
Q 40
Z 37
yqZJjjw9xv 1
b 46
N 33
c 30
R1 2
t 43
s 42
X 33
D 34
c 31
A 39
A 40
i 43
J 38
g 47
F 34
s 43
z 52
D 35
H 39
T 52
E 43
D 36
R 54
M 38
K3 2
Z 38
l 40
M 39
m 35
O 32
U 40
L 50
H 40
e 35
t 44
t 45
p 42
d 35
W 47
h 30
Z 39
K 36
M 40
n 24
H 41
l 41
d 36
o 50
u 45
p 43
o 51
K 37
j 53
u 46
O 33
n 25
q 48
s 44
I 42
U 41
wz 2
h 31
w 42
G 45
GA 2
s 45
B 34
g 48
O 34
C 40
Z 40
V 55
b 47
X 34
j 54
c 32
F 35
SzkzHyFkUq 1
q 49
x 53
V 56
e 36
k 35
A 41
r 34
C 41
e 37
E 44
v 46
Rp 2
T 53
k 36
v 47
O 35
e 38
iD 2
p 44
GV 3
a 46
aotghkXTuX 1
E 45
J 39
C 42
j 55
H 42
Gm 2
t 46
nJ 2
q 50
w 43
A 42
m 36
s 46
o 52
D 37
I 43
A 43
v 48
n 26
D 38
f 36
k 37
S 34
i 44
Qc 3
DmfitgeoHx 1
i 45
p 45
q 51
N 34
F 36
t 47
LD 3
f 37
x 54
js 3
K 38
G 46
G 47
x 55
S 35
y 35
Dr 4
m 37
g 49
G 48
d 37
q 52
Q 41
L 51
R 55
b 48
r 35
F 37
b 49
E7 3
E 46
U 42
V 57
T 54
C 43
y 36
M 41
Db 2
K 39
D 39
i 46
w 44
V 58
C 44
q 53
d 38
E 47
e 39
u 47
HC 3
J 40
p 46
A 44
O 36
C 45
x 56
I 44
Q 42
L 52
g 50
b 50
Yf 3
g 51
l 42
U 43
O 37
u 48
p 47
C 46
d 39
G 49
j 56
o 53
n 27
a 47
W 48
b 51
Rt 2
s 47
rqUqrhmqqm 1
pX 3
t 48
N 35
O 38
i 47
n 28
W 49
C6 3
l 43
r 36
C 47
F 38
OkbjpboxZ2 1
y 37
n 29
E3 2
G 50
N 36
z 53
U 44
X 35
H 43
T 55
F 39
B 35
r 37
k 38
h 32
t 49
BI 3
u 49
t 50
f 38
h 33
T 56
r 38
W 50
p 48
X 36
R 56
c 33
x 57
NlupkYlqpy 1
B 36
q 54
n 30
c 34
EP 2
y 38
b 52
H7 2
g 52
x 58
l 44
F 40
B 37
j 57
D 40
f 39
L 53
r 39
w 45
C 48
b 53
K 40
S 36
n 31
k 39
e 40
KJrkcQDyvi 1
H 44
B 38
kevWoSbwxu 1
p 49
d 40
Z 41
R 57
W 51
Q 43
l 45
e 41
m 38
Z 42
O 39
O 40
U 45
ps 2
p 50
H 45
p 51
b 54
X 37
rmqkdzhSVa 1
r 40
p 52
D 41
w 46
X 38
I 45
N 37
x 59
u 50
g 53
F 41
m 39
N 38
u 51
Y 38
S 37
d 41
c 35
U 46
u 52
l 46
R 58
CH 2
U 47
t 51
An 2
x 60
f 40
m 40
C0 3
u 53
P 46
X 39
B 39
a 48
I 46
k 40
h 34
N 39
b 55
I 47
k 41
e 42
t 52
J 41
H 46
r 41
E 48
x 61
p 53
V 59
e 43
Q 44
F 42
XG 3
M 42
v 49
i 48
Pe 2
U 48
yR 4
h 35
i 49
H 47
k 42
n 32
n 33
kGmgrpdobj 1
r 42
Q 45
C3 1
A 45
S 38
i 50
o 54
Y 39
a 49
T 57
N 40
p 54
bz 2
l 47
p 55
C1 1
b 56
O 41
p 56
u 54
H 48
h 36
b 57
yjdjTrqkzl 1
i2 2
M 43
Q 46
h3 2
O 42
G 51
r 43
P 47
u 55
D1 2
x 62
t 53
G 52
I 48
V 60
gB 2
z 54
f 41
t 54
l0zSuDVtvv 1
G 53
xbfejvTUmr 1
L 54
R 59
F 43
C 49
N 41
R 60
w 47
u 56
m 41
FA 2
X 40
U 49
S 39
ln 2
w 48
o 55
N 42
b 58
C 50
Hhhtu3tyzJ 1
I 49
Y 40
b 59
y 39
i 51
a 50
Q 47
S 40
q 55
q 56
s 48
jJJtuZwWxS 1
r 44
J 42
h 37
Z 43
d 42
t 55
f 42
e 44
L 55
W 52
l 48
Q1 2
E 49
p 57
A 46
s 49
R 61
v 50
T 58
Bh 2
I 50
V 61
H 49
G 54
m 42
V 62
K 41
S 41
X 41
M 44
h 38
i 52
J 43
l 49
q 57
v 51
v 52
D 42
o 56
i 53
Q 48
I 51
V 63
T 59
X 42
i 54
W 53
i 55
o 57
Ms 3
f 43
n 34
N 43
C 51
D 43
Y 41
B 40
n 35
i 56
P 48
r 45
v 53
v 54
y 40
O 43
k 43
I 52
cyjunudW3v 1
D 44
C 52
h 39
N 44
y 41
j 58
P 49
n1 2
z 55
v 55
w 49
L 56
I 53
M 45
i 57
u 57
E 50
s 50
X 43
F 44
dcpgQprfZA 1
x 63
A 47
j 59
N 45
u 58
h 40
f 44
V 64
g 54
F 45
y 42
N 46
c 36
E 51
Y 42
u 59
Bh 3
z3 3
w 50
h 41
w 51
B 41
yw 3
HgbnkyrotG 1
X 44
y 43
x 64
k 44
r 46
p 58
M 46
o 58
u 60
Z7 3
x 65
O 44
W 54
Y 43
l 50
W 55
C 53
E 52
f 45
L 57
b 60
x 66
k 45
E 53
G 55
t 56
m 43
X 45
l5 2
c 37
t 57
r 47
x 67
y 44
N 47
z 56
J 44
p 59
o 59
t 58
V 65
f 46
J 45
P 50
e 45
z 57
y 45
x 68
lWHoYPlqqj 1
y 46
i 58
VK 2
F 46
d 43
K 42
FK 3
P 51
x 69
H 50
Gu 3
D 45
L 58
w 52
R 62
l 51
s 51
C 54
E 54
Z 44
X 46
B 42
s 52
nwfaxk36rl 1
i 59
O 45
Q 49
f 47
e 46
C 55
O 46
J 46
H 51
V 66
d 44
H 52
Er 2
w 53
l 52
D 46
m 44
N 48
t 59
N 49
T 60
m 45
d 45
d 46
m 46
z 58
Q 50
P 52
L 59
i 60
FV 2
J 47
V 67
B 43
y 47
l 53
K 43
V 68
w 54
I 54
g 55
t0 2
o 60
n 36
n 37
D 47
LL 3
y 48
P 53
R 63
J6 3
i 61
q 58
O 47
k 46
p 60
q 59
O 48
EZ 2
K 44
f 48
oMNnxoCRyk 1
s 53
w 55
p 61
p 62
v 56
t 60
v 57
j 60
T 61
Q 51
f2 3
z 59
Wc 2
q 60
P 54
R 64
l 54
U 50
hF 3
D1 3
h 42
H 53
n 38
F 47
U 51
W 56
K 45
T 62
f 49
L 60
Z 45
Z 46
E 55
g 56
D 48
s 54
t 61
f 50
h 43
D 49
LL 4
l 55
g 57
S 42
BP 2
g2 2
H0 3
ii 2
l 56
Q 52
w 56
V 69
s 55
k 47
K 46
S 43
K 47
ymznhHswog 1
H 54
q 61
Z 47
S 44
H 55
F 48
x 70
u 61
X 47
dKTIvxavbo 1
W 57
t 62
L 61
F 49
Y 44
V 70
o 61
h 44
T 63
u 62
s 56
Z 48
O 49
P 55
m 47
Z 49
Q 53
a 51
X 48
j 61
K 48
C 56
y 49
O 50
g 58
X 49
z 60
p 63
f 51
C 57
o 62
t 63
N 50
x 71
T 64
B 44
R 65
R 66
O 51
p 64
CY 3
ea 4
Yf 4
M 47
i 62
p 65
u 63
V 71
u 64
F 50
d 47
LW 3
z 61
x 72
p 66
t 64
W 58
X 50
H 56
G 56
d 48
LC 4
U 52
N 51
E 56
M6 2
w 57
a 52
U 53
q 62
s 57
a 53
m 48
g 59
b 61
m 49
r3 2
u 65
h 45
D 50
C 58
k 48
X 51
Jc 3
P 56
n 39
HZ 3
G 57
A 48
v 58
yzEZcvgFjN 1
c 38
e 47
y 50
E 57
Z 50
E 58
D 51
V 72
l 57
E 59
Z 51
R 67
i 63
J 48
Q 54
m 50
c 39
r 48
C 59
F 51
j 62
s 58
x 73
G 58
B 45
R 68
O 52
v 59
Pe 3
b 62
d 49
q 63
B 46
Y 45
A 49
O 53
R 69
F1 2
b 63
t 65
D 52
B 47
w 58
F 52
j 63
a 54
V 73
z 62
w 59
w 60
E 60
Ld 3
g 60
ay 2
q 64
F 53
e 48
G 59
J6 4
d 50
I 55
q 65
js 4
R 70
q 66
P 57
n 40
z 63
B 48
c 40
Z 52
C 60
G 60
i 64
s 59
P 58
k 49
f 52
N 52
Y 46
H 57
Q 55
b 64
G 61
y 51
b 65
E 61
g 61
y 52
t0 3
c 41
Z 53
f 53
A 50
p 67
G 62
f 54
n 41
VP 3
W 59
hfoyStnqOQ 1
y 53
r 49
p 68
I 56
Y 47
r 50
l 58
EdivyeoyWQ 1
L 62
S 45
t 66
N 53
x 74
O5 2
J 49
X 52
n 42
K 49
N 54
r 51
h 46
Qw 2
f 55
Hj 3
b 66
j 64
V 74
x 75
f 56
n 43
f 57
D 53
R 71
ZqXSpkrecK 1
Qn 2
V 75
f 58
k 50
o 63
y 54
d 51
H 58
f 59
v 60
Q 56
sJ 2
y 55
K 50
d 52
G 63
P 59
f 60
S 46
j 65
D 54
T 65
X 53
c 42
r3 3
a 55
g 62
f 61
BI 4
u 66
R 72
z 64
MNgucvzjwX 1
nJ 3
Jv 2
D 55
u 67
c 43
G 64
W 60
M 48
W 61
O 54
h 47
V 76
P 60
S 47
l 59
q 67
g 63
KK 2
W 62
R 73
i 65
s 60
C 61
o 64
J6 5
yw 4
F 54
y 56
m 51
l 60
B 49
uZ 3
O 55
U 54
X 54
t 67
p 69
t 68
id 3
l 61
Xm 2
A5 3
V 77
mIOslTzQnj 1
Z 54
M 49
V 78
G 65
Q 57
t 69
I 57
J 50
M 50
n 44
x 76
n 45
n 46
C 62
u 68
r 52
U 55
v3 2
FJ 2
c 44
v 61
bQ 2
Y 48
y 57
Z 55
A 51
P 61
K 51
z 65
e 49
z 66
Q 58
w 61
N 55
f 62
R 74
U 56
y 58
O 56
wFtCSjy9yo 1
c 45
nyxoNjJSut 1
j 66
e 50
F 55
i 66
h 48
H 59
A 52
O 57
j 67
r 53
J 51
u 69
S 48
C 63
p 70
e 51
i 67
d 53
Q 59
R 75
q 68
u 70
n 47
D 56
h 49
i 68
C 64
B0 1
S 49
K 52
H 60
R 76
h 50
l 62
u 71
q 69
r 54
t 70
xjOyggqhAS 1
Y 49
z 67
c 46
R 77
K1 2
EH 3
B 50
B 51
g 64
Y 50
Z 56
d 54
b 67
l 63
C 65
M 51
b 68
K 53
V 79
D 57
B 52
Z 57
I 58
X 55
v 62
o 65
m 52
W 63
a 56
v 63
C0 4
Z 58
M 52
t 71
Z 59
I 59
j 68
D 58
G 66
G 67
v 64
A 53
P 62
x 77
h 51
b 69
N 56
x 78
l 64
M 53
E 62
U 57
v 65
j 69
S 50
zqQgx4stlr 1
i 69
i 70
t 72
h 52
E8 2
r 55
L 63
Y 51
P 63
p 71
K 54
g 65
C 66
Y 52
J 52
L 64
a 57
C 67
D 59
i 71
UbXgPotptp 1
g 66
p 72
e 52
V 80
P 64
rlYZxusnno 1
d 55
w 62
s 61
Y 53
r 56
G 68
O 58
i 72
v 66
d 56
k 51
F 56
K 55
z 68
y 59
D 60
M 54
D 61
f 63
l 65
u 72
q 70
T 66
d 57
U 58
O 59
e 53
u 73
v 67
K 56
F 57
bz 3
g 67
H 61
O 60
U 59
a 58
D 62
M 55
k 52
NA 2
XmuQZXyRfd 1
t 73
B 53
l 66
O 61
m 53
X 56
Y 54
z 69
f 64
s 62
B 54
R 78
s 63
j 70
y 60
U 60
V 81
B 55
d 58
Q 60
G 69
X 57
e 54
e 55
y 61
Q 61
j 71
H 62
R 79
f 65
T 67
g 68
z 70
w 63
d 59
I 60
h 53
G6 2
K 57
G 70
Z 60
S 51
M 56
g 69
z 71
s 64
u 74
H 63
J 53
z 72
N 57
j 72
n 48
q 71
W 64
Q 62
Z 61
t 74
l 67
K1 3
l5 3
J 54
r 57
F 58
h 54
k 53
X 58
g 70
H 64
H 65
j 73
C 68
K 58
I 61
i 73
k 54
D 63
v 68
u 75
r 58
n 49
d 60
CH 3
j 74
B 56
v 69
L 65
U 61
I 62
K 59
v 70
yE 2
qiiguOhnmb 1
w 64
p 73
r3 4
H 66
h 55
K 60
z 73
O 62
j 75
d 61
z 74
Vv 3
Y 55
N 58
s 65
w 65
m 54
oCsvtuspeP 1
l 68
v 71
A 54
v 72
B 57
X 59
Q 63
F 59
V 82
H 67
H 68
g 71
x 79
s 66
D 64
i 74
S 52
U 62
L 66
T 68
v 73
C 69
S9 3
p 74
v 74
U 63
G 71
y 62
i 75
uMjSrOsPit 1
c 47
K 61
f 66
Q 64
w 66
D 65
U 64
VN 3
f 67
I 63
k 55
o 66
s 67
O 63
J 55
s 68
P 65
h 56
k 56
b 70
X 60
r 59
c 48
s 69
xXhvxM5Rqy 1
o 67
W 65
R 80
D 66
J 56
m 55
f 68
Z 62
p 75
W 66
N 59
O 64
b 71
f 69
U 65
e 56
B 58
X 61
A 55
i 76
D1 4
B 59
v 75
v 76
s 70
y 63
m 56
h 57
q 72
C 70
e3 2
U 66
K 62
a 59
H 69
d 62
D 67
h 58
j 76
Eu 3
L 67
b 72
t 75
g 72
U 67
H 70
T 69
v 77
ch 3
W 67
a 60
b 73
VsbRNlxaoq 1
D 68
E 63
k 57
k 58
f 70
y 64
F 60
m 57
X 62
Y 56
i 77
V 83
Nm 3
v 78
F 61
n 50
P 66
I 64
bZn4vsoWvp 1
d 63
a 61
R 81
L 68
S 53
l 69
D 69
j 77
r 60
ay 3
y 65
t 76
M 57
n 51
w 67
I 65
C 71
M 58
j 78
N 60
f 71
h 59
y 66
P 67
S 54
s 71
A 56
B 60
Q 65
c 49
LL 5
d 64
y 67
G 72
m 58
s 72
W 68
v 79
IH 2
f8 2
D 70
P 68
o 68
Wr 2
v 80
I 66
Y 57
S 55
o 69
M6 3
S 56
v 81
M5 4
I 67
b 74
HA 2
zY 2
i 78
k 59
y 68
W 69
J 57
W 70
Q 66
x 80
o 70
a 62
du 3
k 60
C 72
p 76
Q 67
M 59
kt 3
B 61
B 62
K 63
sb 3
X 63
I 68
W 71
Z 63
A 57
y 69
Z 64
p 77
U 68
D 71
E 64
b 75
c 50
F 62
U 69
V 84
EZ 3
J 58
B 63
U 70
V 85
Y 58
f 72
W 72
l 70
x 81
F 63
B 64
m 59
Z 65
K 64
e 57
uv 2
Q 68
m 60
j 79
v 82
Aj 2
q 73
f 73
w 68
L 69
H 71
h 60
I4 2
f 74
v 83
a 63
c 51
f 75
VifMqwdvkv 1
m 61
MQ 4
R 82
f 76
w 69
f 77
z 75
P 69
J 59
p 78
A1 1
y 70
l 71
U 71
C 73
P 70
Pe 4
t 77
IH 3
O 65
Z 66
VP 4
b 76
C 74
N 61
lW 3
r 61
wN 3
B 65
G 73
E 65
P 71
m 62
d 65
c 52
k 61
k 62
V 86
C 75
p 79
N 62
u 76
iD 3
c 53
W 73
d 66
Z 67
x 82
F 64
k 63
S 57
t 78
Q 69
l 72
N 63
U 72
M 60
U 73
Z 68
o 71
k 64
Je 4
B9 3
A 58
W 74
JC 2
H 72
Y 59
R 83
I 69
T 70
V3 3
X 64
q 74
J 60
i 79
w 70
p 80
e 58
R 84
Z 69
U 74
t 79
D 72
noqPlhafrX 1
R 85
P 72
F 65
i 80
r 62
A 59
N 64
T 71
A 60
S 58
C 76
zm 3
K 65
B 66
O 66
Q 70
H 73
U 75
t 80
Y 60
g 73
oy 2
S 59
d 67
c 54
KufrfnfJsr 1
M 61
N 65
w 71
p 81
H 74
o 72
U 76
c 55
H 75
C 77
J 61
y 71
l 73
V 87
Q 71
E 66
j 80
w 72
ttmjrdLEui 1
S 60
e 59
d 68
g 74
i 81
N 66
e 60
p 82
r 63
X 65
E 67
B 67
O 67
A 61
e 61
C 78
d 69
p 83
V 88
t 81
E7 4
z 76
j 81
P 73
F 66
E 68
Q 72
m 63
x 83
V 89
k 65
L 70
k 66
F 67
W 75
d 70
K 66
S 61
D 73
Z 70
B 68
c 56
l 74
H 76
M 62
x 84
l 75
x 85
q 75
A 62
B 69
Z 71
E 69
y 72
s 73
A 63
kt 4
L 71
f 78
a 64
x 86
o 73
K 67
B 70
R 86
w 73
L 72
b 77
h 61
F 68
y 73
f 79
h 62
brzmHWlqwS 1
S 62
X 66
zoWgrz9usW 1
C 79
b 78
V 90
O 68
O 69
t 82
f 80
G 74
p 84
B 71
O 70
s 74
q 76
F 69
X 67
M 63
R 87
C 80
u 77
t 83
g 75
s 75
h 63
e3 3
J 62
I 70
N 67
p 85
q 77
u 78
d 71
p 86
U 77
L 73
Q 73
IC 2
Y 61
t 84
T 72
u 79
Nm 4
S 63
k 67
Rt 3
e 62
x 87
U 78
d 72
w 74
i 82
H 77
D0 3
O 71
P 74
m 64
H7 3
c 57
R 88
q 78
m 65
o 74
g 76
k 68
u 80
V 91
Z 72
p 87
a 65
h 64
Y 62
k 69
E 70
b 79
Y 63
B 72
T 73
j 82
K 68
e 63
f 81
A 64
u 81
p 88
j 83
P 75
BP 3
D 74
t3 2
G4 4
A 65
z 77
w 75
H 78
dzoksgnvl 1
x 88
q 79
F 70
a 66
j 84
V 92
e 64
e 65
A 66
o 75
YU 3
Y 64
P 76
Q 74
R 89
Q 75
L 74
P 77
a 67
v 84
f 82
a 68
Y 65
v 85
f 83
Z 73
m 66
R 90
Y 66
N 68
Y 67
aw 2
u 82
d 73
C 81
z 78
J 63
Z 74
I 71
m 67
v 86
S 64
E 71
V 93
e 66
wAytzksYbo 1
z 79
U 79
t 85
G 75
Z 75
K 69
h 65
a 69
Z 76
z 80
F 71
E 72
x 89
w 76
e 67
a 70
m 68
J 64
t 86
P 78
m 69
Z 77
Y 68
U 80
V 94
P 79
K1 4
s2 2
g 77
B 73
D 75
e 68
u 83
q 80
v 87
x 90
R 91
S 65
T 74
a 71
B 74
e 69
d 74
T 75
C 82
K 70
n 52
d 75
H 79
q 81
F 72
b 80
s 76
c 58
s 77
C 83
R 92
F 73
vtDJzPreya 1
q 82
X 68
W 76
i 83
U 81
M5 5
v 88
i 84
V 95
b 81
w 77
O 72
LL 6
i 85
b 82
q 83
l 76
p 89
j 85
Y 69
o 76
r 64
N 69
b 83
B 75
a 72
N 70
k 70
z 81
v 89
izmCYjcXmn 1
iWiodpBxpn 1
t 87
O 73
N 71
f 84
N 72
W 77
o 77
D 76
q 84
b 84
s 78
YU 4
r 65
A 67
q 85
K 71
l 77
g 78
E 73
F 74
d 76
e 70
r 66
p 90
V3 4
T 76
hX 3
B 76
s 79
y 74
e 71
S 66
H7 4
X 69
P 80
Z 78
t 88
s 80
z 82
x 91
V 96
j 86
X 70
u 84
V 97
F 75
B 77
m 70
i 86
B 78
d 77
C 84
p 91
T 77
g 79
g 80
J 65
b 85
up 2
M 64
X 71
U 82
D 77
V 98
r 67
U 83
G 76
L 75
b 86
h 66
e 72
K 72
y 75
v 90
O 74
d 78
r 68
t 89
C 85
M 65
o 78
L 76
b 87
u 85
CA 2
k 71
z 83
k 72
S 67
j 87
v 91
l 78
S 68
T 78
a 73
l 79
w 78
z 84
e 73
g 81
c 59
f 85
y 76
D 78
Z 79
p4 2
G 77
I 72
U 84
y 77
I 73
B 79
p 92
m 71
i 87
f 86
p 93
E 74
n 53
J 66
E 75
D 79
n1 3
x5uymihYip 1
sv 3
t 90
t 91
d 79
s 81
Y 70
R 93
J 67
e 74
U 85
c 60
J6 6
l 80
e 75
C 86
T 79
O 75
z 85
o 79
O 76
Q 76
m 72
H 80
j 88
i 88
l 81
H 81
z 86
G 78
K 73
j 89
G 79
DS 2
m 73
T 80
J 68
M 66
y 78
g 82
Jy 3
M 67
E 76
m 74
r 69
atomYdwaqL 1
Y 71
z 87
d 80
d 81
Z 80
L 77
I 74
n 54
T 81
S 69
D 80
u 86
Y 72
n 55
m 75
cX 3
i 89
Q1 3
j 90
P 81
A 68
JC 3
V 99
N 73
I 75
v 92
g 83
T 82
R 94
p 94
J6 7
G 80
H 82
qg 2
N 74
C 87
H 83
n 56
G 81
L 78
BG 2
z 88
J 69
B 80
h 67
K 74
r 70
K 75
t 92
r 71
v 93
uv 3
y 79
T 83
M 68
s 82
A 69
Fv 4
C 88
M 69
Z 81
Y 73
r 72
c 61
B 81
d 82
z 89
v 94
p 95
k 73
e 76
f 87
t 93
i 90
A 70
V 100
Q 77
r 73
C 89
t 94
S 70
n 57
v 95
Z 82
e 77
w 79
p 96
I 76
q 86
d 83
c 62
N 75
s 83
s 84
c 63
M 70
m 76
E 77
e 78
Y 74
V 101
jg 2
osyqtzORsc 1
x 92
W 78
l 82
r 74
D 81
F 76
O 77
B 82
d 84
PE 3
u 87
BG 3
zxqVyrvrcI 1
R 95
K 76
H 84
T 84
a 74
X 72
O 78
X 73
j 91
K 77
F 77
q 87
j 92
U1 3
c 64
G 82
b 88
G 83
p 97
u 88
Y 75
r 75
S 71
e 79
q 88
C 90
q 89
M 71
Wr 3
L 79
h 68
j 93
X 74
C 91
k 74
l 83
c 65
v 96
U8 2
O 79
H 85
Q 78
u 89
t 95
c 66
y 80
R1 3
c 67
Z 83
Yf 5
e 80
h 69
f 88
w 80
o 80
Q 79
O 80
i 91
m 77
G 84
t 96
G 85
i 92
o 81
W 79
Y 76
z 90
D 82
p 98
S 72
e 81
g 84
r 76
s 85
I 77
e 82
D 83
l 84
BP 4
H 86
x 93
a 75
X 75
NrwwgEopli 1
d 85
z 91
A 71
H 87
w 81
N 76
f 89
q 90
m 78
h6iymyNhrt 1
T0 2
l 85
Z 84
L 80
F 78
p 99
kwipKeytmn 1
V 102
Z 85
z 92
g 85
lW 4
f 90
e 83
Q 80
e 84
N 77
p 100
v 97
g 86
p 101
I 78
S 73
F 79
D 84
sz 3
Y 77
U 86
o 82
N 78
m 79
Q1 4
c 68
O 81
r 77
H 88
E 78
R 96
w 82
G 86
h 70
l 86
uz 2
b 89
C 92
H 89
oVvXzXYyji 1
I 79
t 97
r 78
rR 2
e 85
B 83
A 72
K 78
Z 86
z 93
B 84
Q 81
p 102
T 85
B 85
d 86
B 86
Z 87
K 79
p 103
k 75
B 87
q 91
HC 4
w 83
M 72
S 74
I 80
X 76
m 80
P 82
X 77
e 86
i 93
Y 78
FL 5
g 87
U 87
s 86
G 87
H 90
z 94
s 87
z 95
q 92
d 87
L 81
V 103
h 71
k 76
V 104
D 85
l 87
Je 5
x 94
R 97
Q 82
r 79
z 96
X 78
m 81
Y 79
j 94
d 88
N 79
z 97
W 80
l 88
m 82
h 72
m 83
n 58
D 86
i 94
y 81
a 76
MI 2
m 84
v 98
A 73
l 89
y 82
e3 4
X 79
By 3
L 82
i 95
R 98
F 80
A 74
l 90
A 75
N 80
e 87
yx 3
PE 4
d 89
j 95
e 88
Q 83
Q 84
x 95
X 80
n 59
b 90
u 90
D 87
w 84
x 96
z 98
Y 80
B 88
C 93
k 77
q 93
I 81
L 83
w 85
N 81
c 69
U 88
D 88
L 84
y 83
So 3
N 82
L 85
F 81
EN 2
n 60
e 89
L 86
Dn 2
m 85
A 76
w 86
p 104
r 80
v 99
D 89
A 77
b 91
i 96
clQloxZqyv 1
d 90
J 70
f 91
i 97
j 96
l 91
P 83
o 83
J 71
H 91
q 94
h 73
c 70
I 82
v 100
m 86
Nm 5
f 92
T 86
U 89
v 101
I 83
s 88
B 89
a 77
W 81
M 73
u 91
z 99
S 75
T 87
F1 3
S 76
g 88
SC 6
j 97
N 83
q 95
z 100
f 93
k 78
X 81
n 61
W 82
X 82
m 87
f 94
Q 85
g 89
l 92
S 77
v 102
i 98
EZ 4
C 94
n 62
q 96
S 78
E3 3
r 81
IUp 2
N 84
cnpmcTfzoh 1
E 79
P 84
a 78
G 88
jgvznZoklD 1
YI 3
t 98
hF 4
Q 86
p 105
t 99
a 79
i 99
c 71
b 92
A 78
a 80
L 87
I 84
dR 2
K 80
h 74
D 90
s 89
T 88
D 91
cX 4
u 92
i 100
A 79
I 85
H 92
I 86
B 90
s 90
LL 7
j 98
W 83
R 99
b 93
r 82
o 84
R 100
U 90
oy 3
r 83
T 89
L 88
H 93
N 85
J 72
W 84
B 91
H 94
T 90
u 93
z 101
s 91
w 87
z 102
V 105
T 91
b 94
R 101
L 89
O 82
So 4
IlOrgjuzgz 1
FV 3
G 89
y 84
e 90
pMhtNfvbuz 1
s 92
B 92
EP 3
k 79
S 79
X 83
z 103
C 95
G4 5
v 103
Jv 3
Jc 4
B 93
D 92
T 92
x 97
c 72
J 73
D 93
D 94
K 81
A 80
p 106
V 106
I 87
W 85
D 95
A 81
q 97
P 85
M 74
x 98
T 93
W 86
x 99
G 90
l 93
e 91
J 74
o 85
s 93
K 82
m 88
EN 3
V 107
e 92
v 104
B 94
l 94
f 95
D1 5
q 98
N 86
B0 2
s 94
g 90
d 91
v 105
j 99
sF 3
I 88
nEfshXzwes 1
V 108
Z 88
x 100
o 86
p9 2
A 82
Y 81
m 89
z 104
u 94
l 95
a 81
Eb 3
o 87
b 95
I 89
N 87
z 105
E 80
f 96
Q 87
n 63
x 101
rR 3
v 106
l 96
R 102
GU 2
e 93
S 80
S 81
e 94
g 91
d 92
O 83
s 95
A 83
S 82
A 84
w 88
Q 88
R 103
n 64
U 91
Q 89
l 97
c 73
A1 2
i 101
L 90
S 83
C 96
d 93
n 65
S 84
A 85
My 2
C 97
zY 3
C 98
w 89
y 85
t 100
M 75
l 98
v 107
e8 2
l 99
k 80
cj 2
h 75
b 96
Z 89
x 102
E 81
u 95
Z 90
y 86
O 84
N 88
m 90
G 91
d 94
d 95
c 74
J 75
x 103
M 76
W 87
s8 3
t 101
Z 91
O 85
L 91
K 83
i 102
h 76
k 81
U 92
m 91
Q 90
K 84
zofOTcwwCx 1
F8 2
o 88
M 77
VN 4
u 96
B 95
e 95
v 108
X 84
B 96
bl 3
d 96
q 99
k 82
B 97
E 82
V 109
C 99
yw 5
v 109
n 66
S 85
k 83
H 95
Y 82
h 77
sJ 3
h 78
p 107
A 86
p 108
E 83
s 96
D 96
H 96
f 97
z 106
R 104
M 78
M 79
w 90
u 97
X 85
O 86
B 98
m 92
R3 4
t 102
v 110
W 88
T 94
T 95
Q 91
J 76
S 86
q 100
S 87
f 98
S9 4
i 103
t 103
l 100
j 100
B 99
K 85
O 87
G 92
b 97
y 87
u 98
T 96
l 101
B 100
ndREnpvqXr 1
t 104
Gx 3
I 90
a 82
J 77
a 83
O 88
H 97
c 75
P 86
O 89
w 91
LD 4
E 84
k 84
CA 3
F 82
g9 2
X 86
g 92
X 87
q 101
L 92
R 105
Y 83
B 101
W 89
F 83
M 80
X 88
K 86
y 88
a 84
G 93
q 102
Z 92
o 89
v 111
c 76
p 109
P 87
Q 92
I 91
b 98
g 93
O 90
q 103
V 110
T 97
h 79
r 84
V 111
z 107
L 93
L 94
b 99
w 92
i 104
M 81
My 3
P 88
K 87
A 87
x 104
X 89
W 90
Y 84
u 99
M 82
P 89
x 105
E 85
v 112
V 112
M 83
ko 3
Z 93
d 97
I 92
B 102
S 88
s 97
S 89
H 98
CH 4
n 67
s 98
o 90
n 68
O 91
f 99
a 85
W 91
EH 4
N 89
M 84
H 99
P 90
z 108
R 106
e 96
I 93
s 99
J 78
j 101
T 98
g 94
B 103
d 98
B 104
y 89
A 88
Z 94
C 100
c 77
a 86
x 106
Z 95
r 85
i 105
P 91
o 91
M 85
o 92
Q 93
Q 94
c 78
i 106
Z 96
QM 2
G 94
P 92
u 100
P 93
f 100
N 90
c 79
So 5
t 105
S 90
A 89
d 99
t 106
J 79
m 93
I 94
v 113
C 101
E 86
H 100
P 94
b 100
m 94
V 113
de 2
q 104
W 92
K3 3
z 109
y 90
r 86
w 93
V 114
K 88
e 97
s 100
w 94
c 80
l 102
F 84
l 103
V 115
R 107
R 108
F 85
A 90
z 110
D 97
u 101
H 101
l 104
j 102
w 95
U 93
ko 4
k 85
f 101
Y 85
S 91
x 107
j 103
r 87
X 90
r 88
y 91
k 86
n 69
w 96
p 110
K 89
z 111
q 105
Y 86
l 105
x 108
z 112
h 80
l 106
E7 5
E 87
O 92
Z 97
H 102
F 86
LW 4
M 86
A 91
g 95
l 107
H 103
H 104
I 95
o 93
t 107
j 104
B 105
C3 2
i2 3
J 80
o 94
dAzzaubsUv 1
c 81
LW 5
A 92
B 106
q 106
J6 8
t 108
I 96
W 93
N 91
v 114
t 109
t 110
h 81
L 95
K 90
i 107
L 96
r 89
y 92
t 111
h 82
H 105
U 94
N 92
a 87
dR 3
j 105
Z 98
L7 3
u 102
e 98
r 90
Ld 4
S 92
S 93
n 70
PJ 4
x 109
e 99
E 88
C 102
c 82
D 98
Q 95
p 111
P 95
S 94
D 99
s 101
e 100
k 87
y 93
i 108
f 102
d 100
l 108
a 88
Q 96
txS6xqvsaz 1
D 100
M 87
v 115
s 102
j 106
H 106
Q 97
Q 98
i 109
E8 3
S5 2
I 97
m 95
EnlRsvkoUs 1
U 95
k 88
b 101
p 112
D 101
n 71
G 95
F 87
p 113
s 103
N 93
d 101
l 109
a 89
e 101
q 107
O 93
k 89
by 3
o 95
t 112
K 91
r 91
J 81
F 88
V 116
J 82
J 83
i 110
wAgkcwOxyt 1
P 96
o 96
c 83
Y 87
V 117
L 97
y 94
F 89
j 107
oy 4
l 110
t 113
Y 88
R 109
wN 4
Q 99
Y 89
w 97
Gu 4
J 84
sz 4
X 91
s 104
D 102
z 113
i 111
b 102
T 99
c 84
M 88
S 95
y 95
H 107
L 98
Z 99
q 108
F 90
K 92
M 89
j 108
u 103
o 97
P 97
K 93
L 99
I 98
t 114
uwltdcwStA 1
R 110
I 99
H 108
y 96
p 114
L 100
P 98
P 99
i 112
VPr 2
E 89
M 90
S 96
V 118
m 96
N 94
p 115
x 110
S 97
m 97
E 90
E9 7
p 116
Z 100
K 94
B 107
J 85
y 97
C 103
V 119
J 86
o 98
qX 2
b 103
j 109
C 104
i 113
c 85
A 93
x 111
q 109
F 91
r 92
W 94
N 95
W 95
B 108
a 90
Y 90
i 114
e 102
y 98
k 90
F 92
X 92
V 120
m 98
a 91
d 102
M 91
n 72
t 115
d 103
s 105
D 103
Fv 5
K 95
v 116
r 93
a 92
ai 2
y 99
v 117
G 96
t 116
T 100
X 93
p 117
HA 3
ps 3
e 103
K 96
t 117
U 96
P 100
Y 91
k 91
B5 3
m 99
X 94
V 121
B 109
C 105
f 103
MQ 5
C 106
V 122
DH 2
W 96
r 94
x 112
y 100
D 104
Jy 4
C 107
p 118
A 94
U 97
N 96
e 104
d 104
h 83
K 97
k 92
e 105
v 118
t 118
P 101
e 106
D 105
U 98
m 100
A 95
d 105
B 110
M 92
M 93
z 114
v 119
a 93
C 108
i 115
X 95
e 107
F 93
S 98
g 96
Y 92
Je 6
O 94
e 108
d 106
r 95
B 111
Kv 3
L 101
U 99
B 112
X 96
m 101
F 94
A 96
wU 2
H 109
VN 5
m 102
F 95
h 84
O 95
f 104
b 104
Z 101
i 116
B 113
o 99
H 110
k 93
F 96
C 109
Y 93
p 119
u 104
x 113
M 94
h3 3
G 97
v 120
N 97
r 96
y 101
Q 100
p 120
Y 94
b 105
V 123
k 94
r 97
N 98
I 100
b 106
C 110
a 94
e 109
Y 95
z 115
W 97
I 101
t 119
A 97
q 110
m 103
N 99
O 96
A 98
X 97
I 102
J 87
o 100
E 91
s 106
D 106
x 114
O 97
i 117
o 101
C 111
B 114
x 115
H 111
f 105
k 95
c 86
k 96
t 120
A 99
V 124
X 98
Q 101
p 121
b 107
P 102
bQ 3
g 97
n 73
z 116
b 108
XlcMZzppwj 1
L 102
O0 3
u 105
J 88
A 100
V 125
J 89
P 103
t 121
v 121
Z 102
h 85
n 74
f 106
q 111
f 107
t 122
M 95
f 108
V 126
f 109
U 100
Y 96
P 104
W 98
k 97
isVcpmrvzN 1
L 103
n 75
l 111
ej 2
n1 4
S 99
S 100
y 102
o 102
k 98
W 99
o 103
iyEjIythxe 1
qutLuplrrM 1
R 111
m 104
sz 5
s 107
V 127
m 105
s 108
T 101
L 104
r 98
N 100
K 98
I 103
X 99
W 100
q 112
U 101
R 112
u 106
uz 3
a 95
a 96
FK 4
o 104
S 101
w 98
q 113
m 106
u 107
W 101
E 92
r 99
e 110
b 109
O 98
K 99
i 118
Y 97
M 96
Q 102
H 112
z 117
t 123
d 107
e 111
M 97
s 109
v 122
B 115
i 119
E 93
EH 5
m 107
V 128
V 129
P 105
z 118
D 107
n 76
x 116
R 113
g 98
FQ 3
d 108
M 98
g 99
q 114
F 97
M5 6
PU 2
P 106
E 94
u 108
m 108
L 105
a 97
Z 103
J 90
yU 2
l 112
o 105
B 116
S 102
g 100
b 110
t 124
c 87
k 99
v 123
j 110
ij 2
s 110
F 98
o 106
y 103
p 122
m 109
K 100
A 101
nttyjiDdmk 1
t 125
k 100
u 109
ii 3
a 98
B 117
i 120
x 117
B 118
E 95
T 102
e 112
T 103
de 3
F 99
B 119
u 110
j 111
a 99
s 111
O0 4
rU 2
E 96
b 111
K 101
U 102
n1 5
u 111
wB 2
g 101
f 110
u 112
O 99
W 102
s 112
D 108
A 102
d 109
o 107
d 110
w 99
O 100
zyamGQjhie 1
F 100
P 107
x 118
b 112
U 103
X 100
o 108
O 101
r 100
c 88
ps 4
O 102
By 4
L7 4
k 101
hX 4
y 104
B 120
Q 103
U 104
w 100
Q 104
yE 3
q 115
r 101
v 124
Z 104
U 105
M5 7
x 119
g 102
u 113
H 113
q 116
y 105
v 125
GK 3
S 103
z 119
bl 4
y 106
x 120
q 117
N 101
z 120
Q 105
O5 3
n 77
q 118
F 101
d 111
R 114
K 102
O 103
i 121
HR 3
d 112
Y 98
IY 5
M 99
p 123
H 114
K 103
v 126
x 121
P 108
s 113
H 115
U 106
C 112
C 113
y 107
f 111
g 103
f 112
v 127
j 112
j 113
p 124
z 121
uv 4
U 107
c 89
i 122
u 114
A 103
Z 105
a 100
Yf 6
g 104
d 113
U 108
c 90
H 116
h 86
i 123
ch 4
H 117
emLzy3pzyR 1
t 126
uB 2
j 114
z 122
D 109
Fb 2
j 115
i 124
V 130
B 121
v8 3
W 103
G 98
J 91
Z 106
L 106
H 118
a 101
Q 106
T 104
T 105
Y 99
U 109
H 119
J 92
H0 4
b 113
V 131
f 113
L 107
s 114
X 101
f 114
n 78
z 123
g 105
F 102
r 102
s 115
k 102
S 104
M 100
H 120
U 110
p 125
M 101
f 115
A 104
q 119
m 110
m 111
U 111
N 102
wkqiTNtEpw 1
N 103
L 108
L 109
d 114
Q 107
b 114
H 121
d 115
T 106
z 124
X 102
q 120
d 116
g 106
w 101
K 104
A 105
q 121
M 102
r 103
Z 107
G 99
H 122
T 107
D 110
D 111
P 109
W 104
L 110
V 132
zY 4
G 100
L 111
Z 108
i 125
k 103
J6 9
F 103
r 104
j 116
p 126
H 123
i 126
M5 8
H 124
m 112
a 102
d 117
n 79
t 127
I 104
E 97
S 105
l 113
J 93
H 125
d 118
e 113
A 106
B 122
G 101
i 127
G 102
u 115
J 94
O 104
h 87
V 133
l 114
m 113
v 128
O 105
B 123
M 103
a 103
o 109
e 114
r 105
M 104
W 105
M 105
e 115
V 134
Z 109
i 128
y 108
T 108
c 91
o 110
F 104
R 115
BI 5
L 112
m 114
N 104
By 5
Q 108
B 124
E 98
a 104
E 99
r 106
V 135
f 116
x 122
B 125
I 105
V 136
C 114
p 127
O 106
U 112
Q 109
W 106
gtbstmybes 1
Qw 3
Q 110
Q 111
c 92
i 129
u 116
q 122
m 115
t 128
G 103
d 119
hBizxjspuZ 1
z 125
M 106
r 107
C1 2
O 107
p 128
a 105
d 120
r 108
X 103
R 116
hayd9PxNuv 1
m 116
p 129
b 115
Wc 3
T 109
D 112
H 126
Z 110
R 117
r 109
V 137
b 116
a 106
W 107
X 104
H0 5
b 117
U 113
k 104
u 117
Z 111
H 127
W 108
S 106
N 105
P 110
p 130
d 121
U 114
g 107
s 116
j 117
a 107
Q 112
Xjssx2xwbg 1
b 118
Y 100
v 129
S 107
x 123
D 113
I 106
Z 112
l 115
i 130
Y 101
v 130
c 93
W 109
E 100
sx 2
k 105
I 107
V 138
i 131
y 109
J 95
G 104
r 110
z 126
R 118
c 94
e 116
c 95
f 117
T 110
X 105
i 132
T 111
X 106
c 96
d 122
RZwFyvxnsU 1
o 111
a 108
m 117
l 116
sx 3
o 112
u 118
z 127
B 126
i 133
M 107
B 127
w 102
A 107
q 123
D 114
R 119
d 123
J 96
p 131
J 97
x 124
i 134
k 106
u 119
y 110
x 125
Z 113
g 108
y 111
q 124
i 135
Q 113
z 128
w 103
E 101
d 124
B 128
r 111
L 113
L 114
a 109
h 88
O 108
h 89
f 118
n 80
T 112
v 131
f 119
Q 114
O 109
Y 102
A 108
D 115
Y 103
P 111
c 97
b 119
A 109
g 109
D 116
s 117
P 112
b 120
j 118
K 105
Q 115
Y 104
s 118
d 125
A 110
t 129
G 105
Y 105
M 108
A0 1
o 113
C 115
q 125
G 106
p 132
E 102
s 119
c 98
s 120
i 136
Y 106
T 113
a 110
p 133
K 106
g 110
Z 114
U 115
ag 3
p 134
I 108
M 109
M 110
z 129
q 126
v 132
A 111
x 126
y 112
o 114
M 111
I 109
L 115
S 108
E 103
i 137
i0 3
l 117
J 98
GU 3
Eb 4
W 110
N 106
o 115
Y 107
C 116
Q 116
e 117
K 107
q 127
f 120
n 81
uG 3
r 112
t 130
dR 4
O 110
I 110
I 111
V 139
n 82
u 120
w 104
c 99
T 114
yx 4
e 118
W 111
G 107
N 107
a 111
F 105
V 140
A5 4
q 128
S 109
d 126
T 115
Y 108
a 112
N 108
g 111
o 116
v 133
i 138
s 121
s 122
u 121
l 118
H 128
I 112
l 119
G 108
J 99
y 113
N 109
g 112
wvdmeHphfr 1
Dt 3
Z 115
Y 109
Ms 4
B 129
l 120
e 119
D 117
d 127
N 110
u 122
BC 3
r 113
k 107
W 112
R 120
W 113
I 113
O 111
s 123
p 135
p 136
z 130
q 129
J 100
I 114
v 134
P 113
o 117
k 108
B1 2
B 130
c 100
e 120
U8 3
Q 117
U 116
X 107
ii 4
m 118
F 106
B 131
U 117
d 128
P 114
Y 110
n 83
Y 111
W 114
O 112
VK 3
W 115
a 113
f 121
v 135
B 132
PJ 5
X 108
m 119
h 90
G 109
S 110
K 108
s 124
R 121
J 101
B 133
S 111
Aj 3
H2 3
X 109
h 91
G 110
uZ 4
D 118
J 102
va 3
O 113
E 104
L 116
u 123
P 115
s 125
n 84
m 120
o 118
A 112
D 119
l 121
U 118
W 116
l 122
N 111
g 113
N 112
t 131
M 112
r 114
K 109
r 115
C 117
g 114
q 130
BE 3
wJ 2
j 119
A 113
e 121
D 120
BE 4
W 117
H 129
S 112
u 124
N 113
B 134
c 101
A 114
X 110
X 111
v 136
x 127
w 105
u 125
e 122
P 116
l 123
M 113
x 128
b 121
g 115
k 109
x 129
u 126
A 115
E 105
T 116
f 122
r 116
Mnfslgapvy 1
U 119
i 139
g 116
S 113
n 85
b 122
M 114
O 114
f 123
q 131
RY 2
A 116
u 127
iPKsyjaqit 1
Y 112
g 117
l 124
w 106
E 106
a 114
b 123
d 129
so 2
A 117
G 111
P 117
j 120
h 92
i 140
r 117
U 120
J 103
V 141
k 110
w 107
m 121
R 122
f 124
y 114
b 124
d 130
R 123
Y 113
x 130
K 110
D 121
b 125
f 125
A1 3
p 137
Y 114
i 141
I 115
u 128
x 131
P 118
G 112
a 115
w 108
v 137
C 118
sz 6
a 116
zTbvyCtxFv 1
R1 4
J 104
V 142
j 121
q 132
b 126
wB 3
XG 4
M 115
r 118
F 107
xf 2
C 119
f 126
q 133
i 142
k 111
m 122
h3 4
E 107
c 102
G 113
p 138
O 115
O 116
k 112
I 116
R 124
m 123
j 122
i 143
x 132
Q 118
u 129
X 112
W 118
b 127
x 133
P 119
L 117
T 117
ZxotMahVlw 1
C 120
e 123
z 131
z 132
q 134
J 105
D 122
u 130
l 125
q 135
V 143
e 124
PE 5
zmaHyRdtht 1
TE 3
N 114
m 124
h 93
f 127
t 132
K 111
Qn 3
G 114
CQ 3
G 115
f 128
nU 3
a 117
h 94
z 133
f2 4
E 108
A 118
B0 3
F 108
J 106
F 109
K 112
o 119
L 118
H 130
v 138
r 119
a 118
s 126
m 125
R 125
y 115
u 131
d 131
n 86
g 118
W 119
t 133
H 131
a 119
V 144
Q 119
h 95
X 113
c 103
t 134
S 114
u 132
J 107
Jy 5
m 126
U 121
p 139
U 122
Z 116
L 119
w 109
A 119
z 134
aB 2
V 145
v 139
SC 7
l 126
T 118
N 115
D 123
x 134
Y 115
o 120
tkym5rzztS 1
u 133
C 121
M 116
J 108
g 119
S9 5
E 109
u 134
A 120
Y 116
X 114
G 116
M 117
t 135
U 123
o 121
a 120
va 4
U 124
F 110
k 113
r 120
T 119
EH 6
S 115
q 136
O 117
d 132
j 123
u 135
i 144
t 136
y 116
W 120
n 87
u 136
N 116
H 132
G 117
B5 4
M 118
wYprgttOlQ 1
p4 3
A 121
x 135
f 129
G 118
H 133
U 125
f 130
g 120
I 117
f 131
e 125
jk 2
y 117
o 122
I 118
x 136
D 124
h 96
G 119
Q 120
z 135
h 97
p 140
M 119
h 98
k 114
E 110
C 122
K5 3
UwjlJypxov 1
K 113
wB 4
h 99
W 121
d 133
o 123
M 120
Y 117
I 119
M 121
E 111
C 123
O 118
q 137
e 126
w 110
q 138
N 117
HR 4
S 116
YwnTknsrir 1
s 127
K 114
e 127
m 127
C 124
S 117
k 115
n 88
f 132
L 120
L 121
q 139
Eo 3
i 145
H 134
D 125
K 115
S 118
v 140
X 115
L 122
I 120
B 135
f 133
i 146
w 111
Zc 2
KK 3
E 112
T 120
k 116
h 100
I 121
Y 118
I 122
FQ 4
s 128
x 137
J 109
l 127
F 111
Fb 3
L 123
P 120
h 101
O 119
V 146
W 122
p 141
p 142
Y 119
T 121
G 120
f 134
J 110
T 122
d 134
C 125
x 138
F 112
G 121
b 128
k 117
D 126
c 104
C 126
u 137
z 136
s 129
T 123
y 118
qX 3
r 121
Y 120
V 147
Q 121
P 121
D 127
C 127
t 137
n 89
H 135
p 143
Z 117
t 138
X 116
fccpJKwrzs 1
W 123
R 126
w 112
P 122
zkiRXxuzPy 1
x 139
d 135
Z 118
A 122
rK 4
B 136
I 123
h 102
o 124
C 128
w 113
Y 121
An 3
e 128
n 90
c 105
Y 122
g 121
H 136
V 148
g 122
M 122
g 123
x 140
P 123
R 127
f 135
y 119
U 126
b 129
L 124
S 119
c 106
k 118
A 123
c 107
p 144
C 129
a 121
A 124
a 122
b 130
T 124
E 113
E 114
q 140
l 128
V 149
z 137
u 138
v 141
An 4
C 130
p 145
F 113
R 128
i 147
v 142
g 124
K 116
K 117
o 125
Z 119
p9 3
e 129
E 115
S 120
r 122
I 124
Z 120
X 117
u 139
A 125
e 130
d 136
G 122
Q 122
LC 5
x 141
Y 123
s 130
V 150
P 124
w 114
G 123
Y 124
h 103
BG 4
B 137
k 119
f 136
A 126
z 138
R 129
g 125
T 125
J 111
iwWJyGwmix 1
u 140
I 125
N 118
I 126
y 120
h 104
c 108
w 115
s 131
E 116
m 128
f 137
S 121
r 123
y 121
a 123
CK 2
i 148
p 146
c 109
Q 123
p 147
U 127
o 126
d 137
j 124
d 138
j 125
d 139
H 137
a 124
z 139
g 126
O 120
W 124
W 125
x 142
y 122
Z 121
i 149
m 129
D 128
v3 3
l 129
Q 124
P 125
N 119
S 122
a 125
F1 4
n 91
m 130
S 123
D 129
h 105
x 143
U 128
o 127
j 126
q 141
W 126
g 127
p 148
P 126
HR 5
M 123
Hz 3
R 130
ji 3
t 139
B 138
f2 5
Z 122
p 149
F 114
j 127
w 116
B 139
M 124
s 132
b 131
M 125
n 92
y 123
b 132
C 131
h 106
y 124
z 140
t 140
M 126
f 138
z 141
X 118
p9 4
s 133
t 141
jg 3
O 121
h 107
W 127
v 143
a 126
nJ 4
f 139
a 127
l 130
Y 125
F 115
V 151
u 141
r 124
P 127
Y 126
m 131
k 120
c 110
W 128
m 132
s2rmnrltqi 1
t 142
i 150
Q 125
QcC 2
L 125
T 126
j 128
G 124
E 117
g 128
A 127
z 142
Jy 6
w 117
R 131
E 118
e 131
T 127
k 121
Q 126
b 133
W 129
y 125
C 132
v 144
j 129
Z 123
c 111
I 127
H 138
m 133
J 112
V 152
qHykqorjkr 1
a 128
a 129
r 125
o 128
M 127
o 129
F 116
o 130
v 145
D 130
M 128
D 131
H 139
T 128
T 129
F 117
I 128
HC 5
B 140
t 143
n 93
X 119
C 133
W 130
p 150
j 130
c 112
R 132
W 131
v 146
A 128
e 132
z 143
j 131
x 144
e 133
z 144
C 134
w 118
j 132
B 141
T 130
N 120
F 118
X 120
u 142
E8 4
o 131
D 132
K 118
I 129
h 108
n 94
E 119
U 129
E 120
t 144
G 125
D 133
i 151
Z 124
e 134
l 131
i 152
D 134
a 130
R 133
uhSu7suyzh 1
a 131
q 142
w 119
l 132
i 153
I 130
H 140
j 133
T 131
A 129
m 134
h 109
t 145
lW 5
O 122
v 147
FK 5
r 126
t 146
x 145
L 126
H 141
B 142
b 134
y 126
w 120
R 134
d 140
O 123
wz 3
w 121
y 127
D 135
Fv 6
X 121
g 129
o 132
y 128
I 131
Jz 3
j 134
k 122
F 119
F 120
T 132
l5 4
E 121
S 124
i 154
E 122
h 110
O 124
Y 127
M 129
y 129
u 143
s 134
BP 5
e 135
D 136
Q 127
D 137
c 113
B 143
dR 5
o 133
DS 3
r 127
F 121
i 155
F 122
X 122
T 133
l 133
w 122
I 132
i 156
A 130
n 95
w 123
J 113
f 140
A 131
Qd 3
q 143
m 135
k 123
i 157
I 133
S 125
P 128
J 114
r 128
n 96
z3 4
u 144
N 121
d 141
Y 128
v 148
a 132
o 134
y 130
K 119
m 136
wU 3
c 114
x 146
c 115
k 124
g 130
w 124
Q 128
Q 129
h 111
K 120
e 136
F 123
C 135
LW 6
M 130
j 135
F 124
a 133
k 125
o 135
n 97
g 131
P 129
j 136
F 125
n 98
q 144
cX 5
t 147
y 131
y 132
c 116
b 135
IC 3
q 145
t 148
r 129
M 131
L 127
o 136
p 151
z 145
z 146
ag 4
l 134
v8 4
I 134
k 126
B 144
u 145
E 123
N 122
n 99
Z 125
c 117
I7 2
BI 6
K 121
J 115
K1 5
v 149
U 130
y 133
E 124
U 131
B5 5
Gu 5
o 137
h 112
E 125
j 137
r 130
D 138
L 128
M 132
l 135
eJ 2
d 142
gB 3
u 146
w 125
S 126
C 136
t 149
H 142
T 134
EZ 5
T 135
Z 126
P 130
E 126
H 143
r 131
m 137
y 134
Z 127
L 129
U 132
l 136
y 135
B 145
l 137
F 126
m 138
B 146
a 134
n 100
o 138
L 130
BC 4
j 138
S 127
t 150
w 126
C 137
B 147
n 101
a 135
J 116
O 125
j 139
A 132
k 127
U 133
j 140
s 135
FQ 5
H 144
C 138
g 132
Q 130
S 128
V 153
m 139
Q 131
b 136
w 127
u 147
X 123
X 124
h 113
g 133
o 139
i 158
t 151
W 132
x 147
C 139
ZAa 2
e 137
u 148
O 126
d 143
E 127
N 123
X 125
s 136
E 128
m 140
y 136
L 131
C 140
J 117
ln 3
N 124
m 141
F 127
n 102
D 139
b 137
K 122
c 118
K 123
N 125
e 138
n 103
FQ 6
d 144
g 134
C 141
L 132
I 135
I 136
o 140
r 132
j 141
f 141
x 148
C 142
v 150
y 137
A 133
x 149
g 135
K 124
W 133
r 133
R 135
G 126
T 136
Y 129
C 143
A 134
a 136
x 150
X 126
F 128
S 129
L 133
uR 2
X 127
LW 7
d 145
k 128
l 138
k 129
A 135
z 147
w 128
R 136
E 129
W 134
K 125
k 130
B1 3
d 146
B 148
UW 2
b 138
T 137
D 140
j 142
F3 3
t 152
g 136
j 143
F 129
H 145
c 119
Z 128
x 151
B 149
F 130
d 147
Z 129
c 120
H9 2
J 118
c 121
BI 7
N 126
n 104
L 134
K 126
q 146
a 137
p 152
T 138
P5 3
V 154
b 139
Z 130
A 136
W 135
L 135
L 136
H 146
G 127
W 136
P 131
i 159
q 147
y 138
u 149
j 144
s2 3
U 134
D 141
n 105
i 160
H 147
f 142
E 130
W 137
F 131
X 128
V 155
H 148
j 145
wU 4
a 138
D 142
L 137
F 132
z 148
J 119
t0 4
Y 130
i 161
f 143
Y 131
Z 131
o 141
j 146
t 153
T 139
z 149
U 135
n 106
Y 132
R 137
g 137
j 147
H 149
q 148
W 138
TT 2
M 133
D 143
p 153
z 150
u 150
m 142
Z 132
b 140
w 129
qX 4
E 131
J 120
s 137
M 134
FA 3
W 139
Z 133
W 140
l 139
d 148
h 114
rK 5
cX 6
S 130
W 141
P 132
Z 134
T 140
U 136
M 135
J 121
t 154
A 137
B 150
X 129
n 107
W 142
f 144
G3 2
i 162
K 127
l 140
U 137
k 131
C 144
p 154
U 138
s 138
n 108
m 143
s 139
T 141
M5 9
S 131
E 132
rK 6
T 142
X 130
W 143
E 133
z 151
Q 132
q 149
p 155
ij 3
A 138
j 148
O 127
X 131
D 144
m 144
X 132
t 155
M 136
B 151
m 145
E 134
R 138
q 150
p 156
B 152
x 152
d 149
E9 8
d 150
z 152
j 149
j 150
T 143
G 128
q 151
L 138
B 153
O 128
U 139
X 133
c 122
T 144
D 145
I 137
E 135
I 138
r 134
r 135
e 139
G4 6
U 140
Q 133
c 123
z 153
Q 134
L 139
d 151
I 139
o 142
Q 135
N 127
K 128
e 140
de 4
d 152
D 146
H 150
zm 4
B 154
sz 7
sx 4
v 151
i 163
l 141
k 132
w 130
y 139
Y 133
t3 3
N 128
d 153
E 136
o 143
yMzynOWzxi 1
n 109
h 115
y 140
z 154
B 155
tyhdstjyWr 1
Q 136
NA 3
w 131
V 156
o 144
s 140
A 139
g 138
R 139
y 141
i 164
N 129
s 141
GK 4
i 165
EH 7
X 134
n 110
q 152
J 122
b 141
P 133
V 157
r 136
Dt 4
D 147
J 123
D 148
W 144
R 140
X 135
X 136
yU 3
o 145
v 152
v 153
p 157
l 142
p 158
F 133
p 159
k 133
Z 135
v 154
e 141
a 139
L 140
u 151
h 116
q 153
r 137
V 158
f 145
o 146
I 140
g 139
J 124
h 117
j 151
u 152
G 129
x 153
J 125
F 134
r 138
Y 134
u 153
C 145
i 166
mg 2
Y 135
J 126
cUlznmqovk 1
w 132
S 132
y 142
F 135
w 133
F 136
w 134
Z7 4
k 134
B 156
O 129
H 151
D 149
y 143
r 139
P 134
q 154
H 152
l5 5
Q 137
zl 3
O 130
u 154
B 157
l 143
yfjzgyjehz 1
s 142
V 159
C 146
l 144
N 130
t 156
v 155
q 155
c 124
N 131
Q 138
b 142
wU 5
D 150
X 137
C 147
x 154
N 132
g 140
S 133
M 137
n 111
m 146
g 141
N 133
VN 6
K 129
r 140
x 155
du 4
r 141
I 141
t0 5
D 151
T 145
R 141
m 147
t 157
B 158
S 134
e 142
c 125
W 145
G 130
H 153
FK 6
rK 7
E 137
f 146
Q 139
t 158
Z 136
I 142
J 127
Ab 4
r 142
x 156
W7 2
V 160
J 128
f 147
d 154
F9 2
W 146
x 157
r 143
e 143
K 130
X 138
k 135
T 146
i 167
Z 137
B0 4
D 152
V 161
U 141
mYigqdbomc 1
p 160
E 138
K 131
r 144
g 142
Q 140
b 143
P 135
p 161
l 145
l 146
y 144
q 156
q 157
h 118
X 139
u 155
F 137
O 131
z 155
l 147
X 140
I 143
V 162
I 144
E 139
z 156
K 132
s 143
Z 138
z 157
v 156
v 157
x 158
P 136
K 133
a 140
f 148
z 158
f 149
z 159
O 132
JS 3
b 144
r 145
e 144
G 131
p4 4
l 148
b 145
f 150
h 119
s 144
z 160
L 141
i 168
C1 3
M 138
H 154
e 145
l 149
r 146
o 147
Y 136
r 147
g 143
g 144
j 152
B 159
S 135
M 139
g 145
Y 137
W 147
c 126
w 135
j 153
e 146
W 148
FA 4
o 148
Z 139
Q 141
u 156
Q 142
N 134
X 141
c 127
e 147
g 146
Q 143
m 148
g 147
N4 2
r 148
V 163
X 142
j 154
i 169
f 151
E 140
B 160
E 141
w 136
O 133
vW 4
i 170
yU 4
H 155
U 142
d 155
h 120
h 121
e 148
qe 2
H 156
O 134
Qn 4
n 112
S 136
C 148
K 134
n 113
q 158
K 135
y 145
U 143
Q 144
q 159
CK 3
m 149
j 155
c 128
X 143
o 149
TT 3
Z 140
f 152
e 149
r 149
p 162
n 114
X 144
N 135
Y 138
W 149
z 161
g 148
L 142
H 157
e 150
J 129
z 162
Q 145
N 136
X 145
e3 5
B 161
z 163
S 137
zY 5
L 143
G 132
I 145
ag 5
s 145
I 146
s 146
F9 3
c 129
u 157
v 158
x 159
J 130
y 146
r 150
H 158
e 151
G 133
t 159
h 122
S 138
K 136
S 139
c 130
T 147
w 137
O 135
Z 141
E 142
G 134
C 149
X 146
c 131
N 137
Q 146
T 148
N 138
W 150
t 160
f 153
R 142
z 164
I 147
D 153
d 156
P 137
o 150
t 161
t 162
I 148
I 149
c 132
W 151
H 159
Jv 4
l 150
b 146
w 138
O 136
r 151
Y 139
w 139
P 138
B 162
Z 142
B 163
dR 6
D 154
R 143
MI 3
s 147
B 164
rU 3
E 143
x 160
U 144
a 141
Q 147
f 154
M 140
X 147
U 145
e 152
i 171
P 139
r 152
i0 4
A 140
D 155
n 115
i 172
An 5
YU 5
qe 3
l 151
w 140
Y 140
A 141
e 153
K 137
Z 143
k 136
X 148
p 163
Z 144
t3 4
q 160
X 149
e 154
Fv 7
X 150
Gm 3
T 149
w 141
EA 2
L 144
k 137
l 152
W 152
F1 5
D 156
D 157
o 151
V 164
X 151
M 141
H 160
x 161
L 145
M 142
g 149
c 133
u 158
P 140
l 153
s 148
i 173
P5 4
m 150
V 165
R 144
M 143
V 166
xR 2
C 150
Y 141
w 142
R 145
W 153
V 167
Vv 4
t 163
H 161
t 164
r 153
L 146
w 143
U 146
f 155
U 147
Z 145
b 147
K 138
E 144
n 116
t 165
C 151
B 165
EA 3
U 148
z 165
V 168
B 166
P 141
C 152
T 150
u 159
y 147
R 146
C 153
J 131
H2 4
Z 146
T 151
T 152
I 150
V 169
Q 148
G 135
uG 4
d 157
U 149
Q 149
izhuzpFdeV 1
J 132
Z 147
B 167
y 148
J 133
v 159
z 166
o 152
t 166
c 134
x 162
o 153
A 142
CA 4
d 158
k 138
f 156
ln 4
o 154
y 149
M 144
My 4
Y 142
l 154
f 157
l 155
t 167
v 160
S 140
O 137
N 139
x 163
S 141
P 142
s 149
a 142
N 140
r 154
F 138
l 156
E 145
R 147
O 138
T 153
G 136
a 143
X 152
F 139
J 134
GU 4
P 143
h 123
V 170
g 150
R 148
ay 4
o 155
A 143
k 139
X 153
D 158
y 150
z2 3
D 159
D 160
kmxscgybmN 1
FA 5
V 171
r 155
F 140
q 161
I 151
B 168
j 156
C 154
C 155
p 164
U 150
s 150
c 135
b 148
E 146
I 152
d 159
E 147
A 144
C 156
c 136
P 144
y 151
O 139
W 154
ln 5
U 151
v 161
G 137
P 145
z 167
I 153
B 169
I 154
T 154
H 162
C 157
j 157
n 117
s 151
T 155
K1 6
uO 3
Hz 4
J 135
l 157
A1 4
p4 5
Z 148
b 149
ZF 3
q 162
L 147
K 139
L 148
i 174
O 140
n 118
D 161
c 137
r 156
B 170
q 163
ZF 4
C 158
k 140
H 163
F 141
R 149
A 145
G 138
ln 6
q 164
y 152
n 119
o 156
a 144
S 142
wrXksciqiK 1
Hj 4
W 155
L 149
Z 149
G 139
s 152
L 150
l 158
p 165
uv 5
b 150
c 138
J 136
V 172
L 151
k 141
k 142
RyltuAzmmj 1
x 164
Z 150
i 175
U 152
w 144
f 158
D0 4
fKhooqdvcP 1
A 146
n 120
D 162
G 140
O 141
w 145
w 146
U 153
u 160
p 166
sJ 4
N 141
g 151
GV 4
I4 3
E 148
q 165
g 152
L 152
x 165
v 162
b 151
u 161
uB 3
i 176
l 159
i 177
B 171
Y 143
L 153
f 159
a 145
n 121
l 160
Z 151
L 154
c 139
F 142
N 142
yw 6
C 159
f 160
Q 150
G 141
fmSstuSQlc 1
E 149
f 161
p9 5
z 168
g 153
I 155
N 143
Q 151
b 152
n 122
i 178
U 154
m 151
j 158
h 124
n 123
C0 5
C 160
J 137
H 164
B 172
s 153
s 154
A 147
p 167
t 168
H 165
Q 152
M 145
m 152
S 143
q 166
i0 5
t 169
j 159
x 166
CA 5
R 150
N 144
r 157
Z 152
g 154
O 142
X 154
l 161
R 151
v 163
E 150
o 157
xaziyShLUk 1
K 140
A 148
d 160
a 146
g 155
R 152
A 149
D 163
M 146
N 145
F 143
Gp 2
q 167
S 144
Ml 2
J 138
ch 5
q 168
f8 3
p 168
g 156
E 151
r 158
oimuiyMsAz 1
g 157
U 155
Z 153
g 158
A 150
F 144
S 145
h 125
u 162
H 166
B 173
W 156
d 161
t 170
n 124
Q 153
W 157
O 143
b 153
L5 2
B0 5
i 179
a 147
n 125
S 146
s 155
h3 5
I 156
g 159
Q 154
T 156
Z 154
B 174
L 155
A 151
B 175
e 155
g 160
T 157
j 160
E 152
X 155
V 173
n1 6
f 162
W 158
aw 3
M 147
O 144
V 174
d 162
G 142
Z 155
U 156
n 126
q 169
y 153
w 147
K 141
M 148
n 127
Y 144
q 170
s 156
Y 145
o 158
S5 3
U 157
w 148
p 169
S 147
c 140
L 156
R 153
P 146
i 180
w 149
RqvfzXyVuR 1
e 156
J 139
U 158
M 149
A 152
j 161
v 164
Z 156
f 163
P 147
g 161
w 150
r 159
m 153
C 161
z 169
k 143
m 154
g 162
m 155
S 148
ou 2
H 167
a 148
u 163
R 154
E 153
B 176
j 162
I 157
S 149
b 154
n 128
P 148
U 159
n 129
Hz 5
z 170
B 177
t 171
o 159
c 141
U 160
v 165
q 171
X 156
Dt 5
x 167
x 168
D 164
d 163
Gm 4
a 149
z 171
H 168
i 181
z 172
h 126
C 162
LD 5
z 173
n 130
o 160
B 178
w 151
h 127
B 179
l 162
P 149
C 163
U 161
t 172
f 164
i 182
H 169
I 158
D 165
o 161
D 166
R1 5
D 167
p 170
nU 4
H 170
N 146
u 164
n 131
k 144
G 143
j 163
V 175
s 157
a 150
v 166
T 158
Bh 4
E 154
n 132
e 157
B 180
n 133
i 183
B 181
y 154
G 144
p 171
U 162
R1 6
l 163
r 160
m 156
V 176
f 165
D 168
F 145
x 169
H 171
D0 5
Jc 5
v 167
r 161
Z 157
y 155
p4 6
N 147
P 150
I 159
v 168
J 140
DS 4
d 164
T 159
c 142
p 172
e 158
f 166
v 169
EH 8
D 169
M 150
R 155
m 157
I 160
q 172
W 159
w 152
sF 4
F 146
W 160
o 162
w 153
K 142
yx 5
Q 155
e 159
j 164
P 151
L 157
fYnwqtGwwb 1
f 167
X 157
j 165
Y 146
P 152
x 170
F 147
e 160
r 162
V 177
a 151
h 128
y 156
P 153
O 145
j 166
t 173
ch 6
G 145
T 160
a 152
j 167
BP 6
Q 156
I 161
N 148
k 145
t 174
k 146
S 150
h 129
Q 157
U 163
e 161
M 151
z 174
s 158
aw 4
a 153
S 151
i 184
d 165
S 152
A 153
H 172
N 149
f 168
A 154
BI 8
T 161
N 150
Z 158
a 154
I 162
B 182
i 185
c 143
U 164
i 186
S 153
p 173
j 168
w 154
vXnuctxKrU 1
V 178
H 173
U 165
n 134
t 175
by 4
d 166
d 167
s 159
V 179
C 164
Y 147
x 171
F 148
c 144
r 163
o 163
A5 5
s 160
h 130
H 174
g 163
g 164
wJ 3
a 155
j 169
I 163
q 173
K 143
t 176
Z 159
h 131
V 180
Q 158
x 172
O 146
C 165
N 151
jg 4
Z 160
U 166
J 141
N 152
u 165
yx 6
z 175
i 187
O 147
l 164
k 147
u 166
U 167
u 167
s2 4
w 155
w 156
Z 161
i 188
T 162
M 152
f 169
D 170
j 170
Q 159
H 175
KK 4
y 157
e 162
J 142
b 155
A 155
v 170
B 183
R 156
w 157
D 171
V 181
Q 160
y 158
q 174
J 143
p 174
s 161
j 171
r 164
W 161
y 159
F 149
Q 161
Y 148
K 144
D 172
e 163
K 145
j 172
Q 162
D 173
V 182
q 175
z 176
X 158
V 183
m 158
Z 162
G 146
b 156
e 164
L5 3
o 164
ZP 2
J 144
so 3
D 174
W 162
K 146
j 173
s 162
o 165
Q 163
l 165
I 164
D 175
V 184
X 159
I 165
d 168
x 173
L 158
y 160
n 135
i 189
K 147
X 160
F 150
s 163
j 174
e 165
IY 6
f 170
B 184
F 151
P 154
J 145
Q 164
y 161
H 176
Q 165
V 185
H 177
Y 149
N 153
X 161
k 148
A 156
g 165
a 156
p 175
S 154
n 136
w 158
S 155
W 163
A 157
k 149
M 153
G 147
e 166
s 164
a 157
y 162
G 148
b 157
A5 6
Z 163
x 174
M 154
l 166
B 185
W 164
p 176
b 158
v 171
Q 166
o 166
z 177
g 166
Q 167
R 157
t 177
H 178
h 132
B 186
E 155
w 159
S 156
a 158
VN 7
C 166
u 168
k 150
Z 164
z 178
h 133
a 159
p 177
tRunxuHsya 1
D 176
H 179
q 176
s 165
Q 168
v 172
y 163
W 165
s 166
Y 150
Q 169
i 190
F 152
a 160
j 175
Y 151
k 151
Z 165
m 159
M 155
D 177
s 167
I 166
Q 170
q 177
X 162
O 148
v 173
h 134
I 167
S9 6
E 156
y 164
y 165
E 157
f 171
X 163
F 153
D 178
y 166
C 167
h 135
L 159
h 136
a 161
C 168
m 160
w 160
d 169
