49 54 13 57 74 90 18 42 75 32 61 0 0 0 0 0 0 0 0 0 
51 68 73 94 97 6 25 39 20 80 83 21 0 0 0 0 0 0 0 0 
33 64 66 19 53 34 95 46 13 90 120 51 10 0 0 0 0 0 0 0 
68 58 60 55 30 90 64 92 91 67 118 44 91 48 0 0 0 0 0 0 
34 17 63 44 28 25 4 94 65 3 101 63 71 141 40 0 0 0 0 0 
23 65 55 55 13 51 92 47 95 27 122 38 103 98 164 25 0 0 0 0 
32 4 89 45 49 29 88 37 85 24 161 70 155 57 103 94 27 0 0 0 
88 1 51 84 14 76 61 53 6 81 36 139 172 141 40 116 87 76 0 0 
0 92 25 90 67 41 97 94 1 51 111 140 103 150 109 90 150 111 76 0 
20 86 44 58 36 80 45 68 57 21 120 46 103 56 130 36 72 112 29 4 
52 95 93 8 15 71 79 11 59 56 13 31 42 57 89 30 90 86 98 99 
7 83 60 72 44 12 57 47 60 84 51 64 79 96 73 46 20 52 57 79 
60 22 10 54 32 52 85 74 38 35 25 98 70 85 70 15 97 27 14 58 
63 17 22 95 65 47 41 85 0 51 16 12 73 79 67 5 31 4 31 21 
39 56 19 10 42 90 77 39 69 43 49 85 60 24 80 25 71 73 63 23 
24 79 36 98 58 3 55 89 7 87 11 46 43 30 8 85 72 37 77 94 
32 26 79 92 50 11 70 22 84 33 45 61 64 81 59 23 36 66 12 43 
5 75 42 1 58 2 86 30 92 15 76 24 42 55 69 92 66 91 14 3 
76 12 64 40 45 75 63 82 41 28 77 99 3 71 0 61 74 38 44 18 
54 20 42 96 28 63 40 46 54 7 49 82 19 13 23 64 40 38 98 34 
