1 6 14 15 30 31 34 36 51 52 57 69 75 77
0 2 3 4 5 6 7 8 9 10 11 17 18 19 20 21 23 24 26 34 35 40 41 42 44 49 50 52 53 54 55 57 59 61 62 64 67 68 70 71 72 74 75 77 78 79
25 34 52 59 76
0 1 2 3 7 8 13 22 23 27 29 30 32 33 37 38 46 52 54 59 65 66 69 70 71 77 78 79
6 26 39 45 46 54 68 70 74 75 77
0 1 2 3 4 5 6 7 8 9 10 11 12 13 14 15 16 17 18 19 20 21 22 23 24 25 26 27 28 29 30 31 32 33 34 35 36 37 38 39 40 41 42 43 44 45 46 47 48 49 50 51 52 53 54 55 56 57 58 59 60 61 62 63 64 65 66 67 68 69 70 71 72 73 74 75 76 77 78 79
0 3 4 8 10 13 30 31 35 38 40 43 46 47 51 53 56 58 59 61 64 70 71 78
0 19
0 1 2 6 11 15 18 21 23 24 26 27 28 31 33 36 37 38 39 40 41 43 46 47 50 51 53 57 60 62 64 66 67 69 71 73 75 76
0 1 2 3 4 5 7 9 10 11 12 13 20 21 22 23 24 25 28 31 32 33 34 35 44 46 47 48 50 51 52 53 54 55 57 58 59 62 63 64 65 72 73 74 76 77 79
0 5 7 10 15 16 19 24 28 29 31 32 33 36 37 39 40 47 48 51 52 53 55 56 60 61 62 63 64 66 68 69 70 71 72 73 79
0 2
0 2 3 6 7 9 10 13 14 15 17 18 20 21 23 24 26 28 29 30 31 32 33 34 35 37 39 40 42 43 44 45 46 47 48 49 50 51 53 54 58 60 61 62 63 64 65 66 67 68 69 71 72 73 75 76 78 79
1 2 3 4 5 6 8 9 10 11 12 13 14 17 19 20 21 23 24 25 26 27 28 34 37 39 40 41 42 43 44 46 47 48 49 50 51 52 53 54 55 58 62 64 66 68 69 71 72 75 79
2 3 38 63 70 73
1 2 7 9 17 19 20 29 32 33 34 37 40 41 47 53 54 61 66 67 68 75 77
0 1 3 4 5 6 7 8 9 10 11 12 13 14 15 16 17 18 19 20 21 22 23 24 25 26 27 28 29 30 31 32 33 34 35 36 37 38 39 40 41 42 43 44 45 46 47 48 49 50 51 52 53 54 55 56 57 58 59 60 61 62 64 65 66 67 68 69 70 71 72 73 74 75 76 77 78 79
10 13 14 32
0 1 3 4 5 7 8 10 11 13 15 16 17 18 19 21 22 23 24 29 30 31 32 34 35 36 37 41 44 45 46 47 48 49 50 51 52 53 54 55 56 57 58 61 62 64 65 68 71 73 74 76 77 78
0 5 8 9 10 11 14 15 16 18 20 21 22 24 25 26 27 28 30 31 32 34 35 37 38 40 41 42 43 49 51 55 59 60 62 63 64 65 67 70 72 73 74 75 76 77 78
0 1 2 3 4 5 6 7 8 9 10 11 12 13 14 15 16 17 18 19 20 21 22 23 24 25 26 27 28 29 30 31 32 33 34 35 36 37 38 39 40 41 42 43 44 46 47 48 49 50 51 52 53 54 55 56 57 58 59 60 61 62 63 64 65 66 67 68 69 70 71 72 73 74 75 76 77 78 79
0 1 2 3 4 5 6 7 8 9 10 11 12 13 14 15 16 17 18 19 20 21 22 23 24 25 26 27 28 29 30 31 32 33 34 35 36 37 38 39 40 41 42 43 44 45 46 48 49 50 51 53 54 55 56 57 58 59 61 62 63 64 65 66 67 68 69 70 71 72 73 74 75 76 77 78 79
1 7 9 10 13 14 16 17 19 20 21 31 35 36 38 39 45 46 47 52 55 59 62 68 69 71 75 77
0 2 3 4 5 6 7 8 9 10 11 12 13 16 17 18 19 21 23 24 25 26 27 28 29 31 32 33 34 35 36 38 40 41 43 44 46 47 48 49 50 51 52 53 54 55 57 58 59 60 61 62 63 64 65 66 67 69 70 72 73 74 76 77 78 79
1 2 3 5 6 9 11 12 13 14 15 16 19 21 23 28 29 31 36 46 48 49 53 56 62 63 69 70 72 74 76
2 3 4 6 7 9 12 13 16 18 19 26 27 31 33 36 37 40 43 45 55 57 58 59 68 77
0 3 8 14 19 25 34 39 45 60 65 69 73 76 79
1 3 5 8 12 13 20 30 31 34 37 40 43 48 50 51 55 58 59 67 68 69 72 74 79
0 1 2 3 4 5 6 7 8 9 10 11 12 13 14 15 16 17 18 19 20 21 22 24 25 26 27 28 29 30 31 32 33 34 35 36 37 38 39 40 41 42 43 44 45 46 47 48 49 50 51 52 53 54 55 56 57 58 59 60 61 62 63 64 65 66 67 68 69 70 71 72 73 74 75 76 77 78 79
3 9 12 13 20 23 30 32 35 42 44 45 48 50 54 55 57 60 63 64 65 66 67 69 71 75 76 79
0 1 2 3 4 5 6 7 8 9 10 11 13 14 15 16 17 18 19 20 21 22 23 24 25 26 27 28 29 31 32 33 34 35 36 37 38 39 40 41 42 43 44 45 46 47 48 49 50 51 52 53 54 55 56 57 58 59 60 61 62 63 64 65 66 67 68 69 70 71 72 73 74 75 76 77 78 79
13 14 19 20 23 26 34 55 57 58 69
3 10 12 13 19 23 25 33 34 37 39 41 52 54 55 56 58 63 70 72 78 79
0 1 4 9 10 17 18 19 21 30 38 40 42 44 45 58 62 65 66 69 70 71 73 74 78 79
0 1 3 4 5 7 8 10 11 13 14 17 18 20 21 23 26 27 31 32 33 34 36 37 41 44 45 46 47 48 50 51 52 53 54 57 60 61 62 65 66 67 68 71 74 75 77 79
1 2 3 4 5 7 8 9 10 12 13 14 15 17 20 21 22 23 24 27 29 30 32 33 35 36 37 38 39 40 41 42 43 44 46 47 48 50 51 52 54 55 56 58 59 60 61 63 64 66 68 69 72 73 74 75 76 77 78 79
2 3 4 5 7 9 16 18 21 22 25 27 28 32 33 34 38 40 49 54 55 57 58 60 61 62 68 69 72 73 77
3 4 8 11 13 14 15 16 18 21 23 29 31 39 46 51 52 53 57 60 61 63 64 68 69 77
0 1 2 3 4 5 6 7 8 9 10 12 13 14 15 16 18 20 21 23 25 26 27 28 29 30 31 32 33 35 36 38 39 40 42 43 44 45 46 48 49 51 52 53 54 55 56 57 58 59 60 61 62 63 64 65 66 67 68 69 70 71 74 75 76 77 78 79
1 2 6 9 11 14 18 21 24 30 34 35 36 44 55 60 61 65 69 70 73 75 78 79
2 4 6 8 9 10 11 12 15 17 21 22 23 24 26 27 28 31 32 33 34 35 36 38 40 42 43 44 45 47 48 52 53 56 57 59 62 63 67 69 70 71 72 73 75 76 78 79
0 1 2 3 4 5 6 8 9 10 11 12 14 15 16 17 18 19 20 21 23 24 25 26 27 28 29 30 31 33 34 36 39 40 41 42 43 44 45 49 50 52 53 54 55 56 57 58 59 61 62 63 64 65 66 67 70 71 73 76 78 79
0 1 2 3 4 5 6 7 8 9 10 11 12 13 14 15 16 17 20 21 23 24 26 27 29 30 31 32 34 36 37 39 41 43 44 45 46 47 48 49 50 51 52 53 54 55 56 57 58 59 60 62 64 65 66 67 68 69 70 71 72 74 75 76 77 78 79
1 3 4 5 6 9 10 13 14 15 17 18 19 27 34 37 40 42 49 54 58 64 65 66 67 72 75 76 77 79
0 1 2 3 5 6 7 8 9 10 11 12 13 14 15 16 17 18 19 21 22 23 24 25 26 27 28 29 31 32 33 34 35 36 37 38 39 40 41 43 44 45 46 47 48 49 50 51 52 53 54 55 56 57 58 59 60 61 62 63 64 65 66 67 68 69 70 71 73 74 75 76 78 79
0 1 3 4 6 7 9 10 11 12 14 16 17 18 19 20 21 22 23 25 28 29 31 33 34 35 38 39 40 41 42 44 45 46 47 49 53 54 56 57 58 59 60 62 65 66 67 69 70 71 72 73 74 75 76 78 79
2 4 8 11 12 13 16 18 21 23 25 29 30 36 38 40 44 45 46 50 51 54 55 57 58 61 62 64 66 67 70 73 75 76 77 79
3 4 5 9 11 13 15 17 18 21 25 30 35 36 37 39 40 41 42 44 49 51 52 53 56 59 62 64 70 73 74
0 1 2 3 4 5 8 10 11 14 15 17 18 19 22 23 26 28 32 33 34 35 36 37 39 40 41 42 44 46 47 48 49 50 52 53 54 55 56 57 58 59 60 62 64 66 67 68 69 70 72 74 76 77
1 4 5 7 13 17 26 40 41 45 55 56 58 59 60 74 76 79
