0 1
0 1
0 1
0 1
no solution
0 2
no solution
0 2
0 2
no solution
no solution
no solution
0 2
0 1 2 3 4 5 6 7
0 1
no solution
0 1 2 3 5 6
0 3
0 4 5 6 7 11 12 13
0 3 4
0 3
0 2
no solution
no solution
0 1
no solution
0 1 2
no solution
0 2 3 4 5
no solution
0 3 4 6 7 8 10 12 13 14
0 1 2 3 5 8 9 10 15
0 1
0 2 4
0 1 2 3 6 7
no solution
0 1
0 2 3
0 1 3 7 9
0 1 2 4
0 1
0 1 2 4 5 6
0 1
0 2 3 6 7
no solution
0 1 2 6 7 8 9 10 12
0 3 4
no solution
0 2
no solution
0 1 2 4 5 6 8 10 15
0 1
0 1
no solution
0 2 3
0 1 4
0 1 2 6 7 8 11 12
no solution
0 1 4 6 7
no solution
0 1
0 1 2 3 6 9 10
no solution
0 4
0 1 2 6 7 8 9 11 13 15
0 1
0 1 2 4 5 6 7 12
0 1 2 3 7 8
0 2
no solution
no solution
0 2 4
0 3
0 1
0 1 2
0 1 2 3 4 8 9 11
0 1
no solution
0 1 3
no solution
no solution
0 1 2
0 1 2 3
0 1
no solution
0 1
0 1 2 3 4 5 7 9
0 1
0 2
0 1 2 3
no solution
0 1 3 4 8
0 1
no solution
0 1 2
0 1
0 1 2 4
0 2
0 1 2 3 4 6 7 8 12
0 2
