0 1 7
0 1
0 2 3
0 1
no solution
no solution
0 1
1 2 3 7 8
0 2
0 1
0 2
no solution
0 2 3 5 7
0 1 3 4 5 6 7 10 12
0 1
no solution
no solution
0 1
0 1
no solution
0 2 4 5 7
0 1 2 3 4 6 8
0 1
0 2
0 1 2 3 4 6
0 1 2 3 4 9 12 13
0 1
no solution
0 4
no solution
0 4
0 1
0 1 3 4 7
no solution
0 2
0 1
no solution
0 3
0 1 3 5 7 10 12 13
0 4
0 2 3
0 3
0 2 3
0 1
no solution
0 1 2 3
0 1
0 1
0 1 2 5 7 8 9 12
no solution
no solution
0 1 2 4
0 2
0 1 2 4
0 1
0 1
no solution
0 1
no solution
0 1 2
0 1 2
no solution
no solution
0 1 2
0 1 3 4
0 1 4 7
no solution
no solution
no solution
0 3
0 1 3
0 1 2
0 1
0 1
no solution
no solution
0 3
2 3 5 6 8 9 10
0 2
0 1 2 3 4 5 9 10
2 3 4
0 1
no solution
no solution
no solution
0 1
0 1 4 5 9 10 11 12 13
0 2 3 6
0 1 2 3 5 6 7
no solution
1 2 3 4 6 8 9 10
no solution
0 1
0 1
0 1
0 1
0 1
no solution
no solution
no solution
