0 0 0 612 616 353 649 774 306 54 93 554 240 378 192 762 297 401 568 503 732 828 371 628 106 383 424 402 239 616 526 286 722 776 63 503 760 343 74 231 28 167 417 733 544 608 661 472 640 26 
141 170 19 143 797 124 526 19 158 764 266 683 681 153 257 375 288 182 718 361 45 377 159 461 276 335 700 102 806 137 127 578 306 145 353 735 734 44 753 57 439 184 372 285 803 628 659 256 809 174 
248 485 551 39 577 826 373 442 93 810 579 219 186 516 829 538 416 728 581 334 417 651 150 788 101 584 581 759 471 187 99 350 304 649 388 46 272 392 488 364 368 698 214 185 379 208 722 795 567 100 
760 149 750 541 568 16 290 314 406 760 133 136 742 436 416 295 481 687 687 600 216 686 463 61 36 474 734 389 66 99 488 825 247 35 164 447 516 85 392 87 477 524 223 384 591 638 678 238 491 162 
469 338 13 564 31 514 203 764 68 734 28 187 356 741 221 519 353 736 236 744 823 712 66 677 261 656 112 570 525 234 732 626 204 376 355 234 522 189 629 589 88 289 776 443 661 162 594 645 530 829 
186 518 338 251 826 230 539 103 799 695 803 328 486 172 336 6 37 23 660 665 611 379 585 184 454 411 812 679 221 507 673 407 656 642 289 647 37 827 381 467 320 349 795 805 152 762 443 188 784 268 
485 192 279 235 8 732 278 819 576 498 491 46 536 312 687 457 590 723 81 602 355 400 583 781 371 708 445 554 289 344 204 481 622 70 120 519 347 104 726 477 226 771 644 169 255 266 758 143 347 157 
130 746 739 542 748 639 416 358 1001 336 702 193 448 489 728 567 640 707 670 531 349 61 100 158 695 354 56 618 129 402 407 724 313 311 431 693 581 478 216 570 814 83 394 427 204 288 160 475 160 461 
637 140 154 736 763 14 722 818 264 16 385 670 739 330 612 801 188 359 445 35 94 424 584 120 482 787 39 273 59 664 695 803 519 229 731 532 116 347 427 131 731 262 501 692 40 467 511 30 543 546 
589 132 295 708 246 713 746 518 771 575 49 263 175 199 491 72 363 606 50 789 368 412 217 500 270 599 412 751 307 123 505 439 49 11 316 761 756 465 329 129 146 592 303 344 714 6 706 118 55 293 
485 467 509 617 368 28 381 779 410 534 80 757 582 556 238 141 478 703 469 606 480 692 74 823 572 546 327 689 600 619 805 698 759 587 231 418 133 642 827 820 341 538 374 88 260 612 228 369 112 329 
140 591 186 679 211 389 22 169 243 622 419 680 809 432 348 392 197 155 16 648 127 554 187 680 445 798 540 813 541 34 584 763 685 60 140 240 82 774 114 335 359 793 819 799 23 798 357 219 372 498 
342 557 684 188 167 280 727 611 820 826 749 708 52 520 113 599 91 693 99 81 283 549 46 305 513 34 155 728 405 652 236 594 134 423 413 781 169 30 804 160 410 677 677 561 422 441 652 280 539 562 
254 409 499 398 442 653 757 479 103 158 238 236 212 629 648 624 429 593 221 719 68 529 489 136 262 400 306 626 593 191 200 257 588 274 542 511 752 644 300 155 511 512 415 324 767 476 632 526 328 516 
225 22 127 345 157 20 376 463 645 134 285 477 23 39 750 196 181 667 5 112 453 515 623 499 470 733 345 415 569 489 173 79 277 192 454 371 469 219 656 111 241 326 26 436 138 324 72 249 776 218 
504 440 319 691 580 218 201 678 264 401 798 68 479 241 259 564 243 359 782 64 655 21 126 449 426 390 643 542 462 594 30 207 443 230 706 630 480 405 740 352 295 101 654 1000 290 288 334 688 566 494 
279 604 553 777 143 312 806 815 754 667 496 257 94 607 661 465 590 122 565 816 407 244 737 326 578 678 431 409 497 709 644 178 59 586 320 557 300 756 21 427 645 114 666 103 578 421 690 774 402 262 
184 304 588 761 148 124 823 620 329 832 429 387 215 748 389 404 679 777 424 738 170 569 321 379 177 319 557 438 502 492 657 60 271 781 514 459 198 8 88 627 26 302 172 47 705 17 761 754 207 96 
120 159 474 274 335 792 462 405 91 227 616 390 639 480 768 567 261 794 501 64 472 3 546 92 763 97 764 24 216 498 490 55 87 117 91 702 317 425 258 588 720 737 222 653 102 114 244 234 643 715 
355 806 165 451 735 667 317 322 509 36 70 599 772 547 269 300 154 195 153 439 762 682 161 541 563 397 61 166 561 67 380 343 521 296 364 832 425 208 401 137 108 227 69 421 332 349 585 141 291 5 
537 351 171 729 493 703 741 468 21 235 395 681 230 271 69 792 176 650 573 535 237 426 32 217 176 357 466 313 448 483 52 106 351 792 205 3 658 600 683 623 585 587 213 256 395 828 95 730 419 435 
101 691 747 258 304 309 42 378 733 246 13 707 446 459 110 333 19 137 326 33 745 706 610 504 342 827 684 296 711 74 721 438 681 625 323 593 129 686 670 795 168 564 126 817 596 36 688 3 171 625 
345 163 475 575 817 280 59 703 717 739 233 694 458 268 545 759 487 138 559 725 701 684 707 94 351 193 96 521 817 72 316 89 647 406 92 96 406 441 639 212 479 134 652 598 271 376 488 225 575 167 
495 209 721 307 246 31 807 364 634 314 396 527 530 344 555 432 720 674 569 110 298 430 317 113 387 210 745 1000 50 632 820 589 482 267 338 383 63 365 75 487 60 51 673 492 770 145 692 442 287 668 
465 819 717 804 643 482 452 76 232 45 730 409 787 14 686 592 404 830 81 80 69 367 539 255 372 719 255 258 529 259 341 604 122 173 834 534 689 786 547 789 420 399 178 561 256 606 815 560 610 699 
496 108 736 190 832 426 586 513 705 212 559 168 391 145 587 421 322 207 446 211 740 638 512 618 658 753 302 414 603 175 194 436 65 531 553 400 203 139 721 314 20 662 457 637 117 375 751 418 788 603 
719 453 750 54 10 446 705 540 701 689 266 523 618 97 244 43 263 640 499 531 756 40 79 459 682 690 181 766 381 563 391 174 322 562 40 177 452 771 699 111 555 428 354 533 470 248 339 411 260 231 
730 802 553 565 270 76 672 315 14 398 518 508 404 494 770 505 741 740 270 166 438 396 580 311 45 654 63 586 492 377 332 15 113 718 205 286 577 191 822 628 229 533 595 71 47 632 411 142 596 548 
180 242 292 725 126 440 43 625 303 233 712 828 702 365 753 462 387 165 298 310 717 71 71 62 250 778 332 577 215 635 810 558 260 294 161 225 398 254 224 784 418 715 211 603 786 747 664 183 391 770 
570 574 544 107 659 136 79 116 551 496 17 437 9 693 206 237 501 558 315 696 580 87 538 833 550 713 92 282 664 505 174 799 215 755 515 343 403 727 408 665 318 34 159 530 422 506 52 168 144 533 
720 50 550 674 299 374 566 694 805 688 455 108 608 138 747 591 352 471 755 107 743 102 582 33 504 383 451 80 623 647 582 685 495 12 73 815 131 264 194 163 768 507 312 163 341 331 73 665 154 148 
583 757 170 287 786 549 93 711 500 54 515 683 487 565 197 449 637 583 641 302 193 552 444 107 614 694 58 83 592 281 115 413 559 622 352 310 292 620 525 313 682 334 408 659 98 250 417 449 346 249 
299 142 206 434 369 746 128 24 429 784 648 566 696 434 199 105 336 658 84 495 452 22 615 118 742 323 105 596 437 520 41 350 233 809 494 173 598 675 131 649 218 537 466 788 298 473 804 235 100 12 
601 437 324 543 239 51 274 765 447 614 615 200 544 201 672 513 67 292 166 178 555 461 478 729 598 716 44 633 399 195 441 800 685 752 83 752 35 172 755 590 116 27 626 660 20 460 209 731 6 380 
811 37 525 789 825 833 328 532 119 783 325 474 49 303 205 316 758 252 497 662 660 95 619 470 369 115 415 320 164 413 111 768 181 185 139 243 432 339 177 395 66 522 330 268 217 654 631 807 822 386 
330 98 810 281 655 574 308 128 139 354 308 269 690 801 164 85 210 710 723 744 472 779 133 785 32 363 562 502 259 9 725 363 631 634 830 76 226 248 674 176 171 65 672 308 325 33 663 293 754 535 
830 393 284 669 200 370 237 673 802 310 198 190 67 484 814 247 390 254 125 464 315 624 748 829 356 104 556 464 294 456 226 240 709 250 629 51 323 384 782 568 662 2 709 249 680 635 331 794 228 729 
197 611 620 790 744 408 536 767 42 285 44 758 813 735 309 510 15 793 604 118 536 11 668 27 121 715 180 202 503 73 196 241 571 130 223 29 8 56 448 273 655 701 85 1 388 617 601 793 778 279 
201 90 434 224 278 483 610 373 486 822 283 11 56 833 663 357 502 272 797 514 825 162 517 55 613 549 4 460 506 811 263 490 43 32 704 506 571 460 450 183 453 284 433 41 147 396 284 156 475 802 
507 331 614 198 393 812 339 98 265 251 807 428 727 206 493 224 464 573 239 53 751 712 358 520 545 834 484 340 500 675 636 524 311 128 305 535 675 466 214 281 551 529 718 319 261 325 380 410 148 676 
638 627 149 342 356 185 573 105 433 382 287 151 778 2 142 150 365 109 386 25 293 497 780 267 801 814 95 267 657 210 360 333 278 572 104 508 517 765 25 447 283 189 110 633 297 444 791 607 220 301 
451 180 294 508 362 222 666 811 617 636 714 435 831 510 696 151 223 642 534 86 12 676 75 291 579 309 713 433 124 749 572 31 362 796 657 787 291 723 252 425 455 772 77 726 156 388 517 179 132 556 
208 253 190 486 151 273 834 576 245 800 540 386 597 375 800 29 366 812 97 463 601 794 697 831 321 435 84 777 350 742 4 203 605 232 305 333 714 634 229 576 579 222 378 109 813 412 165 18 153 179 
5 552 458 676 476 414 189 286 543 818 269 175 711 428 24 65 307 476 636 431 70 605 651 691 403 2 528 646 385 89 716 621 765 209 78 4 265 327 202 605 635 29 571 132 547 454 597 653 296 57 
521 790 669 509 423 780 738 697 671 775 84 213 524 340 773 558 232 716 663 613 512 458 38 745 783 161 455 456 483 393 25 782 430 484 183 367 783 457 374 290 146 490 775 697 481 397 403 510 276 86 
772 10 560 773 214 275 86 791 651 816 150 27 276 831 242 710 156 790 373 358 631 62 77 191 743 456 669 627 602 619 537 18 228 297 399 121 422 157 194 769 769 796 130 704 382 362 630 62 38 53 
227 493 77 149 123 430 58 767 122 420 545 621 125 89 550 522 385 574 621 90 15 613 633 377 119 1 144 548 668 775 595 666 195 597 245 785 384 641 698 318 630 277 301 552 90 272 624 121 423 265 
253 671 252 419 710 9 563 366 769 327 220 282 78 247 53 119 704 414 737 608 202 242 791 301 397 797 699 615 785 818 348 17 773 10 607 749 609 348 196 444 743 42 346 700 321 450 440 821 253 560 
146 821 361 282 125 64 275 82 646 199 471 299 527 641 361 47 420 360 38 766 18 337 182 650 366 450 595 152 220 75 82 821 213 1 367 147 394 41 646 179 115 135 144 700 609 109 57 0 0 0 
394 650 360 671 346 808 58 527 277 602 147 340 182 78 135 1001 473 780 779 796 609 318 152 370 123 13 532 337 117 724 7 382 523 473 724 275 7 135 766 816 468 245 528 7 528 523 808 738 726 808 
