4 32 32
3 31 33
2 33 31
4 33 33
3 30 34
4 31 35
3 29 35
1 29 33
2 34 30
2 35 29
4 35 31
1 33 29
4 34 34
3 33 35
2 35 33
4 35 35
3 28 36
4 29 37
3 27 37
1 27 35
4 30 38
3 29 39
2 31 37
4 31 39
3 26 38
4 27 39
3 25 39
1 25 37
1 26 34
2 27 33
1 25 33
3 25 35
2 36 28
2 37 27
4 37 29
1 35 27
2 38 26
2 39 25
4 39 27
1 37 25
4 38 30
3 37 31
2 39 29
4 39 31
1 34 26
2 35 25
1 33 25
3 33 27
4 36 36
3 35 37
2 37 35
4 37 37
3 34 38
4 35 39
3 33 39
1 33 37
2 38 34
2 39 33
4 39 35
1 37 33
4 38 38
3 37 39
2 39 37
4 39 39
3 24 40
4 25 41
3 23 41
1 23 39
4 26 42
3 25 43
2 27 41
4 27 43
3 22 42
4 23 43
3 21 43
1 21 41
1 22 38
2 23 37
1 21 37
3 21 39
4 28 44
3 27 45
2 29 43
4 29 45
3 26 46
4 27 47
3 25 47
1 25 45
2 30 42
2 31 41
4 31 43
1 29 41
4 30 46
3 29 47
2 31 45
4 31 47
3 20 44
4 21 45
3 19 45
1 19 43
4 22 46
3 21 47
2 23 45
4 23 47
3 18 46
4 19 47
3 17 47
1 17 45
1 18 42
2 19 41
1 17 41
3 17 43
1 20 36
2 21 35
1 19 35
3 19 37
2 22 34
2 23 33
4 23 35
1 21 33
1 18 34
2 19 33
1 17 33
3 17 35
3 18 38
4 19 39
3 17 39
1 17 37
2 40 24
2 41 23
4 41 25
1 39 23
2 42 22
2 43 21
4 43 23
1 41 21
4 42 26
3 41 27
2 43 25
4 43 27
1 38 22
2 39 21
1 37 21
3 37 23
2 44 20
2 45 19
4 45 21
1 43 19
2 46 18
2 47 17
4 47 19
1 45 17
4 46 22
3 45 23
2 47 21
4 47 23
1 42 18
2 43 17
1 41 17
3 41 19
4 44 28
3 43 29
2 45 27
4 45 29
3 42 30
4 43 31
3 41 31
1 41 29
2 46 26
2 47 25
4 47 27
1 45 25
4 46 30
3 45 31
2 47 29
4 47 31
1 36 20
2 37 19
1 35 19
3 35 21
2 38 18
2 39 17
4 39 19
1 37 17
1 34 18
2 35 17
1 33 17
3 33 19
3 34 22
4 35 23
3 33 23
1 33 21
4 40 40
3 39 41
2 41 39
4 41 41
3 38 42
4 39 43
3 37 43
1 37 41
2 42 38
2 43 37
4 43 39
1 41 37
4 42 42
3 41 43
2 43 41
4 43 43
3 36 44
4 37 45
3 35 45
1 35 43
4 38 46
3 37 47
2 39 45
4 39 47
3 34 46
4 35 47
3 33 47
1 33 45
1 34 42
2 35 41
1 33 41
3 33 43
2 44 36
2 45 35
4 45 37
1 43 35
2 46 34
2 47 33
4 47 35
1 45 33
4 46 38
3 45 39
2 47 37
4 47 39
1 42 34
2 43 33
1 41 33
3 41 35
4 44 44
3 43 45
2 45 43
4 45 45
3 42 46
4 43 47
3 41 47
1 41 45
2 46 42
2 47 41
4 47 43
1 45 41
4 46 46
3 45 47
2 47 45
4 47 47
3 16 48
4 17 49
3 15 49
1 15 47
4 18 50
3 17 51
2 19 49
4 19 51
3 14 50
4 15 51
3 13 51
1 13 49
1 14 46
2 15 45
1 13 45
3 13 47
4 20 52
3 19 53
2 21 51
4 21 53
3 18 54
4 19 55
3 17 55
1 17 53
2 22 50
2 23 49
4 23 51
1 21 49
4 22 54
3 21 55
2 23 53
4 23 55
3 12 52
4 13 53
3 11 53
1 11 51
4 14 54
3 13 55
2 15 53
4 15 55
3 10 54
4 11 55
3 9 55
1 9 53
1 10 50
2 11 49
1 9 49
3 9 51
1 12 44
2 13 43
1 11 43
3 11 45
2 14 42
2 15 41
4 15 43
1 13 41
1 10 42
2 11 41
1 9 41
3 9 43
3 10 46
4 11 47
3 9 47
1 9 45
4 24 56
3 23 57
2 25 55
4 25 57
3 22 58
4 23 59
3 21 59
1 21 57
2 26 54
2 27 53
4 27 55
1 25 53
4 26 58
3 25 59
2 27 57
4 27 59
3 20 60
4 21 61
3 19 61
1 19 59
4 22 62
3 21 63
2 23 61
4 23 63
3 18 62
4 19 63
3 17 63
1 17 61
1 18 58
2 19 57
1 17 57
3 17 59
2 28 52
2 29 51
4 29 53
1 27 51
2 30 50
2 31 49
4 31 51
1 29 49
4 30 54
3 29 55
2 31 53
4 31 55
1 26 50
2 27 49
1 25 49
3 25 51
4 28 60
3 27 61
2 29 59
4 29 61
3 26 62
4 27 63
3 25 63
1 25 61
2 30 58
2 31 57
4 31 59
1 29 57
4 30 62
3 29 63
2 31 61
4 31 63
3 8 56
4 9 57
3 7 57
1 7 55
4 10 58
3 9 59
2 11 57
4 11 59
3 6 58
4 7 59
3 5 59
1 5 57
1 6 54
2 7 53
1 5 53
3 5 55
4 12 60
3 11 61
2 13 59
4 13 61
3 10 62
4 11 63
3 9 63
1 9 61
2 14 58
2 15 57
4 15 59
1 13 57
4 14 62
3 13 63
2 15 61
4 15 63
3 4 60
4 5 61
3 3 61
1 3 59
4 6 62
3 5 63
2 7 61
4 7 63
3 2 62
4 3 63
3 1 63
1 1 61
1 2 58
2 3 57
1 1 57
3 1 59
1 4 52
2 5 51
1 3 51
3 3 53
2 6 50
2 7 49
4 7 51
1 5 49
1 2 50
2 3 49
1 1 49
3 1 51
3 2 54
4 3 55
3 1 55
1 1 53
1 8 40
2 9 39
1 7 39
3 7 41
2 10 38
2 11 37
4 11 39
1 9 37
1 6 38
2 7 37
1 5 37
3 5 39
3 6 42
4 7 43
3 5 43
1 5 41
2 12 36
2 13 35
4 13 37
1 11 35
2 14 34
2 15 33
4 15 35
1 13 33
4 14 38
3 13 39
2 15 37
4 15 39
1 10 34
2 11 33
1 9 33
3 9 35
1 4 36
2 5 35
1 3 35
3 3 37
2 6 34
2 7 33
4 7 35
1 5 33
1 2 34
2 3 33
1 1 33
3 1 35
3 2 38
4 3 39
3 1 39
1 1 37
3 4 44
4 5 45
3 3 45
1 3 43
4 6 46
3 5 47
2 7 45
4 7 47
3 2 46
4 3 47
3 1 47
1 1 45
1 2 42
2 3 41
1 1 41
3 1 43
2 48 16
2 49 15
4 49 17
1 47 15
2 50 14
2 51 13
4 51 15
1 49 13
4 50 18
3 49 19
2 51 17
4 51 19
1 46 14
2 47 13
1 45 13
3 45 15
2 52 12
2 53 11
4 53 13
1 51 11
2 54 10
2 55 9
4 55 11
1 53 9
4 54 14
3 53 15
2 55 13
4 55 15
1 50 10
2 51 9
1 49 9
3 49 11
4 52 20
3 51 21
2 53 19
4 53 21
3 50 22
4 51 23
3 49 23
1 49 21
2 54 18
2 55 17
4 55 19
1 53 17
4 54 22
3 53 23
2 55 21
4 55 23
1 44 12
2 45 11
1 43 11
3 43 13
2 46 10
2 47 9
4 47 11
1 45 9
1 42 10
2 43 9
1 41 9
3 41 11
3 42 14
4 43 15
3 41 15
1 41 13
2 56 8
2 57 7
4 57 9
1 55 7
2 58 6
2 59 5
4 59 7
1 57 5
4 58 10
3 57 11
2 59 9
4 59 11
1 54 6
2 55 5
1 53 5
3 53 7
2 60 4
2 61 3
4 61 5
1 59 3
2 62 2
2 63 1
4 63 3
1 61 1
4 62 6
3 61 7
2 63 5
4 63 7
1 58 2
2 59 1
1 57 1
3 57 3
4 60 12
3 59 13
2 61 11
4 61 13
3 58 14
4 59 15
3 57 15
1 57 13
2 62 10
2 63 9
4 63 11
1 61 9
4 62 14
3 61 15
2 63 13
4 63 15
1 52 4
2 53 3
1 51 3
3 51 5
2 54 2
2 55 1
4 55 3
1 53 1
1 50 2
2 51 1
1 49 1
3 49 3
3 50 6
4 51 7
3 49 7
1 49 5
4 56 24
3 55 25
2 57 23
4 57 25
3 54 26
4 55 27
3 53 27
1 53 25
2 58 22
2 59 21
4 59 23
1 57 21
4 58 26
3 57 27
2 59 25
4 59 27
3 52 28
4 53 29
3 51 29
1 51 27
4 54 30
3 53 31
2 55 29
4 55 31
3 50 30
4 51 31
3 49 31
1 49 29
1 50 26
2 51 25
1 49 25
3 49 27
2 60 20
2 61 19
4 61 21
1 59 19
2 62 18
2 63 17
4 63 19
1 61 17
4 62 22
3 61 23
2 63 21
4 63 23
1 58 18
2 59 17
1 57 17
3 57 19
4 60 28
3 59 29
2 61 27
4 61 29
3 58 30
4 59 31
3 57 31
1 57 29
2 62 26
2 63 25
4 63 27
1 61 25
4 62 30
3 61 31
2 63 29
4 63 31
1 40 8
2 41 7
1 39 7
3 39 9
2 42 6
2 43 5
4 43 7
1 41 5
1 38 6
2 39 5
1 37 5
3 37 7
3 38 10
4 39 11
3 37 11
1 37 9
2 44 4
2 45 3
4 45 5
1 43 3
2 46 2
2 47 1
4 47 3
1 45 1
4 46 6
3 45 7
2 47 5
4 47 7
1 42 2
2 43 1
1 41 1
3 41 3
1 36 4
2 37 3
1 35 3
3 35 5
2 38 2
2 39 1
4 39 3
1 37 1
1 34 2
2 35 1
1 33 1
3 33 3
3 34 6
4 35 7
3 33 7
1 33 5
3 36 12
4 37 13
3 35 13
1 35 11
4 38 14
3 37 15
2 39 13
4 39 15
3 34 14
4 35 15
3 33 15
1 33 13
1 34 10
2 35 9
1 33 9
3 33 11
4 48 48
3 47 49
2 49 47
4 49 49
3 46 50
4 47 51
3 45 51
1 45 49
2 50 46
2 51 45
4 51 47
1 49 45
4 50 50
3 49 51
2 51 49
4 51 51
3 44 52
4 45 53
3 43 53
1 43 51
4 46 54
3 45 55
2 47 53
4 47 55
3 42 54
4 43 55
3 41 55
1 41 53
1 42 50
2 43 49
1 41 49
3 41 51
2 52 44
2 53 43
4 53 45
1 51 43
2 54 42
2 55 41
4 55 43
1 53 41
4 54 46
3 53 47
2 55 45
4 55 47
1 50 42
2 51 41
1 49 41
3 49 43
4 52 52
3 51 53
2 53 51
4 53 53
3 50 54
4 51 55
3 49 55
1 49 53
2 54 50
2 55 49
4 55 51
1 53 49
4 54 54
3 53 55
2 55 53
4 55 55
3 40 56
4 41 57
3 39 57
1 39 55
4 42 58
3 41 59
2 43 57
4 43 59
3 38 58
4 39 59
3 37 59
1 37 57
1 38 54
2 39 53
1 37 53
3 37 55
4 44 60
3 43 61
2 45 59
4 45 61
3 42 62
4 43 63
3 41 63
1 41 61
2 46 58
2 47 57
4 47 59
1 45 57
4 46 62
3 45 63
2 47 61
4 47 63
3 36 60
4 37 61
3 35 61
1 35 59
4 38 62
3 37 63
2 39 61
4 39 63
3 34 62
4 35 63
3 33 63
1 33 61
1 34 58
2 35 57
1 33 57
3 33 59
1 36 52
2 37 51
1 35 51
3 35 53
2 38 50
2 39 49
4 39 51
1 37 49
1 34 50
2 35 49
1 33 49
3 33 51
3 34 54
4 35 55
3 33 55
1 33 53
2 56 40
2 57 39
4 57 41
1 55 39
2 58 38
2 59 37
4 59 39
1 57 37
4 58 42
3 57 43
2 59 41
4 59 43
1 54 38
2 55 37
1 53 37
3 53 39
2 60 36
2 61 35
4 61 37
1 59 35
2 62 34
2 63 33
4 63 35
1 61 33
4 62 38
3 61 39
2 63 37
4 63 39
1 58 34
2 59 33
1 57 33
3 57 35
4 60 44
3 59 45
2 61 43
4 61 45
3 58 46
4 59 47
3 57 47
1 57 45
2 62 42
2 63 41
4 63 43
1 61 41
4 62 46
3 61 47
2 63 45
4 63 47
1 52 36
2 53 35
1 51 35
3 51 37
2 54 34
2 55 33
4 55 35
1 53 33
1 50 34
2 51 33
1 49 33
3 49 35
3 50 38
4 51 39
3 49 39
1 49 37
4 56 56
3 55 57
2 57 55
4 57 57
3 54 58
4 55 59
3 53 59
1 53 57
2 58 54
2 59 53
4 59 55
1 57 53
4 58 58
3 57 59
2 59 57
4 59 59
3 52 60
4 53 61
3 51 61
1 51 59
4 54 62
3 53 63
2 55 61
4 55 63
3 50 62
4 51 63
3 49 63
1 49 61
1 50 58
2 51 57
1 49 57
3 49 59
2 60 52
2 61 51
4 61 53
1 59 51
2 62 50
2 63 49
4 63 51
1 61 49
4 62 54
3 61 55
2 63 53
4 63 55
1 58 50
2 59 49
1 57 49
3 57 51
4 60 60
3 59 61
2 61 59
4 61 61
3 58 62
4 59 63
3 57 63
1 57 61
2 62 58
2 63 57
4 63 59
1 61 57
4 62 62
3 61 63
2 63 61
4 63 63
1 16 16
2 17 15
1 15 15
3 15 17
2 18 14
2 19 13
4 19 15
1 17 13
1 14 14
2 15 13
1 13 13
3 13 15
3 14 18
4 15 19
3 13 19
1 13 17
2 20 12
2 21 11
4 21 13
1 19 11
2 22 10
2 23 9
4 23 11
1 21 9
4 22 14
3 21 15
2 23 13
4 23 15
1 18 10
2 19 9
1 17 9
3 17 11
1 12 12
2 13 11
1 11 11
3 11 13
2 14 10
2 15 9
4 15 11
1 13 9
1 10 10
2 11 9
1 9 9
3 9 11
3 10 14
4 11 15
3 9 15
1 9 13
3 12 20
4 13 21
3 11 21
1 11 19
4 14 22
3 13 23
2 15 21
4 15 23
3 10 22
4 11 23
3 9 23
1 9 21
1 10 18
2 11 17
1 9 17
3 9 19
2 24 8
2 25 7
4 25 9
1 23 7
2 26 6
2 27 5
4 27 7
1 25 5
4 26 10
3 25 11
2 27 9
4 27 11
1 22 6
2 23 5
1 21 5
3 21 7
2 28 4
2 29 3
4 29 5
1 27 3
2 30 2
2 31 1
4 31 3
1 29 1
4 30 6
3 29 7
2 31 5
4 31 7
1 26 2
2 27 1
1 25 1
3 25 3
4 28 12
3 27 13
2 29 11
4 29 13
3 26 14
4 27 15
3 25 15
1 25 13
2 30 10
2 31 9
4 31 11
1 29 9
4 30 14
3 29 15
2 31 13
4 31 15
1 20 4
2 21 3
1 19 3
3 19 5
2 22 2
2 23 1
4 23 3
1 21 1
1 18 2
2 19 1
1 17 1
3 17 3
3 18 6
4 19 7
3 17 7
1 17 5
1 8 8
2 9 7
1 7 7
3 7 9
2 10 6
2 11 5
4 11 7
1 9 5
1 6 6
2 7 5
1 5 5
3 5 7
3 6 10
4 7 11
3 5 11
1 5 9
2 12 4
2 13 3
4 13 5
1 11 3
2 14 2
2 15 1
4 15 3
1 13 1
4 14 6
3 13 7
2 15 5
4 15 7
1 10 2
2 11 1
1 9 1
3 9 3
1 4 4
2 5 3
1 3 3
3 3 5
2 6 2
2 7 1
4 7 3
1 5 1
1 2 2
2 3 1
1 1 1
3 1 3
3 2 6
4 3 7
3 1 7
1 1 5
3 4 12
4 5 13
3 3 13
1 3 11
4 6 14
3 5 15
2 7 13
4 7 15
3 2 14
4 3 15
3 1 15
1 1 13
1 2 10
2 3 9
1 1 9
3 1 11
3 8 24
4 9 25
3 7 25
1 7 23
4 10 26
3 9 27
2 11 25
4 11 27
3 6 26
4 7 27
3 5 27
1 5 25
1 6 22
2 7 21
1 5 21
3 5 23
4 12 28
3 11 29
2 13 27
4 13 29
3 10 30
4 11 31
3 9 31
1 9 29
2 14 26
2 15 25
4 15 27
1 13 25
4 14 30
3 13 31
2 15 29
4 15 31
3 4 28
4 5 29
3 3 29
1 3 27
4 6 30
3 5 31
2 7 29
4 7 31
3 2 30
4 3 31
3 1 31
1 1 29
1 2 26
2 3 25
1 1 25
3 1 27
1 4 20
2 5 19
1 3 19
3 3 21
2 6 18
2 7 17
4 7 19
1 5 17
1 2 18
2 3 17
1 1 17
3 1 19
3 2 22
4 3 23
3 1 23
1 1 21
1 24 24
2 25 23
1 23 23
3 23 25
2 26 22
2 27 21
4 27 23
1 25 21
1 22 22
2 23 21
1 21 21
3 21 23
3 22 26
4 23 27
3 21 27
1 21 25
2 28 20
2 29 19
4 29 21
1 27 19
2 30 18
2 31 17
4 31 19
1 29 17
4 30 22
3 29 23
2 31 21
4 31 23
1 26 18
2 27 17
1 25 17
3 25 19
1 20 20
2 21 19
1 19 19
3 19 21
2 22 18
2 23 17
4 23 19
1 21 17
1 18 18
2 19 17
1 17 17
3 17 19
3 18 22
4 19 23
3 17 23
1 17 21
3 20 28
4 21 29
3 19 29
1 19 27
4 22 30
3 21 31
2 23 29
4 23 31
3 18 30
4 19 31
3 17 31
1 17 29
1 18 26
2 19 25
1 17 25
3 17 27
4 28 28
3 27 29
2 29 27
4 29 29
3 26 30
4 27 31
3 25 31
1 25 29
2 30 26
2 31 25
4 31 27
1 29 25
4 30 30
3 29 31
2 31 29
4 31 31
4 26 26
3 25 27
2 27 25
4 27 27
3 25 25
