2 16 16
2 17 15
4 17 17
1 15 15
2 18 14
2 19 13
4 19 15
1 17 13
4 18 18
3 17 19
2 19 17
4 19 19
1 14 14
2 15 13
1 13 13
3 13 15
2 20 12
2 21 11
4 21 13
1 19 11
2 22 10
2 23 9
4 23 11
1 21 9
4 22 14
3 21 15
2 23 13
4 23 15
1 18 10
2 19 9
1 17 9
3 17 11
4 20 20
3 19 21
2 21 19
4 21 21
3 18 22
4 19 23
3 17 23
1 17 21
2 22 18
2 23 17
4 23 19
1 21 17
4 22 22
3 21 23
2 23 21
4 23 23
1 12 12
2 13 11
1 11 11
3 11 13
2 14 10
2 15 9
4 15 11
1 13 9
1 10 10
2 11 9
1 9 9
3 9 11
3 10 14
4 11 15
3 9 15
1 9 13
2 24 8
2 25 7
4 25 9
1 23 7
2 26 6
2 27 5
4 27 7
1 25 5
4 26 10
3 25 11
2 27 9
4 27 11
1 22 6
2 23 5
1 21 5
3 21 7
2 28 4
2 29 3
4 29 5
1 27 3
2 30 2
2 31 1
4 31 3
1 29 1
4 30 6
3 29 7
2 31 5
4 31 7
1 26 2
2 27 1
1 25 1
3 25 3
4 28 12
3 27 13
2 29 11
4 29 13
3 26 14
4 27 15
3 25 15
1 25 13
2 30 10
2 31 9
4 31 11
1 29 9
4 30 14
3 29 15
2 31 13
4 31 15
1 20 4
2 21 3
1 19 3
3 19 5
2 22 2
2 23 1
4 23 3
1 21 1
1 18 2
2 19 1
1 17 1
3 17 3
3 18 6
4 19 7
3 17 7
1 17 5
4 24 24
3 23 25
2 25 23
4 25 25
3 22 26
4 23 27
3 21 27
1 21 25
2 26 22
2 27 21
4 27 23
1 25 21
4 26 26
3 25 27
2 27 25
4 27 27
3 20 28
4 21 29
3 19 29
1 19 27
4 22 30
3 21 31
2 23 29
4 23 31
3 18 30
4 19 31
3 17 31
1 17 29
1 18 26
2 19 25
1 17 25
3 17 27
2 28 20
2 29 19
4 29 21
1 27 19
2 30 18
2 31 17
4 31 19
1 29 17
4 30 22
3 29 23
2 31 21
4 31 23
1 26 18
2 27 17
1 25 17
3 25 19
4 28 28
3 27 29
2 29 27
4 29 29
3 26 30
4 27 31
3 25 31
1 25 29
2 30 26
2 31 25
4 31 27
1 29 25
4 30 30
3 29 31
2 31 29
4 31 31
1 8 8
2 9 7
1 7 7
3 7 9
2 10 6
2 11 5
4 11 7
1 9 5
1 6 6
2 7 5
1 5 5
3 5 7
3 6 10
4 7 11
3 5 11
1 5 9
2 12 4
2 13 3
4 13 5
1 11 3
2 14 2
2 15 1
4 15 3
1 13 1
4 14 6
3 13 7
2 15 5
4 15 7
1 10 2
2 11 1
1 9 1
3 9 3
1 4 4
2 5 3
1 3 3
3 3 5
2 6 2
2 7 1
4 7 3
1 5 1
1 2 2
2 3 1
1 1 1
3 1 3
3 2 6
4 3 7
3 1 7
1 1 5
3 4 12
4 5 13
3 3 13
1 3 11
4 6 14
3 5 15
2 7 13
4 7 15
3 2 14
4 3 15
3 1 15
1 1 13
1 2 10
2 3 9
1 1 9
3 1 11
3 8 24
4 9 25
3 7 25
1 7 23
4 10 26
3 9 27
2 11 25
4 11 27
3 6 26
4 7 27
3 5 27
1 5 25
1 6 22
2 7 21
1 5 21
3 5 23
4 12 28
3 11 29
2 13 27
4 13 29
3 10 30
4 11 31
3 9 31
1 9 29
2 14 26
2 15 25
4 15 27
1 13 25
4 14 30
3 13 31
2 15 29
4 15 31
3 4 28
4 5 29
3 3 29
1 3 27
4 6 30
3 5 31
2 7 29
4 7 31
3 2 30
4 3 31
3 1 31
1 1 29
1 2 26
2 3 25
1 1 25
3 1 27
1 4 20
2 5 19
1 3 19
3 3 21
2 6 18
2 7 17
4 7 19
1 5 17
1 2 18
2 3 17
1 1 17
3 1 19
3 2 22
4 3 23
3 1 23
1 1 21
4 12 20
3 11 21
2 13 19
4 13 21
3 10 22
4 11 23
3 9 23
1 9 21
2 14 18
2 15 17
4 15 19
1 13 17
4 14 22
3 13 23
2 15 21
4 15 23
4 10 18
3 9 19
2 11 17
4 11 19
4 9 17
