2 4
0 5 12 13 14
1 4
0 1 4 5 6 8 10
0 1 2 3 4 5 7 8 9 10
4 6 7
0 1 2 3 4 5 7 8 9 10 11
1 2 6
0 1
1 3 4
0 1 4 6 7 8 9 10 11 13
0 2 3 4 5 7 8 10 11 12
0 1 3 4
0 4
0 2
2 7 8
0 1 2 3 4 5 6 7 8 9 11 12
0 3 4 6 7 8 9 14
2 4
0 1 2 3 4 5 6 7
1 3
1 2 3
1 2 4 5
1 3
0 3
0 2
0 1 2 4
1 4
0 1 2 3 4 5 7 8 9
0 2
0 1 2 5 6
0 1 2 4 7 8 9 10 11 13 14 15
0 1 2 3 4 5 6 7 8 9 10
2 3
1 2
1 2 3 4 5 9 10 11 12 13 14
0 4
1 2
0 1 2 3 4 5
2 4 7 10 11 12
2 5 9 11
0 11
2 3 5 6 7 9 10 11 12 13
0 7 10 11 14
0 1 2 3 4 5 6 7 8 9 10 11
0 1 3
0 2 4 6 7 8 9
3 11 14
0 4
1 3
0 4 5 10 11
0 1 2 3 4
0 1 2 3 4 5 6 7 8
0 1 2 3 4 5 6 7 8 9 10 11 12
1 3
0 2 4
2 3
3 6
0 2 3 4 6 9
3 9
0 1 2 5 7 8 12 13 15
1 3 4 5 6 9
0 1 2 3 4 5
2 4 7
1 2
2 4
1 3
3 11
0 2
0 4 9 12 13 14
0 1 4 7 8
0 2
0 4 5 6 9
0 1 4 5
0 1 2 3 4 5 6 7 8 9 11 12 13
2 3 4 5 6 7 8 9 10
0 5 6 9 11
0 3
1 3 4 6 7 8 9 10 12
1 5 6 7 8 9 10 11 12
1 2
2 4
0 2 3 6
0 1 2 3 4 5
6 7 9
1 2 3 5 6 9 11 12 13
0 1 2 3 4 5 6
2 3 4 7 10 11 12
1 3
0 3
0 2
0 1 10
0 3
0 6
2 3
0 1 2 5
0 2 6 8 10 15
0 1 3 5 8
0 3
0 1 3
