0 1 4 5 6 7 10 11 12 13 14
0 4
0 4
1 2 3 5 8 9 10 11 12 13 14
0 1 2 3 4 5 7 8 9 10
1 2 3
0 1 2
0 1 2 3 4 5
0 1 3 4 5 6 8
1 2 5 8
0 1
1 2 4 5 7 8 9 10 11 12
0 9 13
1 2 4
1 2 3
0 2 3 4 5 6 7
3 4 5 6 7
5 8 9 10
0 1 3 4
1 2 3 4 5 7 8 10
2 3 6 7 8 9 11
0 2
0 2
1 2
1 2 4 5 6
0 1 4 5 9 11 12
0 1 2 4 5 6 7 8 9 10 11 12 13
0 3 5 6 7 9 10
0 1 3
0 1
0 1 3 4 5 6 7 8 9 10
0 4
0 1 2 5 7 9
3 4 5 6 7
2 4
0 1 3 4 5 7 8 9 11 12
1 2
0 1 2 3 4 5 6 8 9 10 11 12
0 3
0 2 4
1 3 8 10
1 2 3 4
4 5 11
0 3 4
0 1 2 5
1 3 6 8
1 4
0 11
0 3 4
0 1 2 3 4 5 7 8 9 10 11 12
1 2 3
2 3
0 3
1 2 3 7 10
0 1
2 4
1 2 3 5 6 7 11
0 4
1 3 6 7 9
0 1 4
1 2
0 2 3 5 6 10 15
3 4
0 1 2 3 6 7 8
5 7 8 9 14 15
0 1
1 2 4
0 4 5 6 7 8 9 10 11 12 13
0 1 7 10
1 3 6 9 10 11
1 3 4 5 7 10 11
0 3
0 3
0 1 2 4 6 7
0 2 3
0 1 3 4
0 1
1 4
0 1 3 4 5
0 3
0 5
0 3 4 5 6
0 1 2 3 4 5
0 1 2 3 4 5
0 3
2 3
0 1 11
1 2
1 3 4 6 7 8 9 10 11 12 13 14
2 7 8
0 3 4 5 6 8 9 10
0 3
1 2 4 10 11 13
1 3
0 2 3 4 5
0 4
0 2 3
0 2 4 6 8 9 10 11
0 1
0 2
