0 4
1 2 5 6
2 4
2 3 4 5 6 9 10
0 4
0 1 3 4 6 7 8 9
1 2
0 1 2 3 4 5 6 8
0 3
0 1 2 3 4 5 6 7 8 9 10 11 12 13 14 15
2 4 5 11
0 1 2 3 4 5 6 7
0 2
0 3
0 10
1 2
0 3
2 4 5
0 3
0 2
0 1 2 3 4
0 1
0 5
0 1 4 5 7 8 9 10 11 12 13 14 15
0 1 3 4 5 7 8 9
0 4
0 5
1 2 3
4 8 12
0 1 2 3 4 5 6 7 8 9 11
1 4
1 2 3 4 5
0 2 3 4
0 4
0 2 3 4 5 7 8 9 10 13 14
1 3
0 1 2 4 6 7 8
0 1 6
3 5
0 1 2 3 6 7 10 12 13
1 3 4 5
0 1 2 3 5 6 7 8 9 11
0 1 2 3 4 5 6 7 8 10
0 1 2 4 5
0 1
0 2
0 1 2 4 5 6 7 8 9 10 11
0 3
0 1 2 5
0 6
3 4
3 4 6 7 8 11 12
0 1 2 3 4 5 7 8 9
0 1 2 3 4 5 8 10 12 13
0 1 2 3 4 5 6 7 8 9 11
0 1 3 4 5 6 7 8 9 10
0 1 4
0 1 2 3 4
1 3
1 3
0 2
0 6
1 2 3 4 5 6
0 2 6 7
3 4
0 2
0 2
3 12
0 1 2 3 4 5
0 3
1 5 7
0 6
3 4
0 2
0 1 2 3 4 6
0 2 3 5 6 7 8 9 11
0 1 4 5 6 9
1 2
0 1 2 4 5 6
2 3 4
0 1 5 6 7 8 10 11 15
0 8
0 2
0 1 2 3 4 5 6 7 8 9 10
0 1 4
2 3 9 11
1 2 4 5 7 8 9 10 11
2 4
0 1 3 4 5 7 9 11 12 13 14 15
0 1 2 3 4
0 1 2 4 5 6
0 4
0 3
2 6
0 2 3 4 5 7 8 10 12 13
9 10 12 13 15
0 1
0 2 5 7
0 5
2 4 6
