2 80
0 2 4 17 30 33 51 53 71 77 82 85
3 48
5 25 33 35 36 44 48 55 56 72 77 84
20 28 36
4 6 19 25 30 40 44 52 54 58 59 62 65 69 72
11 46
15 34 46 48 56 73 86 88 89
32 34 65
7 23 47 54 55 58 61 64
0 33
11 22 27 43 54 58 66 67 89
15 19 26 28 33 41 67
4 11 15 19 35 45 48 65 70 76
7 12 15 19 20 36 41 47 49 51 58 59 61 68 77 78
10 29 37 43 52 67 70 72 73
4 17 42 53 55 75
0 2 8 9 29 46 49 53 55 66 71 79
14 43 48 72 74 82
21 36 40
8 10 11 15 21 28 29 32 46 50 54 74 87
7 8 24 31 33 40 42 45 47 49 55 67 68 69 74 82 83 88
7 14 17 24 29 30 31 34 35 38 43 44 65 72 74 81 83 86
4 5 6 8 17 20 23 35 41 51 55 57 66 81 82 84
6 7 9 23 35 50 59 71
6 10 11 17 18 28 42 48 60 61 81
3 21 24 41 42 48 50 59 70 71 73 74 77 88
10 48 49 55 56 58 63 65 66 85
2 5 23 25 50 51 54 56 68 71 86 89
1 28 40 41 48 64 84 85 88 89
10 15 20 29 34 47 80
15 35 43 49 58 60 70 77
0 17
1 12 19 21 27 49 61 67
2 14 26 69 79
5 50 53 55 88
6 8 11 50 52 57 68 72 73 78 79
1 3 4 5 11 16 21 22 28 30 33 43 52 59 64 66 89
3 6 18 24 26 49 55 69 70 71 76 79 83
34 39 50 63 69 73 79
6 14 45 52 85
4 5 6 9 19 20 28 29 30 32 33 41 55 58 65 77 87 89
5 9 32 49 50 51 53 62 70 72 73 75 85
2 67
0 1 11 37 38 51 62 65 74 75 78
13 27 28 31 44 47 57 64 66 70 73 78 83
2 5 22 25 26 28 35 37 48 54 57 59 64 69 76 77 82
1 11 20 42 46 59 69 75 76 84
56 58 59 75 88 89
11 14 16 18 23 25 29 30 32 35 45 66 71 73 74 76 80 87
