0 1 2 3 4 5 6 7 8 10 11 12 13 15 17 18 19 20 21 22 23 24 25 26 27 28 29
5 7 23 27
8 14 16 29
0 2 4 5 6 7 8 9 10 11 12 14 15 16 17 18 19 20 27 28 29
4 5 12 13 14 16 17 21 23 25 29
1 2 3 4 5 8 9 10 13 14 16 17 19 21 22 23 24 25 28 29
0 1
0 1 2 3 4 5 8 9 10 11 12 13 15 16 17 18 19 21 22 23 24 25 26 27 28 29
1 5 7 9 10 12 14 15 16 17 19 21 23
0 1 4 7 8 9 10 11 13 14 15 16 17 18 20 22 23 25 29
0 1 2 3 4 5 6 7 8 9 11 12 13 14 16 17 18 19 20 21 23 24 25 26 27 28
0 2 4 5 6 11 12 13 15 16 19 21 26 28
0 7 12 16 21 22 24 27
3 6 10 14 25 29
0 2 3 4 6 7 8 10 11 12 13 14 15 17 18 19 20 21 22 23 24 25 26 27 29
1 2 3 4 6 7 9 12 13 14 16 19 21 22 23 24 27 28 29
0 1 2 3 4 5 6 8 10 11 12 14 15 16 17 18 19 20 22 23 24 25 26 27 28
0 2 3 4 5 6 7 8 9 11 12 13 14 15 16 17 18 19 20 21 22 23 24 25 26 27 28 29
0 2 3 5 13 23 24 28
0 1 2 3 4 6 7 8 9 10 11 12 13 14 15 16 17 18 19 20 21 22 23 24 25 26 27 28 29
1 2 3 4 5 6 7 8 9 10 11 14 15 16 18 20 22 23 25 26 27
0 1 2 3 5 8 9 11 12 13 14 15 16 17 18 21 22 25 27 29
1 4 6 8 15 19 20 27
7 9 11 17 18 19 21 22
1 2 3 5 7 8 9 11 13 14 15 16 18 19 20 21 22 23 24 26 27 28
0 1 7 9 10 12 18 24 28 29
2 5 6 7 10 13 15 20 21 22 24 28 29
2 5 6 7 8 9 10 14 15 21 24 26 27
0 9 29
0 3 9 10 14 17 18 22 25 26 27 28
0 1 2 3 4 5 6 7 8 9 10 11 12 13 14 15 16 17 18 19 20 21 23 24 26 27 28 29
3 6 7 17 19 20 23 25 26 28 29
0 1 2 3 4 8 9 13 14 20 24 26 27 28
0 1 3 4 5 6 8 9 10 11 12 13 14 15 16 17 18 19 21 22 23 24 25 26 27 29
0 1 2 5 6 8 9 23 29
9 17 21 25 26
0 26 27
3 4 5 6 7 9 10 11 12 13 14 15 16 17 18 19 20 21 22 24 26 27
0 3 4 5 6 8 9 11 16 17 21 23 24 25 27 28
1 2 3 5 7 9 10 11 13 14 15 16 17 19 21 24 26 27 28 29
3 4 13 22
0 13 17 19 22 23 26 28 29
0 1 3 4 21 22 25 26
1 3 6 7 9 11 14 21 22 23
7 10 15 18 20 22 24
0 1 2 3 4 5 6 7 8 9 11 12 13 15 16 17 18 19 20 21 22 23 24 25 26 27 28 29
0 26
12 21 29
0 6 11 19 20 22
2 3 6 8 9 12 13 16 18 20 21 27 29
0 2 17 22 27
0 21
0 1 2 4 6 8 9 10 11 13 18 19 20 23 24 26 28 29
0 1 5 11 13 14 15 21 29
0 1 2 3 5 7 10 11 14 17 18 19 24 26 27
1 5 15 16 22 23 24 26 28
0 1 5 6 7 8 9 10 13 14 15 16 17 20 21 22 23 24 25 27 28 29
0 2 3 4 5 6 7 8 9 10 11 12 13 14 16 17 18 21 22 24 25 26 27 29
0 2 3 4 5 6 7 8 9 11 13 14 15 16 17 18 19 23 25 26 27 28 29
1 7 8 10 14 24 27
0 1 2 4 5 6 7 8 9 10 11 12 14 15 16 17 18 19 20 21 22 23 24 25 26 27 28 29
0 10 14 16 17 19 22 23 24 26 27
0 1 2 3 4 5 6 7 8 9 10 11 12 13 15 16 17 18 19 21 22 24 25 27 28 29
1 2 4 5 6 7 9 10 13 15 16 18 20 22 23 24 25 27 28 29
1 3 4 6 7 9 15 16 18 19 20 21 23 27 28 29
0 10 11 14 15 18 27
20 21 26
0 1 3 4 7 10 14 20 22 26 29
2 3 4 7 8 10 15 19 20 24 25 27 28 29
0 2 6 9 11 12 13 14 16 18 19 20 21 22 23 24 26 27
0 3 4 6 7 8 9 10 11 12 13 16 21 22 24 29
1 6 7 8 10 11 14 15 16 17 18 19 20 23 24 25 26
1 2 7 8 10 14 16 17 23
2 3 4 5 6 8 9 10 11 14 16 17 19 21 23 24 26 27 29
2 3 4 5 6 7 8 9 10 12 13 14 16 17 18 19 20 21 22 23 24 25 26 27 28 29
0 1 3 4 5 6 7 8 9 10 11 12 13 14 15 16 17 18 19 20 21 22 23 24 25 26 27 28
2 7 11 15 16 26 28
0 4 8 9 10 14 15 17 18 19 20 27 29
12 13 19 23 26
0 6 7 8 10 11 15 16 18 20 22 23 24 25 26 27 28
4 5 6 7 9 10 14 15 20 21 23 25 29
2 3 4 5 7 8 9 11 14 15 16 21 23 24 25 26 28 29
1 3 5 6 7 8 11 12 13 16 17 18 19 20 21 22 23 24 25 26 27 28
0 10
0 1 2 3 4 5 7 11 12 19 22 24 25 29
1 4 5 8 9 10 11 14 15 17 28 29
5 6 14 18 19 20 22
1 2 3 4 6 7 8 10 11 12 14 15 16 18 19 22 23 27 28 29
1 11 18 28
0 1 2 3 4 5 6 7 8 9 10 11 12 13 14 15 16 17 19 20 21 22 23 24 25 26 27 29
1 2 5 6 11 24 26 29
0 2 3 4 5 6 7 8 9 10 11 12 13 14 15 16 18 19 20 21 22 23 24 26 27 29
0 1 3 4 5 6 7 9 10 12 13 14 15 16 17 19 24 25 27 29
1 2 3 4 5 6 7 8 9 10 11 12 13 14 15 16 17 18 19 20 21 22 23 24 25 26 27 28 29
0 1 3 5 7 9 10 11 12 13 14 15 16 17 18 20 21 22 23 26 27 28 29
1 2 3 5 9 12
0 2 3 4 6 7 8 9 10 11 12 13 14 16 17 18 19 20 22 23 24 25 26 27 29
1 3 4 6 7 9 10 12 14 15 17 18 19 20 21 22 23 24 25 26 27 28 29
12 17 21 27
0 1 2 3 4 5 6 8 13 14 17 18 19 20 21 22 24 25 26 29
