3 8 8
4 9 9
3 7 9
1 7 7
4 10 10
3 9 11
2 11 9
4 11 11
3 6 10
4 7 11
3 5 11
1 5 9
1 6 6
2 7 5
1 5 5
3 5 7
4 12 12
3 11 13
2 13 11
4 13 13
3 10 14
4 11 15
3 9 15
1 9 13
2 14 10
2 15 9
4 15 11
1 13 9
4 14 14
3 13 15
2 15 13
4 15 15
3 4 12
4 5 13
3 3 13
1 3 11
4 6 14
3 5 15
2 7 13
4 7 15
3 2 14
4 3 15
3 1 15
1 1 13
1 2 10
2 3 9
1 1 9
3 1 11
1 4 4
2 5 3
1 3 3
3 3 5
2 6 2
2 7 1
4 7 3
1 5 1
1 2 2
2 3 1
1 1 1
3 1 3
3 2 6
4 3 7
3 1 7
1 1 5
2 12 4
2 13 3
4 13 5
1 11 3
2 14 2
2 15 1
4 15 3
1 13 1
4 14 6
3 13 7
2 15 5
4 15 7
1 10 2
2 11 1
1 9 1
3 9 3
2 10 6
2 11 5
4 11 7
1 9 5
3 9 7
