min = 0
Not Full
Not Empty
min = 32764
Not Empty
min = 32615
min = 32764
Not Empty
min = 0
Not Full
Not Full
Not Empty
Not Full
Not Full
Not Full
Not Full
Not Full
Not Full
Empty
Not Full
Not Empty
Not Empty
Not Empty
min = 0
min = 0
Not Empty
Not Empty
Empty
min = 3
Not Full
Empty
Not Empty
min = 32615
Not Empty
Not Full
Not Full
Not Empty
min = 2092128
min = 0
Not Empty
min = 0
Not Empty
Not Empty
Not Full
Not Full
Not Full
Not Full
min = 832
Not Empty
Not Empty
Not Empty
Not Empty
min = 4063235
Not Empty
Not Empty
Not Full
min = 0
Not Empty
Not Full
Not Full
Not Full
Not Empty
Not Empty
Not Empty
Not Full
Empty
Not Empty
Not Full
Empty
Not Full
Not Full
Not Full
Not Full
Not Empty
Not Empty
min = 4063235
min = 32764
Not Empty
Not Full
Not Empty
Not Empty
Not Full
Not Empty
Not Empty
min = 0
Not Empty
min = 4063235
Not Full
Not Full
min = 0
Not Empty
Not Full
Not Full
Not Empty
min = 4063235
min = 32764
Not Full
Not Full
Not Empty
Not Empty
Not Full
Not Empty
Not Full
min = 32615
min = 0
Not Full
Not Full
Not Full
Not Empty
min = 2092128
min = 75667144
min = 3
Not Full
Not Full
min = 832
Not Full
Not Full
Not Full
Not Empty
Not Full
Not Empty
Empty
Not Empty
Not Full
min = 4063235
Not Empty
Not Empty
Not Full
Not Full
Not Full
min = 832
Not Empty
min = 4063235
Not Empty
min = 75667144
Not Full
Not Full
min = 0
min = 32764
min = 0
min = 832
Not Empty
Not Full
Empty
Not Full
min = 832
Not Full
Not Full
Not Full
Not Full
Empty
Not Full
min = 3
Empty
Not Full
Not Full
Not Empty
Not Full
Not Full
Not Full
Not Empty
Not Empty
Not Full
Not Empty
Not Empty
min = 32764
Not Empty
Not Empty
Not Empty
Not Empty
Not Full
min = 4063235
Not Empty
Not Full
Not Full
Not Full
min = 32615
Not Empty
Not Full
Not Empty
min = 0
Not Empty
min = 0
Not Empty
Empty
min = 32764
min = 3
Not Empty
Not Empty
Not Empty
Not Full
Not Full
Not Full
Not Empty
Not Empty
Not Full
Not Full
Not Full
Not Full
min = 111551345
Not Empty
Not Empty
Not Empty
min = 32615
min = 0
Not Empty
Not Empty
Not Empty
Not Full
Not Empty
min = 4063235
Not Full
min = 1268208480
min = 2092128
Not Full
Not Full
min = 0
Not Full
Not Empty
Not Empty
Not Empty
min = 292427738
Not Empty
Not Empty
Not Empty
Not Full
Not Full
Not Full
Not Full
Not Empty
Not Empty
min = 0
Not Empty
min = 3
Not Empty
Not Empty
Not Empty
Not Empty
Not Empty
min = 4063235
Not Full
Not Empty
Not Empty
Not Full
Not Full
Empty
Not Empty
Not Full
Not Full
Not Full
Not Empty
Not Full
Not Full
Not Empty
Not Full
Not Full
Not Empty
Not Full
Not Full
Not Full
Not Empty
Not Full
Not Empty
Not Full
Not Empty
Not Full
Not Full
Not Full
Not Empty
Not Full
Not Empty
Not Empty
Not Empty
min = 32764
min = 0
Not Full
Not Empty
Not Full
Not Full
Not Empty
Not Empty
Not Full
min = 832
min = 32764
Not Empty
Not Empty
Not Empty
Not Full
min = 0
min = 32764
Not Empty
Not Full
min = 4063235
Not Empty
Not Full
Not Empty
min = 0
Not Full
min = 32615
Not Full
Not Full
min = 77889653
min = 32764
Not Empty
min = 0
min = 77889653
Not Empty
min = 77889653
min = 0
Not Empty
Not Empty
Not Empty
Not Full
Not Empty
Not Full
Not Empty
Not Empty
Not Full
min = 0
Not Empty
Not Empty
Not Empty
Not Empty
Not Full
Not Full
Not Full
Not Empty
Not Full
Not Empty
Not Empty
Not Empty
Not Full
Not Empty
min = 3
Not Empty
min = 832
min = 0
Not Empty
Not Empty
Not Full
Not Empty
min = 32615
Not Empty
Not Full
min = 32615
Not Full
Not Empty
Not Full
min = 0
Not Full
Not Empty
Not Full
min = 1164353150
Not Empty
Not Full
Not Full
Not Empty
min = 32615
Not Full
min = 0
Not Empty
Not Full
min = 832
Not Full
Not Empty
Not Full
min = 0
Not Empty
min = 0
min = 832
Not Empty
min = 2092128
Not Full
Not Full
min = 0
Not Full
Not Empty
Not Full
Not Empty
Not Full
Not Full
Not Empty
Not Empty
Not Full
Not Empty
Not Empty
Not Empty
Not Empty
min = 0
Not Empty
min = 832
Not Full
Not Full
Not Empty
Not Empty
min = 3
Not Full
Not Empty
Not Empty
Not Empty
Not Empty
Not Full
Not Full
Not Empty
Empty
Not Empty
Empty
Not Full
Not Full
Not Empty
Not Empty
Not Full
min = 0
Not Full
Not Empty
min = 0
Not Full
Not Full
Not Full
Not Full
Not Empty
Not Full
Not Empty
Not Full
Not Empty
Not Empty
Not Full
Not Full
Not Empty
min = 32615
min = 4063235
Not Full
Not Full
min = 32615
Not Empty
Not Full
Not Full
Not Empty
Not Full
Not Full
min = 32615
Not Full
Not Empty
Not Empty
min = 3
Not Full
Not Full
Not Full
Empty
min = 0
Not Full
Not Full
Empty
Not Empty
min = 1268208480
Not Empty
Not Empty
Not Empty
Not Empty
Not Full
Not Empty
Not Full
Not Empty
Not Empty
Not Empty
Not Full
Not Full
Not Full
Not Empty
Not Full
Not Full
Not Full
Not Empty
Not Full
min = 3
Not Empty
Not Empty
Not Empty
Not Full
Not Empty
Not Full
Not Full
Not Full
Not Full
min = 32764
min = 2092128
Not Full
Not Full
Not Empty
Not Empty
Not Empty
Not Empty
min = 32615
Not Full
Not Full
Not Full
Not Empty
Not Full
Not Full
Not Empty
Not Empty
Not Full
Not Full
Not Empty
Not Empty
Not Full
Not Full
min = 0
Not Full
Not Empty
Not Empty
Not Full
min = 45707043
min = 832
Not Full
Not Full
Not Empty
min = 832
Not Full
Not Empty
Not Full
Not Empty
Not Full
Not Full
Not Empty
Not Empty
min = 0
Not Empty
Not Full
min = 0
Not Empty
min = 32615
Not Full
Not Empty
Not Full
Not Empty
Not Full
Not Empty
Not Empty
Not Empty
Not Full
Not Empty
min = 0
Not Full
Not Empty
min = 0
min = 32764
Not Empty
Not Full
Not Full
Not Empty
min = 0
Not Full
Not Full
Not Full
Not Empty
Not Empty
Not Full
Not Full
Not Empty
min = 4063235
min = 832
min = 0
min = 32615
min = 0
Not Empty
min = 3
Not Full
min = 25196038
Not Empty
Not Empty
Not Full
Not Empty
min = 3
Not Full
Not Full
Not Empty
min = 4063235
Not Full
min = 3
min = 0
Not Full
Not Full
Not Empty
Not Empty
Not Full
Empty
Empty
Not Full
Not Full
Not Full
Not Full
Not Full
Not Full
Not Empty
Not Empty
Not Full
Not Full
min = 32615
Not Empty
Not Empty
Not Full
Not Empty
Not Full
Not Empty
Not Empty
Not Full
Not Empty
min = 0
min = 832
min = 32615
Not Empty
Not Empty
Not Empty
Not Full
Not Empty
Not Empty
Not Full
min = 25196038
min = 0
Not Empty
Not Full
Not Empty
Not Full
Not Full
Not Full
min = 32615
Not Full
Not Empty
min = 2092128
min = 64714337
Not Full
Not Empty
Not Empty
Not Full
min = 0
Not Full
Not Empty
Not Empty
Not Full
Not Full
Not Empty
Not Full
Not Empty
Not Full
Not Full
Not Empty
Not Empty
Not Full
Not Full
min = 32615
min = 0
Not Full
Not Empty
Not Full
Not Full
Not Empty
Not Full
Not Empty
Not Empty
Not Full
Not Empty
Not Full
Not Full
Not Empty
min = 0
Not Full
Not Full
Not Full
Not Full
Not Full
Not Empty
Not Full
Not Empty
Not Empty
Not Full
Not Empty
Not Full
Not Full
min = 32764
Not Empty
Not Empty
Not Full
Not Full
Not Empty
Not Empty
Not Empty
Not Full
min = 2092128
Full
Not Full
min = 32615
min = 0
Full
Not Empty
Not Full
Not Empty
Not Full
Not Full
min = 4063235
min = 2092128
Full
Not Empty
Not Empty
Not Empty
Not Empty
Not Empty
Not Empty
Not Full
min = 2092128
Full
Not Empty
Not Empty
Not Empty
Not Empty
Not Full
Not Full
Not Empty
Not Full
Not Empty
Not Full
Not Empty
Not Empty
min = 2092128
Not Empty
Not Empty
Not Full
Not Empty
Not Full
Not Empty
Not Empty
Not Full
min = 3
Not Full
min = 832
Not Full
min = 578758604
Not Full
min = 0
Not Empty
Not Full
Not Empty
Not Full
Not Empty
min = 0
Not Empty
Not Empty
min = 32615
Not Empty
Not Full
Not Full
min = 0
Not Empty
Not Full
min = 0
Not Full
Not Full
Not Full
Not Full
Not Full
Not Full
Not Full
min = 32615
min = 32764
Not Empty
Not Full
min = 2092128
Not Full
Not Empty
Not Full
Not Full
Not Empty
Not Full
Not Full
Not Full
Not Empty
min = 0
Not Full
min = 832
Not Empty
Not Full
Not Empty
Not Empty
Not Empty
min = 0
Not Full
Not Empty
Not Empty
min = 0
